CRITICAL - 2023-01-09 00:39:57 --> CodeIgniter\BaseModel::findAll(): Argument #1 ($limit) must be of type int, array given, called in C:\xampp\htdocs\hemant-proj\ci\user\app\Controllers\ProjectController.php on line 85
in SYSTEMPATH\BaseModel.php on line 569.
 1 APPPATH\Controllers\ProjectController.php(85): CodeIgniter\BaseModel->findAll([...])
 2 SYSTEMPATH\CodeIgniter.php(925): App\Controllers\ProjectController->update('$1')
 3 SYSTEMPATH\CodeIgniter.php(480): CodeIgniter\CodeIgniter->runController(Object(App\Controllers\ProjectController))
 4 SYSTEMPATH\CodeIgniter.php(349): CodeIgniter\CodeIgniter->handleRequest(null, Object(Config\Cache), false)
 5 FCPATH\index.php(67): CodeIgniter\CodeIgniter->run()
 6 SYSTEMPATH\Commands\Server\rewrite.php(47): require_once('FCPATH\\index.php')
CRITICAL - 2023-01-09 00:47:03 --> Undefined variable $respones
in APPPATH\Controllers\ProjectController.php on line 102.
 1 APPPATH\Controllers\ProjectController.php(102): CodeIgniter\Debug\Exceptions->errorHandler(2, 'Undefined variable $respones', 'APPPATH\\Controllers\\ProjectController.php', 102)
 2 SYSTEMPATH\CodeIgniter.php(925): App\Controllers\ProjectController->update('$1')
 3 SYSTEMPATH\CodeIgniter.php(480): CodeIgniter\CodeIgniter->runController(Object(App\Controllers\ProjectController))
 4 SYSTEMPATH\CodeIgniter.php(349): CodeIgniter\CodeIgniter->handleRequest(null, Object(Config\Cache), false)
 5 FCPATH\index.php(67): CodeIgniter\CodeIgniter->run()
 6 SYSTEMPATH\Commands\Server\rewrite.php(47): require_once('FCPATH\\index.php')
CRITICAL - 2023-01-09 00:51:14 --> CodeIgniter\BaseModel::transformDataToArray(): Return value must be of type array, int returned
in SYSTEMPATH\BaseModel.php on line 1626.
 1 SYSTEMPATH\BaseModel.php(854): CodeIgniter\BaseModel->transformDataToArray(12, 'update')
 2 SYSTEMPATH\Model.php(721): CodeIgniter\BaseModel->update([...], 12)
 3 APPPATH\Controllers\ProjectController.php(85): CodeIgniter\Model->update('test', 12)
 4 SYSTEMPATH\CodeIgniter.php(925): App\Controllers\ProjectController->update('$1')
 5 SYSTEMPATH\CodeIgniter.php(480): CodeIgniter\CodeIgniter->runController(Object(App\Controllers\ProjectController))
 6 SYSTEMPATH\CodeIgniter.php(349): CodeIgniter\CodeIgniter->handleRequest(null, Object(Config\Cache), false)
 7 FCPATH\index.php(67): CodeIgniter\CodeIgniter->run()
 8 SYSTEMPATH\Commands\Server\rewrite.php(47): require_once('FCPATH\\index.php')
CRITICAL - 2023-01-09 00:51:41 --> CodeIgniter\BaseModel::transformDataToArray(): Return value must be of type array, int returned
in SYSTEMPATH\BaseModel.php on line 1626.
 1 SYSTEMPATH\BaseModel.php(854): CodeIgniter\BaseModel->transformDataToArray(12, 'update')
 2 SYSTEMPATH\Model.php(721): CodeIgniter\BaseModel->update([...], 12)
 3 APPPATH\Controllers\ProjectController.php(85): CodeIgniter\Model->update('test', 12)
 4 SYSTEMPATH\CodeIgniter.php(925): App\Controllers\ProjectController->update('$1')
 5 SYSTEMPATH\CodeIgniter.php(480): CodeIgniter\CodeIgniter->runController(Object(App\Controllers\ProjectController))
 6 SYSTEMPATH\CodeIgniter.php(349): CodeIgniter\CodeIgniter->handleRequest(null, Object(Config\Cache), false)
 7 FCPATH\index.php(67): CodeIgniter\CodeIgniter->run()
 8 SYSTEMPATH\Commands\Server\rewrite.php(47): require_once('FCPATH\\index.php')
CRITICAL - 2023-01-09 00:52:35 --> CodeIgniter\BaseModel::transformDataToArray(): Return value must be of type array, int returned
in SYSTEMPATH\BaseModel.php on line 1626.
 1 SYSTEMPATH\BaseModel.php(854): CodeIgniter\BaseModel->transformDataToArray(12, 'update')
 2 SYSTEMPATH\Model.php(721): CodeIgniter\BaseModel->update([...], 12)
 3 APPPATH\Controllers\ProjectController.php(85): CodeIgniter\Model->update('test', 12)
 4 SYSTEMPATH\CodeIgniter.php(925): App\Controllers\ProjectController->update('$1')
 5 SYSTEMPATH\CodeIgniter.php(480): CodeIgniter\CodeIgniter->runController(Object(App\Controllers\ProjectController))
 6 SYSTEMPATH\CodeIgniter.php(349): CodeIgniter\CodeIgniter->handleRequest(null, Object(Config\Cache), false)
 7 FCPATH\index.php(67): CodeIgniter\CodeIgniter->run()
 8 SYSTEMPATH\Commands\Server\rewrite.php(47): require_once('FCPATH\\index.php')
CRITICAL - 2023-01-09 00:53:20 --> CodeIgniter\BaseModel::transformDataToArray(): Return value must be of type array, string returned
in SYSTEMPATH\BaseModel.php on line 1626.
 1 SYSTEMPATH\BaseModel.php(854): CodeIgniter\BaseModel->transformDataToArray('test', 'update')
 2 SYSTEMPATH\Model.php(721): CodeIgniter\BaseModel->update([...], 'test')
 3 APPPATH\Controllers\ProjectController.php(85): CodeIgniter\Model->update(12, 'test')
 4 SYSTEMPATH\CodeIgniter.php(925): App\Controllers\ProjectController->update('$1')
 5 SYSTEMPATH\CodeIgniter.php(480): CodeIgniter\CodeIgniter->runController(Object(App\Controllers\ProjectController))
 6 SYSTEMPATH\CodeIgniter.php(349): CodeIgniter\CodeIgniter->handleRequest(null, Object(Config\Cache), false)
 7 FCPATH\index.php(67): CodeIgniter\CodeIgniter->run()
 8 SYSTEMPATH\Commands\Server\rewrite.php(47): require_once('FCPATH\\index.php')
CRITICAL - 2023-01-09 00:53:51 --> CodeIgniter\BaseModel::transformDataToArray(): Return value must be of type array, string returned
in SYSTEMPATH\BaseModel.php on line 1626.
 1 SYSTEMPATH\BaseModel.php(854): CodeIgniter\BaseModel->transformDataToArray('test', 'update')
 2 SYSTEMPATH\Model.php(721): CodeIgniter\BaseModel->update([...], 'test')
 3 APPPATH\Controllers\ProjectController.php(85): CodeIgniter\Model->update(12, 'test')
 4 SYSTEMPATH\CodeIgniter.php(925): App\Controllers\ProjectController->update('$1')
 5 SYSTEMPATH\CodeIgniter.php(480): CodeIgniter\CodeIgniter->runController(Object(App\Controllers\ProjectController))
 6 SYSTEMPATH\CodeIgniter.php(349): CodeIgniter\CodeIgniter->handleRequest(null, Object(Config\Cache), false)
 7 FCPATH\index.php(67): CodeIgniter\CodeIgniter->run()
 8 SYSTEMPATH\Commands\Server\rewrite.php(47): require_once('FCPATH\\index.php')
CRITICAL - 2023-01-09 01:47:20 --> Undefined variable $response
in APPPATH\Controllers\ProjectController.php on line 169.
 1 APPPATH\Controllers\ProjectController.php(169): CodeIgniter\Debug\Exceptions->errorHandler(2, 'Undefined variable $response', 'APPPATH\\Controllers\\ProjectController.php', 169)
 2 SYSTEMPATH\CodeIgniter.php(925): App\Controllers\ProjectController->delete()
 3 SYSTEMPATH\CodeIgniter.php(480): CodeIgniter\CodeIgniter->runController(Object(App\Controllers\ProjectController))
 4 SYSTEMPATH\CodeIgniter.php(349): CodeIgniter\CodeIgniter->handleRequest(null, Object(Config\Cache), false)
 5 FCPATH\index.php(67): CodeIgniter\CodeIgniter->run()
 6 SYSTEMPATH\Commands\Server\rewrite.php(47): require_once('FCPATH\\index.php')
CRITICAL - 2023-01-09 01:52:16 --> Undefined variable $model
in APPPATH\Controllers\ProjectController.php on line 161.
 1 APPPATH\Controllers\ProjectController.php(161): CodeIgniter\Debug\Exceptions->errorHandler(2, 'Undefined variable $model', 'APPPATH\\Controllers\\ProjectController.php', 161)
 2 SYSTEMPATH\CodeIgniter.php(925): App\Controllers\ProjectController->delete()
 3 SYSTEMPATH\CodeIgniter.php(480): CodeIgniter\CodeIgniter->runController(Object(App\Controllers\ProjectController))
 4 SYSTEMPATH\CodeIgniter.php(349): CodeIgniter\CodeIgniter->handleRequest(null, Object(Config\Cache), false)
 5 FCPATH\index.php(67): CodeIgniter\CodeIgniter->run()
 6 SYSTEMPATH\Commands\Server\rewrite.php(47): require_once('FCPATH\\index.php')
CRITICAL - 2023-01-09 03:44:05 --> date_valid is not a valid rule.
in SYSTEMPATH\Validation\Validation.php on line 323.
 1 SYSTEMPATH\Validation\Validation.php(323): CodeIgniter\Validation\Exceptions\ValidationException::forRuleNotFound('date_valid')
 2 SYSTEMPATH\Validation\Validation.php(175): CodeIgniter\Validation\Validation->processRules('date', 'date', '12/12/2023', [...], [...])
 3 SYSTEMPATH\Controller.php(140): CodeIgniter\Validation\Validation->run()
 4 APPPATH\Controllers\TimeController.php(38): CodeIgniter\Controller->validate([...], [...])
 5 SYSTEMPATH\CodeIgniter.php(925): App\Controllers\TimeController->index()
 6 SYSTEMPATH\CodeIgniter.php(480): CodeIgniter\CodeIgniter->runController(Object(App\Controllers\TimeController))
 7 SYSTEMPATH\CodeIgniter.php(349): CodeIgniter\CodeIgniter->handleRequest(null, Object(Config\Cache), false)
 8 FCPATH\index.php(67): CodeIgniter\CodeIgniter->run()
 9 SYSTEMPATH\Commands\Server\rewrite.php(47): require_once('FCPATH\\index.php')
CRITICAL - 2023-01-09 04:14:45 --> Class "App\Controllers\ProjectModel" not found
in APPPATH\Controllers\TimeController.php on line 15.
 1 SYSTEMPATH\CodeIgniter.php(887): App\Controllers\TimeController->__construct()
 2 SYSTEMPATH\CodeIgniter.php(471): CodeIgniter\CodeIgniter->createController()
 3 SYSTEMPATH\CodeIgniter.php(349): CodeIgniter\CodeIgniter->handleRequest(null, Object(Config\Cache), false)
 4 FCPATH\index.php(67): CodeIgniter\CodeIgniter->run()
 5 SYSTEMPATH\Commands\Server\rewrite.php(47): require_once('FCPATH\\index.php')
CRITICAL - 2023-01-09 04:15:24 --> Class "App\Controllers\ProjectModel" not found
in APPPATH\Controllers\TimeController.php on line 15.
 1 SYSTEMPATH\CodeIgniter.php(887): App\Controllers\TimeController->__construct()
 2 SYSTEMPATH\CodeIgniter.php(471): CodeIgniter\CodeIgniter->createController()
 3 SYSTEMPATH\CodeIgniter.php(349): CodeIgniter\CodeIgniter->handleRequest(null, Object(Config\Cache), false)
 4 FCPATH\index.php(67): CodeIgniter\CodeIgniter->run()
 5 SYSTEMPATH\Commands\Server\rewrite.php(47): require_once('FCPATH\\index.php')
CRITICAL - 2023-01-09 04:15:59 --> Undefined variable $data
in APPPATH\Controllers\TimeController.php on line 56.
 1 APPPATH\Controllers\TimeController.php(56): CodeIgniter\Debug\Exceptions->errorHandler(2, 'Undefined variable $data', 'APPPATH\\Controllers\\TimeController.php', 56)
 2 SYSTEMPATH\CodeIgniter.php(925): App\Controllers\TimeController->index()
 3 SYSTEMPATH\CodeIgniter.php(480): CodeIgniter\CodeIgniter->runController(Object(App\Controllers\TimeController))
 4 SYSTEMPATH\CodeIgniter.php(349): CodeIgniter\CodeIgniter->handleRequest(null, Object(Config\Cache), false)
 5 FCPATH\index.php(67): CodeIgniter\CodeIgniter->run()
 6 SYSTEMPATH\Commands\Server\rewrite.php(47): require_once('FCPATH\\index.php')
CRITICAL - 2023-01-09 04:17:33 --> Undefined array key "id"
in APPPATH\Controllers\TimeController.php on line 57.
 1 APPPATH\Controllers\TimeController.php(57): CodeIgniter\Debug\Exceptions->errorHandler(2, 'Undefined array key "id"', 'APPPATH\\Controllers\\TimeController.php', 57)
 2 SYSTEMPATH\CodeIgniter.php(925): App\Controllers\TimeController->index()
 3 SYSTEMPATH\CodeIgniter.php(480): CodeIgniter\CodeIgniter->runController(Object(App\Controllers\TimeController))
 4 SYSTEMPATH\CodeIgniter.php(349): CodeIgniter\CodeIgniter->handleRequest(null, Object(Config\Cache), false)
 5 FCPATH\index.php(67): CodeIgniter\CodeIgniter->run()
 6 SYSTEMPATH\Commands\Server\rewrite.php(47): require_once('FCPATH\\index.php')
CRITICAL - 2023-01-09 04:31:11 --> Undefined variable $response
in APPPATH\Controllers\TimeController.php on line 70.
 1 APPPATH\Controllers\TimeController.php(70): CodeIgniter\Debug\Exceptions->errorHandler(2, 'Undefined variable $response', 'APPPATH\\Controllers\\TimeController.php', 70)
 2 SYSTEMPATH\CodeIgniter.php(925): App\Controllers\TimeController->index()
 3 SYSTEMPATH\CodeIgniter.php(480): CodeIgniter\CodeIgniter->runController(Object(App\Controllers\TimeController))
 4 SYSTEMPATH\CodeIgniter.php(349): CodeIgniter\CodeIgniter->handleRequest(null, Object(Config\Cache), false)
 5 FCPATH\index.php(67): CodeIgniter\CodeIgniter->run()
 6 SYSTEMPATH\Commands\Server\rewrite.php(47): require_once('FCPATH\\index.php')
CRITICAL - 2023-01-09 04:57:20 --> Undefined variable $date
in APPPATH\Controllers\TimeController.php on line 60.
 1 APPPATH\Controllers\TimeController.php(60): CodeIgniter\Debug\Exceptions->errorHandler(2, 'Undefined variable $date', 'APPPATH\\Controllers\\TimeController.php', 60)
 2 SYSTEMPATH\CodeIgniter.php(925): App\Controllers\TimeController->index()
 3 SYSTEMPATH\CodeIgniter.php(480): CodeIgniter\CodeIgniter->runController(Object(App\Controllers\TimeController))
 4 SYSTEMPATH\CodeIgniter.php(349): CodeIgniter\CodeIgniter->handleRequest(null, Object(Config\Cache), false)
 5 FCPATH\index.php(67): CodeIgniter\CodeIgniter->run()
 6 SYSTEMPATH\Commands\Server\rewrite.php(47): require_once('FCPATH\\index.php')
CRITICAL - 2023-01-09 04:57:38 --> date(): Argument #2 ($timestamp) must be of type ?int, string given
in APPPATH\Controllers\TimeController.php on line 60.
 1 APPPATH\Controllers\TimeController.php(60): date('Y-m-d H:i:s', '2023/01/09')
 2 SYSTEMPATH\CodeIgniter.php(925): App\Controllers\TimeController->index()
 3 SYSTEMPATH\CodeIgniter.php(480): CodeIgniter\CodeIgniter->runController(Object(App\Controllers\TimeController))
 4 SYSTEMPATH\CodeIgniter.php(349): CodeIgniter\CodeIgniter->handleRequest(null, Object(Config\Cache), false)
 5 FCPATH\index.php(67): CodeIgniter\CodeIgniter->run()
 6 SYSTEMPATH\Commands\Server\rewrite.php(47): require_once('FCPATH\\index.php')
CRITICAL - 2023-01-09 04:57:56 --> date(): Argument #2 ($timestamp) must be of type ?int, string given
in APPPATH\Controllers\TimeController.php on line 60.
 1 APPPATH\Controllers\TimeController.php(60): date('Y-m-d H:i:s', '2023/01/09')
 2 SYSTEMPATH\CodeIgniter.php(925): App\Controllers\TimeController->index()
 3 SYSTEMPATH\CodeIgniter.php(480): CodeIgniter\CodeIgniter->runController(Object(App\Controllers\TimeController))
 4 SYSTEMPATH\CodeIgniter.php(349): CodeIgniter\CodeIgniter->handleRequest(null, Object(Config\Cache), false)
 5 FCPATH\index.php(67): CodeIgniter\CodeIgniter->run()
 6 SYSTEMPATH\Commands\Server\rewrite.php(47): require_once('FCPATH\\index.php')
CRITICAL - 2023-01-09 16:44:25 --> date(): Argument #2 ($timestamp) must be of type ?int, string given
in APPPATH\Controllers\TimeController.php on line 60.
 1 APPPATH\Controllers\TimeController.php(60): date('Y-m-d H:i:s', '2023/01/09')
 2 SYSTEMPATH\CodeIgniter.php(925): App\Controllers\TimeController->index()
 3 SYSTEMPATH\CodeIgniter.php(480): CodeIgniter\CodeIgniter->runController(Object(App\Controllers\TimeController))
 4 SYSTEMPATH\CodeIgniter.php(349): CodeIgniter\CodeIgniter->handleRequest(null, Object(Config\Cache), false)
 5 FCPATH\index.php(67): CodeIgniter\CodeIgniter->run()
 6 SYSTEMPATH\Commands\Server\rewrite.php(47): require_once('FCPATH\\index.php')
CRITICAL - 2023-01-09 16:45:53 --> Undefined variable $date
in APPPATH\Controllers\TimeController.php on line 59.
 1 APPPATH\Controllers\TimeController.php(59): CodeIgniter\Debug\Exceptions->errorHandler(2, 'Undefined variable $date', 'APPPATH\\Controllers\\TimeController.php', 59)
 2 SYSTEMPATH\CodeIgniter.php(925): App\Controllers\TimeController->index()
 3 SYSTEMPATH\CodeIgniter.php(480): CodeIgniter\CodeIgniter->runController(Object(App\Controllers\TimeController))
 4 SYSTEMPATH\CodeIgniter.php(349): CodeIgniter\CodeIgniter->handleRequest(null, Object(Config\Cache), false)
 5 FCPATH\index.php(67): CodeIgniter\CodeIgniter->run()
 6 SYSTEMPATH\Commands\Server\rewrite.php(47): require_once('FCPATH\\index.php')
CRITICAL - 2023-01-09 16:52:38 --> A non-numeric value encountered
in APPPATH\Controllers\TimeController.php on line 59.
 1 APPPATH\Controllers\TimeController.php(59): CodeIgniter\Debug\Exceptions->errorHandler(2, 'A non-numeric value encountered', 'APPPATH\\Controllers\\TimeController.php', 59)
 2 SYSTEMPATH\CodeIgniter.php(925): App\Controllers\TimeController->index()
 3 SYSTEMPATH\CodeIgniter.php(480): CodeIgniter\CodeIgniter->runController(Object(App\Controllers\TimeController))
 4 SYSTEMPATH\CodeIgniter.php(349): CodeIgniter\CodeIgniter->handleRequest(null, Object(Config\Cache), false)
 5 FCPATH\index.php(67): CodeIgniter\CodeIgniter->run()
 6 SYSTEMPATH\Commands\Server\rewrite.php(47): require_once('FCPATH\\index.php')
CRITICAL - 2023-01-09 16:54:33 --> Undefined variable $decimal
in APPPATH\Controllers\TimeController.php on line 61.
 1 APPPATH\Controllers\TimeController.php(61): CodeIgniter\Debug\Exceptions->errorHandler(2, 'Undefined variable $decimal', 'APPPATH\\Controllers\\TimeController.php', 61)
 2 SYSTEMPATH\CodeIgniter.php(925): App\Controllers\TimeController->index()
 3 SYSTEMPATH\CodeIgniter.php(480): CodeIgniter\CodeIgniter->runController(Object(App\Controllers\TimeController))
 4 SYSTEMPATH\CodeIgniter.php(349): CodeIgniter\CodeIgniter->handleRequest(null, Object(Config\Cache), false)
 5 FCPATH\index.php(67): CodeIgniter\CodeIgniter->run()
 6 SYSTEMPATH\Commands\Server\rewrite.php(47): require_once('FCPATH\\index.php')
CRITICAL - 2023-01-09 17:03:42 --> Undefined variable $date
in APPPATH\Controllers\TimeController.php on line 59.
 1 APPPATH\Controllers\TimeController.php(59): CodeIgniter\Debug\Exceptions->errorHandler(2, 'Undefined variable $date', 'APPPATH\\Controllers\\TimeController.php', 59)
 2 SYSTEMPATH\CodeIgniter.php(925): App\Controllers\TimeController->index()
 3 SYSTEMPATH\CodeIgniter.php(480): CodeIgniter\CodeIgniter->runController(Object(App\Controllers\TimeController))
 4 SYSTEMPATH\CodeIgniter.php(349): CodeIgniter\CodeIgniter->handleRequest(null, Object(Config\Cache), false)
 5 FCPATH\index.php(67): CodeIgniter\CodeIgniter->run()
 6 SYSTEMPATH\Commands\Server\rewrite.php(47): require_once('FCPATH\\index.php')
CRITICAL - 2023-01-09 17:03:59 --> A non-numeric value encountered
in APPPATH\Controllers\TimeController.php on line 59.
 1 APPPATH\Controllers\TimeController.php(59): CodeIgniter\Debug\Exceptions->errorHandler(2, 'A non-numeric value encountered', 'APPPATH\\Controllers\\TimeController.php', 59)
 2 SYSTEMPATH\CodeIgniter.php(925): App\Controllers\TimeController->index()
 3 SYSTEMPATH\CodeIgniter.php(480): CodeIgniter\CodeIgniter->runController(Object(App\Controllers\TimeController))
 4 SYSTEMPATH\CodeIgniter.php(349): CodeIgniter\CodeIgniter->handleRequest(null, Object(Config\Cache), false)
 5 FCPATH\index.php(67): CodeIgniter\CodeIgniter->run()
 6 SYSTEMPATH\Commands\Server\rewrite.php(47): require_once('FCPATH\\index.php')
CRITICAL - 2023-01-09 17:07:18 --> mktime(): Argument #2 ($minute) must be of type ?int, string given
in APPPATH\Controllers\TimeController.php on line 59.
 1 APPPATH\Controllers\TimeController.php(59): mktime(0, '2023/01/09')
 2 SYSTEMPATH\CodeIgniter.php(925): App\Controllers\TimeController->index()
 3 SYSTEMPATH\CodeIgniter.php(480): CodeIgniter\CodeIgniter->runController(Object(App\Controllers\TimeController))
 4 SYSTEMPATH\CodeIgniter.php(349): CodeIgniter\CodeIgniter->handleRequest(null, Object(Config\Cache), false)
 5 FCPATH\index.php(67): CodeIgniter\CodeIgniter->run()
 6 SYSTEMPATH\Commands\Server\rewrite.php(47): require_once('FCPATH\\index.php')
CRITICAL - 2023-01-09 17:10:02 --> Class "App\Controllers\DateTime" not found
in APPPATH\Controllers\TimeController.php on line 60.
 1 SYSTEMPATH\CodeIgniter.php(925): App\Controllers\TimeController->index()
 2 SYSTEMPATH\CodeIgniter.php(480): CodeIgniter\CodeIgniter->runController(Object(App\Controllers\TimeController))
 3 SYSTEMPATH\CodeIgniter.php(349): CodeIgniter\CodeIgniter->handleRequest(null, Object(Config\Cache), false)
 4 FCPATH\index.php(67): CodeIgniter\CodeIgniter->run()
 5 SYSTEMPATH\Commands\Server\rewrite.php(47): require_once('FCPATH\\index.php')
CRITICAL - 2023-01-09 17:20:37 --> Undefined variable $date
in APPPATH\Controllers\TimeController.php on line 59.
 1 APPPATH\Controllers\TimeController.php(59): CodeIgniter\Debug\Exceptions->errorHandler(2, 'Undefined variable $date', 'APPPATH\\Controllers\\TimeController.php', 59)
 2 SYSTEMPATH\CodeIgniter.php(925): App\Controllers\TimeController->index()
 3 SYSTEMPATH\CodeIgniter.php(480): CodeIgniter\CodeIgniter->runController(Object(App\Controllers\TimeController))
 4 SYSTEMPATH\CodeIgniter.php(349): CodeIgniter\CodeIgniter->handleRequest(null, Object(Config\Cache), false)
 5 FCPATH\index.php(67): CodeIgniter\CodeIgniter->run()
 6 SYSTEMPATH\Commands\Server\rewrite.php(47): require_once('FCPATH\\index.php')
CRITICAL - 2023-01-09 17:20:48 --> A non-numeric value encountered
in APPPATH\Controllers\TimeController.php on line 60.
 1 APPPATH\Controllers\TimeController.php(60): CodeIgniter\Debug\Exceptions->errorHandler(2, 'A non-numeric value encountered', 'APPPATH\\Controllers\\TimeController.php', 60)
 2 SYSTEMPATH\CodeIgniter.php(925): App\Controllers\TimeController->index()
 3 SYSTEMPATH\CodeIgniter.php(480): CodeIgniter\CodeIgniter->runController(Object(App\Controllers\TimeController))
 4 SYSTEMPATH\CodeIgniter.php(349): CodeIgniter\CodeIgniter->handleRequest(null, Object(Config\Cache), false)
 5 FCPATH\index.php(67): CodeIgniter\CodeIgniter->run()
 6 SYSTEMPATH\Commands\Server\rewrite.php(47): require_once('FCPATH\\index.php')
CRITICAL - 2023-01-09 17:24:18 --> 3 arguments are required, 2 given
in APPPATH\Controllers\TimeController.php on line 61.
 1 APPPATH\Controllers\TimeController.php(61): sprintf('%02d:%02d', 2)
 2 SYSTEMPATH\CodeIgniter.php(925): App\Controllers\TimeController->index()
 3 SYSTEMPATH\CodeIgniter.php(480): CodeIgniter\CodeIgniter->runController(Object(App\Controllers\TimeController))
 4 SYSTEMPATH\CodeIgniter.php(349): CodeIgniter\CodeIgniter->handleRequest(null, Object(Config\Cache), false)
 5 FCPATH\index.php(67): CodeIgniter\CodeIgniter->run()
 6 SYSTEMPATH\Commands\Server\rewrite.php(47): require_once('FCPATH\\index.php')
CRITICAL - 2023-01-09 17:26:14 --> A non-numeric value encountered
in APPPATH\Controllers\TimeController.php on line 60.
 1 APPPATH\Controllers\TimeController.php(60): CodeIgniter\Debug\Exceptions->errorHandler(2, 'A non-numeric value encountered', 'APPPATH\\Controllers\\TimeController.php', 60)
 2 SYSTEMPATH\CodeIgniter.php(925): App\Controllers\TimeController->index()
 3 SYSTEMPATH\CodeIgniter.php(480): CodeIgniter\CodeIgniter->runController(Object(App\Controllers\TimeController))
 4 SYSTEMPATH\CodeIgniter.php(349): CodeIgniter\CodeIgniter->handleRequest(null, Object(Config\Cache), false)
 5 FCPATH\index.php(67): CodeIgniter\CodeIgniter->run()
 6 SYSTEMPATH\Commands\Server\rewrite.php(47): require_once('FCPATH\\index.php')
CRITICAL - 2023-01-09 17:29:39 --> Undefined variable $time
in APPPATH\Controllers\TimeController.php on line 60.
 1 APPPATH\Controllers\TimeController.php(60): CodeIgniter\Debug\Exceptions->errorHandler(2, 'Undefined variable $time', 'APPPATH\\Controllers\\TimeController.php', 60)
 2 SYSTEMPATH\CodeIgniter.php(925): App\Controllers\TimeController->index()
 3 SYSTEMPATH\CodeIgniter.php(480): CodeIgniter\CodeIgniter->runController(Object(App\Controllers\TimeController))
 4 SYSTEMPATH\CodeIgniter.php(349): CodeIgniter\CodeIgniter->handleRequest(null, Object(Config\Cache), false)
 5 FCPATH\index.php(67): CodeIgniter\CodeIgniter->run()
 6 SYSTEMPATH\Commands\Server\rewrite.php(47): require_once('FCPATH\\index.php')
CRITICAL - 2023-01-09 17:29:47 --> Undefined variable $time
in APPPATH\Controllers\TimeController.php on line 60.
 1 APPPATH\Controllers\TimeController.php(60): CodeIgniter\Debug\Exceptions->errorHandler(2, 'Undefined variable $time', 'APPPATH\\Controllers\\TimeController.php', 60)
 2 SYSTEMPATH\CodeIgniter.php(925): App\Controllers\TimeController->index()
 3 SYSTEMPATH\CodeIgniter.php(480): CodeIgniter\CodeIgniter->runController(Object(App\Controllers\TimeController))
 4 SYSTEMPATH\CodeIgniter.php(349): CodeIgniter\CodeIgniter->handleRequest(null, Object(Config\Cache), false)
 5 FCPATH\index.php(67): CodeIgniter\CodeIgniter->run()
 6 SYSTEMPATH\Commands\Server\rewrite.php(47): require_once('FCPATH\\index.php')
CRITICAL - 2023-01-09 17:29:55 --> Undefined variable $time
in APPPATH\Controllers\TimeController.php on line 60.
 1 APPPATH\Controllers\TimeController.php(60): CodeIgniter\Debug\Exceptions->errorHandler(2, 'Undefined variable $time', 'APPPATH\\Controllers\\TimeController.php', 60)
 2 SYSTEMPATH\CodeIgniter.php(925): App\Controllers\TimeController->index()
 3 SYSTEMPATH\CodeIgniter.php(480): CodeIgniter\CodeIgniter->runController(Object(App\Controllers\TimeController))
 4 SYSTEMPATH\CodeIgniter.php(349): CodeIgniter\CodeIgniter->handleRequest(null, Object(Config\Cache), false)
 5 FCPATH\index.php(67): CodeIgniter\CodeIgniter->run()
 6 SYSTEMPATH\Commands\Server\rewrite.php(47): require_once('FCPATH\\index.php')
CRITICAL - 2023-01-09 17:30:07 --> Undefined variable $time
in APPPATH\Controllers\TimeController.php on line 60.
 1 APPPATH\Controllers\TimeController.php(60): CodeIgniter\Debug\Exceptions->errorHandler(2, 'Undefined variable $time', 'APPPATH\\Controllers\\TimeController.php', 60)
 2 SYSTEMPATH\CodeIgniter.php(925): App\Controllers\TimeController->index()
 3 SYSTEMPATH\CodeIgniter.php(480): CodeIgniter\CodeIgniter->runController(Object(App\Controllers\TimeController))
 4 SYSTEMPATH\CodeIgniter.php(349): CodeIgniter\CodeIgniter->handleRequest(null, Object(Config\Cache), false)
 5 FCPATH\index.php(67): CodeIgniter\CodeIgniter->run()
 6 SYSTEMPATH\Commands\Server\rewrite.php(47): require_once('FCPATH\\index.php')
CRITICAL - 2023-01-09 17:41:26 --> fmod(): Argument #1 ($num1) must be of type float, string given
in APPPATH\Controllers\TimeController.php on line 66.
 1 APPPATH\Controllers\TimeController.php(66): fmod('00:30', 1)
 2 SYSTEMPATH\CodeIgniter.php(925): App\Controllers\TimeController->index()
 3 SYSTEMPATH\CodeIgniter.php(480): CodeIgniter\CodeIgniter->runController(Object(App\Controllers\TimeController))
 4 SYSTEMPATH\CodeIgniter.php(349): CodeIgniter\CodeIgniter->handleRequest(null, Object(Config\Cache), false)
 5 FCPATH\index.php(67): CodeIgniter\CodeIgniter->run()
 6 SYSTEMPATH\Commands\Server\rewrite.php(47): require_once('FCPATH\\index.php')
CRITICAL - 2023-01-09 18:37:07 --> Call to a member function setStatusCode() on array
in APPPATH\Controllers\TimeController.php on line 73.
 1 SYSTEMPATH\CodeIgniter.php(925): App\Controllers\TimeController->index()
 2 SYSTEMPATH\CodeIgniter.php(480): CodeIgniter\CodeIgniter->runController(Object(App\Controllers\TimeController))
 3 SYSTEMPATH\CodeIgniter.php(349): CodeIgniter\CodeIgniter->handleRequest(null, Object(Config\Cache), false)
 4 FCPATH\index.php(67): CodeIgniter\CodeIgniter->run()
 5 SYSTEMPATH\Commands\Server\rewrite.php(47): require_once('FCPATH\\index.php')
CRITICAL - 2023-01-09 18:37:45 --> Call to a member function setStatusCode() on array
in APPPATH\Controllers\TimeController.php on line 73.
 1 SYSTEMPATH\CodeIgniter.php(925): App\Controllers\TimeController->index()
 2 SYSTEMPATH\CodeIgniter.php(480): CodeIgniter\CodeIgniter->runController(Object(App\Controllers\TimeController))
 3 SYSTEMPATH\CodeIgniter.php(349): CodeIgniter\CodeIgniter->handleRequest(null, Object(Config\Cache), false)
 4 FCPATH\index.php(67): CodeIgniter\CodeIgniter->run()
 5 SYSTEMPATH\Commands\Server\rewrite.php(47): require_once('FCPATH\\index.php')
CRITICAL - 2023-01-09 18:38:01 --> Call to a member function setStatusCode() on array
in APPPATH\Controllers\TimeController.php on line 73.
 1 SYSTEMPATH\CodeIgniter.php(925): App\Controllers\TimeController->index()
 2 SYSTEMPATH\CodeIgniter.php(480): CodeIgniter\CodeIgniter->runController(Object(App\Controllers\TimeController))
 3 SYSTEMPATH\CodeIgniter.php(349): CodeIgniter\CodeIgniter->handleRequest(null, Object(Config\Cache), false)
 4 FCPATH\index.php(67): CodeIgniter\CodeIgniter->run()
 5 SYSTEMPATH\Commands\Server\rewrite.php(47): require_once('FCPATH\\index.php')
CRITICAL - 2023-01-09 18:42:05 --> Attempt to read property "user_id" on array
in APPPATH\Controllers\TimeController.php on line 60.
 1 APPPATH\Controllers\TimeController.php(60): CodeIgniter\Debug\Exceptions->errorHandler(2, 'Attempt to read property "user_id" on array', 'APPPATH\\Controllers\\TimeController.php', 60)
 2 SYSTEMPATH\CodeIgniter.php(925): App\Controllers\TimeController->index()
 3 SYSTEMPATH\CodeIgniter.php(480): CodeIgniter\CodeIgniter->runController(Object(App\Controllers\TimeController))
 4 SYSTEMPATH\CodeIgniter.php(349): CodeIgniter\CodeIgniter->handleRequest(null, Object(Config\Cache), false)
 5 FCPATH\index.php(67): CodeIgniter\CodeIgniter->run()
 6 SYSTEMPATH\Commands\Server\rewrite.php(47): require_once('FCPATH\\index.php')
