CRITICAL - 2023-04-25 16:37:11 --> Call to a member function setStatusCode() on array
in APPPATH/Controllers/ProjectAssignController.php on line 153.
 1 SYSTEMPATH/CodeIgniter.php(925): App\Controllers\ProjectAssignController->index()
 2 SYSTEMPATH/CodeIgniter.php(480): CodeIgniter\CodeIgniter->runController(Object(App\Controllers\ProjectAssignController))
 3 SYSTEMPATH/CodeIgniter.php(349): CodeIgniter\CodeIgniter->handleRequest(null, Object(Config\Cache), false)
 4 FCPATH/index.php(73): CodeIgniter\CodeIgniter->run()
CRITICAL - 2023-04-25 16:39:01 --> Call to a member function setStatusCode() on array
in APPPATH/Controllers/ProjectAssignController.php on line 153.
 1 SYSTEMPATH/CodeIgniter.php(925): App\Controllers\ProjectAssignController->index()
 2 SYSTEMPATH/CodeIgniter.php(480): CodeIgniter\CodeIgniter->runController(Object(App\Controllers\ProjectAssignController))
 3 SYSTEMPATH/CodeIgniter.php(349): CodeIgniter\CodeIgniter->handleRequest(null, Object(Config\Cache), false)
 4 FCPATH/index.php(73): CodeIgniter\CodeIgniter->run()
CRITICAL - 2023-04-25 16:39:48 --> Call to a member function setStatusCode() on array
in APPPATH/Controllers/ProjectAssignController.php on line 153.
 1 SYSTEMPATH/CodeIgniter.php(925): App\Controllers\ProjectAssignController->index()
 2 SYSTEMPATH/CodeIgniter.php(480): CodeIgniter\CodeIgniter->runController(Object(App\Controllers\ProjectAssignController))
 3 SYSTEMPATH/CodeIgniter.php(349): CodeIgniter\CodeIgniter->handleRequest(null, Object(Config\Cache), false)
 4 FCPATH/index.php(73): CodeIgniter\CodeIgniter->run()
CRITICAL - 2023-04-25 17:48:25 --> Undefined property: App\Controllers\ReportsController::$assign_model
in APPPATH/Controllers/ReportsController.php on line 110.
 1 APPPATH/Controllers/ReportsController.php(110): CodeIgniter\Debug\Exceptions->errorHandler(2, 'Undefined property: App\\Controllers\\ReportsController::$assign_model', 'APPPATH/Controllers/ReportsController.php', 110)
 2 SYSTEMPATH/CodeIgniter.php(925): App\Controllers\ReportsController->getTimeEntries('10', '12', '2')
 3 SYSTEMPATH/CodeIgniter.php(480): CodeIgniter\CodeIgniter->runController(Object(App\Controllers\ReportsController))
 4 SYSTEMPATH/CodeIgniter.php(349): CodeIgniter\CodeIgniter->handleRequest(null, Object(Config\Cache), false)
 5 FCPATH/index.php(73): CodeIgniter\CodeIgniter->run()
CRITICAL - 2023-04-25 17:48:55 --> Undefined property: App\Controllers\ReportsController::$assign_model
in APPPATH/Controllers/ReportsController.php on line 110.
 1 APPPATH/Controllers/ReportsController.php(110): CodeIgniter\Debug\Exceptions->errorHandler(2, 'Undefined property: App\\Controllers\\ReportsController::$assign_model', 'APPPATH/Controllers/ReportsController.php', 110)
 2 SYSTEMPATH/CodeIgniter.php(925): App\Controllers\ReportsController->getTimeEntries('10', '12', '2')
 3 SYSTEMPATH/CodeIgniter.php(480): CodeIgniter\CodeIgniter->runController(Object(App\Controllers\ReportsController))
 4 SYSTEMPATH/CodeIgniter.php(349): CodeIgniter\CodeIgniter->handleRequest(null, Object(Config\Cache), false)
 5 FCPATH/index.php(73): CodeIgniter\CodeIgniter->run()
CRITICAL - 2023-04-25 17:51:22 --> Too few arguments to function App\Models\UsersModel::getTimeEntries(), 2 passed in /home3/neelneel/public_html/ems/v2/app/Controllers/ReportsController.php on line 114 and exactly 3 expected
in APPPATH/Models/UsersModel.php on line 26.
 1 APPPATH/Controllers/ReportsController.php(114): App\Models\UsersModel->getTimeEntries('12', '2')
 2 SYSTEMPATH/CodeIgniter.php(925): App\Controllers\ReportsController->getTimeEntries('10', '12', '2')
 3 SYSTEMPATH/CodeIgniter.php(480): CodeIgniter\CodeIgniter->runController(Object(App\Controllers\ReportsController))
 4 SYSTEMPATH/CodeIgniter.php(349): CodeIgniter\CodeIgniter->handleRequest(null, Object(Config\Cache), false)
 5 FCPATH/index.php(73): CodeIgniter\CodeIgniter->run()
CRITICAL - 2023-04-25 17:51:50 --> Too few arguments to function App\Models\UsersModel::getTimeEntries(), 2 passed in /home3/neelneel/public_html/ems/v2/app/Controllers/ReportsController.php on line 115 and exactly 3 expected
in APPPATH/Models/UsersModel.php on line 26.
 1 APPPATH/Controllers/ReportsController.php(115): App\Models\UsersModel->getTimeEntries('12', '2')
 2 SYSTEMPATH/CodeIgniter.php(925): App\Controllers\ReportsController->getTimeEntries('10', '12', '2')
 3 SYSTEMPATH/CodeIgniter.php(480): CodeIgniter\CodeIgniter->runController(Object(App\Controllers\ReportsController))
 4 SYSTEMPATH/CodeIgniter.php(349): CodeIgniter\CodeIgniter->handleRequest(null, Object(Config\Cache), false)
 5 FCPATH/index.php(73): CodeIgniter\CodeIgniter->run()
CRITICAL - 2023-04-25 17:59:42 --> Call to undefined method CodeIgniter\Database\MySQLi\Builder::whereBetween()
in APPPATH/Models/UsersModel.php on line 35.
 1 APPPATH/Controllers/ReportsController.php(116): App\Models\UsersModel->getTimeEntries('12', '2', '2023-03-10 02:59:44', '2023-04-25 07:25:35')
 2 SYSTEMPATH/CodeIgniter.php(925): App\Controllers\ReportsController->getTimeEntries('10', '12', '2')
 3 SYSTEMPATH/CodeIgniter.php(480): CodeIgniter\CodeIgniter->runController(Object(App\Controllers\ReportsController))
 4 SYSTEMPATH/CodeIgniter.php(349): CodeIgniter\CodeIgniter->handleRequest(null, Object(Config\Cache), false)
 5 FCPATH/index.php(73): CodeIgniter\CodeIgniter->run()
ERROR - 2023-04-25 18:01:14 --> mysqli_sql_exception: Unknown column 'project_assign.updated_date' in 'where clause' in /home3/neelneel/public_html/ems/v2/system/Database/MySQLi/Connection.php:292
Stack trace:
#0 /home3/neelneel/public_html/ems/v2/system/Database/MySQLi/Connection.php(292): mysqli->query('SELECT `project...', 0)
#1 /home3/neelneel/public_html/ems/v2/system/Database/BaseConnection.php(666): CodeIgniter\Database\MySQLi\Connection->execute('SELECT `project...')
#2 /home3/neelneel/public_html/ems/v2/system/Database/BaseConnection.php(593): CodeIgniter\Database\BaseConnection->simpleQuery('SELECT `project...')
#3 /home3/neelneel/public_html/ems/v2/system/Database/BaseBuilder.php(1585): CodeIgniter\Database\BaseConnection->query('SELECT `project...', Array, false)
#4 /home3/neelneel/public_html/ems/v2/app/Models/UsersModel.php(37): CodeIgniter\Database\BaseBuilder->get()
#5 /home3/neelneel/public_html/ems/v2/app/Controllers/ReportsController.php(116): App\Models\UsersModel->getTimeEntries('12', '2', '2023-03-10 02:5...', '2023-04-25 07:2...')
#6 /home3/neelneel/public_html/ems/v2/system/CodeIgniter.php(925): App\Controllers\ReportsController->getTimeEntries('10', '12', '2')
#7 /home3/neelneel/public_html/ems/v2/system/CodeIgniter.php(480): CodeIgniter\CodeIgniter->runController(Object(App\Controllers\ReportsController))
#8 /home3/neelneel/public_html/ems/v2/system/CodeIgniter.php(349): CodeIgniter\CodeIgniter->handleRequest(NULL, Object(Config\Cache), false)
#9 /home3/neelneel/public_html/ems/v2/index.php(73): CodeIgniter\CodeIgniter->run()
#10 {main}
CRITICAL - 2023-04-25 18:01:14 --> Unknown column 'project_assign.updated_date' in 'where clause'
in SYSTEMPATH/Database/MySQLi/Connection.php on line 292.
 1 SYSTEMPATH/Database/MySQLi/Connection.php(292): mysqli->query('SELECT `projects`.`name` as `Project_Name`, `time_entries`.`date` as `Worked_on`, `time_entries`.`time` as `Total_spent_time`, `time_entries`.`description` as `Work_Description`
FROM `time_entries`
JOIN `user` ON `time_entries`.`user_id` =  `user`.`id`
JOIN `projects` ON `time_entries`.`project_id` = `projects`.`id`
JOIN `project_assign` ON `project_assign`.`project_id` = `projects`.`id`
WHERE `user`.`id` = \'12\'
AND `projects`.`id` = \'2\'
AND `project_assign`.`updated_date` >= \'2023-03-10 02:59:44\'
AND `project_assign`.`updated_date` <= \'2023-04-25 07:25:35\'', 0)
 2 SYSTEMPATH/Database/BaseConnection.php(666): CodeIgniter\Database\MySQLi\Connection->execute('SELECT `projects`.`name` as `Project_Name`, `time_entries`.`date` as `Worked_on`, `time_entries`.`time` as `Total_spent_time`, `time_entries`.`description` as `Work_Description`
FROM `time_entries`
JOIN `user` ON `time_entries`.`user_id` =  `user`.`id`
JOIN `projects` ON `time_entries`.`project_id` = `projects`.`id`
JOIN `project_assign` ON `project_assign`.`project_id` = `projects`.`id`
WHERE `user`.`id` = \'12\'
AND `projects`.`id` = \'2\'
AND `project_assign`.`updated_date` >= \'2023-03-10 02:59:44\'
AND `project_assign`.`updated_date` <= \'2023-04-25 07:25:35\'')
 3 SYSTEMPATH/Database/BaseConnection.php(593): CodeIgniter\Database\BaseConnection->simpleQuery('SELECT `projects`.`name` as `Project_Name`, `time_entries`.`date` as `Worked_on`, `time_entries`.`time` as `Total_spent_time`, `time_entries`.`description` as `Work_Description`
FROM `time_entries`
JOIN `user` ON `time_entries`.`user_id` =  `user`.`id`
JOIN `projects` ON `time_entries`.`project_id` = `projects`.`id`
JOIN `project_assign` ON `project_assign`.`project_id` = `projects`.`id`
WHERE `user`.`id` = \'12\'
AND `projects`.`id` = \'2\'
AND `project_assign`.`updated_date` >= \'2023-03-10 02:59:44\'
AND `project_assign`.`updated_date` <= \'2023-04-25 07:25:35\'')
 4 SYSTEMPATH/Database/BaseBuilder.php(1585): CodeIgniter\Database\BaseConnection->query('SELECT `projects`.`name` as `Project_Name`, `time_entries`.`date` as `Worked_on`, `time_entries`.`time` as `Total_spent_time`, `time_entries`.`description` as `Work_Description`
FROM `time_entries`
JOIN `user` ON `time_entries`.`user_id` =  `user`.`id`
JOIN `projects` ON `time_entries`.`project_id` = `projects`.`id`
JOIN `project_assign` ON `project_assign`.`project_id` = `projects`.`id`
WHERE `user`.`id` = :user.id:
AND `projects`.`id` = :projects.id:
AND `project_assign`.`updated_date` >= :project_assign.updated_date:
AND `project_assign`.`updated_date` <= :project_assign.updated_date.1:', [...], false)
 5 APPPATH/Models/UsersModel.php(37): CodeIgniter\Database\BaseBuilder->get()
 6 APPPATH/Controllers/ReportsController.php(116): App\Models\UsersModel->getTimeEntries('12', '2', '2023-03-10 02:59:44', '2023-04-25 07:25:35')
 7 SYSTEMPATH/CodeIgniter.php(925): App\Controllers\ReportsController->getTimeEntries('10', '12', '2')
 8 SYSTEMPATH/CodeIgniter.php(480): CodeIgniter\CodeIgniter->runController(Object(App\Controllers\ReportsController))
 9 SYSTEMPATH/CodeIgniter.php(349): CodeIgniter\CodeIgniter->handleRequest(null, Object(Config\Cache), false)
10 FCPATH/index.php(73): CodeIgniter\CodeIgniter->run()
CRITICAL - 2023-04-25 18:13:14 --> Undefined variable $updated_at
in APPPATH/Controllers/ReportsController.php on line 116.
 1 APPPATH/Controllers/ReportsController.php(116): CodeIgniter\Debug\Exceptions->errorHandler(2, 'Undefined variable $updated_at', 'APPPATH/Controllers/ReportsController.php', 116)
 2 SYSTEMPATH/CodeIgniter.php(925): App\Controllers\ReportsController->getTimeEntries('10', '12', '2')
 3 SYSTEMPATH/CodeIgniter.php(480): CodeIgniter\CodeIgniter->runController(Object(App\Controllers\ReportsController))
 4 SYSTEMPATH/CodeIgniter.php(349): CodeIgniter\CodeIgniter->handleRequest(null, Object(Config\Cache), false)
 5 FCPATH/index.php(73): CodeIgniter\CodeIgniter->run()
CRITICAL - 2023-04-25 18:13:50 --> Too few arguments to function App\Models\UsersModel::getTimeEntries(), 4 passed in /home3/neelneel/public_html/ems/v2/app/Controllers/ReportsController.php on line 117 and exactly 6 expected
in APPPATH/Models/UsersModel.php on line 43.
 1 APPPATH/Controllers/ReportsController.php(117): App\Models\UsersModel->getTimeEntries('12', '2', '2023-03-10 02:59:44', '2023-03-14 07:25:35')
 2 SYSTEMPATH/CodeIgniter.php(925): App\Controllers\ReportsController->getTimeEntries('10', '12', '2')
 3 SYSTEMPATH/CodeIgniter.php(480): CodeIgniter\CodeIgniter->runController(Object(App\Controllers\ReportsController))
 4 SYSTEMPATH/CodeIgniter.php(349): CodeIgniter\CodeIgniter->handleRequest(null, Object(Config\Cache), false)
 5 FCPATH/index.php(73): CodeIgniter\CodeIgniter->run()
ERROR - 2023-04-25 18:33:25 --> mysqli_sql_exception: Unknown column 'project_assign.start_date' in 'where clause' in /home3/neelneel/public_html/ems/v2/system/Database/MySQLi/Connection.php:292
Stack trace:
#0 /home3/neelneel/public_html/ems/v2/system/Database/MySQLi/Connection.php(292): mysqli->query('SELECT `project...', 0)
#1 /home3/neelneel/public_html/ems/v2/system/Database/BaseConnection.php(666): CodeIgniter\Database\MySQLi\Connection->execute('SELECT `project...')
#2 /home3/neelneel/public_html/ems/v2/system/Database/BaseConnection.php(593): CodeIgniter\Database\BaseConnection->simpleQuery('SELECT `project...')
#3 /home3/neelneel/public_html/ems/v2/system/Database/BaseBuilder.php(1585): CodeIgniter\Database\BaseConnection->query('SELECT `project...', Array, false)
#4 /home3/neelneel/public_html/ems/v2/app/Models/UsersModel.php(60): CodeIgniter\Database\BaseBuilder->get()
#5 /home3/neelneel/public_html/ems/v2/app/Controllers/ReportsController.php(117): App\Models\UsersModel->getTimeEntries('12', '2', '2023-03-10 02:5...', '2023-03-14 07:2...')
#6 /home3/neelneel/public_html/ems/v2/system/CodeIgniter.php(925): App\Controllers\ReportsController->getTimeEntries('10', '12', '2')
#7 /home3/neelneel/public_html/ems/v2/system/CodeIgniter.php(480): CodeIgniter\CodeIgniter->runController(Object(App\Controllers\ReportsController))
#8 /home3/neelneel/public_html/ems/v2/system/CodeIgniter.php(349): CodeIgniter\CodeIgniter->handleRequest(NULL, Object(Config\Cache), false)
#9 /home3/neelneel/public_html/ems/v2/index.php(73): CodeIgniter\CodeIgniter->run()
#10 {main}
CRITICAL - 2023-04-25 18:33:25 --> Unknown column 'project_assign.start_date' in 'where clause'
in SYSTEMPATH/Database/MySQLi/Connection.php on line 292.
 1 SYSTEMPATH/Database/MySQLi/Connection.php(292): mysqli->query('SELECT `projects`.`name` as `Project_Name`, `time_entries`.`date` as `Worked_on`, `time_entries`.`time` as `Total_spent_time`, `time_entries`.`description` as `Work_Description`
FROM `time_entries`
JOIN `user` ON `time_entries`.`user_id` =  `user`.`id`
JOIN `projects` ON `time_entries`.`project_id` = `projects`.`id`
JOIN `project_assign` ON `project_assign`.`project_id` = `projects`.`id`
WHERE `user`.`id` = \'12\'
AND `projects`.`id` = \'2\'
AND `project_assign`.`user_id` = \'12\'
AND `project_assign`.`project_id` = \'2\'
AND `project_assign`.`start_date` <= \'2023-03-14 07:25:35\'
AND   (
`project_assign`.`end_date` >= \'2023-03-10 02:59:44\'
OR `project_assign`.`end_date` IS NULL
 )', 0)
 2 SYSTEMPATH/Database/BaseConnection.php(666): CodeIgniter\Database\MySQLi\Connection->execute('SELECT `projects`.`name` as `Project_Name`, `time_entries`.`date` as `Worked_on`, `time_entries`.`time` as `Total_spent_time`, `time_entries`.`description` as `Work_Description`
FROM `time_entries`
JOIN `user` ON `time_entries`.`user_id` =  `user`.`id`
JOIN `projects` ON `time_entries`.`project_id` = `projects`.`id`
JOIN `project_assign` ON `project_assign`.`project_id` = `projects`.`id`
WHERE `user`.`id` = \'12\'
AND `projects`.`id` = \'2\'
AND `project_assign`.`user_id` = \'12\'
AND `project_assign`.`project_id` = \'2\'
AND `project_assign`.`start_date` <= \'2023-03-14 07:25:35\'
AND   (
`project_assign`.`end_date` >= \'2023-03-10 02:59:44\'
OR `project_assign`.`end_date` IS NULL
 )')
 3 SYSTEMPATH/Database/BaseConnection.php(593): CodeIgniter\Database\BaseConnection->simpleQuery('SELECT `projects`.`name` as `Project_Name`, `time_entries`.`date` as `Worked_on`, `time_entries`.`time` as `Total_spent_time`, `time_entries`.`description` as `Work_Description`
FROM `time_entries`
JOIN `user` ON `time_entries`.`user_id` =  `user`.`id`
JOIN `projects` ON `time_entries`.`project_id` = `projects`.`id`
JOIN `project_assign` ON `project_assign`.`project_id` = `projects`.`id`
WHERE `user`.`id` = \'12\'
AND `projects`.`id` = \'2\'
AND `project_assign`.`user_id` = \'12\'
AND `project_assign`.`project_id` = \'2\'
AND `project_assign`.`start_date` <= \'2023-03-14 07:25:35\'
AND   (
`project_assign`.`end_date` >= \'2023-03-10 02:59:44\'
OR `project_assign`.`end_date` IS NULL
 )')
 4 SYSTEMPATH/Database/BaseBuilder.php(1585): CodeIgniter\Database\BaseConnection->query('SELECT `projects`.`name` as `Project_Name`, `time_entries`.`date` as `Worked_on`, `time_entries`.`time` as `Total_spent_time`, `time_entries`.`description` as `Work_Description`
FROM `time_entries`
JOIN `user` ON `time_entries`.`user_id` =  `user`.`id`
JOIN `projects` ON `time_entries`.`project_id` = `projects`.`id`
JOIN `project_assign` ON `project_assign`.`project_id` = `projects`.`id`
WHERE `user`.`id` = :user.id:
AND `projects`.`id` = :projects.id:
AND `project_assign`.`user_id` = :project_assign.user_id:
AND `project_assign`.`project_id` = :project_assign.project_id:
AND `project_assign`.`start_date` <= :project_assign.start_date:
AND   (
`project_assign`.`end_date` >= :project_assign.end_date:
OR `project_assign`.`end_date` IS NULL
 )', [...], false)
 5 APPPATH/Models/UsersModel.php(60): CodeIgniter\Database\BaseBuilder->get()
 6 APPPATH/Controllers/ReportsController.php(117): App\Models\UsersModel->getTimeEntries('12', '2', '2023-03-10 02:59:44', '2023-03-14 07:25:35')
 7 SYSTEMPATH/CodeIgniter.php(925): App\Controllers\ReportsController->getTimeEntries('10', '12', '2')
 8 SYSTEMPATH/CodeIgniter.php(480): CodeIgniter\CodeIgniter->runController(Object(App\Controllers\ReportsController))
 9 SYSTEMPATH/CodeIgniter.php(349): CodeIgniter\CodeIgniter->handleRequest(null, Object(Config\Cache), false)
10 FCPATH/index.php(73): CodeIgniter\CodeIgniter->run()
ERROR - 2023-04-25 18:33:45 --> mysqli_sql_exception: Unknown column 'project_assign.start_date' in 'where clause' in /home3/neelneel/public_html/ems/v2/system/Database/MySQLi/Connection.php:292
Stack trace:
#0 /home3/neelneel/public_html/ems/v2/system/Database/MySQLi/Connection.php(292): mysqli->query('SELECT `project...', 0)
#1 /home3/neelneel/public_html/ems/v2/system/Database/BaseConnection.php(666): CodeIgniter\Database\MySQLi\Connection->execute('SELECT `project...')
#2 /home3/neelneel/public_html/ems/v2/system/Database/BaseConnection.php(593): CodeIgniter\Database\BaseConnection->simpleQuery('SELECT `project...')
#3 /home3/neelneel/public_html/ems/v2/system/Database/BaseBuilder.php(1585): CodeIgniter\Database\BaseConnection->query('SELECT `project...', Array, false)
#4 /home3/neelneel/public_html/ems/v2/app/Models/UsersModel.php(60): CodeIgniter\Database\BaseBuilder->get()
#5 /home3/neelneel/public_html/ems/v2/app/Controllers/ReportsController.php(117): App\Models\UsersModel->getTimeEntries('12', '2', '2023-03-10 02:5...', '2023-03-14 07:2...')
#6 /home3/neelneel/public_html/ems/v2/system/CodeIgniter.php(925): App\Controllers\ReportsController->getTimeEntries('10', '12', '2')
#7 /home3/neelneel/public_html/ems/v2/system/CodeIgniter.php(480): CodeIgniter\CodeIgniter->runController(Object(App\Controllers\ReportsController))
#8 /home3/neelneel/public_html/ems/v2/system/CodeIgniter.php(349): CodeIgniter\CodeIgniter->handleRequest(NULL, Object(Config\Cache), false)
#9 /home3/neelneel/public_html/ems/v2/index.php(73): CodeIgniter\CodeIgniter->run()
#10 {main}
CRITICAL - 2023-04-25 18:33:45 --> Unknown column 'project_assign.start_date' in 'where clause'
in SYSTEMPATH/Database/MySQLi/Connection.php on line 292.
 1 SYSTEMPATH/Database/MySQLi/Connection.php(292): mysqli->query('SELECT `projects`.`name` as `Project_Name`, `time_entries`.`date` as `Worked_on`, `time_entries`.`time` as `Total_spent_time`, `time_entries`.`description` as `Work_Description`
FROM `time_entries`
JOIN `user` ON `time_entries`.`user_id` =  `user`.`id`
JOIN `projects` ON `time_entries`.`project_id` = `projects`.`id`
JOIN `project_assign` ON `project_assign`.`project_id` = `projects`.`id`
WHERE `user`.`id` = \'12\'
AND `projects`.`id` = \'2\'
AND `project_assign`.`user_id` = \'12\'
AND `project_assign`.`project_id` = \'2\'
AND `project_assign`.`start_date` <= \'2023-03-14 07:25:35\'
AND   (
`project_assign`.`end_date` >= \'2023-03-10 02:59:44\'
OR `project_assign`.`end_date` IS NULL
 )', 0)
 2 SYSTEMPATH/Database/BaseConnection.php(666): CodeIgniter\Database\MySQLi\Connection->execute('SELECT `projects`.`name` as `Project_Name`, `time_entries`.`date` as `Worked_on`, `time_entries`.`time` as `Total_spent_time`, `time_entries`.`description` as `Work_Description`
FROM `time_entries`
JOIN `user` ON `time_entries`.`user_id` =  `user`.`id`
JOIN `projects` ON `time_entries`.`project_id` = `projects`.`id`
JOIN `project_assign` ON `project_assign`.`project_id` = `projects`.`id`
WHERE `user`.`id` = \'12\'
AND `projects`.`id` = \'2\'
AND `project_assign`.`user_id` = \'12\'
AND `project_assign`.`project_id` = \'2\'
AND `project_assign`.`start_date` <= \'2023-03-14 07:25:35\'
AND   (
`project_assign`.`end_date` >= \'2023-03-10 02:59:44\'
OR `project_assign`.`end_date` IS NULL
 )')
 3 SYSTEMPATH/Database/BaseConnection.php(593): CodeIgniter\Database\BaseConnection->simpleQuery('SELECT `projects`.`name` as `Project_Name`, `time_entries`.`date` as `Worked_on`, `time_entries`.`time` as `Total_spent_time`, `time_entries`.`description` as `Work_Description`
FROM `time_entries`
JOIN `user` ON `time_entries`.`user_id` =  `user`.`id`
JOIN `projects` ON `time_entries`.`project_id` = `projects`.`id`
JOIN `project_assign` ON `project_assign`.`project_id` = `projects`.`id`
WHERE `user`.`id` = \'12\'
AND `projects`.`id` = \'2\'
AND `project_assign`.`user_id` = \'12\'
AND `project_assign`.`project_id` = \'2\'
AND `project_assign`.`start_date` <= \'2023-03-14 07:25:35\'
AND   (
`project_assign`.`end_date` >= \'2023-03-10 02:59:44\'
OR `project_assign`.`end_date` IS NULL
 )')
 4 SYSTEMPATH/Database/BaseBuilder.php(1585): CodeIgniter\Database\BaseConnection->query('SELECT `projects`.`name` as `Project_Name`, `time_entries`.`date` as `Worked_on`, `time_entries`.`time` as `Total_spent_time`, `time_entries`.`description` as `Work_Description`
FROM `time_entries`
JOIN `user` ON `time_entries`.`user_id` =  `user`.`id`
JOIN `projects` ON `time_entries`.`project_id` = `projects`.`id`
JOIN `project_assign` ON `project_assign`.`project_id` = `projects`.`id`
WHERE `user`.`id` = :user.id:
AND `projects`.`id` = :projects.id:
AND `project_assign`.`user_id` = :project_assign.user_id:
AND `project_assign`.`project_id` = :project_assign.project_id:
AND `project_assign`.`start_date` <= :project_assign.start_date:
AND   (
`project_assign`.`end_date` >= :project_assign.end_date:
OR `project_assign`.`end_date` IS NULL
 )', [...], false)
 5 APPPATH/Models/UsersModel.php(60): CodeIgniter\Database\BaseBuilder->get()
 6 APPPATH/Controllers/ReportsController.php(117): App\Models\UsersModel->getTimeEntries('12', '2', '2023-03-10 02:59:44', '2023-03-14 07:25:35')
 7 SYSTEMPATH/CodeIgniter.php(925): App\Controllers\ReportsController->getTimeEntries('10', '12', '2')
 8 SYSTEMPATH/CodeIgniter.php(480): CodeIgniter\CodeIgniter->runController(Object(App\Controllers\ReportsController))
 9 SYSTEMPATH/CodeIgniter.php(349): CodeIgniter\CodeIgniter->handleRequest(null, Object(Config\Cache), false)
10 FCPATH/index.php(73): CodeIgniter\CodeIgniter->run()
