CRITICAL - 2023-04-21 10:32:45 --> CodeIgniter\Database\BaseBuilder::hasOperator(): Argument #1 ($str) must be of type string, Closure given, called in /home3/neelneel/public_html/ems/v2/system/Database/BaseBuilder.php on line 624
in SYSTEMPATH/Database/BaseBuilder.php on line 2842.
 1 SYSTEMPATH/Database/BaseBuilder.php(624): CodeIgniter\Database\BaseBuilder->hasOperator(Object(Closure))
 2 APPPATH/Models/TaskModel.php(101): CodeIgniter\Database\BaseBuilder->join('`projects`', Object(Closure), 'LEFT ')
 3 APPPATH/Controllers/TaskController.php(700): App\Models\TaskModel->getTaskAssignByCurrentUser('10')
 4 SYSTEMPATH/CodeIgniter.php(925): App\Controllers\TaskController->getmyAssignTaskListByUserId('10')
 5 SYSTEMPATH/CodeIgniter.php(480): CodeIgniter\CodeIgniter->runController(Object(App\Controllers\TaskController))
 6 SYSTEMPATH/CodeIgniter.php(349): CodeIgniter\CodeIgniter->handleRequest(null, Object(Config\Cache), false)
 7 FCPATH/index.php(73): CodeIgniter\CodeIgniter->run()
CRITICAL - 2023-04-21 10:33:57 --> CodeIgniter\Database\BaseBuilder::hasOperator(): Argument #1 ($str) must be of type string, Closure given, called in /home3/neelneel/public_html/ems/v2/system/Database/BaseBuilder.php on line 624
in SYSTEMPATH/Database/BaseBuilder.php on line 2842.
 1 SYSTEMPATH/Database/BaseBuilder.php(624): CodeIgniter\Database\BaseBuilder->hasOperator(Object(Closure))
 2 APPPATH/Models/TaskModel.php(101): CodeIgniter\Database\BaseBuilder->join('`projects`', Object(Closure), 'LEFT ')
 3 APPPATH/Controllers/TaskController.php(700): App\Models\TaskModel->getTaskAssignByCurrentUser('10')
 4 SYSTEMPATH/CodeIgniter.php(925): App\Controllers\TaskController->getmyAssignTaskListByUserId('10')
 5 SYSTEMPATH/CodeIgniter.php(480): CodeIgniter\CodeIgniter->runController(Object(App\Controllers\TaskController))
 6 SYSTEMPATH/CodeIgniter.php(349): CodeIgniter\CodeIgniter->handleRequest(null, Object(Config\Cache), false)
 7 FCPATH/index.php(73): CodeIgniter\CodeIgniter->run()
CRITICAL - 2023-04-21 10:33:57 --> CodeIgniter\Database\BaseBuilder::hasOperator(): Argument #1 ($str) must be of type string, Closure given, called in /home3/neelneel/public_html/ems/v2/system/Database/BaseBuilder.php on line 624
in SYSTEMPATH/Database/BaseBuilder.php on line 2842.
 1 SYSTEMPATH/Database/BaseBuilder.php(624): CodeIgniter\Database\BaseBuilder->hasOperator(Object(Closure))
 2 APPPATH/Models/TaskModel.php(101): CodeIgniter\Database\BaseBuilder->join('`projects`', Object(Closure), 'LEFT ')
 3 APPPATH/Controllers/TaskController.php(700): App\Models\TaskModel->getTaskAssignByCurrentUser('10')
 4 SYSTEMPATH/CodeIgniter.php(925): App\Controllers\TaskController->getmyAssignTaskListByUserId('10')
 5 SYSTEMPATH/CodeIgniter.php(480): CodeIgniter\CodeIgniter->runController(Object(App\Controllers\TaskController))
 6 SYSTEMPATH/CodeIgniter.php(349): CodeIgniter\CodeIgniter->handleRequest(null, Object(Config\Cache), false)
 7 FCPATH/index.php(73): CodeIgniter\CodeIgniter->run()
CRITICAL - 2023-04-21 10:34:03 --> CodeIgniter\Database\BaseBuilder::hasOperator(): Argument #1 ($str) must be of type string, Closure given, called in /home3/neelneel/public_html/ems/v2/system/Database/BaseBuilder.php on line 624
in SYSTEMPATH/Database/BaseBuilder.php on line 2842.
 1 SYSTEMPATH/Database/BaseBuilder.php(624): CodeIgniter\Database\BaseBuilder->hasOperator(Object(Closure))
 2 APPPATH/Models/TaskModel.php(101): CodeIgniter\Database\BaseBuilder->join('`projects`', Object(Closure), 'LEFT ')
 3 APPPATH/Controllers/TaskController.php(700): App\Models\TaskModel->getTaskAssignByCurrentUser('10')
 4 SYSTEMPATH/CodeIgniter.php(925): App\Controllers\TaskController->getmyAssignTaskListByUserId('10')
 5 SYSTEMPATH/CodeIgniter.php(480): CodeIgniter\CodeIgniter->runController(Object(App\Controllers\TaskController))
 6 SYSTEMPATH/CodeIgniter.php(349): CodeIgniter\CodeIgniter->handleRequest(null, Object(Config\Cache), false)
 7 FCPATH/index.php(73): CodeIgniter\CodeIgniter->run()
CRITICAL - 2023-04-21 10:34:03 --> CodeIgniter\Database\BaseBuilder::hasOperator(): Argument #1 ($str) must be of type string, Closure given, called in /home3/neelneel/public_html/ems/v2/system/Database/BaseBuilder.php on line 624
in SYSTEMPATH/Database/BaseBuilder.php on line 2842.
 1 SYSTEMPATH/Database/BaseBuilder.php(624): CodeIgniter\Database\BaseBuilder->hasOperator(Object(Closure))
 2 APPPATH/Models/TaskModel.php(101): CodeIgniter\Database\BaseBuilder->join('`projects`', Object(Closure), 'LEFT ')
 3 APPPATH/Controllers/TaskController.php(700): App\Models\TaskModel->getTaskAssignByCurrentUser('10')
 4 SYSTEMPATH/CodeIgniter.php(925): App\Controllers\TaskController->getmyAssignTaskListByUserId('10')
 5 SYSTEMPATH/CodeIgniter.php(480): CodeIgniter\CodeIgniter->runController(Object(App\Controllers\TaskController))
 6 SYSTEMPATH/CodeIgniter.php(349): CodeIgniter\CodeIgniter->handleRequest(null, Object(Config\Cache), false)
 7 FCPATH/index.php(73): CodeIgniter\CodeIgniter->run()
CRITICAL - 2023-04-21 10:34:08 --> Illegal offset type
in SYSTEMPATH/Database/BaseBuilder.php on line 711.
 1 SYSTEMPATH/Database/BaseBuilder.php(674): CodeIgniter\Database\BaseBuilder->whereHaving('QBWhere', Object(Closure), null, 'AND ', null)
 2 APPPATH/Models/TaskModel.php(100): CodeIgniter\Database\BaseBuilder->where(Object(Closure))
 3 APPPATH/Controllers/TaskController.php(700): App\Models\TaskModel->getTaskAssignByCurrentUser('10')
 4 SYSTEMPATH/CodeIgniter.php(925): App\Controllers\TaskController->getmyAssignTaskListByUserId('10')
 5 SYSTEMPATH/CodeIgniter.php(480): CodeIgniter\CodeIgniter->runController(Object(App\Controllers\TaskController))
 6 SYSTEMPATH/CodeIgniter.php(349): CodeIgniter\CodeIgniter->handleRequest(null, Object(Config\Cache), false)
 7 FCPATH/index.php(73): CodeIgniter\CodeIgniter->run()
CRITICAL - 2023-04-21 10:34:35 --> Illegal offset type
in SYSTEMPATH/Database/BaseBuilder.php on line 711.
 1 SYSTEMPATH/Database/BaseBuilder.php(674): CodeIgniter\Database\BaseBuilder->whereHaving('QBWhere', Object(Closure), null, 'AND ', null)
 2 APPPATH/Models/TaskModel.php(100): CodeIgniter\Database\BaseBuilder->where(Object(Closure))
 3 APPPATH/Controllers/TaskController.php(700): App\Models\TaskModel->getTaskAssignByCurrentUser('10')
 4 SYSTEMPATH/CodeIgniter.php(925): App\Controllers\TaskController->getmyAssignTaskListByUserId('10')
 5 SYSTEMPATH/CodeIgniter.php(480): CodeIgniter\CodeIgniter->runController(Object(App\Controllers\TaskController))
 6 SYSTEMPATH/CodeIgniter.php(349): CodeIgniter\CodeIgniter->handleRequest(null, Object(Config\Cache), false)
 7 FCPATH/index.php(73): CodeIgniter\CodeIgniter->run()
CRITICAL - 2023-04-21 10:34:35 --> Illegal offset type
in SYSTEMPATH/Database/BaseBuilder.php on line 711.
 1 SYSTEMPATH/Database/BaseBuilder.php(674): CodeIgniter\Database\BaseBuilder->whereHaving('QBWhere', Object(Closure), null, 'AND ', null)
 2 APPPATH/Models/TaskModel.php(100): CodeIgniter\Database\BaseBuilder->where(Object(Closure))
 3 APPPATH/Controllers/TaskController.php(700): App\Models\TaskModel->getTaskAssignByCurrentUser('10')
 4 SYSTEMPATH/CodeIgniter.php(925): App\Controllers\TaskController->getmyAssignTaskListByUserId('10')
 5 SYSTEMPATH/CodeIgniter.php(480): CodeIgniter\CodeIgniter->runController(Object(App\Controllers\TaskController))
 6 SYSTEMPATH/CodeIgniter.php(349): CodeIgniter\CodeIgniter->handleRequest(null, Object(Config\Cache), false)
 7 FCPATH/index.php(73): CodeIgniter\CodeIgniter->run()
CRITICAL - 2023-04-21 10:35:46 --> Call to undefined method CodeIgniter\Database\MySQLi\Builder::orWhereNull()
in APPPATH/Models/TaskModel.php on line 97.
 1 APPPATH/Controllers/TaskController.php(700): App\Models\TaskModel->getTaskAssignByCurrentUser('10')
 2 SYSTEMPATH/CodeIgniter.php(925): App\Controllers\TaskController->getmyAssignTaskListByUserId('10')
 3 SYSTEMPATH/CodeIgniter.php(480): CodeIgniter\CodeIgniter->runController(Object(App\Controllers\TaskController))
 4 SYSTEMPATH/CodeIgniter.php(349): CodeIgniter\CodeIgniter->handleRequest(null, Object(Config\Cache), false)
 5 FCPATH/index.php(73): CodeIgniter\CodeIgniter->run()
CRITICAL - 2023-04-21 10:36:01 --> Call to undefined method CodeIgniter\Database\MySQLi\Builder::orWhereNull()
in APPPATH/Models/TaskModel.php on line 97.
 1 APPPATH/Controllers/TaskController.php(700): App\Models\TaskModel->getTaskAssignByCurrentUser('17')
 2 SYSTEMPATH/CodeIgniter.php(925): App\Controllers\TaskController->getmyAssignTaskListByUserId('17')
 3 SYSTEMPATH/CodeIgniter.php(480): CodeIgniter\CodeIgniter->runController(Object(App\Controllers\TaskController))
 4 SYSTEMPATH/CodeIgniter.php(349): CodeIgniter\CodeIgniter->handleRequest(null, Object(Config\Cache), false)
 5 FCPATH/index.php(73): CodeIgniter\CodeIgniter->run()
CRITICAL - 2023-04-21 10:36:01 --> Call to undefined method CodeIgniter\Database\MySQLi\Builder::orWhereNull()
in APPPATH/Models/TaskModel.php on line 97.
 1 APPPATH/Controllers/TaskController.php(700): App\Models\TaskModel->getTaskAssignByCurrentUser('17')
 2 SYSTEMPATH/CodeIgniter.php(925): App\Controllers\TaskController->getmyAssignTaskListByUserId('17')
 3 SYSTEMPATH/CodeIgniter.php(480): CodeIgniter\CodeIgniter->runController(Object(App\Controllers\TaskController))
 4 SYSTEMPATH/CodeIgniter.php(349): CodeIgniter\CodeIgniter->handleRequest(null, Object(Config\Cache), false)
 5 FCPATH/index.php(73): CodeIgniter\CodeIgniter->run()
CRITICAL - 2023-04-21 10:36:16 --> Illegal offset type
in SYSTEMPATH/Database/BaseBuilder.php on line 711.
 1 SYSTEMPATH/Database/BaseBuilder.php(674): CodeIgniter\Database\BaseBuilder->whereHaving('QBWhere', Object(Closure), null, 'AND ', null)
 2 APPPATH/Models/TaskModel.php(100): CodeIgniter\Database\BaseBuilder->where(Object(Closure))
 3 APPPATH/Controllers/TaskController.php(700): App\Models\TaskModel->getTaskAssignByCurrentUser('10')
 4 SYSTEMPATH/CodeIgniter.php(925): App\Controllers\TaskController->getmyAssignTaskListByUserId('10')
 5 SYSTEMPATH/CodeIgniter.php(480): CodeIgniter\CodeIgniter->runController(Object(App\Controllers\TaskController))
 6 SYSTEMPATH/CodeIgniter.php(349): CodeIgniter\CodeIgniter->handleRequest(null, Object(Config\Cache), false)
 7 FCPATH/index.php(73): CodeIgniter\CodeIgniter->run()
CRITICAL - 2023-04-21 10:50:59 --> Expired token
in FCPATH/vendor/firebase/php-jwt/src/JWT.php on line 162.
 1 APPPATH/Filters/Auth.php(61): Firebase\JWT\JWT::decode('eyJ0eXAiOiJKV1QiLCJhbGciOiJIUzI1NiJ9.eyJpc3MiOiJOZWVsIG5ldHdvcmtzIiwiYXVkIjoiY3VzdG9tZXIiLCJpYXQiOjE2ODE5MDg5MTQsImV4cCI6MTY4MTk5NTMxNCwiZW1haWwiOiJwZXNpZ2FAZW1hLXNvZmlhLmV1In0.Jb-YKbJlgDNMjMnqvIQ6hKrX0JJiK24WgFo_9uz7aLU', Object(Firebase\JWT\Key))
 2 SYSTEMPATH/Filters/Filters.php(173): App\Filters\Auth->before(Object(CodeIgniter\HTTP\IncomingRequest), null)
 3 SYSTEMPATH/CodeIgniter.php(453): CodeIgniter\Filters\Filters->run('user/all-notifications/12', 'before')
 4 SYSTEMPATH/CodeIgniter.php(349): CodeIgniter\CodeIgniter->handleRequest(null, Object(Config\Cache), false)
 5 FCPATH/index.php(73): CodeIgniter\CodeIgniter->run()
CRITICAL - 2023-04-21 10:50:59 --> Expired token
in FCPATH/vendor/firebase/php-jwt/src/JWT.php on line 162.
 1 APPPATH/Filters/Auth.php(61): Firebase\JWT\JWT::decode('eyJ0eXAiOiJKV1QiLCJhbGciOiJIUzI1NiJ9.eyJpc3MiOiJOZWVsIG5ldHdvcmtzIiwiYXVkIjoiY3VzdG9tZXIiLCJpYXQiOjE2ODE5MDg5MTQsImV4cCI6MTY4MTk5NTMxNCwiZW1haWwiOiJwZXNpZ2FAZW1hLXNvZmlhLmV1In0.Jb-YKbJlgDNMjMnqvIQ6hKrX0JJiK24WgFo_9uz7aLU', Object(Firebase\JWT\Key))
 2 SYSTEMPATH/Filters/Filters.php(173): App\Filters\Auth->before(Object(CodeIgniter\HTTP\IncomingRequest), null)
 3 SYSTEMPATH/CodeIgniter.php(453): CodeIgniter\Filters\Filters->run('user/count-project-list-for-single-user/12', 'before')
 4 SYSTEMPATH/CodeIgniter.php(349): CodeIgniter\CodeIgniter->handleRequest(null, Object(Config\Cache), false)
 5 FCPATH/index.php(73): CodeIgniter\CodeIgniter->run()
CRITICAL - 2023-04-21 10:50:59 --> Expired token
in FCPATH/vendor/firebase/php-jwt/src/JWT.php on line 162.
 1 APPPATH/Filters/Auth.php(61): Firebase\JWT\JWT::decode('eyJ0eXAiOiJKV1QiLCJhbGciOiJIUzI1NiJ9.eyJpc3MiOiJOZWVsIG5ldHdvcmtzIiwiYXVkIjoiY3VzdG9tZXIiLCJpYXQiOjE2ODE5MDg5MTQsImV4cCI6MTY4MTk5NTMxNCwiZW1haWwiOiJwZXNpZ2FAZW1hLXNvZmlhLmV1In0.Jb-YKbJlgDNMjMnqvIQ6hKrX0JJiK24WgFo_9uz7aLU', Object(Firebase\JWT\Key))
 2 SYSTEMPATH/Filters/Filters.php(173): App\Filters\Auth->before(Object(CodeIgniter\HTTP\IncomingRequest), null)
 3 SYSTEMPATH/CodeIgniter.php(453): CodeIgniter\Filters\Filters->run('task/list', 'before')
 4 SYSTEMPATH/CodeIgniter.php(349): CodeIgniter\CodeIgniter->handleRequest(null, Object(Config\Cache), false)
 5 FCPATH/index.php(73): CodeIgniter\CodeIgniter->run()
CRITICAL - 2023-04-21 10:50:59 --> Expired token
in FCPATH/vendor/firebase/php-jwt/src/JWT.php on line 162.
 1 APPPATH/Filters/Auth.php(61): Firebase\JWT\JWT::decode('eyJ0eXAiOiJKV1QiLCJhbGciOiJIUzI1NiJ9.eyJpc3MiOiJOZWVsIG5ldHdvcmtzIiwiYXVkIjoiY3VzdG9tZXIiLCJpYXQiOjE2ODE5MDg5MTQsImV4cCI6MTY4MTk5NTMxNCwiZW1haWwiOiJwZXNpZ2FAZW1hLXNvZmlhLmV1In0.Jb-YKbJlgDNMjMnqvIQ6hKrX0JJiK24WgFo_9uz7aLU', Object(Firebase\JWT\Key))
 2 SYSTEMPATH/Filters/Filters.php(173): App\Filters\Auth->before(Object(CodeIgniter\HTTP\IncomingRequest), null)
 3 SYSTEMPATH/CodeIgniter.php(453): CodeIgniter\Filters\Filters->run('task/list', 'before')
 4 SYSTEMPATH/CodeIgniter.php(349): CodeIgniter\CodeIgniter->handleRequest(null, Object(Config\Cache), false)
 5 FCPATH/index.php(73): CodeIgniter\CodeIgniter->run()
CRITICAL - 2023-04-21 10:50:59 --> Expired token
in FCPATH/vendor/firebase/php-jwt/src/JWT.php on line 162.
 1 APPPATH/Filters/Auth.php(61): Firebase\JWT\JWT::decode('eyJ0eXAiOiJKV1QiLCJhbGciOiJIUzI1NiJ9.eyJpc3MiOiJOZWVsIG5ldHdvcmtzIiwiYXVkIjoiY3VzdG9tZXIiLCJpYXQiOjE2ODE5MDg5MTQsImV4cCI6MTY4MTk5NTMxNCwiZW1haWwiOiJwZXNpZ2FAZW1hLXNvZmlhLmV1In0.Jb-YKbJlgDNMjMnqvIQ6hKrX0JJiK24WgFo_9uz7aLU', Object(Firebase\JWT\Key))
 2 SYSTEMPATH/Filters/Filters.php(173): App\Filters\Auth->before(Object(CodeIgniter\HTTP\IncomingRequest), null)
 3 SYSTEMPATH/CodeIgniter.php(453): CodeIgniter\Filters\Filters->run('user/12', 'before')
 4 SYSTEMPATH/CodeIgniter.php(349): CodeIgniter\CodeIgniter->handleRequest(null, Object(Config\Cache), false)
 5 FCPATH/index.php(73): CodeIgniter\CodeIgniter->run()
CRITICAL - 2023-04-21 10:51:00 --> Expired token
in FCPATH/vendor/firebase/php-jwt/src/JWT.php on line 162.
 1 APPPATH/Filters/Auth.php(61): Firebase\JWT\JWT::decode('eyJ0eXAiOiJKV1QiLCJhbGciOiJIUzI1NiJ9.eyJpc3MiOiJOZWVsIG5ldHdvcmtzIiwiYXVkIjoiY3VzdG9tZXIiLCJpYXQiOjE2ODE5MDg5MTQsImV4cCI6MTY4MTk5NTMxNCwiZW1haWwiOiJwZXNpZ2FAZW1hLXNvZmlhLmV1In0.Jb-YKbJlgDNMjMnqvIQ6hKrX0JJiK24WgFo_9uz7aLU', Object(Firebase\JWT\Key))
 2 SYSTEMPATH/Filters/Filters.php(173): App\Filters\Auth->before(Object(CodeIgniter\HTTP\IncomingRequest), null)
 3 SYSTEMPATH/CodeIgniter.php(453): CodeIgniter\Filters\Filters->run('user/12', 'before')
 4 SYSTEMPATH/CodeIgniter.php(349): CodeIgniter\CodeIgniter->handleRequest(null, Object(Config\Cache), false)
 5 FCPATH/index.php(73): CodeIgniter\CodeIgniter->run()
CRITICAL - 2023-04-21 10:51:00 --> Expired token
in FCPATH/vendor/firebase/php-jwt/src/JWT.php on line 162.
 1 APPPATH/Filters/Auth.php(61): Firebase\JWT\JWT::decode('eyJ0eXAiOiJKV1QiLCJhbGciOiJIUzI1NiJ9.eyJpc3MiOiJOZWVsIG5ldHdvcmtzIiwiYXVkIjoiY3VzdG9tZXIiLCJpYXQiOjE2ODE5MDg5MTQsImV4cCI6MTY4MTk5NTMxNCwiZW1haWwiOiJwZXNpZ2FAZW1hLXNvZmlhLmV1In0.Jb-YKbJlgDNMjMnqvIQ6hKrX0JJiK24WgFo_9uz7aLU', Object(Firebase\JWT\Key))
 2 SYSTEMPATH/Filters/Filters.php(173): App\Filters\Auth->before(Object(CodeIgniter\HTTP\IncomingRequest), null)
 3 SYSTEMPATH/CodeIgniter.php(453): CodeIgniter\Filters\Filters->run('user/all-notifications/12', 'before')
 4 SYSTEMPATH/CodeIgniter.php(349): CodeIgniter\CodeIgniter->handleRequest(null, Object(Config\Cache), false)
 5 FCPATH/index.php(73): CodeIgniter\CodeIgniter->run()
CRITICAL - 2023-04-21 10:51:00 --> Expired token
in FCPATH/vendor/firebase/php-jwt/src/JWT.php on line 162.
 1 APPPATH/Filters/Auth.php(61): Firebase\JWT\JWT::decode('eyJ0eXAiOiJKV1QiLCJhbGciOiJIUzI1NiJ9.eyJpc3MiOiJOZWVsIG5ldHdvcmtzIiwiYXVkIjoiY3VzdG9tZXIiLCJpYXQiOjE2ODE5MDg5MTQsImV4cCI6MTY4MTk5NTMxNCwiZW1haWwiOiJwZXNpZ2FAZW1hLXNvZmlhLmV1In0.Jb-YKbJlgDNMjMnqvIQ6hKrX0JJiK24WgFo_9uz7aLU', Object(Firebase\JWT\Key))
 2 SYSTEMPATH/Filters/Filters.php(173): App\Filters\Auth->before(Object(CodeIgniter\HTTP\IncomingRequest), null)
 3 SYSTEMPATH/CodeIgniter.php(453): CodeIgniter\Filters\Filters->run('task/list', 'before')
 4 SYSTEMPATH/CodeIgniter.php(349): CodeIgniter\CodeIgniter->handleRequest(null, Object(Config\Cache), false)
 5 FCPATH/index.php(73): CodeIgniter\CodeIgniter->run()
CRITICAL - 2023-04-21 10:51:00 --> Expired token
in FCPATH/vendor/firebase/php-jwt/src/JWT.php on line 162.
 1 APPPATH/Filters/Auth.php(61): Firebase\JWT\JWT::decode('eyJ0eXAiOiJKV1QiLCJhbGciOiJIUzI1NiJ9.eyJpc3MiOiJOZWVsIG5ldHdvcmtzIiwiYXVkIjoiY3VzdG9tZXIiLCJpYXQiOjE2ODE5MDg5MTQsImV4cCI6MTY4MTk5NTMxNCwiZW1haWwiOiJwZXNpZ2FAZW1hLXNvZmlhLmV1In0.Jb-YKbJlgDNMjMnqvIQ6hKrX0JJiK24WgFo_9uz7aLU', Object(Firebase\JWT\Key))
 2 SYSTEMPATH/Filters/Filters.php(173): App\Filters\Auth->before(Object(CodeIgniter\HTTP\IncomingRequest), null)
 3 SYSTEMPATH/CodeIgniter.php(453): CodeIgniter\Filters\Filters->run('task/list', 'before')
 4 SYSTEMPATH/CodeIgniter.php(349): CodeIgniter\CodeIgniter->handleRequest(null, Object(Config\Cache), false)
 5 FCPATH/index.php(73): CodeIgniter\CodeIgniter->run()
CRITICAL - 2023-04-21 10:51:00 --> Expired token
in FCPATH/vendor/firebase/php-jwt/src/JWT.php on line 162.
 1 APPPATH/Filters/Auth.php(61): Firebase\JWT\JWT::decode('eyJ0eXAiOiJKV1QiLCJhbGciOiJIUzI1NiJ9.eyJpc3MiOiJOZWVsIG5ldHdvcmtzIiwiYXVkIjoiY3VzdG9tZXIiLCJpYXQiOjE2ODE5MDg5MTQsImV4cCI6MTY4MTk5NTMxNCwiZW1haWwiOiJwZXNpZ2FAZW1hLXNvZmlhLmV1In0.Jb-YKbJlgDNMjMnqvIQ6hKrX0JJiK24WgFo_9uz7aLU', Object(Firebase\JWT\Key))
 2 SYSTEMPATH/Filters/Filters.php(173): App\Filters\Auth->before(Object(CodeIgniter\HTTP\IncomingRequest), null)
 3 SYSTEMPATH/CodeIgniter.php(453): CodeIgniter\Filters\Filters->run('user/count-project-list-for-single-user/12', 'before')
 4 SYSTEMPATH/CodeIgniter.php(349): CodeIgniter\CodeIgniter->handleRequest(null, Object(Config\Cache), false)
 5 FCPATH/index.php(73): CodeIgniter\CodeIgniter->run()
CRITICAL - 2023-04-21 11:04:28 --> Illegal offset type
in SYSTEMPATH/Database/BaseBuilder.php on line 711.
 1 SYSTEMPATH/Database/BaseBuilder.php(674): CodeIgniter\Database\BaseBuilder->whereHaving('QBWhere', Object(Closure), null, 'AND ', null)
 2 APPPATH/Models/TaskModel.php(85): CodeIgniter\Database\BaseBuilder->where(Object(Closure))
 3 APPPATH/Controllers/TaskController.php(646): App\Models\TaskModel->getTaskBySingleUser('12', 'Pending')
 4 SYSTEMPATH/CodeIgniter.php(925): App\Controllers\TaskController->getTaskListByUserId()
 5 SYSTEMPATH/CodeIgniter.php(480): CodeIgniter\CodeIgniter->runController(Object(App\Controllers\TaskController))
 6 SYSTEMPATH/CodeIgniter.php(349): CodeIgniter\CodeIgniter->handleRequest(null, Object(Config\Cache), false)
 7 FCPATH/index.php(73): CodeIgniter\CodeIgniter->run()
CRITICAL - 2023-04-21 11:04:28 --> Illegal offset type
in SYSTEMPATH/Database/BaseBuilder.php on line 711.
 1 SYSTEMPATH/Database/BaseBuilder.php(674): CodeIgniter\Database\BaseBuilder->whereHaving('QBWhere', Object(Closure), null, 'AND ', null)
 2 APPPATH/Models/TaskModel.php(85): CodeIgniter\Database\BaseBuilder->where(Object(Closure))
 3 APPPATH/Controllers/TaskController.php(646): App\Models\TaskModel->getTaskBySingleUser('12', 'Pending')
 4 SYSTEMPATH/CodeIgniter.php(925): App\Controllers\TaskController->getTaskListByUserId()
 5 SYSTEMPATH/CodeIgniter.php(480): CodeIgniter\CodeIgniter->runController(Object(App\Controllers\TaskController))
 6 SYSTEMPATH/CodeIgniter.php(349): CodeIgniter\CodeIgniter->handleRequest(null, Object(Config\Cache), false)
 7 FCPATH/index.php(73): CodeIgniter\CodeIgniter->run()
CRITICAL - 2023-04-21 11:04:50 --> Illegal offset type
in SYSTEMPATH/Database/BaseBuilder.php on line 711.
 1 SYSTEMPATH/Database/BaseBuilder.php(674): CodeIgniter\Database\BaseBuilder->whereHaving('QBWhere', Object(Closure), null, 'AND ', null)
 2 APPPATH/Models/TaskModel.php(85): CodeIgniter\Database\BaseBuilder->where(Object(Closure))
 3 APPPATH/Controllers/TaskController.php(646): App\Models\TaskModel->getTaskBySingleUser('11', 'Pending')
 4 SYSTEMPATH/CodeIgniter.php(925): App\Controllers\TaskController->getTaskListByUserId()
 5 SYSTEMPATH/CodeIgniter.php(480): CodeIgniter\CodeIgniter->runController(Object(App\Controllers\TaskController))
 6 SYSTEMPATH/CodeIgniter.php(349): CodeIgniter\CodeIgniter->handleRequest(null, Object(Config\Cache), false)
 7 FCPATH/index.php(73): CodeIgniter\CodeIgniter->run()
CRITICAL - 2023-04-21 11:04:50 --> Illegal offset type
in SYSTEMPATH/Database/BaseBuilder.php on line 711.
 1 SYSTEMPATH/Database/BaseBuilder.php(674): CodeIgniter\Database\BaseBuilder->whereHaving('QBWhere', Object(Closure), null, 'AND ', null)
 2 APPPATH/Models/TaskModel.php(85): CodeIgniter\Database\BaseBuilder->where(Object(Closure))
 3 APPPATH/Controllers/TaskController.php(646): App\Models\TaskModel->getTaskBySingleUser('11', 'Pending')
 4 SYSTEMPATH/CodeIgniter.php(925): App\Controllers\TaskController->getTaskListByUserId()
 5 SYSTEMPATH/CodeIgniter.php(480): CodeIgniter\CodeIgniter->runController(Object(App\Controllers\TaskController))
 6 SYSTEMPATH/CodeIgniter.php(349): CodeIgniter\CodeIgniter->handleRequest(null, Object(Config\Cache), false)
 7 FCPATH/index.php(73): CodeIgniter\CodeIgniter->run()
CRITICAL - 2023-04-21 11:05:07 --> Illegal offset type
in SYSTEMPATH/Database/BaseBuilder.php on line 711.
 1 SYSTEMPATH/Database/BaseBuilder.php(674): CodeIgniter\Database\BaseBuilder->whereHaving('QBWhere', Object(Closure), null, 'AND ', null)
 2 APPPATH/Models/TaskModel.php(76): CodeIgniter\Database\BaseBuilder->where(Object(Closure))
 3 APPPATH/Controllers/TaskController.php(646): App\Models\TaskModel->getTaskBySingleUser('12', 'Pending')
 4 SYSTEMPATH/CodeIgniter.php(925): App\Controllers\TaskController->getTaskListByUserId()
 5 SYSTEMPATH/CodeIgniter.php(480): CodeIgniter\CodeIgniter->runController(Object(App\Controllers\TaskController))
 6 SYSTEMPATH/CodeIgniter.php(349): CodeIgniter\CodeIgniter->handleRequest(null, Object(Config\Cache), false)
 7 FCPATH/index.php(73): CodeIgniter\CodeIgniter->run()
CRITICAL - 2023-04-21 11:05:07 --> Illegal offset type
in SYSTEMPATH/Database/BaseBuilder.php on line 711.
 1 SYSTEMPATH/Database/BaseBuilder.php(674): CodeIgniter\Database\BaseBuilder->whereHaving('QBWhere', Object(Closure), null, 'AND ', null)
 2 APPPATH/Models/TaskModel.php(76): CodeIgniter\Database\BaseBuilder->where(Object(Closure))
 3 APPPATH/Controllers/TaskController.php(646): App\Models\TaskModel->getTaskBySingleUser('12', 'Pending')
 4 SYSTEMPATH/CodeIgniter.php(925): App\Controllers\TaskController->getTaskListByUserId()
 5 SYSTEMPATH/CodeIgniter.php(480): CodeIgniter\CodeIgniter->runController(Object(App\Controllers\TaskController))
 6 SYSTEMPATH/CodeIgniter.php(349): CodeIgniter\CodeIgniter->handleRequest(null, Object(Config\Cache), false)
 7 FCPATH/index.php(73): CodeIgniter\CodeIgniter->run()
CRITICAL - 2023-04-21 11:50:55 --> CodeIgniter\Database\BaseBuilder::hasOperator(): Argument #1 ($str) must be of type string, Closure given, called in /home3/neelneel/public_html/ems/v2/system/Database/BaseBuilder.php on line 624
in SYSTEMPATH/Database/BaseBuilder.php on line 2842.
 1 SYSTEMPATH/Database/BaseBuilder.php(624): CodeIgniter\Database\BaseBuilder->hasOperator(Object(Closure))
 2 APPPATH/Models/TaskModel.php(77): CodeIgniter\Database\BaseBuilder->join('`projects`', Object(Closure), 'LEFT ')
 3 APPPATH/Controllers/TaskController.php(646): App\Models\TaskModel->getTaskBySingleUser('12', 'Pending')
 4 SYSTEMPATH/CodeIgniter.php(925): App\Controllers\TaskController->getTaskListByUserId()
 5 SYSTEMPATH/CodeIgniter.php(480): CodeIgniter\CodeIgniter->runController(Object(App\Controllers\TaskController))
 6 SYSTEMPATH/CodeIgniter.php(349): CodeIgniter\CodeIgniter->handleRequest(null, Object(Config\Cache), false)
 7 FCPATH/index.php(73): CodeIgniter\CodeIgniter->run()
CRITICAL - 2023-04-21 11:52:07 --> CodeIgniter\Database\BaseBuilder::hasOperator(): Argument #1 ($str) must be of type string, Closure given, called in /home3/neelneel/public_html/ems/v2/system/Database/BaseBuilder.php on line 624
in SYSTEMPATH/Database/BaseBuilder.php on line 2842.
 1 SYSTEMPATH/Database/BaseBuilder.php(624): CodeIgniter\Database\BaseBuilder->hasOperator(Object(Closure))
 2 APPPATH/Models/TaskModel.php(75): CodeIgniter\Database\BaseBuilder->join('`projects`', Object(Closure), 'LEFT ')
 3 APPPATH/Controllers/TaskController.php(646): App\Models\TaskModel->getTaskBySingleUser('12', 'Pending')
 4 SYSTEMPATH/CodeIgniter.php(925): App\Controllers\TaskController->getTaskListByUserId()
 5 SYSTEMPATH/CodeIgniter.php(480): CodeIgniter\CodeIgniter->runController(Object(App\Controllers\TaskController))
 6 SYSTEMPATH/CodeIgniter.php(349): CodeIgniter\CodeIgniter->handleRequest(null, Object(Config\Cache), false)
 7 FCPATH/index.php(73): CodeIgniter\CodeIgniter->run()
ERROR - 2023-04-21 11:54:02 --> mysqli_sql_exception: Unknown column 'user.assign_to' in 'field list' in /home3/neelneel/public_html/ems/v2/system/Database/MySQLi/Connection.php:292
Stack trace:
#0 /home3/neelneel/public_html/ems/v2/system/Database/MySQLi/Connection.php(292): mysqli->query('SELECT `user`.`...', 0)
#1 /home3/neelneel/public_html/ems/v2/system/Database/BaseConnection.php(666): CodeIgniter\Database\MySQLi\Connection->execute('SELECT `user`.`...')
#2 /home3/neelneel/public_html/ems/v2/system/Database/BaseConnection.php(593): CodeIgniter\Database\BaseConnection->simpleQuery('SELECT `user`.`...')
#3 /home3/neelneel/public_html/ems/v2/system/Database/BaseBuilder.php(1585): CodeIgniter\Database\BaseConnection->query('SELECT `user`.`...', Array, false)
#4 /home3/neelneel/public_html/ems/v2/app/Models/TaskModel.php(77): CodeIgniter\Database\BaseBuilder->get()
#5 /home3/neelneel/public_html/ems/v2/app/Controllers/TaskController.php(646): App\Models\TaskModel->getTaskBySingleUser('12', 'Pending')
#6 /home3/neelneel/public_html/ems/v2/system/CodeIgniter.php(925): App\Controllers\TaskController->getTaskListByUserId()
#7 /home3/neelneel/public_html/ems/v2/system/CodeIgniter.php(480): CodeIgniter\CodeIgniter->runController(Object(App\Controllers\TaskController))
#8 /home3/neelneel/public_html/ems/v2/system/CodeIgniter.php(349): CodeIgniter\CodeIgniter->handleRequest(NULL, Object(Config\Cache), false)
#9 /home3/neelneel/public_html/ems/v2/index.php(73): CodeIgniter\CodeIgniter->run()
#10 {main}
CRITICAL - 2023-04-21 11:54:02 --> Unknown column 'user.assign_to' in 'field list'
in SYSTEMPATH/Database/MySQLi/Connection.php on line 292.
 1 SYSTEMPATH/Database/MySQLi/Connection.php(292): mysqli->query('SELECT `user`.`assign_to`, `task_assign`.`id` as `task_id`, `projects`.`id` as `project_id`, `user`.`username` as `assign_by`, `projects`.`name` as `Project_name`, `task_assign`.`task_status`, `task_assign`.`task_description`, `task_assign`.`created_at` as `assign_on`
FROM `task_assign`
JOIN `user` ON `task_assign`.`login_id` = `user`.`id`
LEFT JOIN `projects` ON `task_assign`.`project_id` = `projects`.`id` AND (`projects`.`id` > 0 OR `projects`.`id` IS NULL)
WHERE `task_assign`.`assign_to` = \'12\'
AND `task_assign`.`task_status` = \'Pending\'
ORDER BY `task_assign`.`id` DESC', 0)
 2 SYSTEMPATH/Database/BaseConnection.php(666): CodeIgniter\Database\MySQLi\Connection->execute('SELECT `user`.`assign_to`, `task_assign`.`id` as `task_id`, `projects`.`id` as `project_id`, `user`.`username` as `assign_by`, `projects`.`name` as `Project_name`, `task_assign`.`task_status`, `task_assign`.`task_description`, `task_assign`.`created_at` as `assign_on`
FROM `task_assign`
JOIN `user` ON `task_assign`.`login_id` = `user`.`id`
LEFT JOIN `projects` ON `task_assign`.`project_id` = `projects`.`id` AND (`projects`.`id` > 0 OR `projects`.`id` IS NULL)
WHERE `task_assign`.`assign_to` = \'12\'
AND `task_assign`.`task_status` = \'Pending\'
ORDER BY `task_assign`.`id` DESC')
 3 SYSTEMPATH/Database/BaseConnection.php(593): CodeIgniter\Database\BaseConnection->simpleQuery('SELECT `user`.`assign_to`, `task_assign`.`id` as `task_id`, `projects`.`id` as `project_id`, `user`.`username` as `assign_by`, `projects`.`name` as `Project_name`, `task_assign`.`task_status`, `task_assign`.`task_description`, `task_assign`.`created_at` as `assign_on`
FROM `task_assign`
JOIN `user` ON `task_assign`.`login_id` = `user`.`id`
LEFT JOIN `projects` ON `task_assign`.`project_id` = `projects`.`id` AND (`projects`.`id` > 0 OR `projects`.`id` IS NULL)
WHERE `task_assign`.`assign_to` = \'12\'
AND `task_assign`.`task_status` = \'Pending\'
ORDER BY `task_assign`.`id` DESC')
 4 SYSTEMPATH/Database/BaseBuilder.php(1585): CodeIgniter\Database\BaseConnection->query('SELECT `user`.`assign_to`, `task_assign`.`id` as `task_id`, `projects`.`id` as `project_id`, `user`.`username` as `assign_by`, `projects`.`name` as `Project_name`, `task_assign`.`task_status`, `task_assign`.`task_description`, `task_assign`.`created_at` as `assign_on`
FROM `task_assign`
JOIN `user` ON `task_assign`.`login_id` = `user`.`id`
LEFT JOIN `projects` ON `task_assign`.`project_id` = `projects`.`id` AND (`projects`.`id` > 0 OR `projects`.`id` IS NULL)
WHERE `task_assign`.`assign_to` = :task_assign.assign_to:
AND `task_assign`.`task_status` = :task_assign.task_status:
ORDER BY `task_assign`.`id` DESC', [...], false)
 5 APPPATH/Models/TaskModel.php(77): CodeIgniter\Database\BaseBuilder->get()
 6 APPPATH/Controllers/TaskController.php(646): App\Models\TaskModel->getTaskBySingleUser('12', 'Pending')
 7 SYSTEMPATH/CodeIgniter.php(925): App\Controllers\TaskController->getTaskListByUserId()
 8 SYSTEMPATH/CodeIgniter.php(480): CodeIgniter\CodeIgniter->runController(Object(App\Controllers\TaskController))
 9 SYSTEMPATH/CodeIgniter.php(349): CodeIgniter\CodeIgniter->handleRequest(null, Object(Config\Cache), false)
10 FCPATH/index.php(73): CodeIgniter\CodeIgniter->run()
CRITICAL - 2023-04-21 17:10:21 --> Undefined property: App\Controllers\HolidayListController::$user_model
in APPPATH/Controllers/HolidayListController.php on line 92.
 1 APPPATH/Controllers/HolidayListController.php(92): CodeIgniter\Debug\Exceptions->errorHandler(2, 'Undefined property: App\\Controllers\\HolidayListController::$user_model', 'APPPATH/Controllers/HolidayListController.php', 92)
 2 SYSTEMPATH/CodeIgniter.php(925): App\Controllers\HolidayListController->addHolidayList()
 3 SYSTEMPATH/CodeIgniter.php(480): CodeIgniter\CodeIgniter->runController(Object(App\Controllers\HolidayListController))
 4 SYSTEMPATH/CodeIgniter.php(349): CodeIgniter\CodeIgniter->handleRequest(null, Object(Config\Cache), false)
 5 FCPATH/index.php(73): CodeIgniter\CodeIgniter->run()
CRITICAL - 2023-04-21 17:12:11 --> Undefined property: App\Controllers\HolidayListController::$user_model
in APPPATH/Controllers/HolidayListController.php on line 92.
 1 APPPATH/Controllers/HolidayListController.php(92): CodeIgniter\Debug\Exceptions->errorHandler(2, 'Undefined property: App\\Controllers\\HolidayListController::$user_model', 'APPPATH/Controllers/HolidayListController.php', 92)
 2 SYSTEMPATH/CodeIgniter.php(925): App\Controllers\HolidayListController->addHolidayList()
 3 SYSTEMPATH/CodeIgniter.php(480): CodeIgniter\CodeIgniter->runController(Object(App\Controllers\HolidayListController))
 4 SYSTEMPATH/CodeIgniter.php(349): CodeIgniter\CodeIgniter->handleRequest(null, Object(Config\Cache), false)
 5 FCPATH/index.php(73): CodeIgniter\CodeIgniter->run()
CRITICAL - 2023-04-21 17:39:25 --> Undefined property: App\Controllers\HolidayListController::$user_model
in APPPATH/Controllers/HolidayListController.php on line 92.
 1 APPPATH/Controllers/HolidayListController.php(92): CodeIgniter\Debug\Exceptions->errorHandler(2, 'Undefined property: App\\Controllers\\HolidayListController::$user_model', 'APPPATH/Controllers/HolidayListController.php', 92)
 2 SYSTEMPATH/CodeIgniter.php(925): App\Controllers\HolidayListController->addHolidayList()
 3 SYSTEMPATH/CodeIgniter.php(480): CodeIgniter\CodeIgniter->runController(Object(App\Controllers\HolidayListController))
 4 SYSTEMPATH/CodeIgniter.php(349): CodeIgniter\CodeIgniter->handleRequest(null, Object(Config\Cache), false)
 5 FCPATH/index.php(73): CodeIgniter\CodeIgniter->run()
CRITICAL - 2023-04-21 17:39:39 --> Undefined property: App\Controllers\HolidayListController::$user_model
in APPPATH/Controllers/HolidayListController.php on line 92.
 1 APPPATH/Controllers/HolidayListController.php(92): CodeIgniter\Debug\Exceptions->errorHandler(2, 'Undefined property: App\\Controllers\\HolidayListController::$user_model', 'APPPATH/Controllers/HolidayListController.php', 92)
 2 SYSTEMPATH/CodeIgniter.php(925): App\Controllers\HolidayListController->addHolidayList()
 3 SYSTEMPATH/CodeIgniter.php(480): CodeIgniter\CodeIgniter->runController(Object(App\Controllers\HolidayListController))
 4 SYSTEMPATH/CodeIgniter.php(349): CodeIgniter\CodeIgniter->handleRequest(null, Object(Config\Cache), false)
 5 FCPATH/index.php(73): CodeIgniter\CodeIgniter->run()
ERROR - 2023-04-21 18:50:06 --> mysqli_sql_exception: Unknown column 'holiay_name' in 'where clause' in /home3/neelneel/public_html/ems/v2/system/Database/MySQLi/Connection.php:292
Stack trace:
#0 /home3/neelneel/public_html/ems/v2/system/Database/MySQLi/Connection.php(292): mysqli->query('SELECT 1\nFROM `...', 0)
#1 /home3/neelneel/public_html/ems/v2/system/Database/BaseConnection.php(666): CodeIgniter\Database\MySQLi\Connection->execute('SELECT 1\nFROM `...')
#2 /home3/neelneel/public_html/ems/v2/system/Database/BaseConnection.php(593): CodeIgniter\Database\BaseConnection->simpleQuery('SELECT 1\nFROM `...')
#3 /home3/neelneel/public_html/ems/v2/system/Database/BaseBuilder.php(1585): CodeIgniter\Database\BaseConnection->query('SELECT 1\nFROM `...', Array, false)
#4 /home3/neelneel/public_html/ems/v2/system/Validation/Rules.php(142): CodeIgniter\Database\BaseBuilder->get()
#5 /home3/neelneel/public_html/ems/v2/system/Validation/Validation.php(315): CodeIgniter\Validation\Rules->is_unique('Day Off', 'holiay_name', Array, NULL, 'holiday_name')
#6 /home3/neelneel/public_html/ems/v2/system/Validation/Validation.php(175): CodeIgniter\Validation\Validation->processRules('holiday_name', 'holiday_name', 'Day Off', Array, Array)
#7 /home3/neelneel/public_html/ems/v2/system/Controller.php(140): CodeIgniter\Validation\Validation->run()
#8 /home3/neelneel/public_html/ems/v2/app/Controllers/HolidayListController.php(83): CodeIgniter\Controller->validate(Array, Array)
#9 /home3/neelneel/public_html/ems/v2/system/CodeIgniter.php(925): App\Controllers\HolidayListController->addHolidayList()
#10 /home3/neelneel/public_html/ems/v2/system/CodeIgniter.php(480): CodeIgniter\CodeIgniter->runController(Object(App\Controllers\HolidayListController))
#11 /home3/neelneel/public_html/ems/v2/system/CodeIgniter.php(349): CodeIgniter\CodeIgniter->handleRequest(NULL, Object(Config\Cache), false)
#12 /home3/neelneel/public_html/ems/v2/index.php(73): CodeIgniter\CodeIgniter->run()
#13 {main}
CRITICAL - 2023-04-21 18:50:06 --> Unknown column 'holiay_name' in 'where clause'
in SYSTEMPATH/Database/MySQLi/Connection.php on line 292.
 1 SYSTEMPATH/Database/MySQLi/Connection.php(292): mysqli->query('SELECT 1
FROM `holidaylist`
WHERE `holiay_name` = \'Day Off\'
 LIMIT 1', 0)
 2 SYSTEMPATH/Database/BaseConnection.php(666): CodeIgniter\Database\MySQLi\Connection->execute('SELECT 1
FROM `holidaylist`
WHERE `holiay_name` = \'Day Off\'
 LIMIT 1')
 3 SYSTEMPATH/Database/BaseConnection.php(593): CodeIgniter\Database\BaseConnection->simpleQuery('SELECT 1
FROM `holidaylist`
WHERE `holiay_name` = \'Day Off\'
 LIMIT 1')
 4 SYSTEMPATH/Database/BaseBuilder.php(1585): CodeIgniter\Database\BaseConnection->query('SELECT 1
FROM `holidaylist`
WHERE `holiay_name` = :holiay_name:
 LIMIT 1', [...], false)
 5 SYSTEMPATH/Validation/Rules.php(142): CodeIgniter\Database\BaseBuilder->get()
 6 SYSTEMPATH/Validation/Validation.php(315): CodeIgniter\Validation\Rules->is_unique('Day Off', 'holiay_name', [...], null, 'holiday_name')
 7 SYSTEMPATH/Validation/Validation.php(175): CodeIgniter\Validation\Validation->processRules('holiday_name', 'holiday_name', 'Day Off', [...], [...])
 8 SYSTEMPATH/Controller.php(140): CodeIgniter\Validation\Validation->run()
 9 APPPATH/Controllers/HolidayListController.php(83): CodeIgniter\Controller->validate([...], [...])
10 SYSTEMPATH/CodeIgniter.php(925): App\Controllers\HolidayListController->addHolidayList()
11 SYSTEMPATH/CodeIgniter.php(480): CodeIgniter\CodeIgniter->runController(Object(App\Controllers\HolidayListController))
12 SYSTEMPATH/CodeIgniter.php(349): CodeIgniter\CodeIgniter->handleRequest(null, Object(Config\Cache), false)
13 FCPATH/index.php(73): CodeIgniter\CodeIgniter->run()
ERROR - 2023-04-21 18:50:54 --> mysqli_sql_exception: Unknown column 'holiay_name' in 'where clause' in /home3/neelneel/public_html/ems/v2/system/Database/MySQLi/Connection.php:292
Stack trace:
#0 /home3/neelneel/public_html/ems/v2/system/Database/MySQLi/Connection.php(292): mysqli->query('SELECT 1\nFROM `...', 0)
#1 /home3/neelneel/public_html/ems/v2/system/Database/BaseConnection.php(666): CodeIgniter\Database\MySQLi\Connection->execute('SELECT 1\nFROM `...')
#2 /home3/neelneel/public_html/ems/v2/system/Database/BaseConnection.php(593): CodeIgniter\Database\BaseConnection->simpleQuery('SELECT 1\nFROM `...')
#3 /home3/neelneel/public_html/ems/v2/system/Database/BaseBuilder.php(1585): CodeIgniter\Database\BaseConnection->query('SELECT 1\nFROM `...', Array, false)
#4 /home3/neelneel/public_html/ems/v2/system/Validation/Rules.php(142): CodeIgniter\Database\BaseBuilder->get()
#5 /home3/neelneel/public_html/ems/v2/system/Validation/Validation.php(315): CodeIgniter\Validation\Rules->is_unique('Day Off', 'holiay_name', Array, NULL, 'holiday_name')
#6 /home3/neelneel/public_html/ems/v2/system/Validation/Validation.php(175): CodeIgniter\Validation\Validation->processRules('holiday_name', 'holiday_name', 'Day Off', Array, Array)
#7 /home3/neelneel/public_html/ems/v2/system/Controller.php(140): CodeIgniter\Validation\Validation->run()
#8 /home3/neelneel/public_html/ems/v2/app/Controllers/HolidayListController.php(83): CodeIgniter\Controller->validate(Array, Array)
#9 /home3/neelneel/public_html/ems/v2/system/CodeIgniter.php(925): App\Controllers\HolidayListController->addHolidayList()
#10 /home3/neelneel/public_html/ems/v2/system/CodeIgniter.php(480): CodeIgniter\CodeIgniter->runController(Object(App\Controllers\HolidayListController))
#11 /home3/neelneel/public_html/ems/v2/system/CodeIgniter.php(349): CodeIgniter\CodeIgniter->handleRequest(NULL, Object(Config\Cache), false)
#12 /home3/neelneel/public_html/ems/v2/index.php(73): CodeIgniter\CodeIgniter->run()
#13 {main}
CRITICAL - 2023-04-21 18:50:54 --> Unknown column 'holiay_name' in 'where clause'
in SYSTEMPATH/Database/MySQLi/Connection.php on line 292.
 1 SYSTEMPATH/Database/MySQLi/Connection.php(292): mysqli->query('SELECT 1
FROM `holidaylist`
WHERE `holiay_name` = \'Day Off\'
 LIMIT 1', 0)
 2 SYSTEMPATH/Database/BaseConnection.php(666): CodeIgniter\Database\MySQLi\Connection->execute('SELECT 1
FROM `holidaylist`
WHERE `holiay_name` = \'Day Off\'
 LIMIT 1')
 3 SYSTEMPATH/Database/BaseConnection.php(593): CodeIgniter\Database\BaseConnection->simpleQuery('SELECT 1
FROM `holidaylist`
WHERE `holiay_name` = \'Day Off\'
 LIMIT 1')
 4 SYSTEMPATH/Database/BaseBuilder.php(1585): CodeIgniter\Database\BaseConnection->query('SELECT 1
FROM `holidaylist`
WHERE `holiay_name` = :holiay_name:
 LIMIT 1', [...], false)
 5 SYSTEMPATH/Validation/Rules.php(142): CodeIgniter\Database\BaseBuilder->get()
 6 SYSTEMPATH/Validation/Validation.php(315): CodeIgniter\Validation\Rules->is_unique('Day Off', 'holiay_name', [...], null, 'holiday_name')
 7 SYSTEMPATH/Validation/Validation.php(175): CodeIgniter\Validation\Validation->processRules('holiday_name', 'holiday_name', 'Day Off', [...], [...])
 8 SYSTEMPATH/Controller.php(140): CodeIgniter\Validation\Validation->run()
 9 APPPATH/Controllers/HolidayListController.php(83): CodeIgniter\Controller->validate([...], [...])
10 SYSTEMPATH/CodeIgniter.php(925): App\Controllers\HolidayListController->addHolidayList()
11 SYSTEMPATH/CodeIgniter.php(480): CodeIgniter\CodeIgniter->runController(Object(App\Controllers\HolidayListController))
12 SYSTEMPATH/CodeIgniter.php(349): CodeIgniter\CodeIgniter->handleRequest(null, Object(Config\Cache), false)
13 FCPATH/index.php(73): CodeIgniter\CodeIgniter->run()
ERROR - 2023-04-21 18:53:48 --> mysqli_sql_exception: Unknown column 'holiay_name' in 'where clause' in /home3/neelneel/public_html/ems/v2/system/Database/MySQLi/Connection.php:292
Stack trace:
#0 /home3/neelneel/public_html/ems/v2/system/Database/MySQLi/Connection.php(292): mysqli->query('SELECT 1\nFROM `...', 0)
#1 /home3/neelneel/public_html/ems/v2/system/Database/BaseConnection.php(666): CodeIgniter\Database\MySQLi\Connection->execute('SELECT 1\nFROM `...')
#2 /home3/neelneel/public_html/ems/v2/system/Database/BaseConnection.php(593): CodeIgniter\Database\BaseConnection->simpleQuery('SELECT 1\nFROM `...')
#3 /home3/neelneel/public_html/ems/v2/system/Database/BaseBuilder.php(1585): CodeIgniter\Database\BaseConnection->query('SELECT 1\nFROM `...', Array, false)
#4 /home3/neelneel/public_html/ems/v2/system/Validation/Rules.php(142): CodeIgniter\Database\BaseBuilder->get()
#5 /home3/neelneel/public_html/ems/v2/system/Validation/Validation.php(315): CodeIgniter\Validation\Rules->is_unique('Day Off', 'holiay_name', Array, NULL, 'holiday_name')
#6 /home3/neelneel/public_html/ems/v2/system/Validation/Validation.php(175): CodeIgniter\Validation\Validation->processRules('holiday_name', 'holiday_name', 'Day Off', Array, Array)
#7 /home3/neelneel/public_html/ems/v2/system/Controller.php(140): CodeIgniter\Validation\Validation->run()
#8 /home3/neelneel/public_html/ems/v2/app/Controllers/HolidayListController.php(83): CodeIgniter\Controller->validate(Array, Array)
#9 /home3/neelneel/public_html/ems/v2/system/CodeIgniter.php(925): App\Controllers\HolidayListController->addHolidayList()
#10 /home3/neelneel/public_html/ems/v2/system/CodeIgniter.php(480): CodeIgniter\CodeIgniter->runController(Object(App\Controllers\HolidayListController))
#11 /home3/neelneel/public_html/ems/v2/system/CodeIgniter.php(349): CodeIgniter\CodeIgniter->handleRequest(NULL, Object(Config\Cache), false)
#12 /home3/neelneel/public_html/ems/v2/index.php(73): CodeIgniter\CodeIgniter->run()
#13 {main}
CRITICAL - 2023-04-21 18:53:48 --> Unknown column 'holiay_name' in 'where clause'
in SYSTEMPATH/Database/MySQLi/Connection.php on line 292.
 1 SYSTEMPATH/Database/MySQLi/Connection.php(292): mysqli->query('SELECT 1
FROM `holidaylist`
WHERE `holiay_name` = \'Day Off\'
 LIMIT 1', 0)
 2 SYSTEMPATH/Database/BaseConnection.php(666): CodeIgniter\Database\MySQLi\Connection->execute('SELECT 1
FROM `holidaylist`
WHERE `holiay_name` = \'Day Off\'
 LIMIT 1')
 3 SYSTEMPATH/Database/BaseConnection.php(593): CodeIgniter\Database\BaseConnection->simpleQuery('SELECT 1
FROM `holidaylist`
WHERE `holiay_name` = \'Day Off\'
 LIMIT 1')
 4 SYSTEMPATH/Database/BaseBuilder.php(1585): CodeIgniter\Database\BaseConnection->query('SELECT 1
FROM `holidaylist`
WHERE `holiay_name` = :holiay_name:
 LIMIT 1', [...], false)
 5 SYSTEMPATH/Validation/Rules.php(142): CodeIgniter\Database\BaseBuilder->get()
 6 SYSTEMPATH/Validation/Validation.php(315): CodeIgniter\Validation\Rules->is_unique('Day Off', 'holiay_name', [...], null, 'holiday_name')
 7 SYSTEMPATH/Validation/Validation.php(175): CodeIgniter\Validation\Validation->processRules('holiday_name', 'holiday_name', 'Day Off', [...], [...])
 8 SYSTEMPATH/Controller.php(140): CodeIgniter\Validation\Validation->run()
 9 APPPATH/Controllers/HolidayListController.php(83): CodeIgniter\Controller->validate([...], [...])
10 SYSTEMPATH/CodeIgniter.php(925): App\Controllers\HolidayListController->addHolidayList()
11 SYSTEMPATH/CodeIgniter.php(480): CodeIgniter\CodeIgniter->runController(Object(App\Controllers\HolidayListController))
12 SYSTEMPATH/CodeIgniter.php(349): CodeIgniter\CodeIgniter->handleRequest(null, Object(Config\Cache), false)
13 FCPATH/index.php(73): CodeIgniter\CodeIgniter->run()
ERROR - 2023-04-21 18:55:56 --> mysqli_sql_exception: Unknown column 'holiay_name' in 'where clause' in /home3/neelneel/public_html/ems/v2/system/Database/MySQLi/Connection.php:292
Stack trace:
#0 /home3/neelneel/public_html/ems/v2/system/Database/MySQLi/Connection.php(292): mysqli->query('SELECT 1\nFROM `...', 0)
#1 /home3/neelneel/public_html/ems/v2/system/Database/BaseConnection.php(666): CodeIgniter\Database\MySQLi\Connection->execute('SELECT 1\nFROM `...')
#2 /home3/neelneel/public_html/ems/v2/system/Database/BaseConnection.php(593): CodeIgniter\Database\BaseConnection->simpleQuery('SELECT 1\nFROM `...')
#3 /home3/neelneel/public_html/ems/v2/system/Database/BaseBuilder.php(1585): CodeIgniter\Database\BaseConnection->query('SELECT 1\nFROM `...', Array, false)
#4 /home3/neelneel/public_html/ems/v2/system/Validation/Rules.php(142): CodeIgniter\Database\BaseBuilder->get()
#5 /home3/neelneel/public_html/ems/v2/system/Validation/Validation.php(315): CodeIgniter\Validation\Rules->is_unique('Day Off', 'holiay_name', Array, NULL, 'holiday_name')
#6 /home3/neelneel/public_html/ems/v2/system/Validation/Validation.php(175): CodeIgniter\Validation\Validation->processRules('holiday_name', 'holiday_name', 'Day Off', Array, Array)
#7 /home3/neelneel/public_html/ems/v2/system/Controller.php(140): CodeIgniter\Validation\Validation->run()
#8 /home3/neelneel/public_html/ems/v2/app/Controllers/HolidayListController.php(83): CodeIgniter\Controller->validate(Array, Array)
#9 /home3/neelneel/public_html/ems/v2/system/CodeIgniter.php(925): App\Controllers\HolidayListController->addHolidayList()
#10 /home3/neelneel/public_html/ems/v2/system/CodeIgniter.php(480): CodeIgniter\CodeIgniter->runController(Object(App\Controllers\HolidayListController))
#11 /home3/neelneel/public_html/ems/v2/system/CodeIgniter.php(349): CodeIgniter\CodeIgniter->handleRequest(NULL, Object(Config\Cache), false)
#12 /home3/neelneel/public_html/ems/v2/index.php(73): CodeIgniter\CodeIgniter->run()
#13 {main}
CRITICAL - 2023-04-21 18:55:56 --> Unknown column 'holiay_name' in 'where clause'
in SYSTEMPATH/Database/MySQLi/Connection.php on line 292.
 1 SYSTEMPATH/Database/MySQLi/Connection.php(292): mysqli->query('SELECT 1
FROM `holidaylist`
WHERE `holiay_name` = \'Day Off\'
 LIMIT 1', 0)
 2 SYSTEMPATH/Database/BaseConnection.php(666): CodeIgniter\Database\MySQLi\Connection->execute('SELECT 1
FROM `holidaylist`
WHERE `holiay_name` = \'Day Off\'
 LIMIT 1')
 3 SYSTEMPATH/Database/BaseConnection.php(593): CodeIgniter\Database\BaseConnection->simpleQuery('SELECT 1
FROM `holidaylist`
WHERE `holiay_name` = \'Day Off\'
 LIMIT 1')
 4 SYSTEMPATH/Database/BaseBuilder.php(1585): CodeIgniter\Database\BaseConnection->query('SELECT 1
FROM `holidaylist`
WHERE `holiay_name` = :holiay_name:
 LIMIT 1', [...], false)
 5 SYSTEMPATH/Validation/Rules.php(142): CodeIgniter\Database\BaseBuilder->get()
 6 SYSTEMPATH/Validation/Validation.php(315): CodeIgniter\Validation\Rules->is_unique('Day Off', 'holiay_name', [...], null, 'holiday_name')
 7 SYSTEMPATH/Validation/Validation.php(175): CodeIgniter\Validation\Validation->processRules('holiday_name', 'holiday_name', 'Day Off', [...], [...])
 8 SYSTEMPATH/Controller.php(140): CodeIgniter\Validation\Validation->run()
 9 APPPATH/Controllers/HolidayListController.php(83): CodeIgniter\Controller->validate([...], [...])
10 SYSTEMPATH/CodeIgniter.php(925): App\Controllers\HolidayListController->addHolidayList()
11 SYSTEMPATH/CodeIgniter.php(480): CodeIgniter\CodeIgniter->runController(Object(App\Controllers\HolidayListController))
12 SYSTEMPATH/CodeIgniter.php(349): CodeIgniter\CodeIgniter->handleRequest(null, Object(Config\Cache), false)
13 FCPATH/index.php(73): CodeIgniter\CodeIgniter->run()
