CRITICAL - 2023-05-09 10:32:10 --> Expired token
in FCPATH/vendor/firebase/php-jwt/src/JWT.php on line 162.
 1 APPPATH/Filters/Auth.php(61): Firebase\JWT\JWT::decode('eyJ0eXAiOiJKV1QiLCJhbGciOiJIUzI1NiJ9.eyJpc3MiOiJOZWVsIG5ldHdvcmtzIiwiYXVkIjoiY3VzdG9tZXIiLCJpYXQiOjE2ODM1MzYyMjYsImV4cCI6MTY4MzU2NTAyNiwiZW1haWwiOiJwaXBzYXlhbHR1QGd1ZnVtLmNvbSIsInJlZmVyIjoiaHR0cDovL2xvY2FsaG9zdDozMDAwLyJ9.JOJNT_cDlxbkzUV33NrQaapG5RRh-Y-sdjfROfJ-CH4', Object(Firebase\JWT\Key))
 2 SYSTEMPATH/Filters/Filters.php(173): App\Filters\Auth->before(Object(CodeIgniter\HTTP\IncomingRequest), null)
 3 SYSTEMPATH/CodeIgniter.php(453): CodeIgniter\Filters\Filters->run('user/all-notifications/17', 'before')
 4 SYSTEMPATH/CodeIgniter.php(349): CodeIgniter\CodeIgniter->handleRequest(null, Object(Config\Cache), false)
 5 FCPATH/index.php(73): CodeIgniter\CodeIgniter->run()
CRITICAL - 2023-05-09 10:32:10 --> Expired token
in FCPATH/vendor/firebase/php-jwt/src/JWT.php on line 162.
 1 APPPATH/Filters/Auth.php(61): Firebase\JWT\JWT::decode('eyJ0eXAiOiJKV1QiLCJhbGciOiJIUzI1NiJ9.eyJpc3MiOiJOZWVsIG5ldHdvcmtzIiwiYXVkIjoiY3VzdG9tZXIiLCJpYXQiOjE2ODM1MzYyMjYsImV4cCI6MTY4MzU2NTAyNiwiZW1haWwiOiJwaXBzYXlhbHR1QGd1ZnVtLmNvbSIsInJlZmVyIjoiaHR0cDovL2xvY2FsaG9zdDozMDAwLyJ9.JOJNT_cDlxbkzUV33NrQaapG5RRh-Y-sdjfROfJ-CH4', Object(Firebase\JWT\Key))
 2 SYSTEMPATH/Filters/Filters.php(173): App\Filters\Auth->before(Object(CodeIgniter\HTTP\IncomingRequest), null)
 3 SYSTEMPATH/CodeIgniter.php(453): CodeIgniter\Filters\Filters->run('project', 'before')
 4 SYSTEMPATH/CodeIgniter.php(349): CodeIgniter\CodeIgniter->handleRequest(null, Object(Config\Cache), false)
 5 FCPATH/index.php(73): CodeIgniter\CodeIgniter->run()
CRITICAL - 2023-05-09 10:32:10 --> Expired token
in FCPATH/vendor/firebase/php-jwt/src/JWT.php on line 162.
 1 APPPATH/Filters/Auth.php(61): Firebase\JWT\JWT::decode('eyJ0eXAiOiJKV1QiLCJhbGciOiJIUzI1NiJ9.eyJpc3MiOiJOZWVsIG5ldHdvcmtzIiwiYXVkIjoiY3VzdG9tZXIiLCJpYXQiOjE2ODM1MzYyMjYsImV4cCI6MTY4MzU2NTAyNiwiZW1haWwiOiJwaXBzYXlhbHR1QGd1ZnVtLmNvbSIsInJlZmVyIjoiaHR0cDovL2xvY2FsaG9zdDozMDAwLyJ9.JOJNT_cDlxbkzUV33NrQaapG5RRh-Y-sdjfROfJ-CH4', Object(Firebase\JWT\Key))
 2 SYSTEMPATH/Filters/Filters.php(173): App\Filters\Auth->before(Object(CodeIgniter\HTTP\IncomingRequest), null)
 3 SYSTEMPATH/CodeIgniter.php(453): CodeIgniter\Filters\Filters->run('user/17', 'before')
 4 SYSTEMPATH/CodeIgniter.php(349): CodeIgniter\CodeIgniter->handleRequest(null, Object(Config\Cache), false)
 5 FCPATH/index.php(73): CodeIgniter\CodeIgniter->run()
CRITICAL - 2023-05-09 10:32:10 --> Expired token
in FCPATH/vendor/firebase/php-jwt/src/JWT.php on line 162.
 1 APPPATH/Filters/Auth.php(61): Firebase\JWT\JWT::decode('eyJ0eXAiOiJKV1QiLCJhbGciOiJIUzI1NiJ9.eyJpc3MiOiJOZWVsIG5ldHdvcmtzIiwiYXVkIjoiY3VzdG9tZXIiLCJpYXQiOjE2ODM1MzYyMjYsImV4cCI6MTY4MzU2NTAyNiwiZW1haWwiOiJwaXBzYXlhbHR1QGd1ZnVtLmNvbSIsInJlZmVyIjoiaHR0cDovL2xvY2FsaG9zdDozMDAwLyJ9.JOJNT_cDlxbkzUV33NrQaapG5RRh-Y-sdjfROfJ-CH4', Object(Firebase\JWT\Key))
 2 SYSTEMPATH/Filters/Filters.php(173): App\Filters\Auth->before(Object(CodeIgniter\HTTP\IncomingRequest), null)
 3 SYSTEMPATH/CodeIgniter.php(453): CodeIgniter\Filters\Filters->run('project', 'before')
 4 SYSTEMPATH/CodeIgniter.php(349): CodeIgniter\CodeIgniter->handleRequest(null, Object(Config\Cache), false)
 5 FCPATH/index.php(73): CodeIgniter\CodeIgniter->run()
CRITICAL - 2023-05-09 10:32:10 --> Expired token
in FCPATH/vendor/firebase/php-jwt/src/JWT.php on line 162.
 1 APPPATH/Filters/Auth.php(61): Firebase\JWT\JWT::decode('eyJ0eXAiOiJKV1QiLCJhbGciOiJIUzI1NiJ9.eyJpc3MiOiJOZWVsIG5ldHdvcmtzIiwiYXVkIjoiY3VzdG9tZXIiLCJpYXQiOjE2ODM1MzYyMjYsImV4cCI6MTY4MzU2NTAyNiwiZW1haWwiOiJwaXBzYXlhbHR1QGd1ZnVtLmNvbSIsInJlZmVyIjoiaHR0cDovL2xvY2FsaG9zdDozMDAwLyJ9.JOJNT_cDlxbkzUV33NrQaapG5RRh-Y-sdjfROfJ-CH4', Object(Firebase\JWT\Key))
 2 SYSTEMPATH/Filters/Filters.php(173): App\Filters\Auth->before(Object(CodeIgniter\HTTP\IncomingRequest), null)
 3 SYSTEMPATH/CodeIgniter.php(453): CodeIgniter\Filters\Filters->run('user/all-notifications/17', 'before')
 4 SYSTEMPATH/CodeIgniter.php(349): CodeIgniter\CodeIgniter->handleRequest(null, Object(Config\Cache), false)
 5 FCPATH/index.php(73): CodeIgniter\CodeIgniter->run()
CRITICAL - 2023-05-09 10:32:10 --> Expired token
in FCPATH/vendor/firebase/php-jwt/src/JWT.php on line 162.
 1 APPPATH/Filters/Auth.php(61): Firebase\JWT\JWT::decode('eyJ0eXAiOiJKV1QiLCJhbGciOiJIUzI1NiJ9.eyJpc3MiOiJOZWVsIG5ldHdvcmtzIiwiYXVkIjoiY3VzdG9tZXIiLCJpYXQiOjE2ODM1MzYyMjYsImV4cCI6MTY4MzU2NTAyNiwiZW1haWwiOiJwaXBzYXlhbHR1QGd1ZnVtLmNvbSIsInJlZmVyIjoiaHR0cDovL2xvY2FsaG9zdDozMDAwLyJ9.JOJNT_cDlxbkzUV33NrQaapG5RRh-Y-sdjfROfJ-CH4', Object(Firebase\JWT\Key))
 2 SYSTEMPATH/Filters/Filters.php(173): App\Filters\Auth->before(Object(CodeIgniter\HTTP\IncomingRequest), null)
 3 SYSTEMPATH/CodeIgniter.php(453): CodeIgniter\Filters\Filters->run('user/17', 'before')
 4 SYSTEMPATH/CodeIgniter.php(349): CodeIgniter\CodeIgniter->handleRequest(null, Object(Config\Cache), false)
 5 FCPATH/index.php(73): CodeIgniter\CodeIgniter->run()
CRITICAL - 2023-05-09 11:56:00 --> Expired token
in FCPATH/vendor/firebase/php-jwt/src/JWT.php on line 162.
 1 APPPATH/Filters/Auth.php(61): Firebase\JWT\JWT::decode('eyJ0eXAiOiJKV1QiLCJhbGciOiJIUzI1NiJ9.eyJpc3MiOiJOZWVsIG5ldHdvcmtzIiwiYXVkIjoiY3VzdG9tZXIiLCJpYXQiOjE2ODM1MzY1NDYsImV4cCI6MTY4MzU2NTM0NiwiZW1haWwiOiJkZXZlbkBuZWVsbmV0d29ya3MuY29tIiwicmVmZXIiOiJodHRwOi8vbG9jYWxob3N0OjMwMDAvIn0.q0ReBr5DNry3b1UAfgfQCqyMWZAzq-L_A1oc8Pbv9Os', Object(Firebase\JWT\Key))
 2 SYSTEMPATH/Filters/Filters.php(173): App\Filters\Auth->before(Object(CodeIgniter\HTTP\IncomingRequest), null)
 3 SYSTEMPATH/CodeIgniter.php(453): CodeIgniter\Filters\Filters->run('project', 'before')
 4 SYSTEMPATH/CodeIgniter.php(349): CodeIgniter\CodeIgniter->handleRequest(null, Object(Config\Cache), false)
 5 FCPATH/index.php(73): CodeIgniter\CodeIgniter->run()
CRITICAL - 2023-05-09 11:56:00 --> Expired token
in FCPATH/vendor/firebase/php-jwt/src/JWT.php on line 162.
 1 APPPATH/Filters/Auth.php(61): Firebase\JWT\JWT::decode('eyJ0eXAiOiJKV1QiLCJhbGciOiJIUzI1NiJ9.eyJpc3MiOiJOZWVsIG5ldHdvcmtzIiwiYXVkIjoiY3VzdG9tZXIiLCJpYXQiOjE2ODM1MzY1NDYsImV4cCI6MTY4MzU2NTM0NiwiZW1haWwiOiJkZXZlbkBuZWVsbmV0d29ya3MuY29tIiwicmVmZXIiOiJodHRwOi8vbG9jYWxob3N0OjMwMDAvIn0.q0ReBr5DNry3b1UAfgfQCqyMWZAzq-L_A1oc8Pbv9Os', Object(Firebase\JWT\Key))
 2 SYSTEMPATH/Filters/Filters.php(173): App\Filters\Auth->before(Object(CodeIgniter\HTTP\IncomingRequest), null)
 3 SYSTEMPATH/CodeIgniter.php(453): CodeIgniter\Filters\Filters->run('user/all-notifications/10', 'before')
 4 SYSTEMPATH/CodeIgniter.php(349): CodeIgniter\CodeIgniter->handleRequest(null, Object(Config\Cache), false)
 5 FCPATH/index.php(73): CodeIgniter\CodeIgniter->run()
CRITICAL - 2023-05-09 11:56:00 --> Expired token
in FCPATH/vendor/firebase/php-jwt/src/JWT.php on line 162.
 1 APPPATH/Filters/Auth.php(61): Firebase\JWT\JWT::decode('eyJ0eXAiOiJKV1QiLCJhbGciOiJIUzI1NiJ9.eyJpc3MiOiJOZWVsIG5ldHdvcmtzIiwiYXVkIjoiY3VzdG9tZXIiLCJpYXQiOjE2ODM1MzY1NDYsImV4cCI6MTY4MzU2NTM0NiwiZW1haWwiOiJkZXZlbkBuZWVsbmV0d29ya3MuY29tIiwicmVmZXIiOiJodHRwOi8vbG9jYWxob3N0OjMwMDAvIn0.q0ReBr5DNry3b1UAfgfQCqyMWZAzq-L_A1oc8Pbv9Os', Object(Firebase\JWT\Key))
 2 SYSTEMPATH/Filters/Filters.php(173): App\Filters\Auth->before(Object(CodeIgniter\HTTP\IncomingRequest), null)
 3 SYSTEMPATH/CodeIgniter.php(453): CodeIgniter\Filters\Filters->run('user/10', 'before')
 4 SYSTEMPATH/CodeIgniter.php(349): CodeIgniter\CodeIgniter->handleRequest(null, Object(Config\Cache), false)
 5 FCPATH/index.php(73): CodeIgniter\CodeIgniter->run()
CRITICAL - 2023-05-09 11:56:00 --> Expired token
in FCPATH/vendor/firebase/php-jwt/src/JWT.php on line 162.
 1 APPPATH/Filters/Auth.php(61): Firebase\JWT\JWT::decode('eyJ0eXAiOiJKV1QiLCJhbGciOiJIUzI1NiJ9.eyJpc3MiOiJOZWVsIG5ldHdvcmtzIiwiYXVkIjoiY3VzdG9tZXIiLCJpYXQiOjE2ODM1MzY1NDYsImV4cCI6MTY4MzU2NTM0NiwiZW1haWwiOiJkZXZlbkBuZWVsbmV0d29ya3MuY29tIiwicmVmZXIiOiJodHRwOi8vbG9jYWxob3N0OjMwMDAvIn0.q0ReBr5DNry3b1UAfgfQCqyMWZAzq-L_A1oc8Pbv9Os', Object(Firebase\JWT\Key))
 2 SYSTEMPATH/Filters/Filters.php(173): App\Filters\Auth->before(Object(CodeIgniter\HTTP\IncomingRequest), null)
 3 SYSTEMPATH/CodeIgniter.php(453): CodeIgniter\Filters\Filters->run('project', 'before')
 4 SYSTEMPATH/CodeIgniter.php(349): CodeIgniter\CodeIgniter->handleRequest(null, Object(Config\Cache), false)
 5 FCPATH/index.php(73): CodeIgniter\CodeIgniter->run()
CRITICAL - 2023-05-09 11:56:00 --> Expired token
in FCPATH/vendor/firebase/php-jwt/src/JWT.php on line 162.
 1 APPPATH/Filters/Auth.php(61): Firebase\JWT\JWT::decode('eyJ0eXAiOiJKV1QiLCJhbGciOiJIUzI1NiJ9.eyJpc3MiOiJOZWVsIG5ldHdvcmtzIiwiYXVkIjoiY3VzdG9tZXIiLCJpYXQiOjE2ODM1MzY1NDYsImV4cCI6MTY4MzU2NTM0NiwiZW1haWwiOiJkZXZlbkBuZWVsbmV0d29ya3MuY29tIiwicmVmZXIiOiJodHRwOi8vbG9jYWxob3N0OjMwMDAvIn0.q0ReBr5DNry3b1UAfgfQCqyMWZAzq-L_A1oc8Pbv9Os', Object(Firebase\JWT\Key))
 2 SYSTEMPATH/Filters/Filters.php(173): App\Filters\Auth->before(Object(CodeIgniter\HTTP\IncomingRequest), null)
 3 SYSTEMPATH/CodeIgniter.php(453): CodeIgniter\Filters\Filters->run('user/all-notifications/10', 'before')
 4 SYSTEMPATH/CodeIgniter.php(349): CodeIgniter\CodeIgniter->handleRequest(null, Object(Config\Cache), false)
 5 FCPATH/index.php(73): CodeIgniter\CodeIgniter->run()
CRITICAL - 2023-05-09 11:56:00 --> Expired token
in FCPATH/vendor/firebase/php-jwt/src/JWT.php on line 162.
 1 APPPATH/Filters/Auth.php(61): Firebase\JWT\JWT::decode('eyJ0eXAiOiJKV1QiLCJhbGciOiJIUzI1NiJ9.eyJpc3MiOiJOZWVsIG5ldHdvcmtzIiwiYXVkIjoiY3VzdG9tZXIiLCJpYXQiOjE2ODM1MzY1NDYsImV4cCI6MTY4MzU2NTM0NiwiZW1haWwiOiJkZXZlbkBuZWVsbmV0d29ya3MuY29tIiwicmVmZXIiOiJodHRwOi8vbG9jYWxob3N0OjMwMDAvIn0.q0ReBr5DNry3b1UAfgfQCqyMWZAzq-L_A1oc8Pbv9Os', Object(Firebase\JWT\Key))
 2 SYSTEMPATH/Filters/Filters.php(173): App\Filters\Auth->before(Object(CodeIgniter\HTTP\IncomingRequest), null)
 3 SYSTEMPATH/CodeIgniter.php(453): CodeIgniter\Filters\Filters->run('user/10', 'before')
 4 SYSTEMPATH/CodeIgniter.php(349): CodeIgniter\CodeIgniter->handleRequest(null, Object(Config\Cache), false)
 5 FCPATH/index.php(73): CodeIgniter\CodeIgniter->run()
CRITICAL - 2023-05-09 16:30:28 --> Cannot redeclare App\Models\TaskModel::getTaskBySingleUser()
in APPPATH/Models/TaskModel.php on line 79.
 1 [internal function]: CodeIgniter\Debug\Exceptions->shutdownHandler()
CRITICAL - 2023-05-09 16:30:28 --> Cannot redeclare App\Models\TaskModel::getTaskBySingleUser()
in APPPATH/Models/TaskModel.php on line 79.
 1 [internal function]: CodeIgniter\Debug\Exceptions->shutdownHandler()
CRITICAL - 2023-05-09 16:30:29 --> Cannot redeclare App\Models\TaskModel::getTaskBySingleUser()
in APPPATH/Models/TaskModel.php on line 79.
 1 [internal function]: CodeIgniter\Debug\Exceptions->shutdownHandler()
CRITICAL - 2023-05-09 16:30:29 --> Cannot redeclare App\Models\TaskModel::getTaskBySingleUser()
in APPPATH/Models/TaskModel.php on line 79.
 1 [internal function]: CodeIgniter\Debug\Exceptions->shutdownHandler()
CRITICAL - 2023-05-09 16:30:30 --> Cannot redeclare App\Models\TaskModel::getTaskBySingleUser()
in APPPATH/Models/TaskModel.php on line 79.
 1 [internal function]: CodeIgniter\Debug\Exceptions->shutdownHandler()
CRITICAL - 2023-05-09 16:30:30 --> Cannot redeclare App\Models\TaskModel::getTaskBySingleUser()
in APPPATH/Models/TaskModel.php on line 79.
 1 [internal function]: CodeIgniter\Debug\Exceptions->shutdownHandler()
CRITICAL - 2023-05-09 16:30:45 --> Cannot redeclare App\Models\TaskModel::getTaskBySingleUser()
in APPPATH/Models/TaskModel.php on line 79.
 1 [internal function]: CodeIgniter\Debug\Exceptions->shutdownHandler()
CRITICAL - 2023-05-09 16:30:47 --> Cannot redeclare App\Models\TaskModel::getTaskBySingleUser()
in APPPATH/Models/TaskModel.php on line 79.
 1 [internal function]: CodeIgniter\Debug\Exceptions->shutdownHandler()
ERROR - 2023-05-09 16:31:21 --> mysqli_sql_exception: Unknown column 'task_assign.assign_by' in 'on clause' in /home3/neelneel/public_html/ems/v2/system/Database/MySQLi/Connection.php:292
Stack trace:
#0 /home3/neelneel/public_html/ems/v2/system/Database/MySQLi/Connection.php(292): mysqli->query('SELECT `task_as...', 0)
#1 /home3/neelneel/public_html/ems/v2/system/Database/BaseConnection.php(666): CodeIgniter\Database\MySQLi\Connection->execute('SELECT `task_as...')
#2 /home3/neelneel/public_html/ems/v2/system/Database/BaseConnection.php(593): CodeIgniter\Database\BaseConnection->simpleQuery('SELECT `task_as...')
#3 /home3/neelneel/public_html/ems/v2/system/Database/BaseBuilder.php(1585): CodeIgniter\Database\BaseConnection->query('SELECT `task_as...', Array, false)
#4 /home3/neelneel/public_html/ems/v2/app/Models/TaskModel.php(99): CodeIgniter\Database\BaseBuilder->get()
#5 /home3/neelneel/public_html/ems/v2/app/Controllers/TaskController.php(638): App\Models\TaskModel->getTaskBySingleUser('11', 'Pending')
#6 /home3/neelneel/public_html/ems/v2/system/CodeIgniter.php(925): App\Controllers\TaskController->getTaskListByUserId()
#7 /home3/neelneel/public_html/ems/v2/system/CodeIgniter.php(480): CodeIgniter\CodeIgniter->runController(Object(App\Controllers\TaskController))
#8 /home3/neelneel/public_html/ems/v2/system/CodeIgniter.php(349): CodeIgniter\CodeIgniter->handleRequest(NULL, Object(Config\Cache), false)
#9 /home3/neelneel/public_html/ems/v2/index.php(73): CodeIgniter\CodeIgniter->run()
#10 {main}
CRITICAL - 2023-05-09 16:31:21 --> Unknown column 'task_assign.assign_by' in 'on clause'
in SYSTEMPATH/Database/MySQLi/Connection.php on line 292.
 1 SYSTEMPATH/Database/MySQLi/Connection.php(292): mysqli->query('SELECT `task_assign`.`assign_to`, `task_assign`.`id` as `task_id`, `task_assign`.`task_name` as `task_name`, `projects`.`id` as `project_id`, `user_assign_to`.`username` as `assign_to`, `user_assign_by`.`username` as `assign_by`, IFNULL(projects.name, "N.A") as Project_name, `task_assign`.`task_status`, `task_assign`.`task_description`, `task_assign`.`created_at` as `assign_on`
FROM `task_assign`
JOIN `user` as `user_assign_to` ON `task_assign`.`assign_to` = `user_assign_to`.`id`
JOIN `user` as `user_assign_by` ON `task_assign`.`assign_by` = `user_assign_by`.`id`
LEFT JOIN `projects` ON `task_assign`.`project_id` = `projects`.`id`
WHERE `task_assign`.`assign_to` = \'11\'
AND `task_assign`.`task_status` = \'Pending\'
ORDER BY `task_assign`.`id` DESC', 0)
 2 SYSTEMPATH/Database/BaseConnection.php(666): CodeIgniter\Database\MySQLi\Connection->execute('SELECT `task_assign`.`assign_to`, `task_assign`.`id` as `task_id`, `task_assign`.`task_name` as `task_name`, `projects`.`id` as `project_id`, `user_assign_to`.`username` as `assign_to`, `user_assign_by`.`username` as `assign_by`, IFNULL(projects.name, "N.A") as Project_name, `task_assign`.`task_status`, `task_assign`.`task_description`, `task_assign`.`created_at` as `assign_on`
FROM `task_assign`
JOIN `user` as `user_assign_to` ON `task_assign`.`assign_to` = `user_assign_to`.`id`
JOIN `user` as `user_assign_by` ON `task_assign`.`assign_by` = `user_assign_by`.`id`
LEFT JOIN `projects` ON `task_assign`.`project_id` = `projects`.`id`
WHERE `task_assign`.`assign_to` = \'11\'
AND `task_assign`.`task_status` = \'Pending\'
ORDER BY `task_assign`.`id` DESC')
 3 SYSTEMPATH/Database/BaseConnection.php(593): CodeIgniter\Database\BaseConnection->simpleQuery('SELECT `task_assign`.`assign_to`, `task_assign`.`id` as `task_id`, `task_assign`.`task_name` as `task_name`, `projects`.`id` as `project_id`, `user_assign_to`.`username` as `assign_to`, `user_assign_by`.`username` as `assign_by`, IFNULL(projects.name, "N.A") as Project_name, `task_assign`.`task_status`, `task_assign`.`task_description`, `task_assign`.`created_at` as `assign_on`
FROM `task_assign`
JOIN `user` as `user_assign_to` ON `task_assign`.`assign_to` = `user_assign_to`.`id`
JOIN `user` as `user_assign_by` ON `task_assign`.`assign_by` = `user_assign_by`.`id`
LEFT JOIN `projects` ON `task_assign`.`project_id` = `projects`.`id`
WHERE `task_assign`.`assign_to` = \'11\'
AND `task_assign`.`task_status` = \'Pending\'
ORDER BY `task_assign`.`id` DESC')
 4 SYSTEMPATH/Database/BaseBuilder.php(1585): CodeIgniter\Database\BaseConnection->query('SELECT `task_assign`.`assign_to`, `task_assign`.`id` as `task_id`, `task_assign`.`task_name` as `task_name`, `projects`.`id` as `project_id`, `user_assign_to`.`username` as `assign_to`, `user_assign_by`.`username` as `assign_by`, IFNULL(projects.name, "N.A") as Project_name, `task_assign`.`task_status`, `task_assign`.`task_description`, `task_assign`.`created_at` as `assign_on`
FROM `task_assign`
JOIN `user` as `user_assign_to` ON `task_assign`.`assign_to` = `user_assign_to`.`id`
JOIN `user` as `user_assign_by` ON `task_assign`.`assign_by` = `user_assign_by`.`id`
LEFT JOIN `projects` ON `task_assign`.`project_id` = `projects`.`id`
WHERE `task_assign`.`assign_to` = :task_assign.assign_to:
AND `task_assign`.`task_status` = :task_assign.task_status:
ORDER BY `task_assign`.`id` DESC', [...], false)
 5 APPPATH/Models/TaskModel.php(99): CodeIgniter\Database\BaseBuilder->get()
 6 APPPATH/Controllers/TaskController.php(638): App\Models\TaskModel->getTaskBySingleUser('11', 'Pending')
 7 SYSTEMPATH/CodeIgniter.php(925): App\Controllers\TaskController->getTaskListByUserId()
 8 SYSTEMPATH/CodeIgniter.php(480): CodeIgniter\CodeIgniter->runController(Object(App\Controllers\TaskController))
 9 SYSTEMPATH/CodeIgniter.php(349): CodeIgniter\CodeIgniter->handleRequest(null, Object(Config\Cache), false)
10 FCPATH/index.php(73): CodeIgniter\CodeIgniter->run()
ERROR - 2023-05-09 16:31:21 --> mysqli_sql_exception: Unknown column 'task_assign.assign_by' in 'on clause' in /home3/neelneel/public_html/ems/v2/system/Database/MySQLi/Connection.php:292
Stack trace:
#0 /home3/neelneel/public_html/ems/v2/system/Database/MySQLi/Connection.php(292): mysqli->query('SELECT `task_as...', 0)
#1 /home3/neelneel/public_html/ems/v2/system/Database/BaseConnection.php(666): CodeIgniter\Database\MySQLi\Connection->execute('SELECT `task_as...')
#2 /home3/neelneel/public_html/ems/v2/system/Database/BaseConnection.php(593): CodeIgniter\Database\BaseConnection->simpleQuery('SELECT `task_as...')
#3 /home3/neelneel/public_html/ems/v2/system/Database/BaseBuilder.php(1585): CodeIgniter\Database\BaseConnection->query('SELECT `task_as...', Array, false)
#4 /home3/neelneel/public_html/ems/v2/app/Models/TaskModel.php(99): CodeIgniter\Database\BaseBuilder->get()
#5 /home3/neelneel/public_html/ems/v2/app/Controllers/TaskController.php(638): App\Models\TaskModel->getTaskBySingleUser('11', 'Pending')
#6 /home3/neelneel/public_html/ems/v2/system/CodeIgniter.php(925): App\Controllers\TaskController->getTaskListByUserId()
#7 /home3/neelneel/public_html/ems/v2/system/CodeIgniter.php(480): CodeIgniter\CodeIgniter->runController(Object(App\Controllers\TaskController))
#8 /home3/neelneel/public_html/ems/v2/system/CodeIgniter.php(349): CodeIgniter\CodeIgniter->handleRequest(NULL, Object(Config\Cache), false)
#9 /home3/neelneel/public_html/ems/v2/index.php(73): CodeIgniter\CodeIgniter->run()
#10 {main}
CRITICAL - 2023-05-09 16:31:21 --> Unknown column 'task_assign.assign_by' in 'on clause'
in SYSTEMPATH/Database/MySQLi/Connection.php on line 292.
 1 SYSTEMPATH/Database/MySQLi/Connection.php(292): mysqli->query('SELECT `task_assign`.`assign_to`, `task_assign`.`id` as `task_id`, `task_assign`.`task_name` as `task_name`, `projects`.`id` as `project_id`, `user_assign_to`.`username` as `assign_to`, `user_assign_by`.`username` as `assign_by`, IFNULL(projects.name, "N.A") as Project_name, `task_assign`.`task_status`, `task_assign`.`task_description`, `task_assign`.`created_at` as `assign_on`
FROM `task_assign`
JOIN `user` as `user_assign_to` ON `task_assign`.`assign_to` = `user_assign_to`.`id`
JOIN `user` as `user_assign_by` ON `task_assign`.`assign_by` = `user_assign_by`.`id`
LEFT JOIN `projects` ON `task_assign`.`project_id` = `projects`.`id`
WHERE `task_assign`.`assign_to` = \'11\'
AND `task_assign`.`task_status` = \'Pending\'
ORDER BY `task_assign`.`id` DESC', 0)
 2 SYSTEMPATH/Database/BaseConnection.php(666): CodeIgniter\Database\MySQLi\Connection->execute('SELECT `task_assign`.`assign_to`, `task_assign`.`id` as `task_id`, `task_assign`.`task_name` as `task_name`, `projects`.`id` as `project_id`, `user_assign_to`.`username` as `assign_to`, `user_assign_by`.`username` as `assign_by`, IFNULL(projects.name, "N.A") as Project_name, `task_assign`.`task_status`, `task_assign`.`task_description`, `task_assign`.`created_at` as `assign_on`
FROM `task_assign`
JOIN `user` as `user_assign_to` ON `task_assign`.`assign_to` = `user_assign_to`.`id`
JOIN `user` as `user_assign_by` ON `task_assign`.`assign_by` = `user_assign_by`.`id`
LEFT JOIN `projects` ON `task_assign`.`project_id` = `projects`.`id`
WHERE `task_assign`.`assign_to` = \'11\'
AND `task_assign`.`task_status` = \'Pending\'
ORDER BY `task_assign`.`id` DESC')
 3 SYSTEMPATH/Database/BaseConnection.php(593): CodeIgniter\Database\BaseConnection->simpleQuery('SELECT `task_assign`.`assign_to`, `task_assign`.`id` as `task_id`, `task_assign`.`task_name` as `task_name`, `projects`.`id` as `project_id`, `user_assign_to`.`username` as `assign_to`, `user_assign_by`.`username` as `assign_by`, IFNULL(projects.name, "N.A") as Project_name, `task_assign`.`task_status`, `task_assign`.`task_description`, `task_assign`.`created_at` as `assign_on`
FROM `task_assign`
JOIN `user` as `user_assign_to` ON `task_assign`.`assign_to` = `user_assign_to`.`id`
JOIN `user` as `user_assign_by` ON `task_assign`.`assign_by` = `user_assign_by`.`id`
LEFT JOIN `projects` ON `task_assign`.`project_id` = `projects`.`id`
WHERE `task_assign`.`assign_to` = \'11\'
AND `task_assign`.`task_status` = \'Pending\'
ORDER BY `task_assign`.`id` DESC')
 4 SYSTEMPATH/Database/BaseBuilder.php(1585): CodeIgniter\Database\BaseConnection->query('SELECT `task_assign`.`assign_to`, `task_assign`.`id` as `task_id`, `task_assign`.`task_name` as `task_name`, `projects`.`id` as `project_id`, `user_assign_to`.`username` as `assign_to`, `user_assign_by`.`username` as `assign_by`, IFNULL(projects.name, "N.A") as Project_name, `task_assign`.`task_status`, `task_assign`.`task_description`, `task_assign`.`created_at` as `assign_on`
FROM `task_assign`
JOIN `user` as `user_assign_to` ON `task_assign`.`assign_to` = `user_assign_to`.`id`
JOIN `user` as `user_assign_by` ON `task_assign`.`assign_by` = `user_assign_by`.`id`
LEFT JOIN `projects` ON `task_assign`.`project_id` = `projects`.`id`
WHERE `task_assign`.`assign_to` = :task_assign.assign_to:
AND `task_assign`.`task_status` = :task_assign.task_status:
ORDER BY `task_assign`.`id` DESC', [...], false)
 5 APPPATH/Models/TaskModel.php(99): CodeIgniter\Database\BaseBuilder->get()
 6 APPPATH/Controllers/TaskController.php(638): App\Models\TaskModel->getTaskBySingleUser('11', 'Pending')
 7 SYSTEMPATH/CodeIgniter.php(925): App\Controllers\TaskController->getTaskListByUserId()
 8 SYSTEMPATH/CodeIgniter.php(480): CodeIgniter\CodeIgniter->runController(Object(App\Controllers\TaskController))
 9 SYSTEMPATH/CodeIgniter.php(349): CodeIgniter\CodeIgniter->handleRequest(null, Object(Config\Cache), false)
10 FCPATH/index.php(73): CodeIgniter\CodeIgniter->run()
ERROR - 2023-05-09 16:31:39 --> mysqli_sql_exception: Unknown column 'task_assign.assign_by' in 'on clause' in /home3/neelneel/public_html/ems/v2/system/Database/MySQLi/Connection.php:292
Stack trace:
#0 /home3/neelneel/public_html/ems/v2/system/Database/MySQLi/Connection.php(292): mysqli->query('SELECT `task_as...', 0)
#1 /home3/neelneel/public_html/ems/v2/system/Database/BaseConnection.php(666): CodeIgniter\Database\MySQLi\Connection->execute('SELECT `task_as...')
#2 /home3/neelneel/public_html/ems/v2/system/Database/BaseConnection.php(593): CodeIgniter\Database\BaseConnection->simpleQuery('SELECT `task_as...')
#3 /home3/neelneel/public_html/ems/v2/system/Database/BaseBuilder.php(1585): CodeIgniter\Database\BaseConnection->query('SELECT `task_as...', Array, false)
#4 /home3/neelneel/public_html/ems/v2/app/Models/TaskModel.php(99): CodeIgniter\Database\BaseBuilder->get()
#5 /home3/neelneel/public_html/ems/v2/app/Controllers/TaskController.php(638): App\Models\TaskModel->getTaskBySingleUser('11', 'Pending')
#6 /home3/neelneel/public_html/ems/v2/system/CodeIgniter.php(925): App\Controllers\TaskController->getTaskListByUserId()
#7 /home3/neelneel/public_html/ems/v2/system/CodeIgniter.php(480): CodeIgniter\CodeIgniter->runController(Object(App\Controllers\TaskController))
#8 /home3/neelneel/public_html/ems/v2/system/CodeIgniter.php(349): CodeIgniter\CodeIgniter->handleRequest(NULL, Object(Config\Cache), false)
#9 /home3/neelneel/public_html/ems/v2/index.php(73): CodeIgniter\CodeIgniter->run()
#10 {main}
CRITICAL - 2023-05-09 16:31:39 --> Unknown column 'task_assign.assign_by' in 'on clause'
in SYSTEMPATH/Database/MySQLi/Connection.php on line 292.
 1 SYSTEMPATH/Database/MySQLi/Connection.php(292): mysqli->query('SELECT `task_assign`.`assign_to`, `task_assign`.`id` as `task_id`, `task_assign`.`task_name` as `task_name`, `projects`.`id` as `project_id`, `user_assign_to`.`username` as `assign_to`, `user_assign_by`.`username` as `assign_by`, IFNULL(projects.name, "N.A") as Project_name, `task_assign`.`task_status`, `task_assign`.`task_description`, `task_assign`.`created_at` as `assign_on`
FROM `task_assign`
JOIN `user` as `user_assign_to` ON `task_assign`.`assign_to` = `user_assign_to`.`id`
JOIN `user` as `user_assign_by` ON `task_assign`.`assign_by` = `user_assign_by`.`id`
LEFT JOIN `projects` ON `task_assign`.`project_id` = `projects`.`id`
WHERE `task_assign`.`assign_to` = \'11\'
AND `task_assign`.`task_status` = \'Pending\'
ORDER BY `task_assign`.`id` DESC', 0)
 2 SYSTEMPATH/Database/BaseConnection.php(666): CodeIgniter\Database\MySQLi\Connection->execute('SELECT `task_assign`.`assign_to`, `task_assign`.`id` as `task_id`, `task_assign`.`task_name` as `task_name`, `projects`.`id` as `project_id`, `user_assign_to`.`username` as `assign_to`, `user_assign_by`.`username` as `assign_by`, IFNULL(projects.name, "N.A") as Project_name, `task_assign`.`task_status`, `task_assign`.`task_description`, `task_assign`.`created_at` as `assign_on`
FROM `task_assign`
JOIN `user` as `user_assign_to` ON `task_assign`.`assign_to` = `user_assign_to`.`id`
JOIN `user` as `user_assign_by` ON `task_assign`.`assign_by` = `user_assign_by`.`id`
LEFT JOIN `projects` ON `task_assign`.`project_id` = `projects`.`id`
WHERE `task_assign`.`assign_to` = \'11\'
AND `task_assign`.`task_status` = \'Pending\'
ORDER BY `task_assign`.`id` DESC')
 3 SYSTEMPATH/Database/BaseConnection.php(593): CodeIgniter\Database\BaseConnection->simpleQuery('SELECT `task_assign`.`assign_to`, `task_assign`.`id` as `task_id`, `task_assign`.`task_name` as `task_name`, `projects`.`id` as `project_id`, `user_assign_to`.`username` as `assign_to`, `user_assign_by`.`username` as `assign_by`, IFNULL(projects.name, "N.A") as Project_name, `task_assign`.`task_status`, `task_assign`.`task_description`, `task_assign`.`created_at` as `assign_on`
FROM `task_assign`
JOIN `user` as `user_assign_to` ON `task_assign`.`assign_to` = `user_assign_to`.`id`
JOIN `user` as `user_assign_by` ON `task_assign`.`assign_by` = `user_assign_by`.`id`
LEFT JOIN `projects` ON `task_assign`.`project_id` = `projects`.`id`
WHERE `task_assign`.`assign_to` = \'11\'
AND `task_assign`.`task_status` = \'Pending\'
ORDER BY `task_assign`.`id` DESC')
 4 SYSTEMPATH/Database/BaseBuilder.php(1585): CodeIgniter\Database\BaseConnection->query('SELECT `task_assign`.`assign_to`, `task_assign`.`id` as `task_id`, `task_assign`.`task_name` as `task_name`, `projects`.`id` as `project_id`, `user_assign_to`.`username` as `assign_to`, `user_assign_by`.`username` as `assign_by`, IFNULL(projects.name, "N.A") as Project_name, `task_assign`.`task_status`, `task_assign`.`task_description`, `task_assign`.`created_at` as `assign_on`
FROM `task_assign`
JOIN `user` as `user_assign_to` ON `task_assign`.`assign_to` = `user_assign_to`.`id`
JOIN `user` as `user_assign_by` ON `task_assign`.`assign_by` = `user_assign_by`.`id`
LEFT JOIN `projects` ON `task_assign`.`project_id` = `projects`.`id`
WHERE `task_assign`.`assign_to` = :task_assign.assign_to:
AND `task_assign`.`task_status` = :task_assign.task_status:
ORDER BY `task_assign`.`id` DESC', [...], false)
 5 APPPATH/Models/TaskModel.php(99): CodeIgniter\Database\BaseBuilder->get()
 6 APPPATH/Controllers/TaskController.php(638): App\Models\TaskModel->getTaskBySingleUser('11', 'Pending')
 7 SYSTEMPATH/CodeIgniter.php(925): App\Controllers\TaskController->getTaskListByUserId()
 8 SYSTEMPATH/CodeIgniter.php(480): CodeIgniter\CodeIgniter->runController(Object(App\Controllers\TaskController))
 9 SYSTEMPATH/CodeIgniter.php(349): CodeIgniter\CodeIgniter->handleRequest(null, Object(Config\Cache), false)
10 FCPATH/index.php(73): CodeIgniter\CodeIgniter->run()
ERROR - 2023-05-09 16:31:41 --> mysqli_sql_exception: Unknown column 'task_assign.assign_by' in 'on clause' in /home3/neelneel/public_html/ems/v2/system/Database/MySQLi/Connection.php:292
Stack trace:
#0 /home3/neelneel/public_html/ems/v2/system/Database/MySQLi/Connection.php(292): mysqli->query('SELECT `task_as...', 0)
#1 /home3/neelneel/public_html/ems/v2/system/Database/BaseConnection.php(666): CodeIgniter\Database\MySQLi\Connection->execute('SELECT `task_as...')
#2 /home3/neelneel/public_html/ems/v2/system/Database/BaseConnection.php(593): CodeIgniter\Database\BaseConnection->simpleQuery('SELECT `task_as...')
#3 /home3/neelneel/public_html/ems/v2/system/Database/BaseBuilder.php(1585): CodeIgniter\Database\BaseConnection->query('SELECT `task_as...', Array, false)
#4 /home3/neelneel/public_html/ems/v2/app/Models/TaskModel.php(99): CodeIgniter\Database\BaseBuilder->get()
#5 /home3/neelneel/public_html/ems/v2/app/Controllers/TaskController.php(638): App\Models\TaskModel->getTaskBySingleUser('11', 'Pending')
#6 /home3/neelneel/public_html/ems/v2/system/CodeIgniter.php(925): App\Controllers\TaskController->getTaskListByUserId()
#7 /home3/neelneel/public_html/ems/v2/system/CodeIgniter.php(480): CodeIgniter\CodeIgniter->runController(Object(App\Controllers\TaskController))
#8 /home3/neelneel/public_html/ems/v2/system/CodeIgniter.php(349): CodeIgniter\CodeIgniter->handleRequest(NULL, Object(Config\Cache), false)
#9 /home3/neelneel/public_html/ems/v2/index.php(73): CodeIgniter\CodeIgniter->run()
#10 {main}
CRITICAL - 2023-05-09 16:31:41 --> Unknown column 'task_assign.assign_by' in 'on clause'
in SYSTEMPATH/Database/MySQLi/Connection.php on line 292.
 1 SYSTEMPATH/Database/MySQLi/Connection.php(292): mysqli->query('SELECT `task_assign`.`assign_to`, `task_assign`.`id` as `task_id`, `task_assign`.`task_name` as `task_name`, `projects`.`id` as `project_id`, `user_assign_to`.`username` as `assign_to`, `user_assign_by`.`username` as `assign_by`, IFNULL(projects.name, "N.A") as Project_name, `task_assign`.`task_status`, `task_assign`.`task_description`, `task_assign`.`created_at` as `assign_on`
FROM `task_assign`
JOIN `user` as `user_assign_to` ON `task_assign`.`assign_to` = `user_assign_to`.`id`
JOIN `user` as `user_assign_by` ON `task_assign`.`assign_by` = `user_assign_by`.`id`
LEFT JOIN `projects` ON `task_assign`.`project_id` = `projects`.`id`
WHERE `task_assign`.`assign_to` = \'11\'
AND `task_assign`.`task_status` = \'Pending\'
ORDER BY `task_assign`.`id` DESC', 0)
 2 SYSTEMPATH/Database/BaseConnection.php(666): CodeIgniter\Database\MySQLi\Connection->execute('SELECT `task_assign`.`assign_to`, `task_assign`.`id` as `task_id`, `task_assign`.`task_name` as `task_name`, `projects`.`id` as `project_id`, `user_assign_to`.`username` as `assign_to`, `user_assign_by`.`username` as `assign_by`, IFNULL(projects.name, "N.A") as Project_name, `task_assign`.`task_status`, `task_assign`.`task_description`, `task_assign`.`created_at` as `assign_on`
FROM `task_assign`
JOIN `user` as `user_assign_to` ON `task_assign`.`assign_to` = `user_assign_to`.`id`
JOIN `user` as `user_assign_by` ON `task_assign`.`assign_by` = `user_assign_by`.`id`
LEFT JOIN `projects` ON `task_assign`.`project_id` = `projects`.`id`
WHERE `task_assign`.`assign_to` = \'11\'
AND `task_assign`.`task_status` = \'Pending\'
ORDER BY `task_assign`.`id` DESC')
 3 SYSTEMPATH/Database/BaseConnection.php(593): CodeIgniter\Database\BaseConnection->simpleQuery('SELECT `task_assign`.`assign_to`, `task_assign`.`id` as `task_id`, `task_assign`.`task_name` as `task_name`, `projects`.`id` as `project_id`, `user_assign_to`.`username` as `assign_to`, `user_assign_by`.`username` as `assign_by`, IFNULL(projects.name, "N.A") as Project_name, `task_assign`.`task_status`, `task_assign`.`task_description`, `task_assign`.`created_at` as `assign_on`
FROM `task_assign`
JOIN `user` as `user_assign_to` ON `task_assign`.`assign_to` = `user_assign_to`.`id`
JOIN `user` as `user_assign_by` ON `task_assign`.`assign_by` = `user_assign_by`.`id`
LEFT JOIN `projects` ON `task_assign`.`project_id` = `projects`.`id`
WHERE `task_assign`.`assign_to` = \'11\'
AND `task_assign`.`task_status` = \'Pending\'
ORDER BY `task_assign`.`id` DESC')
 4 SYSTEMPATH/Database/BaseBuilder.php(1585): CodeIgniter\Database\BaseConnection->query('SELECT `task_assign`.`assign_to`, `task_assign`.`id` as `task_id`, `task_assign`.`task_name` as `task_name`, `projects`.`id` as `project_id`, `user_assign_to`.`username` as `assign_to`, `user_assign_by`.`username` as `assign_by`, IFNULL(projects.name, "N.A") as Project_name, `task_assign`.`task_status`, `task_assign`.`task_description`, `task_assign`.`created_at` as `assign_on`
FROM `task_assign`
JOIN `user` as `user_assign_to` ON `task_assign`.`assign_to` = `user_assign_to`.`id`
JOIN `user` as `user_assign_by` ON `task_assign`.`assign_by` = `user_assign_by`.`id`
LEFT JOIN `projects` ON `task_assign`.`project_id` = `projects`.`id`
WHERE `task_assign`.`assign_to` = :task_assign.assign_to:
AND `task_assign`.`task_status` = :task_assign.task_status:
ORDER BY `task_assign`.`id` DESC', [...], false)
 5 APPPATH/Models/TaskModel.php(99): CodeIgniter\Database\BaseBuilder->get()
 6 APPPATH/Controllers/TaskController.php(638): App\Models\TaskModel->getTaskBySingleUser('11', 'Pending')
 7 SYSTEMPATH/CodeIgniter.php(925): App\Controllers\TaskController->getTaskListByUserId()
 8 SYSTEMPATH/CodeIgniter.php(480): CodeIgniter\CodeIgniter->runController(Object(App\Controllers\TaskController))
 9 SYSTEMPATH/CodeIgniter.php(349): CodeIgniter\CodeIgniter->handleRequest(null, Object(Config\Cache), false)
10 FCPATH/index.php(73): CodeIgniter\CodeIgniter->run()
ERROR - 2023-05-09 16:44:14 --> mysqli_sql_exception: You have an error in your SQL syntax; check the manual that corresponds to your MySQL server version for the right syntax to use near '"</p>","") as task_revert_description, `task_assign`.`revert_time`
FROM `task_as' at line 1 in /home3/neelneel/public_html/ems/v2/system/Database/MySQLi/Connection.php:292
Stack trace:
#0 /home3/neelneel/public_html/ems/v2/system/Database/MySQLi/Connection.php(292): mysqli->query('SELECT `task_as...', 0)
#1 /home3/neelneel/public_html/ems/v2/system/Database/BaseConnection.php(666): CodeIgniter\Database\MySQLi\Connection->execute('SELECT `task_as...')
#2 /home3/neelneel/public_html/ems/v2/system/Database/BaseConnection.php(593): CodeIgniter\Database\BaseConnection->simpleQuery('SELECT `task_as...')
#3 /home3/neelneel/public_html/ems/v2/system/Database/BaseBuilder.php(1585): CodeIgniter\Database\BaseConnection->query('SELECT `task_as...', Array, false)
#4 /home3/neelneel/public_html/ems/v2/app/Models/TaskModel.php(115): CodeIgniter\Database\BaseBuilder->get()
#5 /home3/neelneel/public_html/ems/v2/app/Controllers/TaskController.php(692): App\Models\TaskModel->getTaskAssignByCurrentUser('11')
#6 /home3/neelneel/public_html/ems/v2/system/CodeIgniter.php(925): App\Controllers\TaskController->getmyAssignTaskListByUserId('11')
#7 /home3/neelneel/public_html/ems/v2/system/CodeIgniter.php(480): CodeIgniter\CodeIgniter->runController(Object(App\Controllers\TaskController))
#8 /home3/neelneel/public_html/ems/v2/system/CodeIgniter.php(349): CodeIgniter\CodeIgniter->handleRequest(NULL, Object(Config\Cache), false)
#9 /home3/neelneel/public_html/ems/v2/index.php(73): CodeIgniter\CodeIgniter->run()
#10 {main}
CRITICAL - 2023-05-09 16:44:14 --> You have an error in your SQL syntax; check the manual that corresponds to your MySQL server version for the right syntax to use near '"</p>","") as task_revert_description, `task_assign`.`revert_time`
FROM `task_as' at line 1
in SYSTEMPATH/Database/MySQLi/Connection.php on line 292.
 1 SYSTEMPATH/Database/MySQLi/Connection.php(292): mysqli->query('SELECT `task_assign`.`assign_to`, `task_assign`.`id` as `task_id`, `projects`.`id` as `project_id`, `user`.`username` as `assign_by`, `assignee`.`username` as `assign_to`, IFNULL(projects.name, "N.A") as Project_name, `task_assign`.`task_status`, `task_assign`.`task_description`, `task_assign`.`created_at` as `assign_on`, `task_assign`.`revert_status`, REPLACE(task_assign.task_revert_description, "<p>", "","</p>","") as task_revert_description, `task_assign`.`revert_time`
FROM `task_assign`
JOIN `user` ON `task_assign`.`login_id` = `user`.`id`
JOIN `user` as `assignee` ON `task_assign`.`assign_to` = `assignee`.`id`
LEFT JOIN `projects` ON `task_assign`.`project_id` = `projects`.`id`
WHERE `task_assign`.`login_id` = \'11\'
ORDER BY `task_assign`.`id` DESC', 0)
 2 SYSTEMPATH/Database/BaseConnection.php(666): CodeIgniter\Database\MySQLi\Connection->execute('SELECT `task_assign`.`assign_to`, `task_assign`.`id` as `task_id`, `projects`.`id` as `project_id`, `user`.`username` as `assign_by`, `assignee`.`username` as `assign_to`, IFNULL(projects.name, "N.A") as Project_name, `task_assign`.`task_status`, `task_assign`.`task_description`, `task_assign`.`created_at` as `assign_on`, `task_assign`.`revert_status`, REPLACE(task_assign.task_revert_description, "<p>", "","</p>","") as task_revert_description, `task_assign`.`revert_time`
FROM `task_assign`
JOIN `user` ON `task_assign`.`login_id` = `user`.`id`
JOIN `user` as `assignee` ON `task_assign`.`assign_to` = `assignee`.`id`
LEFT JOIN `projects` ON `task_assign`.`project_id` = `projects`.`id`
WHERE `task_assign`.`login_id` = \'11\'
ORDER BY `task_assign`.`id` DESC')
 3 SYSTEMPATH/Database/BaseConnection.php(593): CodeIgniter\Database\BaseConnection->simpleQuery('SELECT `task_assign`.`assign_to`, `task_assign`.`id` as `task_id`, `projects`.`id` as `project_id`, `user`.`username` as `assign_by`, `assignee`.`username` as `assign_to`, IFNULL(projects.name, "N.A") as Project_name, `task_assign`.`task_status`, `task_assign`.`task_description`, `task_assign`.`created_at` as `assign_on`, `task_assign`.`revert_status`, REPLACE(task_assign.task_revert_description, "<p>", "","</p>","") as task_revert_description, `task_assign`.`revert_time`
FROM `task_assign`
JOIN `user` ON `task_assign`.`login_id` = `user`.`id`
JOIN `user` as `assignee` ON `task_assign`.`assign_to` = `assignee`.`id`
LEFT JOIN `projects` ON `task_assign`.`project_id` = `projects`.`id`
WHERE `task_assign`.`login_id` = \'11\'
ORDER BY `task_assign`.`id` DESC')
 4 SYSTEMPATH/Database/BaseBuilder.php(1585): CodeIgniter\Database\BaseConnection->query('SELECT `task_assign`.`assign_to`, `task_assign`.`id` as `task_id`, `projects`.`id` as `project_id`, `user`.`username` as `assign_by`, `assignee`.`username` as `assign_to`, IFNULL(projects.name, "N.A") as Project_name, `task_assign`.`task_status`, `task_assign`.`task_description`, `task_assign`.`created_at` as `assign_on`, `task_assign`.`revert_status`, REPLACE(task_assign.task_revert_description, "<p>", "","</p>","") as task_revert_description, `task_assign`.`revert_time`
FROM `task_assign`
JOIN `user` ON `task_assign`.`login_id` = `user`.`id`
JOIN `user` as `assignee` ON `task_assign`.`assign_to` = `assignee`.`id`
LEFT JOIN `projects` ON `task_assign`.`project_id` = `projects`.`id`
WHERE `task_assign`.`login_id` = :task_assign.login_id:
ORDER BY `task_assign`.`id` DESC', [...], false)
 5 APPPATH/Models/TaskModel.php(115): CodeIgniter\Database\BaseBuilder->get()
 6 APPPATH/Controllers/TaskController.php(692): App\Models\TaskModel->getTaskAssignByCurrentUser('11')
 7 SYSTEMPATH/CodeIgniter.php(925): App\Controllers\TaskController->getmyAssignTaskListByUserId('11')
 8 SYSTEMPATH/CodeIgniter.php(480): CodeIgniter\CodeIgniter->runController(Object(App\Controllers\TaskController))
 9 SYSTEMPATH/CodeIgniter.php(349): CodeIgniter\CodeIgniter->handleRequest(null, Object(Config\Cache), false)
10 FCPATH/index.php(73): CodeIgniter\CodeIgniter->run()
ERROR - 2023-05-09 16:44:15 --> mysqli_sql_exception: You have an error in your SQL syntax; check the manual that corresponds to your MySQL server version for the right syntax to use near '"</p>","") as task_revert_description, `task_assign`.`revert_time`
FROM `task_as' at line 1 in /home3/neelneel/public_html/ems/v2/system/Database/MySQLi/Connection.php:292
Stack trace:
#0 /home3/neelneel/public_html/ems/v2/system/Database/MySQLi/Connection.php(292): mysqli->query('SELECT `task_as...', 0)
#1 /home3/neelneel/public_html/ems/v2/system/Database/BaseConnection.php(666): CodeIgniter\Database\MySQLi\Connection->execute('SELECT `task_as...')
#2 /home3/neelneel/public_html/ems/v2/system/Database/BaseConnection.php(593): CodeIgniter\Database\BaseConnection->simpleQuery('SELECT `task_as...')
#3 /home3/neelneel/public_html/ems/v2/system/Database/BaseBuilder.php(1585): CodeIgniter\Database\BaseConnection->query('SELECT `task_as...', Array, false)
#4 /home3/neelneel/public_html/ems/v2/app/Models/TaskModel.php(115): CodeIgniter\Database\BaseBuilder->get()
#5 /home3/neelneel/public_html/ems/v2/app/Controllers/TaskController.php(692): App\Models\TaskModel->getTaskAssignByCurrentUser('11')
#6 /home3/neelneel/public_html/ems/v2/system/CodeIgniter.php(925): App\Controllers\TaskController->getmyAssignTaskListByUserId('11')
#7 /home3/neelneel/public_html/ems/v2/system/CodeIgniter.php(480): CodeIgniter\CodeIgniter->runController(Object(App\Controllers\TaskController))
#8 /home3/neelneel/public_html/ems/v2/system/CodeIgniter.php(349): CodeIgniter\CodeIgniter->handleRequest(NULL, Object(Config\Cache), false)
#9 /home3/neelneel/public_html/ems/v2/index.php(73): CodeIgniter\CodeIgniter->run()
#10 {main}
CRITICAL - 2023-05-09 16:44:15 --> You have an error in your SQL syntax; check the manual that corresponds to your MySQL server version for the right syntax to use near '"</p>","") as task_revert_description, `task_assign`.`revert_time`
FROM `task_as' at line 1
in SYSTEMPATH/Database/MySQLi/Connection.php on line 292.
 1 SYSTEMPATH/Database/MySQLi/Connection.php(292): mysqli->query('SELECT `task_assign`.`assign_to`, `task_assign`.`id` as `task_id`, `projects`.`id` as `project_id`, `user`.`username` as `assign_by`, `assignee`.`username` as `assign_to`, IFNULL(projects.name, "N.A") as Project_name, `task_assign`.`task_status`, `task_assign`.`task_description`, `task_assign`.`created_at` as `assign_on`, `task_assign`.`revert_status`, REPLACE(task_assign.task_revert_description, "<p>", "","</p>","") as task_revert_description, `task_assign`.`revert_time`
FROM `task_assign`
JOIN `user` ON `task_assign`.`login_id` = `user`.`id`
JOIN `user` as `assignee` ON `task_assign`.`assign_to` = `assignee`.`id`
LEFT JOIN `projects` ON `task_assign`.`project_id` = `projects`.`id`
WHERE `task_assign`.`login_id` = \'11\'
ORDER BY `task_assign`.`id` DESC', 0)
 2 SYSTEMPATH/Database/BaseConnection.php(666): CodeIgniter\Database\MySQLi\Connection->execute('SELECT `task_assign`.`assign_to`, `task_assign`.`id` as `task_id`, `projects`.`id` as `project_id`, `user`.`username` as `assign_by`, `assignee`.`username` as `assign_to`, IFNULL(projects.name, "N.A") as Project_name, `task_assign`.`task_status`, `task_assign`.`task_description`, `task_assign`.`created_at` as `assign_on`, `task_assign`.`revert_status`, REPLACE(task_assign.task_revert_description, "<p>", "","</p>","") as task_revert_description, `task_assign`.`revert_time`
FROM `task_assign`
JOIN `user` ON `task_assign`.`login_id` = `user`.`id`
JOIN `user` as `assignee` ON `task_assign`.`assign_to` = `assignee`.`id`
LEFT JOIN `projects` ON `task_assign`.`project_id` = `projects`.`id`
WHERE `task_assign`.`login_id` = \'11\'
ORDER BY `task_assign`.`id` DESC')
 3 SYSTEMPATH/Database/BaseConnection.php(593): CodeIgniter\Database\BaseConnection->simpleQuery('SELECT `task_assign`.`assign_to`, `task_assign`.`id` as `task_id`, `projects`.`id` as `project_id`, `user`.`username` as `assign_by`, `assignee`.`username` as `assign_to`, IFNULL(projects.name, "N.A") as Project_name, `task_assign`.`task_status`, `task_assign`.`task_description`, `task_assign`.`created_at` as `assign_on`, `task_assign`.`revert_status`, REPLACE(task_assign.task_revert_description, "<p>", "","</p>","") as task_revert_description, `task_assign`.`revert_time`
FROM `task_assign`
JOIN `user` ON `task_assign`.`login_id` = `user`.`id`
JOIN `user` as `assignee` ON `task_assign`.`assign_to` = `assignee`.`id`
LEFT JOIN `projects` ON `task_assign`.`project_id` = `projects`.`id`
WHERE `task_assign`.`login_id` = \'11\'
ORDER BY `task_assign`.`id` DESC')
 4 SYSTEMPATH/Database/BaseBuilder.php(1585): CodeIgniter\Database\BaseConnection->query('SELECT `task_assign`.`assign_to`, `task_assign`.`id` as `task_id`, `projects`.`id` as `project_id`, `user`.`username` as `assign_by`, `assignee`.`username` as `assign_to`, IFNULL(projects.name, "N.A") as Project_name, `task_assign`.`task_status`, `task_assign`.`task_description`, `task_assign`.`created_at` as `assign_on`, `task_assign`.`revert_status`, REPLACE(task_assign.task_revert_description, "<p>", "","</p>","") as task_revert_description, `task_assign`.`revert_time`
FROM `task_assign`
JOIN `user` ON `task_assign`.`login_id` = `user`.`id`
JOIN `user` as `assignee` ON `task_assign`.`assign_to` = `assignee`.`id`
LEFT JOIN `projects` ON `task_assign`.`project_id` = `projects`.`id`
WHERE `task_assign`.`login_id` = :task_assign.login_id:
ORDER BY `task_assign`.`id` DESC', [...], false)
 5 APPPATH/Models/TaskModel.php(115): CodeIgniter\Database\BaseBuilder->get()
 6 APPPATH/Controllers/TaskController.php(692): App\Models\TaskModel->getTaskAssignByCurrentUser('11')
 7 SYSTEMPATH/CodeIgniter.php(925): App\Controllers\TaskController->getmyAssignTaskListByUserId('11')
 8 SYSTEMPATH/CodeIgniter.php(480): CodeIgniter\CodeIgniter->runController(Object(App\Controllers\TaskController))
 9 SYSTEMPATH/CodeIgniter.php(349): CodeIgniter\CodeIgniter->handleRequest(null, Object(Config\Cache), false)
10 FCPATH/index.php(73): CodeIgniter\CodeIgniter->run()
