CRITICAL - 2023-02-06 10:17:37 --> Expired token
in FCPATH/vendor/firebase/php-jwt/src/JWT.php on line 162.
 1 APPPATH/Filters/Auth.php(62): Firebase\JWT\JWT::decode('eyJ0eXAiOiJKV1QiLCJhbGciOiJIUzI1NiJ9.eyJpc3MiOiJOZWVsIG5ldHdvcmtzIiwiYXVkIjoiY3VzdG9tZXIiLCJpYXQiOjE2NzU0MjkzNzEsImV4cCI6MTY3NTQzMjk3MSwiZW1haWwiOiJkZXZlbkBuZWVsbmV0d29ya3MuY29tIn0.wtA0x0mzH_6euwIewNeoCw1cd1iby5-VqoYOINeUZA8', Object(Firebase\JWT\Key))
 2 SYSTEMPATH/Filters/Filters.php(173): App\Filters\Auth->before(Object(CodeIgniter\HTTP\IncomingRequest), null)
 3 SYSTEMPATH/CodeIgniter.php(453): CodeIgniter\Filters\Filters->run('project', 'before')
 4 SYSTEMPATH/CodeIgniter.php(349): CodeIgniter\CodeIgniter->handleRequest(null, Object(Config\Cache), false)
 5 FCPATH/index.php(73): CodeIgniter\CodeIgniter->run()
CRITICAL - 2023-02-06 10:17:37 --> Expired token
in FCPATH/vendor/firebase/php-jwt/src/JWT.php on line 162.
 1 APPPATH/Filters/Auth.php(62): Firebase\JWT\JWT::decode('eyJ0eXAiOiJKV1QiLCJhbGciOiJIUzI1NiJ9.eyJpc3MiOiJOZWVsIG5ldHdvcmtzIiwiYXVkIjoiY3VzdG9tZXIiLCJpYXQiOjE2NzU0MjkzNzEsImV4cCI6MTY3NTQzMjk3MSwiZW1haWwiOiJkZXZlbkBuZWVsbmV0d29ya3MuY29tIn0.wtA0x0mzH_6euwIewNeoCw1cd1iby5-VqoYOINeUZA8', Object(Firebase\JWT\Key))
 2 SYSTEMPATH/Filters/Filters.php(173): App\Filters\Auth->before(Object(CodeIgniter\HTTP\IncomingRequest), null)
 3 SYSTEMPATH/CodeIgniter.php(453): CodeIgniter\Filters\Filters->run('project', 'before')
 4 SYSTEMPATH/CodeIgniter.php(349): CodeIgniter\CodeIgniter->handleRequest(null, Object(Config\Cache), false)
 5 FCPATH/index.php(73): CodeIgniter\CodeIgniter->run()
CRITICAL - 2023-02-06 10:17:37 --> Expired token
in FCPATH/vendor/firebase/php-jwt/src/JWT.php on line 162.
 1 APPPATH/Filters/Auth.php(62): Firebase\JWT\JWT::decode('eyJ0eXAiOiJKV1QiLCJhbGciOiJIUzI1NiJ9.eyJpc3MiOiJOZWVsIG5ldHdvcmtzIiwiYXVkIjoiY3VzdG9tZXIiLCJpYXQiOjE2NzU0MjkzNzEsImV4cCI6MTY3NTQzMjk3MSwiZW1haWwiOiJkZXZlbkBuZWVsbmV0d29ya3MuY29tIn0.wtA0x0mzH_6euwIewNeoCw1cd1iby5-VqoYOINeUZA8', Object(Firebase\JWT\Key))
 2 SYSTEMPATH/Filters/Filters.php(173): App\Filters\Auth->before(Object(CodeIgniter\HTTP\IncomingRequest), null)
 3 SYSTEMPATH/CodeIgniter.php(453): CodeIgniter\Filters\Filters->run('project', 'before')
 4 SYSTEMPATH/CodeIgniter.php(349): CodeIgniter\CodeIgniter->handleRequest(null, Object(Config\Cache), false)
 5 FCPATH/index.php(73): CodeIgniter\CodeIgniter->run()
CRITICAL - 2023-02-06 10:17:37 --> Expired token
in FCPATH/vendor/firebase/php-jwt/src/JWT.php on line 162.
 1 APPPATH/Filters/Auth.php(62): Firebase\JWT\JWT::decode('eyJ0eXAiOiJKV1QiLCJhbGciOiJIUzI1NiJ9.eyJpc3MiOiJOZWVsIG5ldHdvcmtzIiwiYXVkIjoiY3VzdG9tZXIiLCJpYXQiOjE2NzU0MjkzNzEsImV4cCI6MTY3NTQzMjk3MSwiZW1haWwiOiJkZXZlbkBuZWVsbmV0d29ya3MuY29tIn0.wtA0x0mzH_6euwIewNeoCw1cd1iby5-VqoYOINeUZA8', Object(Firebase\JWT\Key))
 2 SYSTEMPATH/Filters/Filters.php(173): App\Filters\Auth->before(Object(CodeIgniter\HTTP\IncomingRequest), null)
 3 SYSTEMPATH/CodeIgniter.php(453): CodeIgniter\Filters\Filters->run('project', 'before')
 4 SYSTEMPATH/CodeIgniter.php(349): CodeIgniter\CodeIgniter->handleRequest(null, Object(Config\Cache), false)
 5 FCPATH/index.php(73): CodeIgniter\CodeIgniter->run()
CRITICAL - 2023-02-06 11:23:28 --> Expired token
in FCPATH/vendor/firebase/php-jwt/src/JWT.php on line 162.
 1 APPPATH/Filters/Auth.php(62): Firebase\JWT\JWT::decode('eyJ0eXAiOiJKV1QiLCJhbGciOiJIUzI1NiJ9.eyJpc3MiOiJOZWVsIG5ldHdvcmtzIiwiYXVkIjoiY3VzdG9tZXIiLCJpYXQiOjE2NzU2NTg5NjgsImV4cCI6MTY3NTY2MjU2OCwiZW1haWwiOiJkZXZlbkBuZWVsbmV0d29ya3MuY29tIn0.98-qx_hzBGlBjSbrH4koG17zfDxcNgfSmUYYzYzWLzs', Object(Firebase\JWT\Key))
 2 SYSTEMPATH/Filters/Filters.php(173): App\Filters\Auth->before(Object(CodeIgniter\HTTP\IncomingRequest), null)
 3 SYSTEMPATH/CodeIgniter.php(453): CodeIgniter\Filters\Filters->run('reports/for-user-time-entries/10/1/42', 'before')
 4 SYSTEMPATH/CodeIgniter.php(349): CodeIgniter\CodeIgniter->handleRequest(null, Object(Config\Cache), false)
 5 FCPATH/index.php(73): CodeIgniter\CodeIgniter->run()
CRITICAL - 2023-02-06 11:24:06 --> Expired token
in FCPATH/vendor/firebase/php-jwt/src/JWT.php on line 162.
 1 APPPATH/Filters/Auth.php(62): Firebase\JWT\JWT::decode('eyJ0eXAiOiJKV1QiLCJhbGciOiJIUzI1NiJ9.eyJpc3MiOiJOZWVsIG5ldHdvcmtzIiwiYXVkIjoiY3VzdG9tZXIiLCJpYXQiOjE2NzU2NTg5ODksImV4cCI6MTY3NTY2MjU4OSwiZW1haWwiOiJwZXNpZ2FAZW1hLXNvZmlhLmV1In0.IlkgemJVeSubfYorOUaAEnbFMlPHlX9ShnC2bkDw1kk', Object(Firebase\JWT\Key))
 2 SYSTEMPATH/Filters/Filters.php(173): App\Filters\Auth->before(Object(CodeIgniter\HTTP\IncomingRequest), null)
 3 SYSTEMPATH/CodeIgniter.php(453): CodeIgniter\Filters\Filters->run('reports/foruser/12/12', 'before')
 4 SYSTEMPATH/CodeIgniter.php(349): CodeIgniter\CodeIgniter->handleRequest(null, Object(Config\Cache), false)
 5 FCPATH/index.php(73): CodeIgniter\CodeIgniter->run()
CRITICAL - 2023-02-06 11:24:06 --> Expired token
in FCPATH/vendor/firebase/php-jwt/src/JWT.php on line 162.
 1 APPPATH/Filters/Auth.php(62): Firebase\JWT\JWT::decode('eyJ0eXAiOiJKV1QiLCJhbGciOiJIUzI1NiJ9.eyJpc3MiOiJOZWVsIG5ldHdvcmtzIiwiYXVkIjoiY3VzdG9tZXIiLCJpYXQiOjE2NzU2NTg5ODksImV4cCI6MTY3NTY2MjU4OSwiZW1haWwiOiJwZXNpZ2FAZW1hLXNvZmlhLmV1In0.IlkgemJVeSubfYorOUaAEnbFMlPHlX9ShnC2bkDw1kk', Object(Firebase\JWT\Key))
 2 SYSTEMPATH/Filters/Filters.php(173): App\Filters\Auth->before(Object(CodeIgniter\HTTP\IncomingRequest), null)
 3 SYSTEMPATH/CodeIgniter.php(453): CodeIgniter\Filters\Filters->run('project/list/12/2023-02-06', 'before')
 4 SYSTEMPATH/CodeIgniter.php(349): CodeIgniter\CodeIgniter->handleRequest(null, Object(Config\Cache), false)
 5 FCPATH/index.php(73): CodeIgniter\CodeIgniter->run()
CRITICAL - 2023-02-06 11:24:06 --> Expired token
in FCPATH/vendor/firebase/php-jwt/src/JWT.php on line 162.
 1 APPPATH/Filters/Auth.php(62): Firebase\JWT\JWT::decode('eyJ0eXAiOiJKV1QiLCJhbGciOiJIUzI1NiJ9.eyJpc3MiOiJOZWVsIG5ldHdvcmtzIiwiYXVkIjoiY3VzdG9tZXIiLCJpYXQiOjE2NzU2NTg5ODksImV4cCI6MTY3NTY2MjU4OSwiZW1haWwiOiJwZXNpZ2FAZW1hLXNvZmlhLmV1In0.IlkgemJVeSubfYorOUaAEnbFMlPHlX9ShnC2bkDw1kk', Object(Firebase\JWT\Key))
 2 SYSTEMPATH/Filters/Filters.php(173): App\Filters\Auth->before(Object(CodeIgniter\HTTP\IncomingRequest), null)
 3 SYSTEMPATH/CodeIgniter.php(453): CodeIgniter\Filters\Filters->run('reports/foruser/12/12', 'before')
 4 SYSTEMPATH/CodeIgniter.php(349): CodeIgniter\CodeIgniter->handleRequest(null, Object(Config\Cache), false)
 5 FCPATH/index.php(73): CodeIgniter\CodeIgniter->run()
CRITICAL - 2023-02-06 11:24:16 --> Expired token
in FCPATH/vendor/firebase/php-jwt/src/JWT.php on line 162.
 1 APPPATH/Filters/Auth.php(62): Firebase\JWT\JWT::decode('eyJ0eXAiOiJKV1QiLCJhbGciOiJIUzI1NiJ9.eyJpc3MiOiJOZWVsIG5ldHdvcmtzIiwiYXVkIjoiY3VzdG9tZXIiLCJpYXQiOjE2NzU2NTg5ODksImV4cCI6MTY3NTY2MjU4OSwiZW1haWwiOiJwZXNpZ2FAZW1hLXNvZmlhLmV1In0.IlkgemJVeSubfYorOUaAEnbFMlPHlX9ShnC2bkDw1kk', Object(Firebase\JWT\Key))
 2 SYSTEMPATH/Filters/Filters.php(173): App\Filters\Auth->before(Object(CodeIgniter\HTTP\IncomingRequest), null)
 3 SYSTEMPATH/CodeIgniter.php(453): CodeIgniter\Filters\Filters->run('project', 'before')
 4 SYSTEMPATH/CodeIgniter.php(349): CodeIgniter\CodeIgniter->handleRequest(null, Object(Config\Cache), false)
 5 FCPATH/index.php(73): CodeIgniter\CodeIgniter->run()
CRITICAL - 2023-02-06 11:24:16 --> Expired token
in FCPATH/vendor/firebase/php-jwt/src/JWT.php on line 162.
 1 APPPATH/Filters/Auth.php(62): Firebase\JWT\JWT::decode('eyJ0eXAiOiJKV1QiLCJhbGciOiJIUzI1NiJ9.eyJpc3MiOiJOZWVsIG5ldHdvcmtzIiwiYXVkIjoiY3VzdG9tZXIiLCJpYXQiOjE2NzU2NTg5ODksImV4cCI6MTY3NTY2MjU4OSwiZW1haWwiOiJwZXNpZ2FAZW1hLXNvZmlhLmV1In0.IlkgemJVeSubfYorOUaAEnbFMlPHlX9ShnC2bkDw1kk', Object(Firebase\JWT\Key))
 2 SYSTEMPATH/Filters/Filters.php(173): App\Filters\Auth->before(Object(CodeIgniter\HTTP\IncomingRequest), null)
 3 SYSTEMPATH/CodeIgniter.php(453): CodeIgniter\Filters\Filters->run('project', 'before')
 4 SYSTEMPATH/CodeIgniter.php(349): CodeIgniter\CodeIgniter->handleRequest(null, Object(Config\Cache), false)
 5 FCPATH/index.php(73): CodeIgniter\CodeIgniter->run()
CRITICAL - 2023-02-06 11:24:17 --> Expired token
in FCPATH/vendor/firebase/php-jwt/src/JWT.php on line 162.
 1 APPPATH/Filters/Auth.php(62): Firebase\JWT\JWT::decode('eyJ0eXAiOiJKV1QiLCJhbGciOiJIUzI1NiJ9.eyJpc3MiOiJOZWVsIG5ldHdvcmtzIiwiYXVkIjoiY3VzdG9tZXIiLCJpYXQiOjE2NzU2NTg5ODksImV4cCI6MTY3NTY2MjU4OSwiZW1haWwiOiJwZXNpZ2FAZW1hLXNvZmlhLmV1In0.IlkgemJVeSubfYorOUaAEnbFMlPHlX9ShnC2bkDw1kk', Object(Firebase\JWT\Key))
 2 SYSTEMPATH/Filters/Filters.php(173): App\Filters\Auth->before(Object(CodeIgniter\HTTP\IncomingRequest), null)
 3 SYSTEMPATH/CodeIgniter.php(453): CodeIgniter\Filters\Filters->run('project', 'before')
 4 SYSTEMPATH/CodeIgniter.php(349): CodeIgniter\CodeIgniter->handleRequest(null, Object(Config\Cache), false)
 5 FCPATH/index.php(73): CodeIgniter\CodeIgniter->run()
CRITICAL - 2023-02-06 11:24:18 --> Expired token
in FCPATH/vendor/firebase/php-jwt/src/JWT.php on line 162.
 1 APPPATH/Filters/Auth.php(62): Firebase\JWT\JWT::decode('eyJ0eXAiOiJKV1QiLCJhbGciOiJIUzI1NiJ9.eyJpc3MiOiJOZWVsIG5ldHdvcmtzIiwiYXVkIjoiY3VzdG9tZXIiLCJpYXQiOjE2NzU2NTg5ODksImV4cCI6MTY3NTY2MjU4OSwiZW1haWwiOiJwZXNpZ2FAZW1hLXNvZmlhLmV1In0.IlkgemJVeSubfYorOUaAEnbFMlPHlX9ShnC2bkDw1kk', Object(Firebase\JWT\Key))
 2 SYSTEMPATH/Filters/Filters.php(173): App\Filters\Auth->before(Object(CodeIgniter\HTTP\IncomingRequest), null)
 3 SYSTEMPATH/CodeIgniter.php(453): CodeIgniter\Filters\Filters->run('project', 'before')
 4 SYSTEMPATH/CodeIgniter.php(349): CodeIgniter\CodeIgniter->handleRequest(null, Object(Config\Cache), false)
 5 FCPATH/index.php(73): CodeIgniter\CodeIgniter->run()
CRITICAL - 2023-02-06 11:24:18 --> Expired token
in FCPATH/vendor/firebase/php-jwt/src/JWT.php on line 162.
 1 APPPATH/Filters/Auth.php(62): Firebase\JWT\JWT::decode('eyJ0eXAiOiJKV1QiLCJhbGciOiJIUzI1NiJ9.eyJpc3MiOiJOZWVsIG5ldHdvcmtzIiwiYXVkIjoiY3VzdG9tZXIiLCJpYXQiOjE2NzU2NTg5ODksImV4cCI6MTY3NTY2MjU4OSwiZW1haWwiOiJwZXNpZ2FAZW1hLXNvZmlhLmV1In0.IlkgemJVeSubfYorOUaAEnbFMlPHlX9ShnC2bkDw1kk', Object(Firebase\JWT\Key))
 2 SYSTEMPATH/Filters/Filters.php(173): App\Filters\Auth->before(Object(CodeIgniter\HTTP\IncomingRequest), null)
 3 SYSTEMPATH/CodeIgniter.php(453): CodeIgniter\Filters\Filters->run('project/list/12/2023-02-06', 'before')
 4 SYSTEMPATH/CodeIgniter.php(349): CodeIgniter\CodeIgniter->handleRequest(null, Object(Config\Cache), false)
 5 FCPATH/index.php(73): CodeIgniter\CodeIgniter->run()
CRITICAL - 2023-02-06 11:24:18 --> Expired token
in FCPATH/vendor/firebase/php-jwt/src/JWT.php on line 162.
 1 APPPATH/Filters/Auth.php(62): Firebase\JWT\JWT::decode('eyJ0eXAiOiJKV1QiLCJhbGciOiJIUzI1NiJ9.eyJpc3MiOiJOZWVsIG5ldHdvcmtzIiwiYXVkIjoiY3VzdG9tZXIiLCJpYXQiOjE2NzU2NTg5ODksImV4cCI6MTY3NTY2MjU4OSwiZW1haWwiOiJwZXNpZ2FAZW1hLXNvZmlhLmV1In0.IlkgemJVeSubfYorOUaAEnbFMlPHlX9ShnC2bkDw1kk', Object(Firebase\JWT\Key))
 2 SYSTEMPATH/Filters/Filters.php(173): App\Filters\Auth->before(Object(CodeIgniter\HTTP\IncomingRequest), null)
 3 SYSTEMPATH/CodeIgniter.php(453): CodeIgniter\Filters\Filters->run('reports/foruser/12/12', 'before')
 4 SYSTEMPATH/CodeIgniter.php(349): CodeIgniter\CodeIgniter->handleRequest(null, Object(Config\Cache), false)
 5 FCPATH/index.php(73): CodeIgniter\CodeIgniter->run()
CRITICAL - 2023-02-06 11:24:20 --> Expired token
in FCPATH/vendor/firebase/php-jwt/src/JWT.php on line 162.
 1 APPPATH/Filters/Auth.php(62): Firebase\JWT\JWT::decode('eyJ0eXAiOiJKV1QiLCJhbGciOiJIUzI1NiJ9.eyJpc3MiOiJOZWVsIG5ldHdvcmtzIiwiYXVkIjoiY3VzdG9tZXIiLCJpYXQiOjE2NzU2NTg5ODksImV4cCI6MTY3NTY2MjU4OSwiZW1haWwiOiJwZXNpZ2FAZW1hLXNvZmlhLmV1In0.IlkgemJVeSubfYorOUaAEnbFMlPHlX9ShnC2bkDw1kk', Object(Firebase\JWT\Key))
 2 SYSTEMPATH/Filters/Filters.php(173): App\Filters\Auth->before(Object(CodeIgniter\HTTP\IncomingRequest), null)
 3 SYSTEMPATH/CodeIgniter.php(453): CodeIgniter\Filters\Filters->run('reports/foruser/12/12', 'before')
 4 SYSTEMPATH/CodeIgniter.php(349): CodeIgniter\CodeIgniter->handleRequest(null, Object(Config\Cache), false)
 5 FCPATH/index.php(73): CodeIgniter\CodeIgniter->run()
CRITICAL - 2023-02-06 11:25:12 --> Expired token
in FCPATH/vendor/firebase/php-jwt/src/JWT.php on line 162.
 1 APPPATH/Filters/Auth.php(62): Firebase\JWT\JWT::decode('eyJ0eXAiOiJKV1QiLCJhbGciOiJIUzI1NiJ9.eyJpc3MiOiJOZWVsIG5ldHdvcmtzIiwiYXVkIjoiY3VzdG9tZXIiLCJpYXQiOjE2NzU2NTg5ODksImV4cCI6MTY3NTY2MjU4OSwiZW1haWwiOiJwZXNpZ2FAZW1hLXNvZmlhLmV1In0.IlkgemJVeSubfYorOUaAEnbFMlPHlX9ShnC2bkDw1kk', Object(Firebase\JWT\Key))
 2 SYSTEMPATH/Filters/Filters.php(173): App\Filters\Auth->before(Object(CodeIgniter\HTTP\IncomingRequest), null)
 3 SYSTEMPATH/CodeIgniter.php(453): CodeIgniter\Filters\Filters->run('project/list/12/2023-02-06', 'before')
 4 SYSTEMPATH/CodeIgniter.php(349): CodeIgniter\CodeIgniter->handleRequest(null, Object(Config\Cache), false)
 5 FCPATH/index.php(73): CodeIgniter\CodeIgniter->run()
CRITICAL - 2023-02-06 11:25:12 --> Expired token
in FCPATH/vendor/firebase/php-jwt/src/JWT.php on line 162.
 1 APPPATH/Filters/Auth.php(62): Firebase\JWT\JWT::decode('eyJ0eXAiOiJKV1QiLCJhbGciOiJIUzI1NiJ9.eyJpc3MiOiJOZWVsIG5ldHdvcmtzIiwiYXVkIjoiY3VzdG9tZXIiLCJpYXQiOjE2NzU2NTg5ODksImV4cCI6MTY3NTY2MjU4OSwiZW1haWwiOiJwZXNpZ2FAZW1hLXNvZmlhLmV1In0.IlkgemJVeSubfYorOUaAEnbFMlPHlX9ShnC2bkDw1kk', Object(Firebase\JWT\Key))
 2 SYSTEMPATH/Filters/Filters.php(173): App\Filters\Auth->before(Object(CodeIgniter\HTTP\IncomingRequest), null)
 3 SYSTEMPATH/CodeIgniter.php(453): CodeIgniter\Filters\Filters->run('reports/foruser/12/12', 'before')
 4 SYSTEMPATH/CodeIgniter.php(349): CodeIgniter\CodeIgniter->handleRequest(null, Object(Config\Cache), false)
 5 FCPATH/index.php(73): CodeIgniter\CodeIgniter->run()
CRITICAL - 2023-02-06 11:25:13 --> Expired token
in FCPATH/vendor/firebase/php-jwt/src/JWT.php on line 162.
 1 APPPATH/Filters/Auth.php(62): Firebase\JWT\JWT::decode('eyJ0eXAiOiJKV1QiLCJhbGciOiJIUzI1NiJ9.eyJpc3MiOiJOZWVsIG5ldHdvcmtzIiwiYXVkIjoiY3VzdG9tZXIiLCJpYXQiOjE2NzU2NTg5ODksImV4cCI6MTY3NTY2MjU4OSwiZW1haWwiOiJwZXNpZ2FAZW1hLXNvZmlhLmV1In0.IlkgemJVeSubfYorOUaAEnbFMlPHlX9ShnC2bkDw1kk', Object(Firebase\JWT\Key))
 2 SYSTEMPATH/Filters/Filters.php(173): App\Filters\Auth->before(Object(CodeIgniter\HTTP\IncomingRequest), null)
 3 SYSTEMPATH/CodeIgniter.php(453): CodeIgniter\Filters\Filters->run('reports/foruser/12/12', 'before')
 4 SYSTEMPATH/CodeIgniter.php(349): CodeIgniter\CodeIgniter->handleRequest(null, Object(Config\Cache), false)
 5 FCPATH/index.php(73): CodeIgniter\CodeIgniter->run()
CRITICAL - 2023-02-06 11:25:22 --> Expired token
in FCPATH/vendor/firebase/php-jwt/src/JWT.php on line 162.
 1 APPPATH/Filters/Auth.php(62): Firebase\JWT\JWT::decode('eyJ0eXAiOiJKV1QiLCJhbGciOiJIUzI1NiJ9.eyJpc3MiOiJOZWVsIG5ldHdvcmtzIiwiYXVkIjoiY3VzdG9tZXIiLCJpYXQiOjE2NzU2NTg5ODksImV4cCI6MTY3NTY2MjU4OSwiZW1haWwiOiJwZXNpZ2FAZW1hLXNvZmlhLmV1In0.IlkgemJVeSubfYorOUaAEnbFMlPHlX9ShnC2bkDw1kk', Object(Firebase\JWT\Key))
 2 SYSTEMPATH/Filters/Filters.php(173): App\Filters\Auth->before(Object(CodeIgniter\HTTP\IncomingRequest), null)
 3 SYSTEMPATH/CodeIgniter.php(453): CodeIgniter\Filters\Filters->run('project/list/12/2023-02-06', 'before')
 4 SYSTEMPATH/CodeIgniter.php(349): CodeIgniter\CodeIgniter->handleRequest(null, Object(Config\Cache), false)
 5 FCPATH/index.php(73): CodeIgniter\CodeIgniter->run()
CRITICAL - 2023-02-06 11:25:22 --> Expired token
in FCPATH/vendor/firebase/php-jwt/src/JWT.php on line 162.
 1 APPPATH/Filters/Auth.php(62): Firebase\JWT\JWT::decode('eyJ0eXAiOiJKV1QiLCJhbGciOiJIUzI1NiJ9.eyJpc3MiOiJOZWVsIG5ldHdvcmtzIiwiYXVkIjoiY3VzdG9tZXIiLCJpYXQiOjE2NzU2NTg5ODksImV4cCI6MTY3NTY2MjU4OSwiZW1haWwiOiJwZXNpZ2FAZW1hLXNvZmlhLmV1In0.IlkgemJVeSubfYorOUaAEnbFMlPHlX9ShnC2bkDw1kk', Object(Firebase\JWT\Key))
 2 SYSTEMPATH/Filters/Filters.php(173): App\Filters\Auth->before(Object(CodeIgniter\HTTP\IncomingRequest), null)
 3 SYSTEMPATH/CodeIgniter.php(453): CodeIgniter\Filters\Filters->run('reports/foruser/12/12', 'before')
 4 SYSTEMPATH/CodeIgniter.php(349): CodeIgniter\CodeIgniter->handleRequest(null, Object(Config\Cache), false)
 5 FCPATH/index.php(73): CodeIgniter\CodeIgniter->run()
CRITICAL - 2023-02-06 11:25:23 --> Expired token
in FCPATH/vendor/firebase/php-jwt/src/JWT.php on line 162.
 1 APPPATH/Filters/Auth.php(62): Firebase\JWT\JWT::decode('eyJ0eXAiOiJKV1QiLCJhbGciOiJIUzI1NiJ9.eyJpc3MiOiJOZWVsIG5ldHdvcmtzIiwiYXVkIjoiY3VzdG9tZXIiLCJpYXQiOjE2NzU2NTg5ODksImV4cCI6MTY3NTY2MjU4OSwiZW1haWwiOiJwZXNpZ2FAZW1hLXNvZmlhLmV1In0.IlkgemJVeSubfYorOUaAEnbFMlPHlX9ShnC2bkDw1kk', Object(Firebase\JWT\Key))
 2 SYSTEMPATH/Filters/Filters.php(173): App\Filters\Auth->before(Object(CodeIgniter\HTTP\IncomingRequest), null)
 3 SYSTEMPATH/CodeIgniter.php(453): CodeIgniter\Filters\Filters->run('reports/foruser/12/12', 'before')
 4 SYSTEMPATH/CodeIgniter.php(349): CodeIgniter\CodeIgniter->handleRequest(null, Object(Config\Cache), false)
 5 FCPATH/index.php(73): CodeIgniter\CodeIgniter->run()
CRITICAL - 2023-02-06 11:25:33 --> Expired token
in FCPATH/vendor/firebase/php-jwt/src/JWT.php on line 162.
 1 APPPATH/Filters/Auth.php(62): Firebase\JWT\JWT::decode('eyJ0eXAiOiJKV1QiLCJhbGciOiJIUzI1NiJ9.eyJpc3MiOiJOZWVsIG5ldHdvcmtzIiwiYXVkIjoiY3VzdG9tZXIiLCJpYXQiOjE2NzU2NTg5NjgsImV4cCI6MTY3NTY2MjU2OCwiZW1haWwiOiJkZXZlbkBuZWVsbmV0d29ya3MuY29tIn0.98-qx_hzBGlBjSbrH4koG17zfDxcNgfSmUYYzYzWLzs', Object(Firebase\JWT\Key))
 2 SYSTEMPATH/Filters/Filters.php(173): App\Filters\Auth->before(Object(CodeIgniter\HTTP\IncomingRequest), null)
 3 SYSTEMPATH/CodeIgniter.php(453): CodeIgniter\Filters\Filters->run('project', 'before')
 4 SYSTEMPATH/CodeIgniter.php(349): CodeIgniter\CodeIgniter->handleRequest(null, Object(Config\Cache), false)
 5 FCPATH/index.php(73): CodeIgniter\CodeIgniter->run()
CRITICAL - 2023-02-06 11:25:33 --> Expired token
in FCPATH/vendor/firebase/php-jwt/src/JWT.php on line 162.
 1 APPPATH/Filters/Auth.php(62): Firebase\JWT\JWT::decode('eyJ0eXAiOiJKV1QiLCJhbGciOiJIUzI1NiJ9.eyJpc3MiOiJOZWVsIG5ldHdvcmtzIiwiYXVkIjoiY3VzdG9tZXIiLCJpYXQiOjE2NzU2NTg5NjgsImV4cCI6MTY3NTY2MjU2OCwiZW1haWwiOiJkZXZlbkBuZWVsbmV0d29ya3MuY29tIn0.98-qx_hzBGlBjSbrH4koG17zfDxcNgfSmUYYzYzWLzs', Object(Firebase\JWT\Key))
 2 SYSTEMPATH/Filters/Filters.php(173): App\Filters\Auth->before(Object(CodeIgniter\HTTP\IncomingRequest), null)
 3 SYSTEMPATH/CodeIgniter.php(453): CodeIgniter\Filters\Filters->run('project', 'before')
 4 SYSTEMPATH/CodeIgniter.php(349): CodeIgniter\CodeIgniter->handleRequest(null, Object(Config\Cache), false)
 5 FCPATH/index.php(73): CodeIgniter\CodeIgniter->run()
CRITICAL - 2023-02-06 11:25:41 --> Expired token
in FCPATH/vendor/firebase/php-jwt/src/JWT.php on line 162.
 1 APPPATH/Filters/Auth.php(62): Firebase\JWT\JWT::decode('eyJ0eXAiOiJKV1QiLCJhbGciOiJIUzI1NiJ9.eyJpc3MiOiJOZWVsIG5ldHdvcmtzIiwiYXVkIjoiY3VzdG9tZXIiLCJpYXQiOjE2NzU2NTg5NjgsImV4cCI6MTY3NTY2MjU2OCwiZW1haWwiOiJkZXZlbkBuZWVsbmV0d29ya3MuY29tIn0.98-qx_hzBGlBjSbrH4koG17zfDxcNgfSmUYYzYzWLzs', Object(Firebase\JWT\Key))
 2 SYSTEMPATH/Filters/Filters.php(173): App\Filters\Auth->before(Object(CodeIgniter\HTTP\IncomingRequest), null)
 3 SYSTEMPATH/CodeIgniter.php(453): CodeIgniter\Filters\Filters->run('project', 'before')
 4 SYSTEMPATH/CodeIgniter.php(349): CodeIgniter\CodeIgniter->handleRequest(null, Object(Config\Cache), false)
 5 FCPATH/index.php(73): CodeIgniter\CodeIgniter->run()
CRITICAL - 2023-02-06 11:25:41 --> Expired token
in FCPATH/vendor/firebase/php-jwt/src/JWT.php on line 162.
 1 APPPATH/Filters/Auth.php(62): Firebase\JWT\JWT::decode('eyJ0eXAiOiJKV1QiLCJhbGciOiJIUzI1NiJ9.eyJpc3MiOiJOZWVsIG5ldHdvcmtzIiwiYXVkIjoiY3VzdG9tZXIiLCJpYXQiOjE2NzU2NTg5NjgsImV4cCI6MTY3NTY2MjU2OCwiZW1haWwiOiJkZXZlbkBuZWVsbmV0d29ya3MuY29tIn0.98-qx_hzBGlBjSbrH4koG17zfDxcNgfSmUYYzYzWLzs', Object(Firebase\JWT\Key))
 2 SYSTEMPATH/Filters/Filters.php(173): App\Filters\Auth->before(Object(CodeIgniter\HTTP\IncomingRequest), null)
 3 SYSTEMPATH/CodeIgniter.php(453): CodeIgniter\Filters\Filters->run('project', 'before')
 4 SYSTEMPATH/CodeIgniter.php(349): CodeIgniter\CodeIgniter->handleRequest(null, Object(Config\Cache), false)
 5 FCPATH/index.php(73): CodeIgniter\CodeIgniter->run()
CRITICAL - 2023-02-06 11:25:42 --> Expired token
in FCPATH/vendor/firebase/php-jwt/src/JWT.php on line 162.
 1 APPPATH/Filters/Auth.php(62): Firebase\JWT\JWT::decode('eyJ0eXAiOiJKV1QiLCJhbGciOiJIUzI1NiJ9.eyJpc3MiOiJOZWVsIG5ldHdvcmtzIiwiYXVkIjoiY3VzdG9tZXIiLCJpYXQiOjE2NzU2NTg5NjgsImV4cCI6MTY3NTY2MjU2OCwiZW1haWwiOiJkZXZlbkBuZWVsbmV0d29ya3MuY29tIn0.98-qx_hzBGlBjSbrH4koG17zfDxcNgfSmUYYzYzWLzs', Object(Firebase\JWT\Key))
 2 SYSTEMPATH/Filters/Filters.php(173): App\Filters\Auth->before(Object(CodeIgniter\HTTP\IncomingRequest), null)
 3 SYSTEMPATH/CodeIgniter.php(453): CodeIgniter\Filters\Filters->run('project', 'before')
 4 SYSTEMPATH/CodeIgniter.php(349): CodeIgniter\CodeIgniter->handleRequest(null, Object(Config\Cache), false)
 5 FCPATH/index.php(73): CodeIgniter\CodeIgniter->run()
CRITICAL - 2023-02-06 11:25:42 --> Expired token
in FCPATH/vendor/firebase/php-jwt/src/JWT.php on line 162.
 1 APPPATH/Filters/Auth.php(62): Firebase\JWT\JWT::decode('eyJ0eXAiOiJKV1QiLCJhbGciOiJIUzI1NiJ9.eyJpc3MiOiJOZWVsIG5ldHdvcmtzIiwiYXVkIjoiY3VzdG9tZXIiLCJpYXQiOjE2NzU2NTg5NjgsImV4cCI6MTY3NTY2MjU2OCwiZW1haWwiOiJkZXZlbkBuZWVsbmV0d29ya3MuY29tIn0.98-qx_hzBGlBjSbrH4koG17zfDxcNgfSmUYYzYzWLzs', Object(Firebase\JWT\Key))
 2 SYSTEMPATH/Filters/Filters.php(173): App\Filters\Auth->before(Object(CodeIgniter\HTTP\IncomingRequest), null)
 3 SYSTEMPATH/CodeIgniter.php(453): CodeIgniter\Filters\Filters->run('project', 'before')
 4 SYSTEMPATH/CodeIgniter.php(349): CodeIgniter\CodeIgniter->handleRequest(null, Object(Config\Cache), false)
 5 FCPATH/index.php(73): CodeIgniter\CodeIgniter->run()
CRITICAL - 2023-02-06 12:27:59 --> Expired token
in FCPATH/vendor/firebase/php-jwt/src/JWT.php on line 162.
 1 APPPATH/Filters/Auth.php(62): Firebase\JWT\JWT::decode('eyJ0eXAiOiJKV1QiLCJhbGciOiJIUzI1NiJ9.eyJpc3MiOiJOZWVsIG5ldHdvcmtzIiwiYXVkIjoiY3VzdG9tZXIiLCJpYXQiOjE2NzU2NjI5NjUsImV4cCI6MTY3NTY2NjU2NSwiZW1haWwiOiJwZXNpZ2FAZW1hLXNvZmlhLmV1In0.5EqS1lg_fArMq0QiI_Nrn23rleTBhS2DMWnIkVo1U_Q', Object(Firebase\JWT\Key))
 2 SYSTEMPATH/Filters/Filters.php(173): App\Filters\Auth->before(Object(CodeIgniter\HTTP\IncomingRequest), null)
 3 SYSTEMPATH/CodeIgniter.php(453): CodeIgniter\Filters\Filters->run('project/list/12/2023-02-06', 'before')
 4 SYSTEMPATH/CodeIgniter.php(349): CodeIgniter\CodeIgniter->handleRequest(null, Object(Config\Cache), false)
 5 FCPATH/index.php(73): CodeIgniter\CodeIgniter->run()
CRITICAL - 2023-02-06 12:27:59 --> Expired token
in FCPATH/vendor/firebase/php-jwt/src/JWT.php on line 162.
 1 APPPATH/Filters/Auth.php(62): Firebase\JWT\JWT::decode('eyJ0eXAiOiJKV1QiLCJhbGciOiJIUzI1NiJ9.eyJpc3MiOiJOZWVsIG5ldHdvcmtzIiwiYXVkIjoiY3VzdG9tZXIiLCJpYXQiOjE2NzU2NjI5NjUsImV4cCI6MTY3NTY2NjU2NSwiZW1haWwiOiJwZXNpZ2FAZW1hLXNvZmlhLmV1In0.5EqS1lg_fArMq0QiI_Nrn23rleTBhS2DMWnIkVo1U_Q', Object(Firebase\JWT\Key))
 2 SYSTEMPATH/Filters/Filters.php(173): App\Filters\Auth->before(Object(CodeIgniter\HTTP\IncomingRequest), null)
 3 SYSTEMPATH/CodeIgniter.php(453): CodeIgniter\Filters\Filters->run('reports/foruser/12/12', 'before')
 4 SYSTEMPATH/CodeIgniter.php(349): CodeIgniter\CodeIgniter->handleRequest(null, Object(Config\Cache), false)
 5 FCPATH/index.php(73): CodeIgniter\CodeIgniter->run()
CRITICAL - 2023-02-06 12:27:59 --> Expired token
in FCPATH/vendor/firebase/php-jwt/src/JWT.php on line 162.
 1 APPPATH/Filters/Auth.php(62): Firebase\JWT\JWT::decode('eyJ0eXAiOiJKV1QiLCJhbGciOiJIUzI1NiJ9.eyJpc3MiOiJOZWVsIG5ldHdvcmtzIiwiYXVkIjoiY3VzdG9tZXIiLCJpYXQiOjE2NzU2NjI5NjUsImV4cCI6MTY3NTY2NjU2NSwiZW1haWwiOiJwZXNpZ2FAZW1hLXNvZmlhLmV1In0.5EqS1lg_fArMq0QiI_Nrn23rleTBhS2DMWnIkVo1U_Q', Object(Firebase\JWT\Key))
 2 SYSTEMPATH/Filters/Filters.php(173): App\Filters\Auth->before(Object(CodeIgniter\HTTP\IncomingRequest), null)
 3 SYSTEMPATH/CodeIgniter.php(453): CodeIgniter\Filters\Filters->run('reports/foruser/12/12', 'before')
 4 SYSTEMPATH/CodeIgniter.php(349): CodeIgniter\CodeIgniter->handleRequest(null, Object(Config\Cache), false)
 5 FCPATH/index.php(73): CodeIgniter\CodeIgniter->run()
CRITICAL - 2023-02-06 12:30:38 --> Expired token
in FCPATH/vendor/firebase/php-jwt/src/JWT.php on line 162.
 1 APPPATH/Filters/Auth.php(62): Firebase\JWT\JWT::decode('eyJ0eXAiOiJKV1QiLCJhbGciOiJIUzI1NiJ9.eyJpc3MiOiJOZWVsIG5ldHdvcmtzIiwiYXVkIjoiY3VzdG9tZXIiLCJpYXQiOjE2NzU2NjI5NjUsImV4cCI6MTY3NTY2NjU2NSwiZW1haWwiOiJwZXNpZ2FAZW1hLXNvZmlhLmV1In0.5EqS1lg_fArMq0QiI_Nrn23rleTBhS2DMWnIkVo1U_Q', Object(Firebase\JWT\Key))
 2 SYSTEMPATH/Filters/Filters.php(173): App\Filters\Auth->before(Object(CodeIgniter\HTTP\IncomingRequest), null)
 3 SYSTEMPATH/CodeIgniter.php(453): CodeIgniter\Filters\Filters->run('project/list/12/2023-02-06', 'before')
 4 SYSTEMPATH/CodeIgniter.php(349): CodeIgniter\CodeIgniter->handleRequest(null, Object(Config\Cache), false)
 5 FCPATH/index.php(73): CodeIgniter\CodeIgniter->run()
CRITICAL - 2023-02-06 12:30:38 --> Expired token
in FCPATH/vendor/firebase/php-jwt/src/JWT.php on line 162.
 1 APPPATH/Filters/Auth.php(62): Firebase\JWT\JWT::decode('eyJ0eXAiOiJKV1QiLCJhbGciOiJIUzI1NiJ9.eyJpc3MiOiJOZWVsIG5ldHdvcmtzIiwiYXVkIjoiY3VzdG9tZXIiLCJpYXQiOjE2NzU2NjI5NjUsImV4cCI6MTY3NTY2NjU2NSwiZW1haWwiOiJwZXNpZ2FAZW1hLXNvZmlhLmV1In0.5EqS1lg_fArMq0QiI_Nrn23rleTBhS2DMWnIkVo1U_Q', Object(Firebase\JWT\Key))
 2 SYSTEMPATH/Filters/Filters.php(173): App\Filters\Auth->before(Object(CodeIgniter\HTTP\IncomingRequest), null)
 3 SYSTEMPATH/CodeIgniter.php(453): CodeIgniter\Filters\Filters->run('reports/foruser/12/12', 'before')
 4 SYSTEMPATH/CodeIgniter.php(349): CodeIgniter\CodeIgniter->handleRequest(null, Object(Config\Cache), false)
 5 FCPATH/index.php(73): CodeIgniter\CodeIgniter->run()
CRITICAL - 2023-02-06 12:30:39 --> Expired token
in FCPATH/vendor/firebase/php-jwt/src/JWT.php on line 162.
 1 APPPATH/Filters/Auth.php(62): Firebase\JWT\JWT::decode('eyJ0eXAiOiJKV1QiLCJhbGciOiJIUzI1NiJ9.eyJpc3MiOiJOZWVsIG5ldHdvcmtzIiwiYXVkIjoiY3VzdG9tZXIiLCJpYXQiOjE2NzU2NjI5NjUsImV4cCI6MTY3NTY2NjU2NSwiZW1haWwiOiJwZXNpZ2FAZW1hLXNvZmlhLmV1In0.5EqS1lg_fArMq0QiI_Nrn23rleTBhS2DMWnIkVo1U_Q', Object(Firebase\JWT\Key))
 2 SYSTEMPATH/Filters/Filters.php(173): App\Filters\Auth->before(Object(CodeIgniter\HTTP\IncomingRequest), null)
 3 SYSTEMPATH/CodeIgniter.php(453): CodeIgniter\Filters\Filters->run('reports/foruser/12/12', 'before')
 4 SYSTEMPATH/CodeIgniter.php(349): CodeIgniter\CodeIgniter->handleRequest(null, Object(Config\Cache), false)
 5 FCPATH/index.php(73): CodeIgniter\CodeIgniter->run()
CRITICAL - 2023-02-06 12:31:05 --> Expired token
in FCPATH/vendor/firebase/php-jwt/src/JWT.php on line 162.
 1 APPPATH/Filters/Auth.php(62): Firebase\JWT\JWT::decode('eyJ0eXAiOiJKV1QiLCJhbGciOiJIUzI1NiJ9.eyJpc3MiOiJOZWVsIG5ldHdvcmtzIiwiYXVkIjoiY3VzdG9tZXIiLCJpYXQiOjE2NzU2NjI5NjUsImV4cCI6MTY3NTY2NjU2NSwiZW1haWwiOiJwZXNpZ2FAZW1hLXNvZmlhLmV1In0.5EqS1lg_fArMq0QiI_Nrn23rleTBhS2DMWnIkVo1U_Q', Object(Firebase\JWT\Key))
 2 SYSTEMPATH/Filters/Filters.php(173): App\Filters\Auth->before(Object(CodeIgniter\HTTP\IncomingRequest), null)
 3 SYSTEMPATH/CodeIgniter.php(453): CodeIgniter\Filters\Filters->run('reports/foruser/12/12', 'before')
 4 SYSTEMPATH/CodeIgniter.php(349): CodeIgniter\CodeIgniter->handleRequest(null, Object(Config\Cache), false)
 5 FCPATH/index.php(73): CodeIgniter\CodeIgniter->run()
CRITICAL - 2023-02-06 12:31:05 --> Expired token
in FCPATH/vendor/firebase/php-jwt/src/JWT.php on line 162.
 1 APPPATH/Filters/Auth.php(62): Firebase\JWT\JWT::decode('eyJ0eXAiOiJKV1QiLCJhbGciOiJIUzI1NiJ9.eyJpc3MiOiJOZWVsIG5ldHdvcmtzIiwiYXVkIjoiY3VzdG9tZXIiLCJpYXQiOjE2NzU2NjI5NjUsImV4cCI6MTY3NTY2NjU2NSwiZW1haWwiOiJwZXNpZ2FAZW1hLXNvZmlhLmV1In0.5EqS1lg_fArMq0QiI_Nrn23rleTBhS2DMWnIkVo1U_Q', Object(Firebase\JWT\Key))
 2 SYSTEMPATH/Filters/Filters.php(173): App\Filters\Auth->before(Object(CodeIgniter\HTTP\IncomingRequest), null)
 3 SYSTEMPATH/CodeIgniter.php(453): CodeIgniter\Filters\Filters->run('project/list/12/2023-02-06', 'before')
 4 SYSTEMPATH/CodeIgniter.php(349): CodeIgniter\CodeIgniter->handleRequest(null, Object(Config\Cache), false)
 5 FCPATH/index.php(73): CodeIgniter\CodeIgniter->run()
CRITICAL - 2023-02-06 12:31:05 --> Expired token
in FCPATH/vendor/firebase/php-jwt/src/JWT.php on line 162.
 1 APPPATH/Filters/Auth.php(62): Firebase\JWT\JWT::decode('eyJ0eXAiOiJKV1QiLCJhbGciOiJIUzI1NiJ9.eyJpc3MiOiJOZWVsIG5ldHdvcmtzIiwiYXVkIjoiY3VzdG9tZXIiLCJpYXQiOjE2NzU2NjI5NjUsImV4cCI6MTY3NTY2NjU2NSwiZW1haWwiOiJwZXNpZ2FAZW1hLXNvZmlhLmV1In0.5EqS1lg_fArMq0QiI_Nrn23rleTBhS2DMWnIkVo1U_Q', Object(Firebase\JWT\Key))
 2 SYSTEMPATH/Filters/Filters.php(173): App\Filters\Auth->before(Object(CodeIgniter\HTTP\IncomingRequest), null)
 3 SYSTEMPATH/CodeIgniter.php(453): CodeIgniter\Filters\Filters->run('reports/foruser/12/12', 'before')
 4 SYSTEMPATH/CodeIgniter.php(349): CodeIgniter\CodeIgniter->handleRequest(null, Object(Config\Cache), false)
 5 FCPATH/index.php(73): CodeIgniter\CodeIgniter->run()
CRITICAL - 2023-02-06 12:31:22 --> Expired token
in FCPATH/vendor/firebase/php-jwt/src/JWT.php on line 162.
 1 APPPATH/Filters/Auth.php(62): Firebase\JWT\JWT::decode('eyJ0eXAiOiJKV1QiLCJhbGciOiJIUzI1NiJ9.eyJpc3MiOiJOZWVsIG5ldHdvcmtzIiwiYXVkIjoiY3VzdG9tZXIiLCJpYXQiOjE2NzU2NjI5NjUsImV4cCI6MTY3NTY2NjU2NSwiZW1haWwiOiJwZXNpZ2FAZW1hLXNvZmlhLmV1In0.5EqS1lg_fArMq0QiI_Nrn23rleTBhS2DMWnIkVo1U_Q', Object(Firebase\JWT\Key))
 2 SYSTEMPATH/Filters/Filters.php(173): App\Filters\Auth->before(Object(CodeIgniter\HTTP\IncomingRequest), null)
 3 SYSTEMPATH/CodeIgniter.php(453): CodeIgniter\Filters\Filters->run('project', 'before')
 4 SYSTEMPATH/CodeIgniter.php(349): CodeIgniter\CodeIgniter->handleRequest(null, Object(Config\Cache), false)
 5 FCPATH/index.php(73): CodeIgniter\CodeIgniter->run()
CRITICAL - 2023-02-06 12:31:22 --> Expired token
in FCPATH/vendor/firebase/php-jwt/src/JWT.php on line 162.
 1 APPPATH/Filters/Auth.php(62): Firebase\JWT\JWT::decode('eyJ0eXAiOiJKV1QiLCJhbGciOiJIUzI1NiJ9.eyJpc3MiOiJOZWVsIG5ldHdvcmtzIiwiYXVkIjoiY3VzdG9tZXIiLCJpYXQiOjE2NzU2NjI5NjUsImV4cCI6MTY3NTY2NjU2NSwiZW1haWwiOiJwZXNpZ2FAZW1hLXNvZmlhLmV1In0.5EqS1lg_fArMq0QiI_Nrn23rleTBhS2DMWnIkVo1U_Q', Object(Firebase\JWT\Key))
 2 SYSTEMPATH/Filters/Filters.php(173): App\Filters\Auth->before(Object(CodeIgniter\HTTP\IncomingRequest), null)
 3 SYSTEMPATH/CodeIgniter.php(453): CodeIgniter\Filters\Filters->run('project', 'before')
 4 SYSTEMPATH/CodeIgniter.php(349): CodeIgniter\CodeIgniter->handleRequest(null, Object(Config\Cache), false)
 5 FCPATH/index.php(73): CodeIgniter\CodeIgniter->run()
CRITICAL - 2023-02-06 12:31:22 --> Expired token
in FCPATH/vendor/firebase/php-jwt/src/JWT.php on line 162.
 1 APPPATH/Filters/Auth.php(62): Firebase\JWT\JWT::decode('eyJ0eXAiOiJKV1QiLCJhbGciOiJIUzI1NiJ9.eyJpc3MiOiJOZWVsIG5ldHdvcmtzIiwiYXVkIjoiY3VzdG9tZXIiLCJpYXQiOjE2NzU2NjI5NjUsImV4cCI6MTY3NTY2NjU2NSwiZW1haWwiOiJwZXNpZ2FAZW1hLXNvZmlhLmV1In0.5EqS1lg_fArMq0QiI_Nrn23rleTBhS2DMWnIkVo1U_Q', Object(Firebase\JWT\Key))
 2 SYSTEMPATH/Filters/Filters.php(173): App\Filters\Auth->before(Object(CodeIgniter\HTTP\IncomingRequest), null)
 3 SYSTEMPATH/CodeIgniter.php(453): CodeIgniter\Filters\Filters->run('project', 'before')
 4 SYSTEMPATH/CodeIgniter.php(349): CodeIgniter\CodeIgniter->handleRequest(null, Object(Config\Cache), false)
 5 FCPATH/index.php(73): CodeIgniter\CodeIgniter->run()
CRITICAL - 2023-02-06 12:31:22 --> Expired token
in FCPATH/vendor/firebase/php-jwt/src/JWT.php on line 162.
 1 APPPATH/Filters/Auth.php(62): Firebase\JWT\JWT::decode('eyJ0eXAiOiJKV1QiLCJhbGciOiJIUzI1NiJ9.eyJpc3MiOiJOZWVsIG5ldHdvcmtzIiwiYXVkIjoiY3VzdG9tZXIiLCJpYXQiOjE2NzU2NjI5NjUsImV4cCI6MTY3NTY2NjU2NSwiZW1haWwiOiJwZXNpZ2FAZW1hLXNvZmlhLmV1In0.5EqS1lg_fArMq0QiI_Nrn23rleTBhS2DMWnIkVo1U_Q', Object(Firebase\JWT\Key))
 2 SYSTEMPATH/Filters/Filters.php(173): App\Filters\Auth->before(Object(CodeIgniter\HTTP\IncomingRequest), null)
 3 SYSTEMPATH/CodeIgniter.php(453): CodeIgniter\Filters\Filters->run('project', 'before')
 4 SYSTEMPATH/CodeIgniter.php(349): CodeIgniter\CodeIgniter->handleRequest(null, Object(Config\Cache), false)
 5 FCPATH/index.php(73): CodeIgniter\CodeIgniter->run()
CRITICAL - 2023-02-06 12:39:51 --> Expired token
in FCPATH/vendor/firebase/php-jwt/src/JWT.php on line 162.
 1 APPPATH/Filters/Auth.php(62): Firebase\JWT\JWT::decode('eyJ0eXAiOiJKV1QiLCJhbGciOiJIUzI1NiJ9.eyJpc3MiOiJOZWVsIG5ldHdvcmtzIiwiYXVkIjoiY3VzdG9tZXIiLCJpYXQiOjE2NzU2NjI5NDgsImV4cCI6MTY3NTY2NjU0OCwiZW1haWwiOiJkZXZlbkBuZWVsbmV0d29ya3MuY29tIn0.8gJMMaJ23F7ev2AxdRgc11FrCYbpCVpTMFT0krKohXU', Object(Firebase\JWT\Key))
 2 SYSTEMPATH/Filters/Filters.php(173): App\Filters\Auth->before(Object(CodeIgniter\HTTP\IncomingRequest), null)
 3 SYSTEMPATH/CodeIgniter.php(453): CodeIgniter\Filters\Filters->run('reports/foruser/10/9', 'before')
 4 SYSTEMPATH/CodeIgniter.php(349): CodeIgniter\CodeIgniter->handleRequest(null, Object(Config\Cache), false)
 5 FCPATH/index.php(73): CodeIgniter\CodeIgniter->run()
CRITICAL - 2023-02-06 12:39:58 --> Expired token
in FCPATH/vendor/firebase/php-jwt/src/JWT.php on line 162.
 1 APPPATH/Filters/Auth.php(62): Firebase\JWT\JWT::decode('eyJ0eXAiOiJKV1QiLCJhbGciOiJIUzI1NiJ9.eyJpc3MiOiJOZWVsIG5ldHdvcmtzIiwiYXVkIjoiY3VzdG9tZXIiLCJpYXQiOjE2NzU2NjI5NDgsImV4cCI6MTY3NTY2NjU0OCwiZW1haWwiOiJkZXZlbkBuZWVsbmV0d29ya3MuY29tIn0.8gJMMaJ23F7ev2AxdRgc11FrCYbpCVpTMFT0krKohXU', Object(Firebase\JWT\Key))
 2 SYSTEMPATH/Filters/Filters.php(173): App\Filters\Auth->before(Object(CodeIgniter\HTTP\IncomingRequest), null)
 3 SYSTEMPATH/CodeIgniter.php(453): CodeIgniter\Filters\Filters->run('project', 'before')
 4 SYSTEMPATH/CodeIgniter.php(349): CodeIgniter\CodeIgniter->handleRequest(null, Object(Config\Cache), false)
 5 FCPATH/index.php(73): CodeIgniter\CodeIgniter->run()
CRITICAL - 2023-02-06 12:39:58 --> Expired token
in FCPATH/vendor/firebase/php-jwt/src/JWT.php on line 162.
 1 APPPATH/Filters/Auth.php(62): Firebase\JWT\JWT::decode('eyJ0eXAiOiJKV1QiLCJhbGciOiJIUzI1NiJ9.eyJpc3MiOiJOZWVsIG5ldHdvcmtzIiwiYXVkIjoiY3VzdG9tZXIiLCJpYXQiOjE2NzU2NjI5NDgsImV4cCI6MTY3NTY2NjU0OCwiZW1haWwiOiJkZXZlbkBuZWVsbmV0d29ya3MuY29tIn0.8gJMMaJ23F7ev2AxdRgc11FrCYbpCVpTMFT0krKohXU', Object(Firebase\JWT\Key))
 2 SYSTEMPATH/Filters/Filters.php(173): App\Filters\Auth->before(Object(CodeIgniter\HTTP\IncomingRequest), null)
 3 SYSTEMPATH/CodeIgniter.php(453): CodeIgniter\Filters\Filters->run('project', 'before')
 4 SYSTEMPATH/CodeIgniter.php(349): CodeIgniter\CodeIgniter->handleRequest(null, Object(Config\Cache), false)
 5 FCPATH/index.php(73): CodeIgniter\CodeIgniter->run()
CRITICAL - 2023-02-06 12:39:59 --> Expired token
in FCPATH/vendor/firebase/php-jwt/src/JWT.php on line 162.
 1 APPPATH/Filters/Auth.php(62): Firebase\JWT\JWT::decode('eyJ0eXAiOiJKV1QiLCJhbGciOiJIUzI1NiJ9.eyJpc3MiOiJOZWVsIG5ldHdvcmtzIiwiYXVkIjoiY3VzdG9tZXIiLCJpYXQiOjE2NzU2NjI5NDgsImV4cCI6MTY3NTY2NjU0OCwiZW1haWwiOiJkZXZlbkBuZWVsbmV0d29ya3MuY29tIn0.8gJMMaJ23F7ev2AxdRgc11FrCYbpCVpTMFT0krKohXU', Object(Firebase\JWT\Key))
 2 SYSTEMPATH/Filters/Filters.php(173): App\Filters\Auth->before(Object(CodeIgniter\HTTP\IncomingRequest), null)
 3 SYSTEMPATH/CodeIgniter.php(453): CodeIgniter\Filters\Filters->run('project', 'before')
 4 SYSTEMPATH/CodeIgniter.php(349): CodeIgniter\CodeIgniter->handleRequest(null, Object(Config\Cache), false)
 5 FCPATH/index.php(73): CodeIgniter\CodeIgniter->run()
CRITICAL - 2023-02-06 12:40:00 --> Expired token
in FCPATH/vendor/firebase/php-jwt/src/JWT.php on line 162.
 1 APPPATH/Filters/Auth.php(62): Firebase\JWT\JWT::decode('eyJ0eXAiOiJKV1QiLCJhbGciOiJIUzI1NiJ9.eyJpc3MiOiJOZWVsIG5ldHdvcmtzIiwiYXVkIjoiY3VzdG9tZXIiLCJpYXQiOjE2NzU2NjI5NDgsImV4cCI6MTY3NTY2NjU0OCwiZW1haWwiOiJkZXZlbkBuZWVsbmV0d29ya3MuY29tIn0.8gJMMaJ23F7ev2AxdRgc11FrCYbpCVpTMFT0krKohXU', Object(Firebase\JWT\Key))
 2 SYSTEMPATH/Filters/Filters.php(173): App\Filters\Auth->before(Object(CodeIgniter\HTTP\IncomingRequest), null)
 3 SYSTEMPATH/CodeIgniter.php(453): CodeIgniter\Filters\Filters->run('project', 'before')
 4 SYSTEMPATH/CodeIgniter.php(349): CodeIgniter\CodeIgniter->handleRequest(null, Object(Config\Cache), false)
 5 FCPATH/index.php(73): CodeIgniter\CodeIgniter->run()
CRITICAL - 2023-02-06 15:01:04 --> Expired token
in FCPATH/vendor/firebase/php-jwt/src/JWT.php on line 162.
 1 APPPATH/Filters/Auth.php(62): Firebase\JWT\JWT::decode('eyJ0eXAiOiJKV1QiLCJhbGciOiJIUzI1NiJ9.eyJpc3MiOiJOZWVsIG5ldHdvcmtzIiwiYXVkIjoiY3VzdG9tZXIiLCJpYXQiOjE2NzU2Njc0MDUsImV4cCI6MTY3NTY3MTAwNSwiZW1haWwiOiJkZXZlbkBuZWVsbmV0d29ya3MuY29tIn0.Y6Czv4LAGnSsFcaQHW5oqhphSa-fB7c7gs5myt0KHeE', Object(Firebase\JWT\Key))
 2 SYSTEMPATH/Filters/Filters.php(173): App\Filters\Auth->before(Object(CodeIgniter\HTTP\IncomingRequest), null)
 3 SYSTEMPATH/CodeIgniter.php(453): CodeIgniter\Filters\Filters->run('reports/foruser/10/12', 'before')
 4 SYSTEMPATH/CodeIgniter.php(349): CodeIgniter\CodeIgniter->handleRequest(null, Object(Config\Cache), false)
 5 FCPATH/index.php(73): CodeIgniter\CodeIgniter->run()
CRITICAL - 2023-02-06 15:12:05 --> Expired token
in FCPATH/vendor/firebase/php-jwt/src/JWT.php on line 162.
 1 APPPATH/Filters/Auth.php(62): Firebase\JWT\JWT::decode('eyJ0eXAiOiJKV1QiLCJhbGciOiJIUzI1NiJ9.eyJpc3MiOiJOZWVsIG5ldHdvcmtzIiwiYXVkIjoiY3VzdG9tZXIiLCJpYXQiOjE2NzU2Njc1MDYsImV4cCI6MTY3NTY3MTEwNiwiZW1haWwiOiJwZXNpZ2FAZW1hLXNvZmlhLmV1In0.oZufPBAqaPn-bNobp-xdBcq0y87bHPgVBV4UiRVMzug', Object(Firebase\JWT\Key))
 2 SYSTEMPATH/Filters/Filters.php(173): App\Filters\Auth->before(Object(CodeIgniter\HTTP\IncomingRequest), null)
 3 SYSTEMPATH/CodeIgniter.php(453): CodeIgniter\Filters\Filters->run('project/list/12/2023-02-06', 'before')
 4 SYSTEMPATH/CodeIgniter.php(349): CodeIgniter\CodeIgniter->handleRequest(null, Object(Config\Cache), false)
 5 FCPATH/index.php(73): CodeIgniter\CodeIgniter->run()
CRITICAL - 2023-02-06 15:12:05 --> Expired token
in FCPATH/vendor/firebase/php-jwt/src/JWT.php on line 162.
 1 APPPATH/Filters/Auth.php(62): Firebase\JWT\JWT::decode('eyJ0eXAiOiJKV1QiLCJhbGciOiJIUzI1NiJ9.eyJpc3MiOiJOZWVsIG5ldHdvcmtzIiwiYXVkIjoiY3VzdG9tZXIiLCJpYXQiOjE2NzU2Njc1MDYsImV4cCI6MTY3NTY3MTEwNiwiZW1haWwiOiJwZXNpZ2FAZW1hLXNvZmlhLmV1In0.oZufPBAqaPn-bNobp-xdBcq0y87bHPgVBV4UiRVMzug', Object(Firebase\JWT\Key))
 2 SYSTEMPATH/Filters/Filters.php(173): App\Filters\Auth->before(Object(CodeIgniter\HTTP\IncomingRequest), null)
 3 SYSTEMPATH/CodeIgniter.php(453): CodeIgniter\Filters\Filters->run('reports/foruser/12/12', 'before')
 4 SYSTEMPATH/CodeIgniter.php(349): CodeIgniter\CodeIgniter->handleRequest(null, Object(Config\Cache), false)
 5 FCPATH/index.php(73): CodeIgniter\CodeIgniter->run()
CRITICAL - 2023-02-06 15:12:06 --> Expired token
in FCPATH/vendor/firebase/php-jwt/src/JWT.php on line 162.
 1 APPPATH/Filters/Auth.php(62): Firebase\JWT\JWT::decode('eyJ0eXAiOiJKV1QiLCJhbGciOiJIUzI1NiJ9.eyJpc3MiOiJOZWVsIG5ldHdvcmtzIiwiYXVkIjoiY3VzdG9tZXIiLCJpYXQiOjE2NzU2Njc1MDYsImV4cCI6MTY3NTY3MTEwNiwiZW1haWwiOiJwZXNpZ2FAZW1hLXNvZmlhLmV1In0.oZufPBAqaPn-bNobp-xdBcq0y87bHPgVBV4UiRVMzug', Object(Firebase\JWT\Key))
 2 SYSTEMPATH/Filters/Filters.php(173): App\Filters\Auth->before(Object(CodeIgniter\HTTP\IncomingRequest), null)
 3 SYSTEMPATH/CodeIgniter.php(453): CodeIgniter\Filters\Filters->run('reports/foruser/12/12', 'before')
 4 SYSTEMPATH/CodeIgniter.php(349): CodeIgniter\CodeIgniter->handleRequest(null, Object(Config\Cache), false)
 5 FCPATH/index.php(73): CodeIgniter\CodeIgniter->run()
CRITICAL - 2023-02-06 15:12:15 --> Expired token
in FCPATH/vendor/firebase/php-jwt/src/JWT.php on line 162.
 1 APPPATH/Filters/Auth.php(62): Firebase\JWT\JWT::decode('eyJ0eXAiOiJKV1QiLCJhbGciOiJIUzI1NiJ9.eyJpc3MiOiJOZWVsIG5ldHdvcmtzIiwiYXVkIjoiY3VzdG9tZXIiLCJpYXQiOjE2NzU2Njc1MDYsImV4cCI6MTY3NTY3MTEwNiwiZW1haWwiOiJwZXNpZ2FAZW1hLXNvZmlhLmV1In0.oZufPBAqaPn-bNobp-xdBcq0y87bHPgVBV4UiRVMzug', Object(Firebase\JWT\Key))
 2 SYSTEMPATH/Filters/Filters.php(173): App\Filters\Auth->before(Object(CodeIgniter\HTTP\IncomingRequest), null)
 3 SYSTEMPATH/CodeIgniter.php(453): CodeIgniter\Filters\Filters->run('reports/foruser/12/12', 'before')
 4 SYSTEMPATH/CodeIgniter.php(349): CodeIgniter\CodeIgniter->handleRequest(null, Object(Config\Cache), false)
 5 FCPATH/index.php(73): CodeIgniter\CodeIgniter->run()
CRITICAL - 2023-02-06 15:12:15 --> Expired token
in FCPATH/vendor/firebase/php-jwt/src/JWT.php on line 162.
 1 APPPATH/Filters/Auth.php(62): Firebase\JWT\JWT::decode('eyJ0eXAiOiJKV1QiLCJhbGciOiJIUzI1NiJ9.eyJpc3MiOiJOZWVsIG5ldHdvcmtzIiwiYXVkIjoiY3VzdG9tZXIiLCJpYXQiOjE2NzU2Njc1MDYsImV4cCI6MTY3NTY3MTEwNiwiZW1haWwiOiJwZXNpZ2FAZW1hLXNvZmlhLmV1In0.oZufPBAqaPn-bNobp-xdBcq0y87bHPgVBV4UiRVMzug', Object(Firebase\JWT\Key))
 2 SYSTEMPATH/Filters/Filters.php(173): App\Filters\Auth->before(Object(CodeIgniter\HTTP\IncomingRequest), null)
 3 SYSTEMPATH/CodeIgniter.php(453): CodeIgniter\Filters\Filters->run('project/list/12/2023-02-06', 'before')
 4 SYSTEMPATH/CodeIgniter.php(349): CodeIgniter\CodeIgniter->handleRequest(null, Object(Config\Cache), false)
 5 FCPATH/index.php(73): CodeIgniter\CodeIgniter->run()
CRITICAL - 2023-02-06 15:12:16 --> Expired token
in FCPATH/vendor/firebase/php-jwt/src/JWT.php on line 162.
 1 APPPATH/Filters/Auth.php(62): Firebase\JWT\JWT::decode('eyJ0eXAiOiJKV1QiLCJhbGciOiJIUzI1NiJ9.eyJpc3MiOiJOZWVsIG5ldHdvcmtzIiwiYXVkIjoiY3VzdG9tZXIiLCJpYXQiOjE2NzU2Njc1MDYsImV4cCI6MTY3NTY3MTEwNiwiZW1haWwiOiJwZXNpZ2FAZW1hLXNvZmlhLmV1In0.oZufPBAqaPn-bNobp-xdBcq0y87bHPgVBV4UiRVMzug', Object(Firebase\JWT\Key))
 2 SYSTEMPATH/Filters/Filters.php(173): App\Filters\Auth->before(Object(CodeIgniter\HTTP\IncomingRequest), null)
 3 SYSTEMPATH/CodeIgniter.php(453): CodeIgniter\Filters\Filters->run('reports/foruser/12/12', 'before')
 4 SYSTEMPATH/CodeIgniter.php(349): CodeIgniter\CodeIgniter->handleRequest(null, Object(Config\Cache), false)
 5 FCPATH/index.php(73): CodeIgniter\CodeIgniter->run()
CRITICAL - 2023-02-06 15:12:27 --> Expired token
in FCPATH/vendor/firebase/php-jwt/src/JWT.php on line 162.
 1 APPPATH/Filters/Auth.php(62): Firebase\JWT\JWT::decode('eyJ0eXAiOiJKV1QiLCJhbGciOiJIUzI1NiJ9.eyJpc3MiOiJOZWVsIG5ldHdvcmtzIiwiYXVkIjoiY3VzdG9tZXIiLCJpYXQiOjE2NzU2Njc1MDYsImV4cCI6MTY3NTY3MTEwNiwiZW1haWwiOiJwZXNpZ2FAZW1hLXNvZmlhLmV1In0.oZufPBAqaPn-bNobp-xdBcq0y87bHPgVBV4UiRVMzug', Object(Firebase\JWT\Key))
 2 SYSTEMPATH/Filters/Filters.php(173): App\Filters\Auth->before(Object(CodeIgniter\HTTP\IncomingRequest), null)
 3 SYSTEMPATH/CodeIgniter.php(453): CodeIgniter\Filters\Filters->run('reports/foruser/12/12', 'before')
 4 SYSTEMPATH/CodeIgniter.php(349): CodeIgniter\CodeIgniter->handleRequest(null, Object(Config\Cache), false)
 5 FCPATH/index.php(73): CodeIgniter\CodeIgniter->run()
CRITICAL - 2023-02-06 15:12:27 --> Expired token
in FCPATH/vendor/firebase/php-jwt/src/JWT.php on line 162.
 1 APPPATH/Filters/Auth.php(62): Firebase\JWT\JWT::decode('eyJ0eXAiOiJKV1QiLCJhbGciOiJIUzI1NiJ9.eyJpc3MiOiJOZWVsIG5ldHdvcmtzIiwiYXVkIjoiY3VzdG9tZXIiLCJpYXQiOjE2NzU2Njc1MDYsImV4cCI6MTY3NTY3MTEwNiwiZW1haWwiOiJwZXNpZ2FAZW1hLXNvZmlhLmV1In0.oZufPBAqaPn-bNobp-xdBcq0y87bHPgVBV4UiRVMzug', Object(Firebase\JWT\Key))
 2 SYSTEMPATH/Filters/Filters.php(173): App\Filters\Auth->before(Object(CodeIgniter\HTTP\IncomingRequest), null)
 3 SYSTEMPATH/CodeIgniter.php(453): CodeIgniter\Filters\Filters->run('project/list/12/2023-02-06', 'before')
 4 SYSTEMPATH/CodeIgniter.php(349): CodeIgniter\CodeIgniter->handleRequest(null, Object(Config\Cache), false)
 5 FCPATH/index.php(73): CodeIgniter\CodeIgniter->run()
CRITICAL - 2023-02-06 15:12:27 --> Expired token
in FCPATH/vendor/firebase/php-jwt/src/JWT.php on line 162.
 1 APPPATH/Filters/Auth.php(62): Firebase\JWT\JWT::decode('eyJ0eXAiOiJKV1QiLCJhbGciOiJIUzI1NiJ9.eyJpc3MiOiJOZWVsIG5ldHdvcmtzIiwiYXVkIjoiY3VzdG9tZXIiLCJpYXQiOjE2NzU2Njc1MDYsImV4cCI6MTY3NTY3MTEwNiwiZW1haWwiOiJwZXNpZ2FAZW1hLXNvZmlhLmV1In0.oZufPBAqaPn-bNobp-xdBcq0y87bHPgVBV4UiRVMzug', Object(Firebase\JWT\Key))
 2 SYSTEMPATH/Filters/Filters.php(173): App\Filters\Auth->before(Object(CodeIgniter\HTTP\IncomingRequest), null)
 3 SYSTEMPATH/CodeIgniter.php(453): CodeIgniter\Filters\Filters->run('reports/foruser/12/12', 'before')
 4 SYSTEMPATH/CodeIgniter.php(349): CodeIgniter\CodeIgniter->handleRequest(null, Object(Config\Cache), false)
 5 FCPATH/index.php(73): CodeIgniter\CodeIgniter->run()
CRITICAL - 2023-02-06 16:09:01 --> Expired token
in FCPATH/vendor/firebase/php-jwt/src/JWT.php on line 162.
 1 APPPATH/Filters/Auth.php(62): Firebase\JWT\JWT::decode('eyJ0eXAiOiJKV1QiLCJhbGciOiJIUzI1NiJ9.eyJpc3MiOiJOZWVsIG5ldHdvcmtzIiwiYXVkIjoiY3VzdG9tZXIiLCJpYXQiOjE2NzU2NzU4ODAsImV4cCI6MTY3NTY3OTQ4MCwiZW1haWwiOiJkZXZlbkBuZWVsbmV0d29ya3MuY29tIn0.thXvOUkEqvvD-d0-8kS7YtNk39s2fyRkxgNu7Ayn3f0', Object(Firebase\JWT\Key))
 2 SYSTEMPATH/Filters/Filters.php(173): App\Filters\Auth->before(Object(CodeIgniter\HTTP\IncomingRequest), null)
 3 SYSTEMPATH/CodeIgniter.php(453): CodeIgniter\Filters\Filters->run('project', 'before')
 4 SYSTEMPATH/CodeIgniter.php(349): CodeIgniter\CodeIgniter->handleRequest(null, Object(Config\Cache), false)
 5 FCPATH/index.php(73): CodeIgniter\CodeIgniter->run()
CRITICAL - 2023-02-06 16:09:01 --> Expired token
in FCPATH/vendor/firebase/php-jwt/src/JWT.php on line 162.
 1 APPPATH/Filters/Auth.php(62): Firebase\JWT\JWT::decode('eyJ0eXAiOiJKV1QiLCJhbGciOiJIUzI1NiJ9.eyJpc3MiOiJOZWVsIG5ldHdvcmtzIiwiYXVkIjoiY3VzdG9tZXIiLCJpYXQiOjE2NzU2NzU4ODAsImV4cCI6MTY3NTY3OTQ4MCwiZW1haWwiOiJkZXZlbkBuZWVsbmV0d29ya3MuY29tIn0.thXvOUkEqvvD-d0-8kS7YtNk39s2fyRkxgNu7Ayn3f0', Object(Firebase\JWT\Key))
 2 SYSTEMPATH/Filters/Filters.php(173): App\Filters\Auth->before(Object(CodeIgniter\HTTP\IncomingRequest), null)
 3 SYSTEMPATH/CodeIgniter.php(453): CodeIgniter\Filters\Filters->run('project/assignlist/10', 'before')
 4 SYSTEMPATH/CodeIgniter.php(349): CodeIgniter\CodeIgniter->handleRequest(null, Object(Config\Cache), false)
 5 FCPATH/index.php(73): CodeIgniter\CodeIgniter->run()
CRITICAL - 2023-02-06 16:09:03 --> Expired token
in FCPATH/vendor/firebase/php-jwt/src/JWT.php on line 162.
 1 APPPATH/Filters/Auth.php(62): Firebase\JWT\JWT::decode('eyJ0eXAiOiJKV1QiLCJhbGciOiJIUzI1NiJ9.eyJpc3MiOiJOZWVsIG5ldHdvcmtzIiwiYXVkIjoiY3VzdG9tZXIiLCJpYXQiOjE2NzU2NzU4ODAsImV4cCI6MTY3NTY3OTQ4MCwiZW1haWwiOiJkZXZlbkBuZWVsbmV0d29ya3MuY29tIn0.thXvOUkEqvvD-d0-8kS7YtNk39s2fyRkxgNu7Ayn3f0', Object(Firebase\JWT\Key))
 2 SYSTEMPATH/Filters/Filters.php(173): App\Filters\Auth->before(Object(CodeIgniter\HTTP\IncomingRequest), null)
 3 SYSTEMPATH/CodeIgniter.php(453): CodeIgniter\Filters\Filters->run('project/assignlist/10', 'before')
 4 SYSTEMPATH/CodeIgniter.php(349): CodeIgniter\CodeIgniter->handleRequest(null, Object(Config\Cache), false)
 5 FCPATH/index.php(73): CodeIgniter\CodeIgniter->run()
CRITICAL - 2023-02-06 16:09:03 --> Expired token
in FCPATH/vendor/firebase/php-jwt/src/JWT.php on line 162.
 1 APPPATH/Filters/Auth.php(62): Firebase\JWT\JWT::decode('eyJ0eXAiOiJKV1QiLCJhbGciOiJIUzI1NiJ9.eyJpc3MiOiJOZWVsIG5ldHdvcmtzIiwiYXVkIjoiY3VzdG9tZXIiLCJpYXQiOjE2NzU2NzU4ODAsImV4cCI6MTY3NTY3OTQ4MCwiZW1haWwiOiJkZXZlbkBuZWVsbmV0d29ya3MuY29tIn0.thXvOUkEqvvD-d0-8kS7YtNk39s2fyRkxgNu7Ayn3f0', Object(Firebase\JWT\Key))
 2 SYSTEMPATH/Filters/Filters.php(173): App\Filters\Auth->before(Object(CodeIgniter\HTTP\IncomingRequest), null)
 3 SYSTEMPATH/CodeIgniter.php(453): CodeIgniter\Filters\Filters->run('project', 'before')
 4 SYSTEMPATH/CodeIgniter.php(349): CodeIgniter\CodeIgniter->handleRequest(null, Object(Config\Cache), false)
 5 FCPATH/index.php(73): CodeIgniter\CodeIgniter->run()
CRITICAL - 2023-02-06 16:10:23 --> Expired token
in FCPATH/vendor/firebase/php-jwt/src/JWT.php on line 162.
 1 APPPATH/Filters/Auth.php(62): Firebase\JWT\JWT::decode('eyJ0eXAiOiJKV1QiLCJhbGciOiJIUzI1NiJ9.eyJpc3MiOiJOZWVsIG5ldHdvcmtzIiwiYXVkIjoiY3VzdG9tZXIiLCJpYXQiOjE2NzU2NzU4ODAsImV4cCI6MTY3NTY3OTQ4MCwiZW1haWwiOiJkZXZlbkBuZWVsbmV0d29ya3MuY29tIn0.thXvOUkEqvvD-d0-8kS7YtNk39s2fyRkxgNu7Ayn3f0', Object(Firebase\JWT\Key))
 2 SYSTEMPATH/Filters/Filters.php(173): App\Filters\Auth->before(Object(CodeIgniter\HTTP\IncomingRequest), null)
 3 SYSTEMPATH/CodeIgniter.php(453): CodeIgniter\Filters\Filters->run('reports/foruser/10/12', 'before')
 4 SYSTEMPATH/CodeIgniter.php(349): CodeIgniter\CodeIgniter->handleRequest(null, Object(Config\Cache), false)
 5 FCPATH/index.php(73): CodeIgniter\CodeIgniter->run()
CRITICAL - 2023-02-06 16:10:35 --> Expired token
in FCPATH/vendor/firebase/php-jwt/src/JWT.php on line 162.
 1 APPPATH/Filters/Auth.php(62): Firebase\JWT\JWT::decode('eyJ0eXAiOiJKV1QiLCJhbGciOiJIUzI1NiJ9.eyJpc3MiOiJOZWVsIG5ldHdvcmtzIiwiYXVkIjoiY3VzdG9tZXIiLCJpYXQiOjE2NzU2NzU4ODAsImV4cCI6MTY3NTY3OTQ4MCwiZW1haWwiOiJkZXZlbkBuZWVsbmV0d29ya3MuY29tIn0.thXvOUkEqvvD-d0-8kS7YtNk39s2fyRkxgNu7Ayn3f0', Object(Firebase\JWT\Key))
 2 SYSTEMPATH/Filters/Filters.php(173): App\Filters\Auth->before(Object(CodeIgniter\HTTP\IncomingRequest), null)
 3 SYSTEMPATH/CodeIgniter.php(453): CodeIgniter\Filters\Filters->run('reports/foruser/10/12', 'before')
 4 SYSTEMPATH/CodeIgniter.php(349): CodeIgniter\CodeIgniter->handleRequest(null, Object(Config\Cache), false)
 5 FCPATH/index.php(73): CodeIgniter\CodeIgniter->run()
CRITICAL - 2023-02-06 16:10:52 --> Expired token
in FCPATH/vendor/firebase/php-jwt/src/JWT.php on line 162.
 1 APPPATH/Filters/Auth.php(62): Firebase\JWT\JWT::decode('eyJ0eXAiOiJKV1QiLCJhbGciOiJIUzI1NiJ9.eyJpc3MiOiJOZWVsIG5ldHdvcmtzIiwiYXVkIjoiY3VzdG9tZXIiLCJpYXQiOjE2NzU2NzU4ODAsImV4cCI6MTY3NTY3OTQ4MCwiZW1haWwiOiJkZXZlbkBuZWVsbmV0d29ya3MuY29tIn0.thXvOUkEqvvD-d0-8kS7YtNk39s2fyRkxgNu7Ayn3f0', Object(Firebase\JWT\Key))
 2 SYSTEMPATH/Filters/Filters.php(173): App\Filters\Auth->before(Object(CodeIgniter\HTTP\IncomingRequest), null)
 3 SYSTEMPATH/CodeIgniter.php(453): CodeIgniter\Filters\Filters->run('project', 'before')
 4 SYSTEMPATH/CodeIgniter.php(349): CodeIgniter\CodeIgniter->handleRequest(null, Object(Config\Cache), false)
 5 FCPATH/index.php(73): CodeIgniter\CodeIgniter->run()
CRITICAL - 2023-02-06 16:10:52 --> Expired token
in FCPATH/vendor/firebase/php-jwt/src/JWT.php on line 162.
 1 APPPATH/Filters/Auth.php(62): Firebase\JWT\JWT::decode('eyJ0eXAiOiJKV1QiLCJhbGciOiJIUzI1NiJ9.eyJpc3MiOiJOZWVsIG5ldHdvcmtzIiwiYXVkIjoiY3VzdG9tZXIiLCJpYXQiOjE2NzU2NzU4ODAsImV4cCI6MTY3NTY3OTQ4MCwiZW1haWwiOiJkZXZlbkBuZWVsbmV0d29ya3MuY29tIn0.thXvOUkEqvvD-d0-8kS7YtNk39s2fyRkxgNu7Ayn3f0', Object(Firebase\JWT\Key))
 2 SYSTEMPATH/Filters/Filters.php(173): App\Filters\Auth->before(Object(CodeIgniter\HTTP\IncomingRequest), null)
 3 SYSTEMPATH/CodeIgniter.php(453): CodeIgniter\Filters\Filters->run('project', 'before')
 4 SYSTEMPATH/CodeIgniter.php(349): CodeIgniter\CodeIgniter->handleRequest(null, Object(Config\Cache), false)
 5 FCPATH/index.php(73): CodeIgniter\CodeIgniter->run()
CRITICAL - 2023-02-06 16:10:53 --> Expired token
in FCPATH/vendor/firebase/php-jwt/src/JWT.php on line 162.
 1 APPPATH/Filters/Auth.php(62): Firebase\JWT\JWT::decode('eyJ0eXAiOiJKV1QiLCJhbGciOiJIUzI1NiJ9.eyJpc3MiOiJOZWVsIG5ldHdvcmtzIiwiYXVkIjoiY3VzdG9tZXIiLCJpYXQiOjE2NzU2NzU4ODAsImV4cCI6MTY3NTY3OTQ4MCwiZW1haWwiOiJkZXZlbkBuZWVsbmV0d29ya3MuY29tIn0.thXvOUkEqvvD-d0-8kS7YtNk39s2fyRkxgNu7Ayn3f0', Object(Firebase\JWT\Key))
 2 SYSTEMPATH/Filters/Filters.php(173): App\Filters\Auth->before(Object(CodeIgniter\HTTP\IncomingRequest), null)
 3 SYSTEMPATH/CodeIgniter.php(453): CodeIgniter\Filters\Filters->run('project', 'before')
 4 SYSTEMPATH/CodeIgniter.php(349): CodeIgniter\CodeIgniter->handleRequest(null, Object(Config\Cache), false)
 5 FCPATH/index.php(73): CodeIgniter\CodeIgniter->run()
CRITICAL - 2023-02-06 16:10:53 --> Expired token
in FCPATH/vendor/firebase/php-jwt/src/JWT.php on line 162.
 1 APPPATH/Filters/Auth.php(62): Firebase\JWT\JWT::decode('eyJ0eXAiOiJKV1QiLCJhbGciOiJIUzI1NiJ9.eyJpc3MiOiJOZWVsIG5ldHdvcmtzIiwiYXVkIjoiY3VzdG9tZXIiLCJpYXQiOjE2NzU2NzU4ODAsImV4cCI6MTY3NTY3OTQ4MCwiZW1haWwiOiJkZXZlbkBuZWVsbmV0d29ya3MuY29tIn0.thXvOUkEqvvD-d0-8kS7YtNk39s2fyRkxgNu7Ayn3f0', Object(Firebase\JWT\Key))
 2 SYSTEMPATH/Filters/Filters.php(173): App\Filters\Auth->before(Object(CodeIgniter\HTTP\IncomingRequest), null)
 3 SYSTEMPATH/CodeIgniter.php(453): CodeIgniter\Filters\Filters->run('project', 'before')
 4 SYSTEMPATH/CodeIgniter.php(349): CodeIgniter\CodeIgniter->handleRequest(null, Object(Config\Cache), false)
 5 FCPATH/index.php(73): CodeIgniter\CodeIgniter->run()
CRITICAL - 2023-02-06 16:59:19 --> Expired token
in FCPATH/vendor/firebase/php-jwt/src/JWT.php on line 162.
 1 APPPATH/Filters/Auth.php(62): Firebase\JWT\JWT::decode('eyJ0eXAiOiJKV1QiLCJhbGciOiJIUzI1NiJ9.eyJpc3MiOiJOZWVsIG5ldHdvcmtzIiwiYXVkIjoiY3VzdG9tZXIiLCJpYXQiOjE2NzU2NzY1NjUsImV4cCI6MTY3NTY4MDE2NSwiZW1haWwiOiJwZXNpZ2FAZW1hLXNvZmlhLmV1In0.wuPV2k-IG5lEGVVfDtVEzN9mYipK8NNnlAOMsvJ-5mc', Object(Firebase\JWT\Key))
 2 SYSTEMPATH/Filters/Filters.php(173): App\Filters\Auth->before(Object(CodeIgniter\HTTP\IncomingRequest), null)
 3 SYSTEMPATH/CodeIgniter.php(453): CodeIgniter\Filters\Filters->run('project', 'before')
 4 SYSTEMPATH/CodeIgniter.php(349): CodeIgniter\CodeIgniter->handleRequest(null, Object(Config\Cache), false)
 5 FCPATH/index.php(73): CodeIgniter\CodeIgniter->run()
CRITICAL - 2023-02-06 16:59:19 --> Expired token
in FCPATH/vendor/firebase/php-jwt/src/JWT.php on line 162.
 1 APPPATH/Filters/Auth.php(62): Firebase\JWT\JWT::decode('eyJ0eXAiOiJKV1QiLCJhbGciOiJIUzI1NiJ9.eyJpc3MiOiJOZWVsIG5ldHdvcmtzIiwiYXVkIjoiY3VzdG9tZXIiLCJpYXQiOjE2NzU2NzY1NjUsImV4cCI6MTY3NTY4MDE2NSwiZW1haWwiOiJwZXNpZ2FAZW1hLXNvZmlhLmV1In0.wuPV2k-IG5lEGVVfDtVEzN9mYipK8NNnlAOMsvJ-5mc', Object(Firebase\JWT\Key))
 2 SYSTEMPATH/Filters/Filters.php(173): App\Filters\Auth->before(Object(CodeIgniter\HTTP\IncomingRequest), null)
 3 SYSTEMPATH/CodeIgniter.php(453): CodeIgniter\Filters\Filters->run('project', 'before')
 4 SYSTEMPATH/CodeIgniter.php(349): CodeIgniter\CodeIgniter->handleRequest(null, Object(Config\Cache), false)
 5 FCPATH/index.php(73): CodeIgniter\CodeIgniter->run()
CRITICAL - 2023-02-06 16:59:19 --> Expired token
in FCPATH/vendor/firebase/php-jwt/src/JWT.php on line 162.
 1 APPPATH/Filters/Auth.php(62): Firebase\JWT\JWT::decode('eyJ0eXAiOiJKV1QiLCJhbGciOiJIUzI1NiJ9.eyJpc3MiOiJOZWVsIG5ldHdvcmtzIiwiYXVkIjoiY3VzdG9tZXIiLCJpYXQiOjE2NzU2NzY1NjUsImV4cCI6MTY3NTY4MDE2NSwiZW1haWwiOiJwZXNpZ2FAZW1hLXNvZmlhLmV1In0.wuPV2k-IG5lEGVVfDtVEzN9mYipK8NNnlAOMsvJ-5mc', Object(Firebase\JWT\Key))
 2 SYSTEMPATH/Filters/Filters.php(173): App\Filters\Auth->before(Object(CodeIgniter\HTTP\IncomingRequest), null)
 3 SYSTEMPATH/CodeIgniter.php(453): CodeIgniter\Filters\Filters->run('project', 'before')
 4 SYSTEMPATH/CodeIgniter.php(349): CodeIgniter\CodeIgniter->handleRequest(null, Object(Config\Cache), false)
 5 FCPATH/index.php(73): CodeIgniter\CodeIgniter->run()
CRITICAL - 2023-02-06 16:59:19 --> Expired token
in FCPATH/vendor/firebase/php-jwt/src/JWT.php on line 162.
 1 APPPATH/Filters/Auth.php(62): Firebase\JWT\JWT::decode('eyJ0eXAiOiJKV1QiLCJhbGciOiJIUzI1NiJ9.eyJpc3MiOiJOZWVsIG5ldHdvcmtzIiwiYXVkIjoiY3VzdG9tZXIiLCJpYXQiOjE2NzU2NzY1NjUsImV4cCI6MTY3NTY4MDE2NSwiZW1haWwiOiJwZXNpZ2FAZW1hLXNvZmlhLmV1In0.wuPV2k-IG5lEGVVfDtVEzN9mYipK8NNnlAOMsvJ-5mc', Object(Firebase\JWT\Key))
 2 SYSTEMPATH/Filters/Filters.php(173): App\Filters\Auth->before(Object(CodeIgniter\HTTP\IncomingRequest), null)
 3 SYSTEMPATH/CodeIgniter.php(453): CodeIgniter\Filters\Filters->run('project', 'before')
 4 SYSTEMPATH/CodeIgniter.php(349): CodeIgniter\CodeIgniter->handleRequest(null, Object(Config\Cache), false)
 5 FCPATH/index.php(73): CodeIgniter\CodeIgniter->run()
CRITICAL - 2023-02-06 17:32:44 --> Expired token
in FCPATH/vendor/firebase/php-jwt/src/JWT.php on line 162.
 1 APPPATH/Filters/Auth.php(62): Firebase\JWT\JWT::decode('eyJ0eXAiOiJKV1QiLCJhbGciOiJIUzI1NiJ9.eyJpc3MiOiJOZWVsIG5ldHdvcmtzIiwiYXVkIjoiY3VzdG9tZXIiLCJpYXQiOjE2NzU2NjY4ODcsImV4cCI6MTY3NTY3MDQ4NywiZW1haWwiOiJoZW1hbnRAbmVlbG5ldHdvcmtzLmNvbSJ9.RTygN7XULmgPL3rIdJcHUGzMJv6CJUgZ9s-az5RuL8s', Object(Firebase\JWT\Key))
 2 SYSTEMPATH/Filters/Filters.php(173): App\Filters\Auth->before(Object(CodeIgniter\HTTP\IncomingRequest), null)
 3 SYSTEMPATH/CodeIgniter.php(453): CodeIgniter\Filters\Filters->run('reports/all-user-list-on-single-project', 'before')
 4 SYSTEMPATH/CodeIgniter.php(349): CodeIgniter\CodeIgniter->handleRequest(null, Object(Config\Cache), false)
 5 FCPATH/index.php(73): CodeIgniter\CodeIgniter->run()
CRITICAL - 2023-02-06 18:09:04 --> Expired token
in FCPATH/vendor/firebase/php-jwt/src/JWT.php on line 162.
 1 APPPATH/Filters/Auth.php(62): Firebase\JWT\JWT::decode('eyJ0eXAiOiJKV1QiLCJhbGciOiJIUzI1NiJ9.eyJpc3MiOiJOZWVsIG5ldHdvcmtzIiwiYXVkIjoiY3VzdG9tZXIiLCJpYXQiOjE2NzU2ODMzNDksImV4cCI6MTY3NTY4Njk0OSwiZW1haWwiOiJkZXZlbkBuZWVsbmV0d29ya3MuY29tIn0.BeaD4T5KZCPeh53vcMkTo-d2BZgy8HJPY1UwqphYcY8', Object(Firebase\JWT\Key))
 2 SYSTEMPATH/Filters/Filters.php(173): App\Filters\Auth->before(Object(CodeIgniter\HTTP\IncomingRequest), null)
 3 SYSTEMPATH/CodeIgniter.php(453): CodeIgniter\Filters\Filters->run('reports/foruser/10/12', 'before')
 4 SYSTEMPATH/CodeIgniter.php(349): CodeIgniter\CodeIgniter->handleRequest(null, Object(Config\Cache), false)
 5 FCPATH/index.php(73): CodeIgniter\CodeIgniter->run()
