ERROR - 2023-04-13 12:38:16 --> mysqli_sql_exception: Unknown column 'projects.project_completed' in 'where clause' in /home3/neelneel/public_html/ems/v2/system/Database/MySQLi/Connection.php:292
Stack trace:
#0 /home3/neelneel/public_html/ems/v2/system/Database/MySQLi/Connection.php(292): mysqli->query('SELECT *\nFROM `...', 0)
#1 /home3/neelneel/public_html/ems/v2/system/Database/BaseConnection.php(666): CodeIgniter\Database\MySQLi\Connection->execute('SELECT *\nFROM `...')
#2 /home3/neelneel/public_html/ems/v2/system/Database/BaseConnection.php(593): CodeIgniter\Database\BaseConnection->simpleQuery('SELECT *\nFROM `...')
#3 /home3/neelneel/public_html/ems/v2/system/Database/BaseBuilder.php(1585): CodeIgniter\Database\BaseConnection->query('SELECT *\nFROM `...', Array, false)
#4 /home3/neelneel/public_html/ems/v2/app/Models/ProjectAssignModel.php(109): CodeIgniter\Database\BaseBuilder->get()
#5 /home3/neelneel/public_html/ems/v2/app/Controllers/LoginController.php(300): App\Models\ProjectAssignModel->countAllAssignProject('12')
#6 /home3/neelneel/public_html/ems/v2/system/CodeIgniter.php(925): App\Controllers\LoginController->countAllProjectForSingleUser('12')
#7 /home3/neelneel/public_html/ems/v2/system/CodeIgniter.php(480): CodeIgniter\CodeIgniter->runController(Object(App\Controllers\LoginController))
#8 /home3/neelneel/public_html/ems/v2/system/CodeIgniter.php(349): CodeIgniter\CodeIgniter->handleRequest(NULL, Object(Config\Cache), false)
#9 /home3/neelneel/public_html/ems/v2/index.php(73): CodeIgniter\CodeIgniter->run()
#10 {main}
CRITICAL - 2023-04-13 12:38:16 --> Unknown column 'projects.project_completed' in 'where clause'
in SYSTEMPATH/Database/MySQLi/Connection.php on line 292.
 1 SYSTEMPATH/Database/MySQLi/Connection.php(292): mysqli->query('SELECT *
FROM `project_assign`
JOIN `projects` ON `project_assign`.`project_id` = `projects`.`id`
WHERE `project_assign`.`user_id` = \'12\'
AND   (
`project_assign`.`project_deallocate` = \'no\'
OR `project_assign`.`project_deallocate` = \'yes\'
AND `projects`.`project_completed` = \'yes\'
 )', 0)
 2 SYSTEMPATH/Database/BaseConnection.php(666): CodeIgniter\Database\MySQLi\Connection->execute('SELECT *
FROM `project_assign`
JOIN `projects` ON `project_assign`.`project_id` = `projects`.`id`
WHERE `project_assign`.`user_id` = \'12\'
AND   (
`project_assign`.`project_deallocate` = \'no\'
OR `project_assign`.`project_deallocate` = \'yes\'
AND `projects`.`project_completed` = \'yes\'
 )')
 3 SYSTEMPATH/Database/BaseConnection.php(593): CodeIgniter\Database\BaseConnection->simpleQuery('SELECT *
FROM `project_assign`
JOIN `projects` ON `project_assign`.`project_id` = `projects`.`id`
WHERE `project_assign`.`user_id` = \'12\'
AND   (
`project_assign`.`project_deallocate` = \'no\'
OR `project_assign`.`project_deallocate` = \'yes\'
AND `projects`.`project_completed` = \'yes\'
 )')
 4 SYSTEMPATH/Database/BaseBuilder.php(1585): CodeIgniter\Database\BaseConnection->query('SELECT *
FROM `project_assign`
JOIN `projects` ON `project_assign`.`project_id` = `projects`.`id`
WHERE `project_assign`.`user_id` = :project_assign.user_id:
AND   (
`project_assign`.`project_deallocate` = :project_assign.project_deallocate:
OR `project_assign`.`project_deallocate` = :project_assign.project_deallocate.1:
AND `projects`.`project_completed` = :projects.project_completed:
 )', [...], false)
 5 APPPATH/Models/ProjectAssignModel.php(109): CodeIgniter\Database\BaseBuilder->get()
 6 APPPATH/Controllers/LoginController.php(300): App\Models\ProjectAssignModel->countAllAssignProject('12')
 7 SYSTEMPATH/CodeIgniter.php(925): App\Controllers\LoginController->countAllProjectForSingleUser('12')
 8 SYSTEMPATH/CodeIgniter.php(480): CodeIgniter\CodeIgniter->runController(Object(App\Controllers\LoginController))
 9 SYSTEMPATH/CodeIgniter.php(349): CodeIgniter\CodeIgniter->handleRequest(null, Object(Config\Cache), false)
10 FCPATH/index.php(73): CodeIgniter\CodeIgniter->run()
ERROR - 2023-04-13 12:38:16 --> mysqli_sql_exception: Unknown column 'projects.project_completed' in 'where clause' in /home3/neelneel/public_html/ems/v2/system/Database/MySQLi/Connection.php:292
Stack trace:
#0 /home3/neelneel/public_html/ems/v2/system/Database/MySQLi/Connection.php(292): mysqli->query('SELECT *\nFROM `...', 0)
#1 /home3/neelneel/public_html/ems/v2/system/Database/BaseConnection.php(666): CodeIgniter\Database\MySQLi\Connection->execute('SELECT *\nFROM `...')
#2 /home3/neelneel/public_html/ems/v2/system/Database/BaseConnection.php(593): CodeIgniter\Database\BaseConnection->simpleQuery('SELECT *\nFROM `...')
#3 /home3/neelneel/public_html/ems/v2/system/Database/BaseBuilder.php(1585): CodeIgniter\Database\BaseConnection->query('SELECT *\nFROM `...', Array, false)
#4 /home3/neelneel/public_html/ems/v2/app/Models/ProjectAssignModel.php(109): CodeIgniter\Database\BaseBuilder->get()
#5 /home3/neelneel/public_html/ems/v2/app/Controllers/LoginController.php(300): App\Models\ProjectAssignModel->countAllAssignProject('12')
#6 /home3/neelneel/public_html/ems/v2/system/CodeIgniter.php(925): App\Controllers\LoginController->countAllProjectForSingleUser('12')
#7 /home3/neelneel/public_html/ems/v2/system/CodeIgniter.php(480): CodeIgniter\CodeIgniter->runController(Object(App\Controllers\LoginController))
#8 /home3/neelneel/public_html/ems/v2/system/CodeIgniter.php(349): CodeIgniter\CodeIgniter->handleRequest(NULL, Object(Config\Cache), false)
#9 /home3/neelneel/public_html/ems/v2/index.php(73): CodeIgniter\CodeIgniter->run()
#10 {main}
CRITICAL - 2023-04-13 12:38:16 --> Unknown column 'projects.project_completed' in 'where clause'
in SYSTEMPATH/Database/MySQLi/Connection.php on line 292.
 1 SYSTEMPATH/Database/MySQLi/Connection.php(292): mysqli->query('SELECT *
FROM `project_assign`
JOIN `projects` ON `project_assign`.`project_id` = `projects`.`id`
WHERE `project_assign`.`user_id` = \'12\'
AND   (
`project_assign`.`project_deallocate` = \'no\'
OR `project_assign`.`project_deallocate` = \'yes\'
AND `projects`.`project_completed` = \'yes\'
 )', 0)
 2 SYSTEMPATH/Database/BaseConnection.php(666): CodeIgniter\Database\MySQLi\Connection->execute('SELECT *
FROM `project_assign`
JOIN `projects` ON `project_assign`.`project_id` = `projects`.`id`
WHERE `project_assign`.`user_id` = \'12\'
AND   (
`project_assign`.`project_deallocate` = \'no\'
OR `project_assign`.`project_deallocate` = \'yes\'
AND `projects`.`project_completed` = \'yes\'
 )')
 3 SYSTEMPATH/Database/BaseConnection.php(593): CodeIgniter\Database\BaseConnection->simpleQuery('SELECT *
FROM `project_assign`
JOIN `projects` ON `project_assign`.`project_id` = `projects`.`id`
WHERE `project_assign`.`user_id` = \'12\'
AND   (
`project_assign`.`project_deallocate` = \'no\'
OR `project_assign`.`project_deallocate` = \'yes\'
AND `projects`.`project_completed` = \'yes\'
 )')
 4 SYSTEMPATH/Database/BaseBuilder.php(1585): CodeIgniter\Database\BaseConnection->query('SELECT *
FROM `project_assign`
JOIN `projects` ON `project_assign`.`project_id` = `projects`.`id`
WHERE `project_assign`.`user_id` = :project_assign.user_id:
AND   (
`project_assign`.`project_deallocate` = :project_assign.project_deallocate:
OR `project_assign`.`project_deallocate` = :project_assign.project_deallocate.1:
AND `projects`.`project_completed` = :projects.project_completed:
 )', [...], false)
 5 APPPATH/Models/ProjectAssignModel.php(109): CodeIgniter\Database\BaseBuilder->get()
 6 APPPATH/Controllers/LoginController.php(300): App\Models\ProjectAssignModel->countAllAssignProject('12')
 7 SYSTEMPATH/CodeIgniter.php(925): App\Controllers\LoginController->countAllProjectForSingleUser('12')
 8 SYSTEMPATH/CodeIgniter.php(480): CodeIgniter\CodeIgniter->runController(Object(App\Controllers\LoginController))
 9 SYSTEMPATH/CodeIgniter.php(349): CodeIgniter\CodeIgniter->handleRequest(null, Object(Config\Cache), false)
10 FCPATH/index.php(73): CodeIgniter\CodeIgniter->run()
ERROR - 2023-04-13 12:38:29 --> mysqli_sql_exception: Unknown column 'projects.project_completed' in 'where clause' in /home3/neelneel/public_html/ems/v2/system/Database/MySQLi/Connection.php:292
Stack trace:
#0 /home3/neelneel/public_html/ems/v2/system/Database/MySQLi/Connection.php(292): mysqli->query('SELECT *\nFROM `...', 0)
#1 /home3/neelneel/public_html/ems/v2/system/Database/BaseConnection.php(666): CodeIgniter\Database\MySQLi\Connection->execute('SELECT *\nFROM `...')
#2 /home3/neelneel/public_html/ems/v2/system/Database/BaseConnection.php(593): CodeIgniter\Database\BaseConnection->simpleQuery('SELECT *\nFROM `...')
#3 /home3/neelneel/public_html/ems/v2/system/Database/BaseBuilder.php(1585): CodeIgniter\Database\BaseConnection->query('SELECT *\nFROM `...', Array, false)
#4 /home3/neelneel/public_html/ems/v2/app/Models/ProjectAssignModel.php(109): CodeIgniter\Database\BaseBuilder->get()
#5 /home3/neelneel/public_html/ems/v2/app/Controllers/LoginController.php(300): App\Models\ProjectAssignModel->countAllAssignProject('12')
#6 /home3/neelneel/public_html/ems/v2/system/CodeIgniter.php(925): App\Controllers\LoginController->countAllProjectForSingleUser('12')
#7 /home3/neelneel/public_html/ems/v2/system/CodeIgniter.php(480): CodeIgniter\CodeIgniter->runController(Object(App\Controllers\LoginController))
#8 /home3/neelneel/public_html/ems/v2/system/CodeIgniter.php(349): CodeIgniter\CodeIgniter->handleRequest(NULL, Object(Config\Cache), false)
#9 /home3/neelneel/public_html/ems/v2/index.php(73): CodeIgniter\CodeIgniter->run()
#10 {main}
CRITICAL - 2023-04-13 12:38:29 --> Unknown column 'projects.project_completed' in 'where clause'
in SYSTEMPATH/Database/MySQLi/Connection.php on line 292.
 1 SYSTEMPATH/Database/MySQLi/Connection.php(292): mysqli->query('SELECT *
FROM `project_assign`
JOIN `projects` ON `project_assign`.`project_id` = `projects`.`id`
WHERE `project_assign`.`user_id` = \'12\'
AND   (
`project_assign`.`project_deallocate` = \'no\'
OR `project_assign`.`project_deallocate` = \'yes\'
AND `projects`.`project_completed` = \'yes\'
 )', 0)
 2 SYSTEMPATH/Database/BaseConnection.php(666): CodeIgniter\Database\MySQLi\Connection->execute('SELECT *
FROM `project_assign`
JOIN `projects` ON `project_assign`.`project_id` = `projects`.`id`
WHERE `project_assign`.`user_id` = \'12\'
AND   (
`project_assign`.`project_deallocate` = \'no\'
OR `project_assign`.`project_deallocate` = \'yes\'
AND `projects`.`project_completed` = \'yes\'
 )')
 3 SYSTEMPATH/Database/BaseConnection.php(593): CodeIgniter\Database\BaseConnection->simpleQuery('SELECT *
FROM `project_assign`
JOIN `projects` ON `project_assign`.`project_id` = `projects`.`id`
WHERE `project_assign`.`user_id` = \'12\'
AND   (
`project_assign`.`project_deallocate` = \'no\'
OR `project_assign`.`project_deallocate` = \'yes\'
AND `projects`.`project_completed` = \'yes\'
 )')
 4 SYSTEMPATH/Database/BaseBuilder.php(1585): CodeIgniter\Database\BaseConnection->query('SELECT *
FROM `project_assign`
JOIN `projects` ON `project_assign`.`project_id` = `projects`.`id`
WHERE `project_assign`.`user_id` = :project_assign.user_id:
AND   (
`project_assign`.`project_deallocate` = :project_assign.project_deallocate:
OR `project_assign`.`project_deallocate` = :project_assign.project_deallocate.1:
AND `projects`.`project_completed` = :projects.project_completed:
 )', [...], false)
 5 APPPATH/Models/ProjectAssignModel.php(109): CodeIgniter\Database\BaseBuilder->get()
 6 APPPATH/Controllers/LoginController.php(300): App\Models\ProjectAssignModel->countAllAssignProject('12')
 7 SYSTEMPATH/CodeIgniter.php(925): App\Controllers\LoginController->countAllProjectForSingleUser('12')
 8 SYSTEMPATH/CodeIgniter.php(480): CodeIgniter\CodeIgniter->runController(Object(App\Controllers\LoginController))
 9 SYSTEMPATH/CodeIgniter.php(349): CodeIgniter\CodeIgniter->handleRequest(null, Object(Config\Cache), false)
10 FCPATH/index.php(73): CodeIgniter\CodeIgniter->run()
ERROR - 2023-04-13 12:38:29 --> mysqli_sql_exception: Unknown column 'projects.project_completed' in 'where clause' in /home3/neelneel/public_html/ems/v2/system/Database/MySQLi/Connection.php:292
Stack trace:
#0 /home3/neelneel/public_html/ems/v2/system/Database/MySQLi/Connection.php(292): mysqli->query('SELECT *\nFROM `...', 0)
#1 /home3/neelneel/public_html/ems/v2/system/Database/BaseConnection.php(666): CodeIgniter\Database\MySQLi\Connection->execute('SELECT *\nFROM `...')
#2 /home3/neelneel/public_html/ems/v2/system/Database/BaseConnection.php(593): CodeIgniter\Database\BaseConnection->simpleQuery('SELECT *\nFROM `...')
#3 /home3/neelneel/public_html/ems/v2/system/Database/BaseBuilder.php(1585): CodeIgniter\Database\BaseConnection->query('SELECT *\nFROM `...', Array, false)
#4 /home3/neelneel/public_html/ems/v2/app/Models/ProjectAssignModel.php(109): CodeIgniter\Database\BaseBuilder->get()
#5 /home3/neelneel/public_html/ems/v2/app/Controllers/LoginController.php(300): App\Models\ProjectAssignModel->countAllAssignProject('12')
#6 /home3/neelneel/public_html/ems/v2/system/CodeIgniter.php(925): App\Controllers\LoginController->countAllProjectForSingleUser('12')
#7 /home3/neelneel/public_html/ems/v2/system/CodeIgniter.php(480): CodeIgniter\CodeIgniter->runController(Object(App\Controllers\LoginController))
#8 /home3/neelneel/public_html/ems/v2/system/CodeIgniter.php(349): CodeIgniter\CodeIgniter->handleRequest(NULL, Object(Config\Cache), false)
#9 /home3/neelneel/public_html/ems/v2/index.php(73): CodeIgniter\CodeIgniter->run()
#10 {main}
CRITICAL - 2023-04-13 12:38:29 --> Unknown column 'projects.project_completed' in 'where clause'
in SYSTEMPATH/Database/MySQLi/Connection.php on line 292.
 1 SYSTEMPATH/Database/MySQLi/Connection.php(292): mysqli->query('SELECT *
FROM `project_assign`
JOIN `projects` ON `project_assign`.`project_id` = `projects`.`id`
WHERE `project_assign`.`user_id` = \'12\'
AND   (
`project_assign`.`project_deallocate` = \'no\'
OR `project_assign`.`project_deallocate` = \'yes\'
AND `projects`.`project_completed` = \'yes\'
 )', 0)
 2 SYSTEMPATH/Database/BaseConnection.php(666): CodeIgniter\Database\MySQLi\Connection->execute('SELECT *
FROM `project_assign`
JOIN `projects` ON `project_assign`.`project_id` = `projects`.`id`
WHERE `project_assign`.`user_id` = \'12\'
AND   (
`project_assign`.`project_deallocate` = \'no\'
OR `project_assign`.`project_deallocate` = \'yes\'
AND `projects`.`project_completed` = \'yes\'
 )')
 3 SYSTEMPATH/Database/BaseConnection.php(593): CodeIgniter\Database\BaseConnection->simpleQuery('SELECT *
FROM `project_assign`
JOIN `projects` ON `project_assign`.`project_id` = `projects`.`id`
WHERE `project_assign`.`user_id` = \'12\'
AND   (
`project_assign`.`project_deallocate` = \'no\'
OR `project_assign`.`project_deallocate` = \'yes\'
AND `projects`.`project_completed` = \'yes\'
 )')
 4 SYSTEMPATH/Database/BaseBuilder.php(1585): CodeIgniter\Database\BaseConnection->query('SELECT *
FROM `project_assign`
JOIN `projects` ON `project_assign`.`project_id` = `projects`.`id`
WHERE `project_assign`.`user_id` = :project_assign.user_id:
AND   (
`project_assign`.`project_deallocate` = :project_assign.project_deallocate:
OR `project_assign`.`project_deallocate` = :project_assign.project_deallocate.1:
AND `projects`.`project_completed` = :projects.project_completed:
 )', [...], false)
 5 APPPATH/Models/ProjectAssignModel.php(109): CodeIgniter\Database\BaseBuilder->get()
 6 APPPATH/Controllers/LoginController.php(300): App\Models\ProjectAssignModel->countAllAssignProject('12')
 7 SYSTEMPATH/CodeIgniter.php(925): App\Controllers\LoginController->countAllProjectForSingleUser('12')
 8 SYSTEMPATH/CodeIgniter.php(480): CodeIgniter\CodeIgniter->runController(Object(App\Controllers\LoginController))
 9 SYSTEMPATH/CodeIgniter.php(349): CodeIgniter\CodeIgniter->handleRequest(null, Object(Config\Cache), false)
10 FCPATH/index.php(73): CodeIgniter\CodeIgniter->run()
ERROR - 2023-04-13 12:38:42 --> mysqli_sql_exception: Unknown column 'projects.project_completed' in 'where clause' in /home3/neelneel/public_html/ems/v2/system/Database/MySQLi/Connection.php:292
Stack trace:
#0 /home3/neelneel/public_html/ems/v2/system/Database/MySQLi/Connection.php(292): mysqli->query('SELECT *\nFROM `...', 0)
#1 /home3/neelneel/public_html/ems/v2/system/Database/BaseConnection.php(666): CodeIgniter\Database\MySQLi\Connection->execute('SELECT *\nFROM `...')
#2 /home3/neelneel/public_html/ems/v2/system/Database/BaseConnection.php(593): CodeIgniter\Database\BaseConnection->simpleQuery('SELECT *\nFROM `...')
#3 /home3/neelneel/public_html/ems/v2/system/Database/BaseBuilder.php(1585): CodeIgniter\Database\BaseConnection->query('SELECT *\nFROM `...', Array, false)
#4 /home3/neelneel/public_html/ems/v2/app/Models/ProjectAssignModel.php(109): CodeIgniter\Database\BaseBuilder->get()
#5 /home3/neelneel/public_html/ems/v2/app/Controllers/LoginController.php(300): App\Models\ProjectAssignModel->countAllAssignProject('12')
#6 /home3/neelneel/public_html/ems/v2/system/CodeIgniter.php(925): App\Controllers\LoginController->countAllProjectForSingleUser('12')
#7 /home3/neelneel/public_html/ems/v2/system/CodeIgniter.php(480): CodeIgniter\CodeIgniter->runController(Object(App\Controllers\LoginController))
#8 /home3/neelneel/public_html/ems/v2/system/CodeIgniter.php(349): CodeIgniter\CodeIgniter->handleRequest(NULL, Object(Config\Cache), false)
#9 /home3/neelneel/public_html/ems/v2/index.php(73): CodeIgniter\CodeIgniter->run()
#10 {main}
CRITICAL - 2023-04-13 12:38:42 --> Unknown column 'projects.project_completed' in 'where clause'
in SYSTEMPATH/Database/MySQLi/Connection.php on line 292.
 1 SYSTEMPATH/Database/MySQLi/Connection.php(292): mysqli->query('SELECT *
FROM `project_assign`
JOIN `projects` ON `project_assign`.`project_id` = `projects`.`id`
WHERE `project_assign`.`user_id` = \'12\'
AND   (
`project_assign`.`project_deallocate` = \'no\'
OR `project_assign`.`project_deallocate` = \'yes\'
AND `projects`.`project_completed` = \'yes\'
 )', 0)
 2 SYSTEMPATH/Database/BaseConnection.php(666): CodeIgniter\Database\MySQLi\Connection->execute('SELECT *
FROM `project_assign`
JOIN `projects` ON `project_assign`.`project_id` = `projects`.`id`
WHERE `project_assign`.`user_id` = \'12\'
AND   (
`project_assign`.`project_deallocate` = \'no\'
OR `project_assign`.`project_deallocate` = \'yes\'
AND `projects`.`project_completed` = \'yes\'
 )')
 3 SYSTEMPATH/Database/BaseConnection.php(593): CodeIgniter\Database\BaseConnection->simpleQuery('SELECT *
FROM `project_assign`
JOIN `projects` ON `project_assign`.`project_id` = `projects`.`id`
WHERE `project_assign`.`user_id` = \'12\'
AND   (
`project_assign`.`project_deallocate` = \'no\'
OR `project_assign`.`project_deallocate` = \'yes\'
AND `projects`.`project_completed` = \'yes\'
 )')
 4 SYSTEMPATH/Database/BaseBuilder.php(1585): CodeIgniter\Database\BaseConnection->query('SELECT *
FROM `project_assign`
JOIN `projects` ON `project_assign`.`project_id` = `projects`.`id`
WHERE `project_assign`.`user_id` = :project_assign.user_id:
AND   (
`project_assign`.`project_deallocate` = :project_assign.project_deallocate:
OR `project_assign`.`project_deallocate` = :project_assign.project_deallocate.1:
AND `projects`.`project_completed` = :projects.project_completed:
 )', [...], false)
 5 APPPATH/Models/ProjectAssignModel.php(109): CodeIgniter\Database\BaseBuilder->get()
 6 APPPATH/Controllers/LoginController.php(300): App\Models\ProjectAssignModel->countAllAssignProject('12')
 7 SYSTEMPATH/CodeIgniter.php(925): App\Controllers\LoginController->countAllProjectForSingleUser('12')
 8 SYSTEMPATH/CodeIgniter.php(480): CodeIgniter\CodeIgniter->runController(Object(App\Controllers\LoginController))
 9 SYSTEMPATH/CodeIgniter.php(349): CodeIgniter\CodeIgniter->handleRequest(null, Object(Config\Cache), false)
10 FCPATH/index.php(73): CodeIgniter\CodeIgniter->run()
ERROR - 2023-04-13 12:38:43 --> mysqli_sql_exception: Unknown column 'projects.project_completed' in 'where clause' in /home3/neelneel/public_html/ems/v2/system/Database/MySQLi/Connection.php:292
Stack trace:
#0 /home3/neelneel/public_html/ems/v2/system/Database/MySQLi/Connection.php(292): mysqli->query('SELECT *\nFROM `...', 0)
#1 /home3/neelneel/public_html/ems/v2/system/Database/BaseConnection.php(666): CodeIgniter\Database\MySQLi\Connection->execute('SELECT *\nFROM `...')
#2 /home3/neelneel/public_html/ems/v2/system/Database/BaseConnection.php(593): CodeIgniter\Database\BaseConnection->simpleQuery('SELECT *\nFROM `...')
#3 /home3/neelneel/public_html/ems/v2/system/Database/BaseBuilder.php(1585): CodeIgniter\Database\BaseConnection->query('SELECT *\nFROM `...', Array, false)
#4 /home3/neelneel/public_html/ems/v2/app/Models/ProjectAssignModel.php(109): CodeIgniter\Database\BaseBuilder->get()
#5 /home3/neelneel/public_html/ems/v2/app/Controllers/LoginController.php(300): App\Models\ProjectAssignModel->countAllAssignProject('12')
#6 /home3/neelneel/public_html/ems/v2/system/CodeIgniter.php(925): App\Controllers\LoginController->countAllProjectForSingleUser('12')
#7 /home3/neelneel/public_html/ems/v2/system/CodeIgniter.php(480): CodeIgniter\CodeIgniter->runController(Object(App\Controllers\LoginController))
#8 /home3/neelneel/public_html/ems/v2/system/CodeIgniter.php(349): CodeIgniter\CodeIgniter->handleRequest(NULL, Object(Config\Cache), false)
#9 /home3/neelneel/public_html/ems/v2/index.php(73): CodeIgniter\CodeIgniter->run()
#10 {main}
CRITICAL - 2023-04-13 12:38:43 --> Unknown column 'projects.project_completed' in 'where clause'
in SYSTEMPATH/Database/MySQLi/Connection.php on line 292.
 1 SYSTEMPATH/Database/MySQLi/Connection.php(292): mysqli->query('SELECT *
FROM `project_assign`
JOIN `projects` ON `project_assign`.`project_id` = `projects`.`id`
WHERE `project_assign`.`user_id` = \'12\'
AND   (
`project_assign`.`project_deallocate` = \'no\'
OR `project_assign`.`project_deallocate` = \'yes\'
AND `projects`.`project_completed` = \'yes\'
 )', 0)
 2 SYSTEMPATH/Database/BaseConnection.php(666): CodeIgniter\Database\MySQLi\Connection->execute('SELECT *
FROM `project_assign`
JOIN `projects` ON `project_assign`.`project_id` = `projects`.`id`
WHERE `project_assign`.`user_id` = \'12\'
AND   (
`project_assign`.`project_deallocate` = \'no\'
OR `project_assign`.`project_deallocate` = \'yes\'
AND `projects`.`project_completed` = \'yes\'
 )')
 3 SYSTEMPATH/Database/BaseConnection.php(593): CodeIgniter\Database\BaseConnection->simpleQuery('SELECT *
FROM `project_assign`
JOIN `projects` ON `project_assign`.`project_id` = `projects`.`id`
WHERE `project_assign`.`user_id` = \'12\'
AND   (
`project_assign`.`project_deallocate` = \'no\'
OR `project_assign`.`project_deallocate` = \'yes\'
AND `projects`.`project_completed` = \'yes\'
 )')
 4 SYSTEMPATH/Database/BaseBuilder.php(1585): CodeIgniter\Database\BaseConnection->query('SELECT *
FROM `project_assign`
JOIN `projects` ON `project_assign`.`project_id` = `projects`.`id`
WHERE `project_assign`.`user_id` = :project_assign.user_id:
AND   (
`project_assign`.`project_deallocate` = :project_assign.project_deallocate:
OR `project_assign`.`project_deallocate` = :project_assign.project_deallocate.1:
AND `projects`.`project_completed` = :projects.project_completed:
 )', [...], false)
 5 APPPATH/Models/ProjectAssignModel.php(109): CodeIgniter\Database\BaseBuilder->get()
 6 APPPATH/Controllers/LoginController.php(300): App\Models\ProjectAssignModel->countAllAssignProject('12')
 7 SYSTEMPATH/CodeIgniter.php(925): App\Controllers\LoginController->countAllProjectForSingleUser('12')
 8 SYSTEMPATH/CodeIgniter.php(480): CodeIgniter\CodeIgniter->runController(Object(App\Controllers\LoginController))
 9 SYSTEMPATH/CodeIgniter.php(349): CodeIgniter\CodeIgniter->handleRequest(null, Object(Config\Cache), false)
10 FCPATH/index.php(73): CodeIgniter\CodeIgniter->run()
CRITICAL - 2023-04-13 15:57:43 --> Undefined array key "username"
in APPPATH/Controllers/ProjectAssignController.php on line 519.
 1 APPPATH/Controllers/ProjectAssignController.php(519): CodeIgniter\Debug\Exceptions->errorHandler(2, 'Undefined array key "username"', 'APPPATH/Controllers/ProjectAssignController.php', 519)
 2 SYSTEMPATH/CodeIgniter.php(925): App\Controllers\ProjectAssignController->submit()
 3 SYSTEMPATH/CodeIgniter.php(480): CodeIgniter\CodeIgniter->runController(Object(App\Controllers\ProjectAssignController))
 4 SYSTEMPATH/CodeIgniter.php(349): CodeIgniter\CodeIgniter->handleRequest(null, Object(Config\Cache), false)
 5 FCPATH/index.php(73): CodeIgniter\CodeIgniter->run()
ERROR - 2023-04-13 15:58:35 --> mysqli_sql_exception: Operand should contain 1 column(s) in /home3/neelneel/public_html/ems/v2/system/Database/MySQLi/Connection.php:292
Stack trace:
#0 /home3/neelneel/public_html/ems/v2/system/Database/MySQLi/Connection.php(292): mysqli->query('INSERT INTO `em...', 0)
#1 /home3/neelneel/public_html/ems/v2/system/Database/BaseConnection.php(666): CodeIgniter\Database\MySQLi\Connection->execute('INSERT INTO `em...')
#2 /home3/neelneel/public_html/ems/v2/system/Database/BaseConnection.php(593): CodeIgniter\Database\BaseConnection->simpleQuery('INSERT INTO `em...')
#3 /home3/neelneel/public_html/ems/v2/system/Database/BaseBuilder.php(1916): CodeIgniter\Database\BaseConnection->query('INSERT INTO `em...', Array, false)
#4 /home3/neelneel/public_html/ems/v2/system/Model.php(303): CodeIgniter\Database\BaseBuilder->insert()
#5 /home3/neelneel/public_html/ems/v2/system/BaseModel.php(750): CodeIgniter\Model->doInsert(Array)
#6 /home3/neelneel/public_html/ems/v2/system/Model.php(695): CodeIgniter\BaseModel->insert(Array, true)
#7 /home3/neelneel/public_html/ems/v2/app/Controllers/ProjectAssignController.php(525): CodeIgniter\Model->insert(Array)
#8 /home3/neelneel/public_html/ems/v2/system/CodeIgniter.php(925): App\Controllers\ProjectAssignController->submit()
#9 /home3/neelneel/public_html/ems/v2/system/CodeIgniter.php(480): CodeIgniter\CodeIgniter->runController(Object(App\Controllers\ProjectAssignController))
#10 /home3/neelneel/public_html/ems/v2/system/CodeIgniter.php(349): CodeIgniter\CodeIgniter->handleRequest(NULL, Object(Config\Cache), false)
#11 /home3/neelneel/public_html/ems/v2/index.php(73): CodeIgniter\CodeIgniter->run()
#12 {main}
CRITICAL - 2023-04-13 15:58:35 --> Operand should contain 1 column(s)
in SYSTEMPATH/Database/MySQLi/Connection.php on line 292.
 1 SYSTEMPATH/Database/MySQLi/Connection.php(292): mysqli->query('INSERT INTO `email_conversation` (`project_id`, `email_to`, `email_by`, `email_content`) VALUES (\'29\', \'deven@neelnetworks.com\', \'hemant@neelnetworks.com\', (201,0,\'Thank you your work is submited please wait while admin/manager checking your changes....\'))', 0)
 2 SYSTEMPATH/Database/BaseConnection.php(666): CodeIgniter\Database\MySQLi\Connection->execute('INSERT INTO `email_conversation` (`project_id`, `email_to`, `email_by`, `email_content`) VALUES (\'29\', \'deven@neelnetworks.com\', \'hemant@neelnetworks.com\', (201,0,\'Thank you your work is submited please wait while admin/manager checking your changes....\'))')
 3 SYSTEMPATH/Database/BaseConnection.php(593): CodeIgniter\Database\BaseConnection->simpleQuery('INSERT INTO `email_conversation` (`project_id`, `email_to`, `email_by`, `email_content`) VALUES (\'29\', \'deven@neelnetworks.com\', \'hemant@neelnetworks.com\', (201,0,\'Thank you your work is submited please wait while admin/manager checking your changes....\'))')
 4 SYSTEMPATH/Database/BaseBuilder.php(1916): CodeIgniter\Database\BaseConnection->query('INSERT INTO `email_conversation` (`project_id`, `email_to`, `email_by`, `email_content`) VALUES (:project_id:, :email_to:, :email_by:, :email_content:)', [...], false)
 5 SYSTEMPATH/Model.php(303): CodeIgniter\Database\BaseBuilder->insert()
 6 SYSTEMPATH/BaseModel.php(750): CodeIgniter\Model->doInsert([...])
 7 SYSTEMPATH/Model.php(695): CodeIgniter\BaseModel->insert([...], true)
 8 APPPATH/Controllers/ProjectAssignController.php(525): CodeIgniter\Model->insert([...])
 9 SYSTEMPATH/CodeIgniter.php(925): App\Controllers\ProjectAssignController->submit()
10 SYSTEMPATH/CodeIgniter.php(480): CodeIgniter\CodeIgniter->runController(Object(App\Controllers\ProjectAssignController))
11 SYSTEMPATH/CodeIgniter.php(349): CodeIgniter\CodeIgniter->handleRequest(null, Object(Config\Cache), false)
12 FCPATH/index.php(73): CodeIgniter\CodeIgniter->run()
ERROR - 2023-04-13 16:07:24 --> mysqli_sql_exception: Operand should contain 1 column(s) in /home3/neelneel/public_html/ems/v2/system/Database/MySQLi/Connection.php:292
Stack trace:
#0 /home3/neelneel/public_html/ems/v2/system/Database/MySQLi/Connection.php(292): mysqli->query('INSERT INTO `em...', 0)
#1 /home3/neelneel/public_html/ems/v2/system/Database/BaseConnection.php(666): CodeIgniter\Database\MySQLi\Connection->execute('INSERT INTO `em...')
#2 /home3/neelneel/public_html/ems/v2/system/Database/BaseConnection.php(593): CodeIgniter\Database\BaseConnection->simpleQuery('INSERT INTO `em...')
#3 /home3/neelneel/public_html/ems/v2/system/Database/BaseBuilder.php(1916): CodeIgniter\Database\BaseConnection->query('INSERT INTO `em...', Array, false)
#4 /home3/neelneel/public_html/ems/v2/system/Model.php(303): CodeIgniter\Database\BaseBuilder->insert()
#5 /home3/neelneel/public_html/ems/v2/system/BaseModel.php(750): CodeIgniter\Model->doInsert(Array)
#6 /home3/neelneel/public_html/ems/v2/system/Model.php(695): CodeIgniter\BaseModel->insert(Array, true)
#7 /home3/neelneel/public_html/ems/v2/app/Controllers/ProjectAssignController.php(532): CodeIgniter\Model->insert(Array)
#8 /home3/neelneel/public_html/ems/v2/system/CodeIgniter.php(925): App\Controllers\ProjectAssignController->submit()
#9 /home3/neelneel/public_html/ems/v2/system/CodeIgniter.php(480): CodeIgniter\CodeIgniter->runController(Object(App\Controllers\ProjectAssignController))
#10 /home3/neelneel/public_html/ems/v2/system/CodeIgniter.php(349): CodeIgniter\CodeIgniter->handleRequest(NULL, Object(Config\Cache), false)
#11 /home3/neelneel/public_html/ems/v2/index.php(73): CodeIgniter\CodeIgniter->run()
#12 {main}
CRITICAL - 2023-04-13 16:07:24 --> Operand should contain 1 column(s)
in SYSTEMPATH/Database/MySQLi/Connection.php on line 292.
 1 SYSTEMPATH/Database/MySQLi/Connection.php(292): mysqli->query('INSERT INTO `email_conversation` (`project_id`, `email_to`, `email_by`, `email_content`) VALUES (\'29\', \'deven@neelnetworks.com\', \'69\', (201,0,\'Thank you your work is submited please wait while admin/manager checking your changes....\'))', 0)
 2 SYSTEMPATH/Database/BaseConnection.php(666): CodeIgniter\Database\MySQLi\Connection->execute('INSERT INTO `email_conversation` (`project_id`, `email_to`, `email_by`, `email_content`) VALUES (\'29\', \'deven@neelnetworks.com\', \'69\', (201,0,\'Thank you your work is submited please wait while admin/manager checking your changes....\'))')
 3 SYSTEMPATH/Database/BaseConnection.php(593): CodeIgniter\Database\BaseConnection->simpleQuery('INSERT INTO `email_conversation` (`project_id`, `email_to`, `email_by`, `email_content`) VALUES (\'29\', \'deven@neelnetworks.com\', \'69\', (201,0,\'Thank you your work is submited please wait while admin/manager checking your changes....\'))')
 4 SYSTEMPATH/Database/BaseBuilder.php(1916): CodeIgniter\Database\BaseConnection->query('INSERT INTO `email_conversation` (`project_id`, `email_to`, `email_by`, `email_content`) VALUES (:project_id:, :email_to:, :email_by:, :email_content:)', [...], false)
 5 SYSTEMPATH/Model.php(303): CodeIgniter\Database\BaseBuilder->insert()
 6 SYSTEMPATH/BaseModel.php(750): CodeIgniter\Model->doInsert([...])
 7 SYSTEMPATH/Model.php(695): CodeIgniter\BaseModel->insert([...], true)
 8 APPPATH/Controllers/ProjectAssignController.php(532): CodeIgniter\Model->insert([...])
 9 SYSTEMPATH/CodeIgniter.php(925): App\Controllers\ProjectAssignController->submit()
10 SYSTEMPATH/CodeIgniter.php(480): CodeIgniter\CodeIgniter->runController(Object(App\Controllers\ProjectAssignController))
11 SYSTEMPATH/CodeIgniter.php(349): CodeIgniter\CodeIgniter->handleRequest(null, Object(Config\Cache), false)
12 FCPATH/index.php(73): CodeIgniter\CodeIgniter->run()
