CRITICAL - 2023-05-30 10:32:09 --> Expired token
in FCPATH/vendor/firebase/php-jwt/src/JWT.php on line 162.
 1 APPPATH/Filters/Auth.php(61): Firebase\JWT\JWT::decode('eyJ0eXAiOiJKV1QiLCJhbGciOiJIUzI1NiJ9.eyJpc3MiOiJOZWVsIG5ldHdvcmtzIiwiYXVkIjoiY3VzdG9tZXIiLCJpYXQiOjE2ODUzMzg1NjIsImV4cCI6MTY4NTM2NzM2MiwiZW1haWwiOiJkZXZlbkBuZWVsbmV0d29ya3MuY29tIiwicmVmZXIiOiJodHRwOi8vbG9jYWxob3N0OjMwMDAvIn0.NYE9toYyl5nKwqaokCFYRrCitWG8Y1pNau3pxVYAXt0', Object(Firebase\JWT\Key))
 2 SYSTEMPATH/Filters/Filters.php(173): App\Filters\Auth->before(Object(CodeIgniter\HTTP\IncomingRequest), null)
 3 SYSTEMPATH/CodeIgniter.php(453): CodeIgniter\Filters\Filters->run('user/10', 'before')
 4 SYSTEMPATH/CodeIgniter.php(349): CodeIgniter\CodeIgniter->handleRequest(null, Object(Config\Cache), false)
 5 FCPATH/index.php(73): CodeIgniter\CodeIgniter->run()
CRITICAL - 2023-05-30 10:32:09 --> Expired token
in FCPATH/vendor/firebase/php-jwt/src/JWT.php on line 162.
 1 APPPATH/Filters/Auth.php(61): Firebase\JWT\JWT::decode('eyJ0eXAiOiJKV1QiLCJhbGciOiJIUzI1NiJ9.eyJpc3MiOiJOZWVsIG5ldHdvcmtzIiwiYXVkIjoiY3VzdG9tZXIiLCJpYXQiOjE2ODUzMzg1NjIsImV4cCI6MTY4NTM2NzM2MiwiZW1haWwiOiJkZXZlbkBuZWVsbmV0d29ya3MuY29tIiwicmVmZXIiOiJodHRwOi8vbG9jYWxob3N0OjMwMDAvIn0.NYE9toYyl5nKwqaokCFYRrCitWG8Y1pNau3pxVYAXt0', Object(Firebase\JWT\Key))
 2 SYSTEMPATH/Filters/Filters.php(173): App\Filters\Auth->before(Object(CodeIgniter\HTTP\IncomingRequest), null)
 3 SYSTEMPATH/CodeIgniter.php(453): CodeIgniter\Filters\Filters->run('project', 'before')
 4 SYSTEMPATH/CodeIgniter.php(349): CodeIgniter\CodeIgniter->handleRequest(null, Object(Config\Cache), false)
 5 FCPATH/index.php(73): CodeIgniter\CodeIgniter->run()
CRITICAL - 2023-05-30 10:32:09 --> Expired token
in FCPATH/vendor/firebase/php-jwt/src/JWT.php on line 162.
 1 APPPATH/Filters/Auth.php(61): Firebase\JWT\JWT::decode('eyJ0eXAiOiJKV1QiLCJhbGciOiJIUzI1NiJ9.eyJpc3MiOiJOZWVsIG5ldHdvcmtzIiwiYXVkIjoiY3VzdG9tZXIiLCJpYXQiOjE2ODUzMzg1NjIsImV4cCI6MTY4NTM2NzM2MiwiZW1haWwiOiJkZXZlbkBuZWVsbmV0d29ya3MuY29tIiwicmVmZXIiOiJodHRwOi8vbG9jYWxob3N0OjMwMDAvIn0.NYE9toYyl5nKwqaokCFYRrCitWG8Y1pNau3pxVYAXt0', Object(Firebase\JWT\Key))
 2 SYSTEMPATH/Filters/Filters.php(173): App\Filters\Auth->before(Object(CodeIgniter\HTTP\IncomingRequest), null)
 3 SYSTEMPATH/CodeIgniter.php(453): CodeIgniter\Filters\Filters->run('user/all-notifications/10', 'before')
 4 SYSTEMPATH/CodeIgniter.php(349): CodeIgniter\CodeIgniter->handleRequest(null, Object(Config\Cache), false)
 5 FCPATH/index.php(73): CodeIgniter\CodeIgniter->run()
CRITICAL - 2023-05-30 10:32:09 --> Expired token
in FCPATH/vendor/firebase/php-jwt/src/JWT.php on line 162.
 1 APPPATH/Filters/Auth.php(61): Firebase\JWT\JWT::decode('eyJ0eXAiOiJKV1QiLCJhbGciOiJIUzI1NiJ9.eyJpc3MiOiJOZWVsIG5ldHdvcmtzIiwiYXVkIjoiY3VzdG9tZXIiLCJpYXQiOjE2ODUzMzg1NjIsImV4cCI6MTY4NTM2NzM2MiwiZW1haWwiOiJkZXZlbkBuZWVsbmV0d29ya3MuY29tIiwicmVmZXIiOiJodHRwOi8vbG9jYWxob3N0OjMwMDAvIn0.NYE9toYyl5nKwqaokCFYRrCitWG8Y1pNau3pxVYAXt0', Object(Firebase\JWT\Key))
 2 SYSTEMPATH/Filters/Filters.php(173): App\Filters\Auth->before(Object(CodeIgniter\HTTP\IncomingRequest), null)
 3 SYSTEMPATH/CodeIgniter.php(453): CodeIgniter\Filters\Filters->run('user/get-current-work-by-employee/10', 'before')
 4 SYSTEMPATH/CodeIgniter.php(349): CodeIgniter\CodeIgniter->handleRequest(null, Object(Config\Cache), false)
 5 FCPATH/index.php(73): CodeIgniter\CodeIgniter->run()
CRITICAL - 2023-05-30 10:32:10 --> Expired token
in FCPATH/vendor/firebase/php-jwt/src/JWT.php on line 162.
 1 APPPATH/Filters/Auth.php(61): Firebase\JWT\JWT::decode('eyJ0eXAiOiJKV1QiLCJhbGciOiJIUzI1NiJ9.eyJpc3MiOiJOZWVsIG5ldHdvcmtzIiwiYXVkIjoiY3VzdG9tZXIiLCJpYXQiOjE2ODUzMzg1NjIsImV4cCI6MTY4NTM2NzM2MiwiZW1haWwiOiJkZXZlbkBuZWVsbmV0d29ya3MuY29tIiwicmVmZXIiOiJodHRwOi8vbG9jYWxob3N0OjMwMDAvIn0.NYE9toYyl5nKwqaokCFYRrCitWG8Y1pNau3pxVYAXt0', Object(Firebase\JWT\Key))
 2 SYSTEMPATH/Filters/Filters.php(173): App\Filters\Auth->before(Object(CodeIgniter\HTTP\IncomingRequest), null)
 3 SYSTEMPATH/CodeIgniter.php(453): CodeIgniter\Filters\Filters->run('user/10', 'before')
 4 SYSTEMPATH/CodeIgniter.php(349): CodeIgniter\CodeIgniter->handleRequest(null, Object(Config\Cache), false)
 5 FCPATH/index.php(73): CodeIgniter\CodeIgniter->run()
CRITICAL - 2023-05-30 10:32:10 --> Expired token
in FCPATH/vendor/firebase/php-jwt/src/JWT.php on line 162.
 1 APPPATH/Filters/Auth.php(61): Firebase\JWT\JWT::decode('eyJ0eXAiOiJKV1QiLCJhbGciOiJIUzI1NiJ9.eyJpc3MiOiJOZWVsIG5ldHdvcmtzIiwiYXVkIjoiY3VzdG9tZXIiLCJpYXQiOjE2ODUzMzg1NjIsImV4cCI6MTY4NTM2NzM2MiwiZW1haWwiOiJkZXZlbkBuZWVsbmV0d29ya3MuY29tIiwicmVmZXIiOiJodHRwOi8vbG9jYWxob3N0OjMwMDAvIn0.NYE9toYyl5nKwqaokCFYRrCitWG8Y1pNau3pxVYAXt0', Object(Firebase\JWT\Key))
 2 SYSTEMPATH/Filters/Filters.php(173): App\Filters\Auth->before(Object(CodeIgniter\HTTP\IncomingRequest), null)
 3 SYSTEMPATH/CodeIgniter.php(453): CodeIgniter\Filters\Filters->run('project', 'before')
 4 SYSTEMPATH/CodeIgniter.php(349): CodeIgniter\CodeIgniter->handleRequest(null, Object(Config\Cache), false)
 5 FCPATH/index.php(73): CodeIgniter\CodeIgniter->run()
CRITICAL - 2023-05-30 10:32:10 --> Expired token
in FCPATH/vendor/firebase/php-jwt/src/JWT.php on line 162.
 1 APPPATH/Filters/Auth.php(61): Firebase\JWT\JWT::decode('eyJ0eXAiOiJKV1QiLCJhbGciOiJIUzI1NiJ9.eyJpc3MiOiJOZWVsIG5ldHdvcmtzIiwiYXVkIjoiY3VzdG9tZXIiLCJpYXQiOjE2ODUzMzg1NjIsImV4cCI6MTY4NTM2NzM2MiwiZW1haWwiOiJkZXZlbkBuZWVsbmV0d29ya3MuY29tIiwicmVmZXIiOiJodHRwOi8vbG9jYWxob3N0OjMwMDAvIn0.NYE9toYyl5nKwqaokCFYRrCitWG8Y1pNau3pxVYAXt0', Object(Firebase\JWT\Key))
 2 SYSTEMPATH/Filters/Filters.php(173): App\Filters\Auth->before(Object(CodeIgniter\HTTP\IncomingRequest), null)
 3 SYSTEMPATH/CodeIgniter.php(453): CodeIgniter\Filters\Filters->run('user/all-notifications/10', 'before')
 4 SYSTEMPATH/CodeIgniter.php(349): CodeIgniter\CodeIgniter->handleRequest(null, Object(Config\Cache), false)
 5 FCPATH/index.php(73): CodeIgniter\CodeIgniter->run()
CRITICAL - 2023-05-30 10:32:10 --> Expired token
in FCPATH/vendor/firebase/php-jwt/src/JWT.php on line 162.
 1 APPPATH/Filters/Auth.php(61): Firebase\JWT\JWT::decode('eyJ0eXAiOiJKV1QiLCJhbGciOiJIUzI1NiJ9.eyJpc3MiOiJOZWVsIG5ldHdvcmtzIiwiYXVkIjoiY3VzdG9tZXIiLCJpYXQiOjE2ODUzMzg1NjIsImV4cCI6MTY4NTM2NzM2MiwiZW1haWwiOiJkZXZlbkBuZWVsbmV0d29ya3MuY29tIiwicmVmZXIiOiJodHRwOi8vbG9jYWxob3N0OjMwMDAvIn0.NYE9toYyl5nKwqaokCFYRrCitWG8Y1pNau3pxVYAXt0', Object(Firebase\JWT\Key))
 2 SYSTEMPATH/Filters/Filters.php(173): App\Filters\Auth->before(Object(CodeIgniter\HTTP\IncomingRequest), null)
 3 SYSTEMPATH/CodeIgniter.php(453): CodeIgniter\Filters\Filters->run('user/get-current-work-by-employee/10', 'before')
 4 SYSTEMPATH/CodeIgniter.php(349): CodeIgniter\CodeIgniter->handleRequest(null, Object(Config\Cache), false)
 5 FCPATH/index.php(73): CodeIgniter\CodeIgniter->run()
ERROR - 2023-05-30 18:28:51 --> mysqli_sql_exception: Table 'neelneel_ems.current_task' doesn't exist in /home3/neelneel/public_html/ems/v3/system/Database/MySQLi/Connection.php:292
Stack trace:
#0 /home3/neelneel/public_html/ems/v3/system/Database/MySQLi/Connection.php(292): mysqli->query('SELECT *\nFROM `...', 0)
#1 /home3/neelneel/public_html/ems/v3/system/Database/BaseConnection.php(666): CodeIgniter\Database\MySQLi\Connection->execute('SELECT *\nFROM `...')
#2 /home3/neelneel/public_html/ems/v3/system/Database/BaseConnection.php(593): CodeIgniter\Database\BaseConnection->simpleQuery('SELECT *\nFROM `...')
#3 /home3/neelneel/public_html/ems/v3/system/Database/BaseBuilder.php(1585): CodeIgniter\Database\BaseConnection->query('SELECT *\nFROM `...', Array, false)
#4 /home3/neelneel/public_html/ems/v3/app/Models/CurrentWorkModel.php(63): CodeIgniter\Database\BaseBuilder->get()
#5 /home3/neelneel/public_html/ems/v3/app/Controllers/LoginController.php(692): App\Models\CurrentWorkModel->getAllDataForToday('13', '2023-05-30')
#6 /home3/neelneel/public_html/ems/v3/system/CodeIgniter.php(925): App\Controllers\LoginController->getMyCurrentWork('13')
#7 /home3/neelneel/public_html/ems/v3/system/CodeIgniter.php(480): CodeIgniter\CodeIgniter->runController(Object(App\Controllers\LoginController))
#8 /home3/neelneel/public_html/ems/v3/system/CodeIgniter.php(349): CodeIgniter\CodeIgniter->handleRequest(NULL, Object(Config\Cache), false)
#9 /home3/neelneel/public_html/ems/v3/index.php(73): CodeIgniter\CodeIgniter->run()
#10 {main}
CRITICAL - 2023-05-30 18:28:51 --> Table 'neelneel_ems.current_task' doesn't exist
in SYSTEMPATH/Database/MySQLi/Connection.php on line 292.
 1 SYSTEMPATH/Database/MySQLi/Connection.php(292): mysqli->query('SELECT *
FROM `current_task`
WHERE `user_id` = \'13\'
AND `insert_date` = \'2023-05-30\'', 0)
 2 SYSTEMPATH/Database/BaseConnection.php(666): CodeIgniter\Database\MySQLi\Connection->execute('SELECT *
FROM `current_task`
WHERE `user_id` = \'13\'
AND `insert_date` = \'2023-05-30\'')
 3 SYSTEMPATH/Database/BaseConnection.php(593): CodeIgniter\Database\BaseConnection->simpleQuery('SELECT *
FROM `current_task`
WHERE `user_id` = \'13\'
AND `insert_date` = \'2023-05-30\'')
 4 SYSTEMPATH/Database/BaseBuilder.php(1585): CodeIgniter\Database\BaseConnection->query('SELECT *
FROM `current_task`
WHERE `user_id` = :user_id:
AND `insert_date` = :insert_date:', [...], false)
 5 APPPATH/Models/CurrentWorkModel.php(63): CodeIgniter\Database\BaseBuilder->get()
 6 APPPATH/Controllers/LoginController.php(692): App\Models\CurrentWorkModel->getAllDataForToday('13', '2023-05-30')
 7 SYSTEMPATH/CodeIgniter.php(925): App\Controllers\LoginController->getMyCurrentWork('13')
 8 SYSTEMPATH/CodeIgniter.php(480): CodeIgniter\CodeIgniter->runController(Object(App\Controllers\LoginController))
 9 SYSTEMPATH/CodeIgniter.php(349): CodeIgniter\CodeIgniter->handleRequest(null, Object(Config\Cache), false)
10 FCPATH/index.php(73): CodeIgniter\CodeIgniter->run()
ERROR - 2023-05-30 18:29:07 --> mysqli_sql_exception: Table 'neelneel_ems.current_task' doesn't exist in /home3/neelneel/public_html/ems/v3/system/Database/MySQLi/Connection.php:292
Stack trace:
#0 /home3/neelneel/public_html/ems/v3/system/Database/MySQLi/Connection.php(292): mysqli->query('SELECT *\nFROM `...', 0)
#1 /home3/neelneel/public_html/ems/v3/system/Database/BaseConnection.php(666): CodeIgniter\Database\MySQLi\Connection->execute('SELECT *\nFROM `...')
#2 /home3/neelneel/public_html/ems/v3/system/Database/BaseConnection.php(593): CodeIgniter\Database\BaseConnection->simpleQuery('SELECT *\nFROM `...')
#3 /home3/neelneel/public_html/ems/v3/system/Database/BaseBuilder.php(1585): CodeIgniter\Database\BaseConnection->query('SELECT *\nFROM `...', Array, false)
#4 /home3/neelneel/public_html/ems/v3/app/Models/CurrentWorkModel.php(63): CodeIgniter\Database\BaseBuilder->get()
#5 /home3/neelneel/public_html/ems/v3/app/Controllers/LoginController.php(692): App\Models\CurrentWorkModel->getAllDataForToday('13', '2023-05-30')
#6 /home3/neelneel/public_html/ems/v3/system/CodeIgniter.php(925): App\Controllers\LoginController->getMyCurrentWork('13')
#7 /home3/neelneel/public_html/ems/v3/system/CodeIgniter.php(480): CodeIgniter\CodeIgniter->runController(Object(App\Controllers\LoginController))
#8 /home3/neelneel/public_html/ems/v3/system/CodeIgniter.php(349): CodeIgniter\CodeIgniter->handleRequest(NULL, Object(Config\Cache), false)
#9 /home3/neelneel/public_html/ems/v3/index.php(73): CodeIgniter\CodeIgniter->run()
#10 {main}
CRITICAL - 2023-05-30 18:29:07 --> Table 'neelneel_ems.current_task' doesn't exist
in SYSTEMPATH/Database/MySQLi/Connection.php on line 292.
 1 SYSTEMPATH/Database/MySQLi/Connection.php(292): mysqli->query('SELECT *
FROM `current_task`
WHERE `user_id` = \'13\'
AND `insert_date` = \'2023-05-30\'', 0)
 2 SYSTEMPATH/Database/BaseConnection.php(666): CodeIgniter\Database\MySQLi\Connection->execute('SELECT *
FROM `current_task`
WHERE `user_id` = \'13\'
AND `insert_date` = \'2023-05-30\'')
 3 SYSTEMPATH/Database/BaseConnection.php(593): CodeIgniter\Database\BaseConnection->simpleQuery('SELECT *
FROM `current_task`
WHERE `user_id` = \'13\'
AND `insert_date` = \'2023-05-30\'')
 4 SYSTEMPATH/Database/BaseBuilder.php(1585): CodeIgniter\Database\BaseConnection->query('SELECT *
FROM `current_task`
WHERE `user_id` = :user_id:
AND `insert_date` = :insert_date:', [...], false)
 5 APPPATH/Models/CurrentWorkModel.php(63): CodeIgniter\Database\BaseBuilder->get()
 6 APPPATH/Controllers/LoginController.php(692): App\Models\CurrentWorkModel->getAllDataForToday('13', '2023-05-30')
 7 SYSTEMPATH/CodeIgniter.php(925): App\Controllers\LoginController->getMyCurrentWork('13')
 8 SYSTEMPATH/CodeIgniter.php(480): CodeIgniter\CodeIgniter->runController(Object(App\Controllers\LoginController))
 9 SYSTEMPATH/CodeIgniter.php(349): CodeIgniter\CodeIgniter->handleRequest(null, Object(Config\Cache), false)
10 FCPATH/index.php(73): CodeIgniter\CodeIgniter->run()
ERROR - 2023-05-30 18:29:27 --> mysqli_sql_exception: Table 'neelneel_ems.current_task' doesn't exist in /home3/neelneel/public_html/ems/v3/system/Database/MySQLi/Connection.php:292
Stack trace:
#0 /home3/neelneel/public_html/ems/v3/system/Database/MySQLi/Connection.php(292): mysqli->query('SELECT *\nFROM `...', 0)
#1 /home3/neelneel/public_html/ems/v3/system/Database/BaseConnection.php(666): CodeIgniter\Database\MySQLi\Connection->execute('SELECT *\nFROM `...')
#2 /home3/neelneel/public_html/ems/v3/system/Database/BaseConnection.php(593): CodeIgniter\Database\BaseConnection->simpleQuery('SELECT *\nFROM `...')
#3 /home3/neelneel/public_html/ems/v3/system/Database/BaseBuilder.php(1585): CodeIgniter\Database\BaseConnection->query('SELECT *\nFROM `...', Array, false)
#4 /home3/neelneel/public_html/ems/v3/app/Models/CurrentWorkModel.php(63): CodeIgniter\Database\BaseBuilder->get()
#5 /home3/neelneel/public_html/ems/v3/app/Controllers/LoginController.php(692): App\Models\CurrentWorkModel->getAllDataForToday('13', '2023-05-30')
#6 /home3/neelneel/public_html/ems/v3/system/CodeIgniter.php(925): App\Controllers\LoginController->getMyCurrentWork('13')
#7 /home3/neelneel/public_html/ems/v3/system/CodeIgniter.php(480): CodeIgniter\CodeIgniter->runController(Object(App\Controllers\LoginController))
#8 /home3/neelneel/public_html/ems/v3/system/CodeIgniter.php(349): CodeIgniter\CodeIgniter->handleRequest(NULL, Object(Config\Cache), false)
#9 /home3/neelneel/public_html/ems/v3/index.php(73): CodeIgniter\CodeIgniter->run()
#10 {main}
CRITICAL - 2023-05-30 18:29:27 --> Table 'neelneel_ems.current_task' doesn't exist
in SYSTEMPATH/Database/MySQLi/Connection.php on line 292.
 1 SYSTEMPATH/Database/MySQLi/Connection.php(292): mysqli->query('SELECT *
FROM `current_task`
WHERE `user_id` = \'13\'
AND `insert_date` = \'2023-05-30\'', 0)
 2 SYSTEMPATH/Database/BaseConnection.php(666): CodeIgniter\Database\MySQLi\Connection->execute('SELECT *
FROM `current_task`
WHERE `user_id` = \'13\'
AND `insert_date` = \'2023-05-30\'')
 3 SYSTEMPATH/Database/BaseConnection.php(593): CodeIgniter\Database\BaseConnection->simpleQuery('SELECT *
FROM `current_task`
WHERE `user_id` = \'13\'
AND `insert_date` = \'2023-05-30\'')
 4 SYSTEMPATH/Database/BaseBuilder.php(1585): CodeIgniter\Database\BaseConnection->query('SELECT *
FROM `current_task`
WHERE `user_id` = :user_id:
AND `insert_date` = :insert_date:', [...], false)
 5 APPPATH/Models/CurrentWorkModel.php(63): CodeIgniter\Database\BaseBuilder->get()
 6 APPPATH/Controllers/LoginController.php(692): App\Models\CurrentWorkModel->getAllDataForToday('13', '2023-05-30')
 7 SYSTEMPATH/CodeIgniter.php(925): App\Controllers\LoginController->getMyCurrentWork('13')
 8 SYSTEMPATH/CodeIgniter.php(480): CodeIgniter\CodeIgniter->runController(Object(App\Controllers\LoginController))
 9 SYSTEMPATH/CodeIgniter.php(349): CodeIgniter\CodeIgniter->handleRequest(null, Object(Config\Cache), false)
10 FCPATH/index.php(73): CodeIgniter\CodeIgniter->run()
ERROR - 2023-05-30 18:29:36 --> mysqli_sql_exception: Table 'neelneel_ems.current_task' doesn't exist in /home3/neelneel/public_html/ems/v3/system/Database/MySQLi/Connection.php:292
Stack trace:
#0 /home3/neelneel/public_html/ems/v3/system/Database/MySQLi/Connection.php(292): mysqli->query('SELECT *\nFROM `...', 0)
#1 /home3/neelneel/public_html/ems/v3/system/Database/BaseConnection.php(666): CodeIgniter\Database\MySQLi\Connection->execute('SELECT *\nFROM `...')
#2 /home3/neelneel/public_html/ems/v3/system/Database/BaseConnection.php(593): CodeIgniter\Database\BaseConnection->simpleQuery('SELECT *\nFROM `...')
#3 /home3/neelneel/public_html/ems/v3/system/Database/BaseBuilder.php(1585): CodeIgniter\Database\BaseConnection->query('SELECT *\nFROM `...', Array, false)
#4 /home3/neelneel/public_html/ems/v3/app/Models/CurrentWorkModel.php(63): CodeIgniter\Database\BaseBuilder->get()
#5 /home3/neelneel/public_html/ems/v3/app/Controllers/LoginController.php(692): App\Models\CurrentWorkModel->getAllDataForToday('13', '2023-05-30')
#6 /home3/neelneel/public_html/ems/v3/system/CodeIgniter.php(925): App\Controllers\LoginController->getMyCurrentWork('13')
#7 /home3/neelneel/public_html/ems/v3/system/CodeIgniter.php(480): CodeIgniter\CodeIgniter->runController(Object(App\Controllers\LoginController))
#8 /home3/neelneel/public_html/ems/v3/system/CodeIgniter.php(349): CodeIgniter\CodeIgniter->handleRequest(NULL, Object(Config\Cache), false)
#9 /home3/neelneel/public_html/ems/v3/index.php(73): CodeIgniter\CodeIgniter->run()
#10 {main}
CRITICAL - 2023-05-30 18:29:36 --> Table 'neelneel_ems.current_task' doesn't exist
in SYSTEMPATH/Database/MySQLi/Connection.php on line 292.
 1 SYSTEMPATH/Database/MySQLi/Connection.php(292): mysqli->query('SELECT *
FROM `current_task`
WHERE `user_id` = \'13\'
AND `insert_date` = \'2023-05-30\'', 0)
 2 SYSTEMPATH/Database/BaseConnection.php(666): CodeIgniter\Database\MySQLi\Connection->execute('SELECT *
FROM `current_task`
WHERE `user_id` = \'13\'
AND `insert_date` = \'2023-05-30\'')
 3 SYSTEMPATH/Database/BaseConnection.php(593): CodeIgniter\Database\BaseConnection->simpleQuery('SELECT *
FROM `current_task`
WHERE `user_id` = \'13\'
AND `insert_date` = \'2023-05-30\'')
 4 SYSTEMPATH/Database/BaseBuilder.php(1585): CodeIgniter\Database\BaseConnection->query('SELECT *
FROM `current_task`
WHERE `user_id` = :user_id:
AND `insert_date` = :insert_date:', [...], false)
 5 APPPATH/Models/CurrentWorkModel.php(63): CodeIgniter\Database\BaseBuilder->get()
 6 APPPATH/Controllers/LoginController.php(692): App\Models\CurrentWorkModel->getAllDataForToday('13', '2023-05-30')
 7 SYSTEMPATH/CodeIgniter.php(925): App\Controllers\LoginController->getMyCurrentWork('13')
 8 SYSTEMPATH/CodeIgniter.php(480): CodeIgniter\CodeIgniter->runController(Object(App\Controllers\LoginController))
 9 SYSTEMPATH/CodeIgniter.php(349): CodeIgniter\CodeIgniter->handleRequest(null, Object(Config\Cache), false)
10 FCPATH/index.php(73): CodeIgniter\CodeIgniter->run()
ERROR - 2023-05-30 18:29:54 --> mysqli_sql_exception: Table 'neelneel_ems.current_task' doesn't exist in /home3/neelneel/public_html/ems/v3/system/Database/MySQLi/Connection.php:292
Stack trace:
#0 /home3/neelneel/public_html/ems/v3/system/Database/MySQLi/Connection.php(292): mysqli->query('SELECT *\nFROM `...', 0)
#1 /home3/neelneel/public_html/ems/v3/system/Database/BaseConnection.php(666): CodeIgniter\Database\MySQLi\Connection->execute('SELECT *\nFROM `...')
#2 /home3/neelneel/public_html/ems/v3/system/Database/BaseConnection.php(593): CodeIgniter\Database\BaseConnection->simpleQuery('SELECT *\nFROM `...')
#3 /home3/neelneel/public_html/ems/v3/system/Database/BaseBuilder.php(1585): CodeIgniter\Database\BaseConnection->query('SELECT *\nFROM `...', Array, false)
#4 /home3/neelneel/public_html/ems/v3/app/Models/CurrentWorkModel.php(63): CodeIgniter\Database\BaseBuilder->get()
#5 /home3/neelneel/public_html/ems/v3/app/Controllers/LoginController.php(692): App\Models\CurrentWorkModel->getAllDataForToday('12', '2023-05-30')
#6 /home3/neelneel/public_html/ems/v3/system/CodeIgniter.php(925): App\Controllers\LoginController->getMyCurrentWork('12')
#7 /home3/neelneel/public_html/ems/v3/system/CodeIgniter.php(480): CodeIgniter\CodeIgniter->runController(Object(App\Controllers\LoginController))
#8 /home3/neelneel/public_html/ems/v3/system/CodeIgniter.php(349): CodeIgniter\CodeIgniter->handleRequest(NULL, Object(Config\Cache), false)
#9 /home3/neelneel/public_html/ems/v3/index.php(73): CodeIgniter\CodeIgniter->run()
#10 {main}
CRITICAL - 2023-05-30 18:29:54 --> Table 'neelneel_ems.current_task' doesn't exist
in SYSTEMPATH/Database/MySQLi/Connection.php on line 292.
 1 SYSTEMPATH/Database/MySQLi/Connection.php(292): mysqli->query('SELECT *
FROM `current_task`
WHERE `user_id` = \'12\'
AND `insert_date` = \'2023-05-30\'', 0)
 2 SYSTEMPATH/Database/BaseConnection.php(666): CodeIgniter\Database\MySQLi\Connection->execute('SELECT *
FROM `current_task`
WHERE `user_id` = \'12\'
AND `insert_date` = \'2023-05-30\'')
 3 SYSTEMPATH/Database/BaseConnection.php(593): CodeIgniter\Database\BaseConnection->simpleQuery('SELECT *
FROM `current_task`
WHERE `user_id` = \'12\'
AND `insert_date` = \'2023-05-30\'')
 4 SYSTEMPATH/Database/BaseBuilder.php(1585): CodeIgniter\Database\BaseConnection->query('SELECT *
FROM `current_task`
WHERE `user_id` = :user_id:
AND `insert_date` = :insert_date:', [...], false)
 5 APPPATH/Models/CurrentWorkModel.php(63): CodeIgniter\Database\BaseBuilder->get()
 6 APPPATH/Controllers/LoginController.php(692): App\Models\CurrentWorkModel->getAllDataForToday('12', '2023-05-30')
 7 SYSTEMPATH/CodeIgniter.php(925): App\Controllers\LoginController->getMyCurrentWork('12')
 8 SYSTEMPATH/CodeIgniter.php(480): CodeIgniter\CodeIgniter->runController(Object(App\Controllers\LoginController))
 9 SYSTEMPATH/CodeIgniter.php(349): CodeIgniter\CodeIgniter->handleRequest(null, Object(Config\Cache), false)
10 FCPATH/index.php(73): CodeIgniter\CodeIgniter->run()
ERROR - 2023-05-30 18:31:26 --> mysqli_sql_exception: Table 'neelneel_ems.current_task' doesn't exist in /home3/neelneel/public_html/ems/v3/system/Database/MySQLi/Connection.php:292
Stack trace:
#0 /home3/neelneel/public_html/ems/v3/system/Database/MySQLi/Connection.php(292): mysqli->query('SELECT *\nFROM `...', 0)
#1 /home3/neelneel/public_html/ems/v3/system/Database/BaseConnection.php(666): CodeIgniter\Database\MySQLi\Connection->execute('SELECT *\nFROM `...')
#2 /home3/neelneel/public_html/ems/v3/system/Database/BaseConnection.php(593): CodeIgniter\Database\BaseConnection->simpleQuery('SELECT *\nFROM `...')
#3 /home3/neelneel/public_html/ems/v3/system/Database/BaseBuilder.php(1585): CodeIgniter\Database\BaseConnection->query('SELECT *\nFROM `...', Array, false)
#4 /home3/neelneel/public_html/ems/v3/app/Models/CurrentWorkModel.php(63): CodeIgniter\Database\BaseBuilder->get()
#5 /home3/neelneel/public_html/ems/v3/app/Controllers/LoginController.php(692): App\Models\CurrentWorkModel->getAllDataForToday('13', '2023-05-30')
#6 /home3/neelneel/public_html/ems/v3/system/CodeIgniter.php(925): App\Controllers\LoginController->getMyCurrentWork('13')
#7 /home3/neelneel/public_html/ems/v3/system/CodeIgniter.php(480): CodeIgniter\CodeIgniter->runController(Object(App\Controllers\LoginController))
#8 /home3/neelneel/public_html/ems/v3/system/CodeIgniter.php(349): CodeIgniter\CodeIgniter->handleRequest(NULL, Object(Config\Cache), false)
#9 /home3/neelneel/public_html/ems/v3/index.php(73): CodeIgniter\CodeIgniter->run()
#10 {main}
CRITICAL - 2023-05-30 18:31:26 --> Table 'neelneel_ems.current_task' doesn't exist
in SYSTEMPATH/Database/MySQLi/Connection.php on line 292.
 1 SYSTEMPATH/Database/MySQLi/Connection.php(292): mysqli->query('SELECT *
FROM `current_task`
WHERE `user_id` = \'13\'
AND `insert_date` = \'2023-05-30\'', 0)
 2 SYSTEMPATH/Database/BaseConnection.php(666): CodeIgniter\Database\MySQLi\Connection->execute('SELECT *
FROM `current_task`
WHERE `user_id` = \'13\'
AND `insert_date` = \'2023-05-30\'')
 3 SYSTEMPATH/Database/BaseConnection.php(593): CodeIgniter\Database\BaseConnection->simpleQuery('SELECT *
FROM `current_task`
WHERE `user_id` = \'13\'
AND `insert_date` = \'2023-05-30\'')
 4 SYSTEMPATH/Database/BaseBuilder.php(1585): CodeIgniter\Database\BaseConnection->query('SELECT *
FROM `current_task`
WHERE `user_id` = :user_id:
AND `insert_date` = :insert_date:', [...], false)
 5 APPPATH/Models/CurrentWorkModel.php(63): CodeIgniter\Database\BaseBuilder->get()
 6 APPPATH/Controllers/LoginController.php(692): App\Models\CurrentWorkModel->getAllDataForToday('13', '2023-05-30')
 7 SYSTEMPATH/CodeIgniter.php(925): App\Controllers\LoginController->getMyCurrentWork('13')
 8 SYSTEMPATH/CodeIgniter.php(480): CodeIgniter\CodeIgniter->runController(Object(App\Controllers\LoginController))
 9 SYSTEMPATH/CodeIgniter.php(349): CodeIgniter\CodeIgniter->handleRequest(null, Object(Config\Cache), false)
10 FCPATH/index.php(73): CodeIgniter\CodeIgniter->run()
ERROR - 2023-05-30 18:32:08 --> mysqli_sql_exception: Table 'neelneel_ems.current_task' doesn't exist in /home3/neelneel/public_html/ems/v3/system/Database/MySQLi/Connection.php:292
Stack trace:
#0 /home3/neelneel/public_html/ems/v3/system/Database/MySQLi/Connection.php(292): mysqli->query('SELECT *\nFROM `...', 0)
#1 /home3/neelneel/public_html/ems/v3/system/Database/BaseConnection.php(666): CodeIgniter\Database\MySQLi\Connection->execute('SELECT *\nFROM `...')
#2 /home3/neelneel/public_html/ems/v3/system/Database/BaseConnection.php(593): CodeIgniter\Database\BaseConnection->simpleQuery('SELECT *\nFROM `...')
#3 /home3/neelneel/public_html/ems/v3/system/Database/BaseBuilder.php(1585): CodeIgniter\Database\BaseConnection->query('SELECT *\nFROM `...', Array, false)
#4 /home3/neelneel/public_html/ems/v3/app/Models/CurrentWorkModel.php(63): CodeIgniter\Database\BaseBuilder->get()
#5 /home3/neelneel/public_html/ems/v3/app/Controllers/LoginController.php(692): App\Models\CurrentWorkModel->getAllDataForToday('13', '2023-05-30')
#6 /home3/neelneel/public_html/ems/v3/system/CodeIgniter.php(925): App\Controllers\LoginController->getMyCurrentWork('13')
#7 /home3/neelneel/public_html/ems/v3/system/CodeIgniter.php(480): CodeIgniter\CodeIgniter->runController(Object(App\Controllers\LoginController))
#8 /home3/neelneel/public_html/ems/v3/system/CodeIgniter.php(349): CodeIgniter\CodeIgniter->handleRequest(NULL, Object(Config\Cache), false)
#9 /home3/neelneel/public_html/ems/v3/index.php(73): CodeIgniter\CodeIgniter->run()
#10 {main}
CRITICAL - 2023-05-30 18:32:08 --> Table 'neelneel_ems.current_task' doesn't exist
in SYSTEMPATH/Database/MySQLi/Connection.php on line 292.
 1 SYSTEMPATH/Database/MySQLi/Connection.php(292): mysqli->query('SELECT *
FROM `current_task`
WHERE `user_id` = \'13\'
AND `insert_date` = \'2023-05-30\'', 0)
 2 SYSTEMPATH/Database/BaseConnection.php(666): CodeIgniter\Database\MySQLi\Connection->execute('SELECT *
FROM `current_task`
WHERE `user_id` = \'13\'
AND `insert_date` = \'2023-05-30\'')
 3 SYSTEMPATH/Database/BaseConnection.php(593): CodeIgniter\Database\BaseConnection->simpleQuery('SELECT *
FROM `current_task`
WHERE `user_id` = \'13\'
AND `insert_date` = \'2023-05-30\'')
 4 SYSTEMPATH/Database/BaseBuilder.php(1585): CodeIgniter\Database\BaseConnection->query('SELECT *
FROM `current_task`
WHERE `user_id` = :user_id:
AND `insert_date` = :insert_date:', [...], false)
 5 APPPATH/Models/CurrentWorkModel.php(63): CodeIgniter\Database\BaseBuilder->get()
 6 APPPATH/Controllers/LoginController.php(692): App\Models\CurrentWorkModel->getAllDataForToday('13', '2023-05-30')
 7 SYSTEMPATH/CodeIgniter.php(925): App\Controllers\LoginController->getMyCurrentWork('13')
 8 SYSTEMPATH/CodeIgniter.php(480): CodeIgniter\CodeIgniter->runController(Object(App\Controllers\LoginController))
 9 SYSTEMPATH/CodeIgniter.php(349): CodeIgniter\CodeIgniter->handleRequest(null, Object(Config\Cache), false)
10 FCPATH/index.php(73): CodeIgniter\CodeIgniter->run()
ERROR - 2023-05-30 18:33:39 --> mysqli_sql_exception: Table 'neelneel_ems.current_task' doesn't exist in /home3/neelneel/public_html/ems/v3/system/Database/MySQLi/Connection.php:292
Stack trace:
#0 /home3/neelneel/public_html/ems/v3/system/Database/MySQLi/Connection.php(292): mysqli->query('SELECT *\nFROM `...', 0)
#1 /home3/neelneel/public_html/ems/v3/system/Database/BaseConnection.php(666): CodeIgniter\Database\MySQLi\Connection->execute('SELECT *\nFROM `...')
#2 /home3/neelneel/public_html/ems/v3/system/Database/BaseConnection.php(593): CodeIgniter\Database\BaseConnection->simpleQuery('SELECT *\nFROM `...')
#3 /home3/neelneel/public_html/ems/v3/system/Database/BaseBuilder.php(1585): CodeIgniter\Database\BaseConnection->query('SELECT *\nFROM `...', Array, false)
#4 /home3/neelneel/public_html/ems/v3/app/Models/CurrentWorkModel.php(63): CodeIgniter\Database\BaseBuilder->get()
#5 /home3/neelneel/public_html/ems/v3/app/Controllers/LoginController.php(692): App\Models\CurrentWorkModel->getAllDataForToday('13', '2023-05-30')
#6 /home3/neelneel/public_html/ems/v3/system/CodeIgniter.php(925): App\Controllers\LoginController->getMyCurrentWork('13')
#7 /home3/neelneel/public_html/ems/v3/system/CodeIgniter.php(480): CodeIgniter\CodeIgniter->runController(Object(App\Controllers\LoginController))
#8 /home3/neelneel/public_html/ems/v3/system/CodeIgniter.php(349): CodeIgniter\CodeIgniter->handleRequest(NULL, Object(Config\Cache), false)
#9 /home3/neelneel/public_html/ems/v3/index.php(73): CodeIgniter\CodeIgniter->run()
#10 {main}
CRITICAL - 2023-05-30 18:33:39 --> Table 'neelneel_ems.current_task' doesn't exist
in SYSTEMPATH/Database/MySQLi/Connection.php on line 292.
 1 SYSTEMPATH/Database/MySQLi/Connection.php(292): mysqli->query('SELECT *
FROM `current_task`
WHERE `user_id` = \'13\'
AND `insert_date` = \'2023-05-30\'', 0)
 2 SYSTEMPATH/Database/BaseConnection.php(666): CodeIgniter\Database\MySQLi\Connection->execute('SELECT *
FROM `current_task`
WHERE `user_id` = \'13\'
AND `insert_date` = \'2023-05-30\'')
 3 SYSTEMPATH/Database/BaseConnection.php(593): CodeIgniter\Database\BaseConnection->simpleQuery('SELECT *
FROM `current_task`
WHERE `user_id` = \'13\'
AND `insert_date` = \'2023-05-30\'')
 4 SYSTEMPATH/Database/BaseBuilder.php(1585): CodeIgniter\Database\BaseConnection->query('SELECT *
FROM `current_task`
WHERE `user_id` = :user_id:
AND `insert_date` = :insert_date:', [...], false)
 5 APPPATH/Models/CurrentWorkModel.php(63): CodeIgniter\Database\BaseBuilder->get()
 6 APPPATH/Controllers/LoginController.php(692): App\Models\CurrentWorkModel->getAllDataForToday('13', '2023-05-30')
 7 SYSTEMPATH/CodeIgniter.php(925): App\Controllers\LoginController->getMyCurrentWork('13')
 8 SYSTEMPATH/CodeIgniter.php(480): CodeIgniter\CodeIgniter->runController(Object(App\Controllers\LoginController))
 9 SYSTEMPATH/CodeIgniter.php(349): CodeIgniter\CodeIgniter->handleRequest(null, Object(Config\Cache), false)
10 FCPATH/index.php(73): CodeIgniter\CodeIgniter->run()
ERROR - 2023-05-30 18:33:48 --> mysqli_sql_exception: Table 'neelneel_ems.current_task' doesn't exist in /home3/neelneel/public_html/ems/v3/system/Database/MySQLi/Connection.php:292
Stack trace:
#0 /home3/neelneel/public_html/ems/v3/system/Database/MySQLi/Connection.php(292): mysqli->query('SELECT *\nFROM `...', 0)
#1 /home3/neelneel/public_html/ems/v3/system/Database/BaseConnection.php(666): CodeIgniter\Database\MySQLi\Connection->execute('SELECT *\nFROM `...')
#2 /home3/neelneel/public_html/ems/v3/system/Database/BaseConnection.php(593): CodeIgniter\Database\BaseConnection->simpleQuery('SELECT *\nFROM `...')
#3 /home3/neelneel/public_html/ems/v3/system/Database/BaseBuilder.php(1585): CodeIgniter\Database\BaseConnection->query('SELECT *\nFROM `...', Array, false)
#4 /home3/neelneel/public_html/ems/v3/app/Models/CurrentWorkModel.php(63): CodeIgniter\Database\BaseBuilder->get()
#5 /home3/neelneel/public_html/ems/v3/app/Controllers/LoginController.php(692): App\Models\CurrentWorkModel->getAllDataForToday('13', '2023-05-30')
#6 /home3/neelneel/public_html/ems/v3/system/CodeIgniter.php(925): App\Controllers\LoginController->getMyCurrentWork('13')
#7 /home3/neelneel/public_html/ems/v3/system/CodeIgniter.php(480): CodeIgniter\CodeIgniter->runController(Object(App\Controllers\LoginController))
#8 /home3/neelneel/public_html/ems/v3/system/CodeIgniter.php(349): CodeIgniter\CodeIgniter->handleRequest(NULL, Object(Config\Cache), false)
#9 /home3/neelneel/public_html/ems/v3/index.php(73): CodeIgniter\CodeIgniter->run()
#10 {main}
CRITICAL - 2023-05-30 18:33:48 --> Table 'neelneel_ems.current_task' doesn't exist
in SYSTEMPATH/Database/MySQLi/Connection.php on line 292.
 1 SYSTEMPATH/Database/MySQLi/Connection.php(292): mysqli->query('SELECT *
FROM `current_task`
WHERE `user_id` = \'13\'
AND `insert_date` = \'2023-05-30\'', 0)
 2 SYSTEMPATH/Database/BaseConnection.php(666): CodeIgniter\Database\MySQLi\Connection->execute('SELECT *
FROM `current_task`
WHERE `user_id` = \'13\'
AND `insert_date` = \'2023-05-30\'')
 3 SYSTEMPATH/Database/BaseConnection.php(593): CodeIgniter\Database\BaseConnection->simpleQuery('SELECT *
FROM `current_task`
WHERE `user_id` = \'13\'
AND `insert_date` = \'2023-05-30\'')
 4 SYSTEMPATH/Database/BaseBuilder.php(1585): CodeIgniter\Database\BaseConnection->query('SELECT *
FROM `current_task`
WHERE `user_id` = :user_id:
AND `insert_date` = :insert_date:', [...], false)
 5 APPPATH/Models/CurrentWorkModel.php(63): CodeIgniter\Database\BaseBuilder->get()
 6 APPPATH/Controllers/LoginController.php(692): App\Models\CurrentWorkModel->getAllDataForToday('13', '2023-05-30')
 7 SYSTEMPATH/CodeIgniter.php(925): App\Controllers\LoginController->getMyCurrentWork('13')
 8 SYSTEMPATH/CodeIgniter.php(480): CodeIgniter\CodeIgniter->runController(Object(App\Controllers\LoginController))
 9 SYSTEMPATH/CodeIgniter.php(349): CodeIgniter\CodeIgniter->handleRequest(null, Object(Config\Cache), false)
10 FCPATH/index.php(73): CodeIgniter\CodeIgniter->run()
CRITICAL - 2023-05-30 18:54:22 --> Expired token
in FCPATH/vendor/firebase/php-jwt/src/JWT.php on line 162.
 1 APPPATH/Filters/Auth.php(61): Firebase\JWT\JWT::decode('eyJ0eXAiOiJKV1QiLCJhbGciOiJIUzI1NiJ9.eyJpc3MiOiJOZWVsIG5ldHdvcmtzIiwiYXVkIjoiY3VzdG9tZXIiLCJpYXQiOjE2ODUxMDgxNTMsImV4cCI6MTY4NTEzNjk1MywiZW1haWwiOiJ2aWtyYW50QG5lZWxuZXR3b3Jrcy5jb20iLCJyZWZlciI6Imh0dHBzOi8vcHJvamVjdC1tYW5hZ2VtZW50LXN5c3RlbS1uZWVsLW5ldHdvcmtzLnZlcmNlbC5hcHAvIn0.E_u8YsAmPwkn92AnsSm-wrAQKYX3bFdlCW3AG84iy1k', Object(Firebase\JWT\Key))
 2 SYSTEMPATH/Filters/Filters.php(173): App\Filters\Auth->before(Object(CodeIgniter\HTTP\IncomingRequest), null)
 3 SYSTEMPATH/CodeIgniter.php(453): CodeIgniter\Filters\Filters->run('user/17', 'before')
 4 SYSTEMPATH/CodeIgniter.php(349): CodeIgniter\CodeIgniter->handleRequest(null, Object(Config\Cache), false)
 5 FCPATH/index.php(73): CodeIgniter\CodeIgniter->run()
CRITICAL - 2023-05-30 18:54:22 --> Expired token
in FCPATH/vendor/firebase/php-jwt/src/JWT.php on line 162.
 1 APPPATH/Filters/Auth.php(61): Firebase\JWT\JWT::decode('eyJ0eXAiOiJKV1QiLCJhbGciOiJIUzI1NiJ9.eyJpc3MiOiJOZWVsIG5ldHdvcmtzIiwiYXVkIjoiY3VzdG9tZXIiLCJpYXQiOjE2ODUxMDgxNTMsImV4cCI6MTY4NTEzNjk1MywiZW1haWwiOiJ2aWtyYW50QG5lZWxuZXR3b3Jrcy5jb20iLCJyZWZlciI6Imh0dHBzOi8vcHJvamVjdC1tYW5hZ2VtZW50LXN5c3RlbS1uZWVsLW5ldHdvcmtzLnZlcmNlbC5hcHAvIn0.E_u8YsAmPwkn92AnsSm-wrAQKYX3bFdlCW3AG84iy1k', Object(Firebase\JWT\Key))
 2 SYSTEMPATH/Filters/Filters.php(173): App\Filters\Auth->before(Object(CodeIgniter\HTTP\IncomingRequest), null)
 3 SYSTEMPATH/CodeIgniter.php(453): CodeIgniter\Filters\Filters->run('user/all-notifications/17', 'before')
 4 SYSTEMPATH/CodeIgniter.php(349): CodeIgniter\CodeIgniter->handleRequest(null, Object(Config\Cache), false)
 5 FCPATH/index.php(73): CodeIgniter\CodeIgniter->run()
CRITICAL - 2023-05-30 18:54:22 --> Expired token
in FCPATH/vendor/firebase/php-jwt/src/JWT.php on line 162.
 1 APPPATH/Filters/Auth.php(61): Firebase\JWT\JWT::decode('eyJ0eXAiOiJKV1QiLCJhbGciOiJIUzI1NiJ9.eyJpc3MiOiJOZWVsIG5ldHdvcmtzIiwiYXVkIjoiY3VzdG9tZXIiLCJpYXQiOjE2ODUxMDgxNTMsImV4cCI6MTY4NTEzNjk1MywiZW1haWwiOiJ2aWtyYW50QG5lZWxuZXR3b3Jrcy5jb20iLCJyZWZlciI6Imh0dHBzOi8vcHJvamVjdC1tYW5hZ2VtZW50LXN5c3RlbS1uZWVsLW5ldHdvcmtzLnZlcmNlbC5hcHAvIn0.E_u8YsAmPwkn92AnsSm-wrAQKYX3bFdlCW3AG84iy1k', Object(Firebase\JWT\Key))
 2 SYSTEMPATH/Filters/Filters.php(173): App\Filters\Auth->before(Object(CodeIgniter\HTTP\IncomingRequest), null)
 3 SYSTEMPATH/CodeIgniter.php(453): CodeIgniter\Filters\Filters->run('user/count-project-list-for-single-user/17', 'before')
 4 SYSTEMPATH/CodeIgniter.php(349): CodeIgniter\CodeIgniter->handleRequest(null, Object(Config\Cache), false)
 5 FCPATH/index.php(73): CodeIgniter\CodeIgniter->run()
CRITICAL - 2023-05-30 18:54:22 --> Expired token
in FCPATH/vendor/firebase/php-jwt/src/JWT.php on line 162.
 1 APPPATH/Filters/Auth.php(61): Firebase\JWT\JWT::decode('eyJ0eXAiOiJKV1QiLCJhbGciOiJIUzI1NiJ9.eyJpc3MiOiJOZWVsIG5ldHdvcmtzIiwiYXVkIjoiY3VzdG9tZXIiLCJpYXQiOjE2ODUxMDgxNTMsImV4cCI6MTY4NTEzNjk1MywiZW1haWwiOiJ2aWtyYW50QG5lZWxuZXR3b3Jrcy5jb20iLCJyZWZlciI6Imh0dHBzOi8vcHJvamVjdC1tYW5hZ2VtZW50LXN5c3RlbS1uZWVsLW5ldHdvcmtzLnZlcmNlbC5hcHAvIn0.E_u8YsAmPwkn92AnsSm-wrAQKYX3bFdlCW3AG84iy1k', Object(Firebase\JWT\Key))
 2 SYSTEMPATH/Filters/Filters.php(173): App\Filters\Auth->before(Object(CodeIgniter\HTTP\IncomingRequest), null)
 3 SYSTEMPATH/CodeIgniter.php(453): CodeIgniter\Filters\Filters->run('user/get-my-current-work/17', 'before')
 4 SYSTEMPATH/CodeIgniter.php(349): CodeIgniter\CodeIgniter->handleRequest(null, Object(Config\Cache), false)
 5 FCPATH/index.php(73): CodeIgniter\CodeIgniter->run()
CRITICAL - 2023-05-30 18:54:22 --> Expired token
in FCPATH/vendor/firebase/php-jwt/src/JWT.php on line 162.
 1 APPPATH/Filters/Auth.php(61): Firebase\JWT\JWT::decode('eyJ0eXAiOiJKV1QiLCJhbGciOiJIUzI1NiJ9.eyJpc3MiOiJOZWVsIG5ldHdvcmtzIiwiYXVkIjoiY3VzdG9tZXIiLCJpYXQiOjE2ODUxMDgxNTMsImV4cCI6MTY4NTEzNjk1MywiZW1haWwiOiJ2aWtyYW50QG5lZWxuZXR3b3Jrcy5jb20iLCJyZWZlciI6Imh0dHBzOi8vcHJvamVjdC1tYW5hZ2VtZW50LXN5c3RlbS1uZWVsLW5ldHdvcmtzLnZlcmNlbC5hcHAvIn0.E_u8YsAmPwkn92AnsSm-wrAQKYX3bFdlCW3AG84iy1k', Object(Firebase\JWT\Key))
 2 SYSTEMPATH/Filters/Filters.php(173): App\Filters\Auth->before(Object(CodeIgniter\HTTP\IncomingRequest), null)
 3 SYSTEMPATH/CodeIgniter.php(453): CodeIgniter\Filters\Filters->run('task/list', 'before')
 4 SYSTEMPATH/CodeIgniter.php(349): CodeIgniter\CodeIgniter->handleRequest(null, Object(Config\Cache), false)
 5 FCPATH/index.php(73): CodeIgniter\CodeIgniter->run()
CRITICAL - 2023-05-30 18:54:22 --> Expired token
in FCPATH/vendor/firebase/php-jwt/src/JWT.php on line 162.
 1 APPPATH/Filters/Auth.php(61): Firebase\JWT\JWT::decode('eyJ0eXAiOiJKV1QiLCJhbGciOiJIUzI1NiJ9.eyJpc3MiOiJOZWVsIG5ldHdvcmtzIiwiYXVkIjoiY3VzdG9tZXIiLCJpYXQiOjE2ODUxMDgxNTMsImV4cCI6MTY4NTEzNjk1MywiZW1haWwiOiJ2aWtyYW50QG5lZWxuZXR3b3Jrcy5jb20iLCJyZWZlciI6Imh0dHBzOi8vcHJvamVjdC1tYW5hZ2VtZW50LXN5c3RlbS1uZWVsLW5ldHdvcmtzLnZlcmNlbC5hcHAvIn0.E_u8YsAmPwkn92AnsSm-wrAQKYX3bFdlCW3AG84iy1k', Object(Firebase\JWT\Key))
 2 SYSTEMPATH/Filters/Filters.php(173): App\Filters\Auth->before(Object(CodeIgniter\HTTP\IncomingRequest), null)
 3 SYSTEMPATH/CodeIgniter.php(453): CodeIgniter\Filters\Filters->run('task/list', 'before')
 4 SYSTEMPATH/CodeIgniter.php(349): CodeIgniter\CodeIgniter->handleRequest(null, Object(Config\Cache), false)
 5 FCPATH/index.php(73): CodeIgniter\CodeIgniter->run()
CRITICAL - 2023-05-30 18:54:24 --> Expired token
in FCPATH/vendor/firebase/php-jwt/src/JWT.php on line 162.
 1 APPPATH/Filters/Auth.php(61): Firebase\JWT\JWT::decode('eyJ0eXAiOiJKV1QiLCJhbGciOiJIUzI1NiJ9.eyJpc3MiOiJOZWVsIG5ldHdvcmtzIiwiYXVkIjoiY3VzdG9tZXIiLCJpYXQiOjE2ODUxMDgxNTMsImV4cCI6MTY4NTEzNjk1MywiZW1haWwiOiJ2aWtyYW50QG5lZWxuZXR3b3Jrcy5jb20iLCJyZWZlciI6Imh0dHBzOi8vcHJvamVjdC1tYW5hZ2VtZW50LXN5c3RlbS1uZWVsLW5ldHdvcmtzLnZlcmNlbC5hcHAvIn0.E_u8YsAmPwkn92AnsSm-wrAQKYX3bFdlCW3AG84iy1k', Object(Firebase\JWT\Key))
 2 SYSTEMPATH/Filters/Filters.php(173): App\Filters\Auth->before(Object(CodeIgniter\HTTP\IncomingRequest), null)
 3 SYSTEMPATH/CodeIgniter.php(453): CodeIgniter\Filters\Filters->run('user/all-notifications/17', 'before')
 4 SYSTEMPATH/CodeIgniter.php(349): CodeIgniter\CodeIgniter->handleRequest(null, Object(Config\Cache), false)
 5 FCPATH/index.php(73): CodeIgniter\CodeIgniter->run()
CRITICAL - 2023-05-30 18:54:24 --> Expired token
in FCPATH/vendor/firebase/php-jwt/src/JWT.php on line 162.
 1 APPPATH/Filters/Auth.php(61): Firebase\JWT\JWT::decode('eyJ0eXAiOiJKV1QiLCJhbGciOiJIUzI1NiJ9.eyJpc3MiOiJOZWVsIG5ldHdvcmtzIiwiYXVkIjoiY3VzdG9tZXIiLCJpYXQiOjE2ODUxMDgxNTMsImV4cCI6MTY4NTEzNjk1MywiZW1haWwiOiJ2aWtyYW50QG5lZWxuZXR3b3Jrcy5jb20iLCJyZWZlciI6Imh0dHBzOi8vcHJvamVjdC1tYW5hZ2VtZW50LXN5c3RlbS1uZWVsLW5ldHdvcmtzLnZlcmNlbC5hcHAvIn0.E_u8YsAmPwkn92AnsSm-wrAQKYX3bFdlCW3AG84iy1k', Object(Firebase\JWT\Key))
 2 SYSTEMPATH/Filters/Filters.php(173): App\Filters\Auth->before(Object(CodeIgniter\HTTP\IncomingRequest), null)
 3 SYSTEMPATH/CodeIgniter.php(453): CodeIgniter\Filters\Filters->run('user/17', 'before')
 4 SYSTEMPATH/CodeIgniter.php(349): CodeIgniter\CodeIgniter->handleRequest(null, Object(Config\Cache), false)
 5 FCPATH/index.php(73): CodeIgniter\CodeIgniter->run()
CRITICAL - 2023-05-30 18:54:24 --> Expired token
in FCPATH/vendor/firebase/php-jwt/src/JWT.php on line 162.
 1 APPPATH/Filters/Auth.php(61): Firebase\JWT\JWT::decode('eyJ0eXAiOiJKV1QiLCJhbGciOiJIUzI1NiJ9.eyJpc3MiOiJOZWVsIG5ldHdvcmtzIiwiYXVkIjoiY3VzdG9tZXIiLCJpYXQiOjE2ODUxMDgxNTMsImV4cCI6MTY4NTEzNjk1MywiZW1haWwiOiJ2aWtyYW50QG5lZWxuZXR3b3Jrcy5jb20iLCJyZWZlciI6Imh0dHBzOi8vcHJvamVjdC1tYW5hZ2VtZW50LXN5c3RlbS1uZWVsLW5ldHdvcmtzLnZlcmNlbC5hcHAvIn0.E_u8YsAmPwkn92AnsSm-wrAQKYX3bFdlCW3AG84iy1k', Object(Firebase\JWT\Key))
 2 SYSTEMPATH/Filters/Filters.php(173): App\Filters\Auth->before(Object(CodeIgniter\HTTP\IncomingRequest), null)
 3 SYSTEMPATH/CodeIgniter.php(453): CodeIgniter\Filters\Filters->run('task/list', 'before')
 4 SYSTEMPATH/CodeIgniter.php(349): CodeIgniter\CodeIgniter->handleRequest(null, Object(Config\Cache), false)
 5 FCPATH/index.php(73): CodeIgniter\CodeIgniter->run()
CRITICAL - 2023-05-30 18:54:25 --> Expired token
in FCPATH/vendor/firebase/php-jwt/src/JWT.php on line 162.
 1 APPPATH/Filters/Auth.php(61): Firebase\JWT\JWT::decode('eyJ0eXAiOiJKV1QiLCJhbGciOiJIUzI1NiJ9.eyJpc3MiOiJOZWVsIG5ldHdvcmtzIiwiYXVkIjoiY3VzdG9tZXIiLCJpYXQiOjE2ODUxMDgxNTMsImV4cCI6MTY4NTEzNjk1MywiZW1haWwiOiJ2aWtyYW50QG5lZWxuZXR3b3Jrcy5jb20iLCJyZWZlciI6Imh0dHBzOi8vcHJvamVjdC1tYW5hZ2VtZW50LXN5c3RlbS1uZWVsLW5ldHdvcmtzLnZlcmNlbC5hcHAvIn0.E_u8YsAmPwkn92AnsSm-wrAQKYX3bFdlCW3AG84iy1k', Object(Firebase\JWT\Key))
 2 SYSTEMPATH/Filters/Filters.php(173): App\Filters\Auth->before(Object(CodeIgniter\HTTP\IncomingRequest), null)
 3 SYSTEMPATH/CodeIgniter.php(453): CodeIgniter\Filters\Filters->run('user/assign-project-list-for-single-user/17', 'before')
 4 SYSTEMPATH/CodeIgniter.php(349): CodeIgniter\CodeIgniter->handleRequest(null, Object(Config\Cache), false)
 5 FCPATH/index.php(73): CodeIgniter\CodeIgniter->run()
CRITICAL - 2023-05-30 18:54:25 --> Expired token
in FCPATH/vendor/firebase/php-jwt/src/JWT.php on line 162.
 1 APPPATH/Filters/Auth.php(61): Firebase\JWT\JWT::decode('eyJ0eXAiOiJKV1QiLCJhbGciOiJIUzI1NiJ9.eyJpc3MiOiJOZWVsIG5ldHdvcmtzIiwiYXVkIjoiY3VzdG9tZXIiLCJpYXQiOjE2ODUxMDgxNTMsImV4cCI6MTY4NTEzNjk1MywiZW1haWwiOiJ2aWtyYW50QG5lZWxuZXR3b3Jrcy5jb20iLCJyZWZlciI6Imh0dHBzOi8vcHJvamVjdC1tYW5hZ2VtZW50LXN5c3RlbS1uZWVsLW5ldHdvcmtzLnZlcmNlbC5hcHAvIn0.E_u8YsAmPwkn92AnsSm-wrAQKYX3bFdlCW3AG84iy1k', Object(Firebase\JWT\Key))
 2 SYSTEMPATH/Filters/Filters.php(173): App\Filters\Auth->before(Object(CodeIgniter\HTTP\IncomingRequest), null)
 3 SYSTEMPATH/CodeIgniter.php(453): CodeIgniter\Filters\Filters->run('holiday-list', 'before')
 4 SYSTEMPATH/CodeIgniter.php(349): CodeIgniter\CodeIgniter->handleRequest(null, Object(Config\Cache), false)
 5 FCPATH/index.php(73): CodeIgniter\CodeIgniter->run()
CRITICAL - 2023-05-30 18:54:25 --> Expired token
in FCPATH/vendor/firebase/php-jwt/src/JWT.php on line 162.
 1 APPPATH/Filters/Auth.php(61): Firebase\JWT\JWT::decode('eyJ0eXAiOiJKV1QiLCJhbGciOiJIUzI1NiJ9.eyJpc3MiOiJOZWVsIG5ldHdvcmtzIiwiYXVkIjoiY3VzdG9tZXIiLCJpYXQiOjE2ODUxMDgxNTMsImV4cCI6MTY4NTEzNjk1MywiZW1haWwiOiJ2aWtyYW50QG5lZWxuZXR3b3Jrcy5jb20iLCJyZWZlciI6Imh0dHBzOi8vcHJvamVjdC1tYW5hZ2VtZW50LXN5c3RlbS1uZWVsLW5ldHdvcmtzLnZlcmNlbC5hcHAvIn0.E_u8YsAmPwkn92AnsSm-wrAQKYX3bFdlCW3AG84iy1k', Object(Firebase\JWT\Key))
 2 SYSTEMPATH/Filters/Filters.php(173): App\Filters\Auth->before(Object(CodeIgniter\HTTP\IncomingRequest), null)
 3 SYSTEMPATH/CodeIgniter.php(453): CodeIgniter\Filters\Filters->run('project/list/17/2023-05-30', 'before')
 4 SYSTEMPATH/CodeIgniter.php(349): CodeIgniter\CodeIgniter->handleRequest(null, Object(Config\Cache), false)
 5 FCPATH/index.php(73): CodeIgniter\CodeIgniter->run()
CRITICAL - 2023-05-30 18:56:11 --> Expired token
in FCPATH/vendor/firebase/php-jwt/src/JWT.php on line 162.
 1 APPPATH/Filters/Auth.php(61): Firebase\JWT\JWT::decode('eyJ0eXAiOiJKV1QiLCJhbGciOiJIUzI1NiJ9.eyJpc3MiOiJOZWVsIG5ldHdvcmtzIiwiYXVkIjoiY3VzdG9tZXIiLCJpYXQiOjE2ODUxMDU1NzksImV4cCI6MTY4NTEzNDM3OSwiZW1haWwiOiJpc2h3YXJAbmVlbG5ldHdvcmtzLmNvbSIsInJlZmVyIjoiaHR0cHM6Ly9wcm9qZWN0LW1hbmFnZW1lbnQtc3lzdGVtLW5lZWwtbmV0d29ya3MudmVyY2VsLmFwcC8ifQ.r9InnSj_f2JBKbZBtlhoussj11JGfw_XCAp-kD__a8U', Object(Firebase\JWT\Key))
 2 SYSTEMPATH/Filters/Filters.php(173): App\Filters\Auth->before(Object(CodeIgniter\HTTP\IncomingRequest), null)
 3 SYSTEMPATH/CodeIgniter.php(453): CodeIgniter\Filters\Filters->run('user/20', 'before')
 4 SYSTEMPATH/CodeIgniter.php(349): CodeIgniter\CodeIgniter->handleRequest(null, Object(Config\Cache), false)
 5 FCPATH/index.php(73): CodeIgniter\CodeIgniter->run()
CRITICAL - 2023-05-30 18:56:11 --> Expired token
in FCPATH/vendor/firebase/php-jwt/src/JWT.php on line 162.
 1 APPPATH/Filters/Auth.php(61): Firebase\JWT\JWT::decode('eyJ0eXAiOiJKV1QiLCJhbGciOiJIUzI1NiJ9.eyJpc3MiOiJOZWVsIG5ldHdvcmtzIiwiYXVkIjoiY3VzdG9tZXIiLCJpYXQiOjE2ODUxMDU1NzksImV4cCI6MTY4NTEzNDM3OSwiZW1haWwiOiJpc2h3YXJAbmVlbG5ldHdvcmtzLmNvbSIsInJlZmVyIjoiaHR0cHM6Ly9wcm9qZWN0LW1hbmFnZW1lbnQtc3lzdGVtLW5lZWwtbmV0d29ya3MudmVyY2VsLmFwcC8ifQ.r9InnSj_f2JBKbZBtlhoussj11JGfw_XCAp-kD__a8U', Object(Firebase\JWT\Key))
 2 SYSTEMPATH/Filters/Filters.php(173): App\Filters\Auth->before(Object(CodeIgniter\HTTP\IncomingRequest), null)
 3 SYSTEMPATH/CodeIgniter.php(453): CodeIgniter\Filters\Filters->run('task/list', 'before')
 4 SYSTEMPATH/CodeIgniter.php(349): CodeIgniter\CodeIgniter->handleRequest(null, Object(Config\Cache), false)
 5 FCPATH/index.php(73): CodeIgniter\CodeIgniter->run()
CRITICAL - 2023-05-30 18:56:11 --> Expired token
in FCPATH/vendor/firebase/php-jwt/src/JWT.php on line 162.
 1 APPPATH/Filters/Auth.php(61): Firebase\JWT\JWT::decode('eyJ0eXAiOiJKV1QiLCJhbGciOiJIUzI1NiJ9.eyJpc3MiOiJOZWVsIG5ldHdvcmtzIiwiYXVkIjoiY3VzdG9tZXIiLCJpYXQiOjE2ODUxMDU1NzksImV4cCI6MTY4NTEzNDM3OSwiZW1haWwiOiJpc2h3YXJAbmVlbG5ldHdvcmtzLmNvbSIsInJlZmVyIjoiaHR0cHM6Ly9wcm9qZWN0LW1hbmFnZW1lbnQtc3lzdGVtLW5lZWwtbmV0d29ya3MudmVyY2VsLmFwcC8ifQ.r9InnSj_f2JBKbZBtlhoussj11JGfw_XCAp-kD__a8U', Object(Firebase\JWT\Key))
 2 SYSTEMPATH/Filters/Filters.php(173): App\Filters\Auth->before(Object(CodeIgniter\HTTP\IncomingRequest), null)
 3 SYSTEMPATH/CodeIgniter.php(453): CodeIgniter\Filters\Filters->run('user/all-notifications/20', 'before')
 4 SYSTEMPATH/CodeIgniter.php(349): CodeIgniter\CodeIgniter->handleRequest(null, Object(Config\Cache), false)
 5 FCPATH/index.php(73): CodeIgniter\CodeIgniter->run()
CRITICAL - 2023-05-30 18:56:12 --> Expired token
in FCPATH/vendor/firebase/php-jwt/src/JWT.php on line 162.
 1 APPPATH/Filters/Auth.php(61): Firebase\JWT\JWT::decode('eyJ0eXAiOiJKV1QiLCJhbGciOiJIUzI1NiJ9.eyJpc3MiOiJOZWVsIG5ldHdvcmtzIiwiYXVkIjoiY3VzdG9tZXIiLCJpYXQiOjE2ODUxMDU1NzksImV4cCI6MTY4NTEzNDM3OSwiZW1haWwiOiJpc2h3YXJAbmVlbG5ldHdvcmtzLmNvbSIsInJlZmVyIjoiaHR0cHM6Ly9wcm9qZWN0LW1hbmFnZW1lbnQtc3lzdGVtLW5lZWwtbmV0d29ya3MudmVyY2VsLmFwcC8ifQ.r9InnSj_f2JBKbZBtlhoussj11JGfw_XCAp-kD__a8U', Object(Firebase\JWT\Key))
 2 SYSTEMPATH/Filters/Filters.php(173): App\Filters\Auth->before(Object(CodeIgniter\HTTP\IncomingRequest), null)
 3 SYSTEMPATH/CodeIgniter.php(453): CodeIgniter\Filters\Filters->run('task/list', 'before')
 4 SYSTEMPATH/CodeIgniter.php(349): CodeIgniter\CodeIgniter->handleRequest(null, Object(Config\Cache), false)
 5 FCPATH/index.php(73): CodeIgniter\CodeIgniter->run()
CRITICAL - 2023-05-30 18:56:12 --> Expired token
in FCPATH/vendor/firebase/php-jwt/src/JWT.php on line 162.
 1 APPPATH/Filters/Auth.php(61): Firebase\JWT\JWT::decode('eyJ0eXAiOiJKV1QiLCJhbGciOiJIUzI1NiJ9.eyJpc3MiOiJOZWVsIG5ldHdvcmtzIiwiYXVkIjoiY3VzdG9tZXIiLCJpYXQiOjE2ODUxMDU1NzksImV4cCI6MTY4NTEzNDM3OSwiZW1haWwiOiJpc2h3YXJAbmVlbG5ldHdvcmtzLmNvbSIsInJlZmVyIjoiaHR0cHM6Ly9wcm9qZWN0LW1hbmFnZW1lbnQtc3lzdGVtLW5lZWwtbmV0d29ya3MudmVyY2VsLmFwcC8ifQ.r9InnSj_f2JBKbZBtlhoussj11JGfw_XCAp-kD__a8U', Object(Firebase\JWT\Key))
 2 SYSTEMPATH/Filters/Filters.php(173): App\Filters\Auth->before(Object(CodeIgniter\HTTP\IncomingRequest), null)
 3 SYSTEMPATH/CodeIgniter.php(453): CodeIgniter\Filters\Filters->run('user/count-project-list-for-single-user/20', 'before')
 4 SYSTEMPATH/CodeIgniter.php(349): CodeIgniter\CodeIgniter->handleRequest(null, Object(Config\Cache), false)
 5 FCPATH/index.php(73): CodeIgniter\CodeIgniter->run()
CRITICAL - 2023-05-30 18:56:12 --> Expired token
in FCPATH/vendor/firebase/php-jwt/src/JWT.php on line 162.
 1 APPPATH/Filters/Auth.php(61): Firebase\JWT\JWT::decode('eyJ0eXAiOiJKV1QiLCJhbGciOiJIUzI1NiJ9.eyJpc3MiOiJOZWVsIG5ldHdvcmtzIiwiYXVkIjoiY3VzdG9tZXIiLCJpYXQiOjE2ODUxMDU1NzksImV4cCI6MTY4NTEzNDM3OSwiZW1haWwiOiJpc2h3YXJAbmVlbG5ldHdvcmtzLmNvbSIsInJlZmVyIjoiaHR0cHM6Ly9wcm9qZWN0LW1hbmFnZW1lbnQtc3lzdGVtLW5lZWwtbmV0d29ya3MudmVyY2VsLmFwcC8ifQ.r9InnSj_f2JBKbZBtlhoussj11JGfw_XCAp-kD__a8U', Object(Firebase\JWT\Key))
 2 SYSTEMPATH/Filters/Filters.php(173): App\Filters\Auth->before(Object(CodeIgniter\HTTP\IncomingRequest), null)
 3 SYSTEMPATH/CodeIgniter.php(453): CodeIgniter\Filters\Filters->run('user/get-my-current-work/20', 'before')
 4 SYSTEMPATH/CodeIgniter.php(349): CodeIgniter\CodeIgniter->handleRequest(null, Object(Config\Cache), false)
 5 FCPATH/index.php(73): CodeIgniter\CodeIgniter->run()
CRITICAL - 2023-05-30 18:56:13 --> Expired token
in FCPATH/vendor/firebase/php-jwt/src/JWT.php on line 162.
 1 APPPATH/Filters/Auth.php(61): Firebase\JWT\JWT::decode('eyJ0eXAiOiJKV1QiLCJhbGciOiJIUzI1NiJ9.eyJpc3MiOiJOZWVsIG5ldHdvcmtzIiwiYXVkIjoiY3VzdG9tZXIiLCJpYXQiOjE2ODUxMDU1NzksImV4cCI6MTY4NTEzNDM3OSwiZW1haWwiOiJpc2h3YXJAbmVlbG5ldHdvcmtzLmNvbSIsInJlZmVyIjoiaHR0cHM6Ly9wcm9qZWN0LW1hbmFnZW1lbnQtc3lzdGVtLW5lZWwtbmV0d29ya3MudmVyY2VsLmFwcC8ifQ.r9InnSj_f2JBKbZBtlhoussj11JGfw_XCAp-kD__a8U', Object(Firebase\JWT\Key))
 2 SYSTEMPATH/Filters/Filters.php(173): App\Filters\Auth->before(Object(CodeIgniter\HTTP\IncomingRequest), null)
 3 SYSTEMPATH/CodeIgniter.php(453): CodeIgniter\Filters\Filters->run('user/all-notifications/20', 'before')
 4 SYSTEMPATH/CodeIgniter.php(349): CodeIgniter\CodeIgniter->handleRequest(null, Object(Config\Cache), false)
 5 FCPATH/index.php(73): CodeIgniter\CodeIgniter->run()
CRITICAL - 2023-05-30 18:56:13 --> Expired token
in FCPATH/vendor/firebase/php-jwt/src/JWT.php on line 162.
 1 APPPATH/Filters/Auth.php(61): Firebase\JWT\JWT::decode('eyJ0eXAiOiJKV1QiLCJhbGciOiJIUzI1NiJ9.eyJpc3MiOiJOZWVsIG5ldHdvcmtzIiwiYXVkIjoiY3VzdG9tZXIiLCJpYXQiOjE2ODUxMDU1NzksImV4cCI6MTY4NTEzNDM3OSwiZW1haWwiOiJpc2h3YXJAbmVlbG5ldHdvcmtzLmNvbSIsInJlZmVyIjoiaHR0cHM6Ly9wcm9qZWN0LW1hbmFnZW1lbnQtc3lzdGVtLW5lZWwtbmV0d29ya3MudmVyY2VsLmFwcC8ifQ.r9InnSj_f2JBKbZBtlhoussj11JGfw_XCAp-kD__a8U', Object(Firebase\JWT\Key))
 2 SYSTEMPATH/Filters/Filters.php(173): App\Filters\Auth->before(Object(CodeIgniter\HTTP\IncomingRequest), null)
 3 SYSTEMPATH/CodeIgniter.php(453): CodeIgniter\Filters\Filters->run('user/20', 'before')
 4 SYSTEMPATH/CodeIgniter.php(349): CodeIgniter\CodeIgniter->handleRequest(null, Object(Config\Cache), false)
 5 FCPATH/index.php(73): CodeIgniter\CodeIgniter->run()
CRITICAL - 2023-05-30 18:56:13 --> Expired token
in FCPATH/vendor/firebase/php-jwt/src/JWT.php on line 162.
 1 APPPATH/Filters/Auth.php(61): Firebase\JWT\JWT::decode('eyJ0eXAiOiJKV1QiLCJhbGciOiJIUzI1NiJ9.eyJpc3MiOiJOZWVsIG5ldHdvcmtzIiwiYXVkIjoiY3VzdG9tZXIiLCJpYXQiOjE2ODUxMDU1NzksImV4cCI6MTY4NTEzNDM3OSwiZW1haWwiOiJpc2h3YXJAbmVlbG5ldHdvcmtzLmNvbSIsInJlZmVyIjoiaHR0cHM6Ly9wcm9qZWN0LW1hbmFnZW1lbnQtc3lzdGVtLW5lZWwtbmV0d29ya3MudmVyY2VsLmFwcC8ifQ.r9InnSj_f2JBKbZBtlhoussj11JGfw_XCAp-kD__a8U', Object(Firebase\JWT\Key))
 2 SYSTEMPATH/Filters/Filters.php(173): App\Filters\Auth->before(Object(CodeIgniter\HTTP\IncomingRequest), null)
 3 SYSTEMPATH/CodeIgniter.php(453): CodeIgniter\Filters\Filters->run('task/list', 'before')
 4 SYSTEMPATH/CodeIgniter.php(349): CodeIgniter\CodeIgniter->handleRequest(null, Object(Config\Cache), false)
 5 FCPATH/index.php(73): CodeIgniter\CodeIgniter->run()
CRITICAL - 2023-05-30 18:56:13 --> Expired token
in FCPATH/vendor/firebase/php-jwt/src/JWT.php on line 162.
 1 APPPATH/Filters/Auth.php(61): Firebase\JWT\JWT::decode('eyJ0eXAiOiJKV1QiLCJhbGciOiJIUzI1NiJ9.eyJpc3MiOiJOZWVsIG5ldHdvcmtzIiwiYXVkIjoiY3VzdG9tZXIiLCJpYXQiOjE2ODUxMDU1NzksImV4cCI6MTY4NTEzNDM3OSwiZW1haWwiOiJpc2h3YXJAbmVlbG5ldHdvcmtzLmNvbSIsInJlZmVyIjoiaHR0cHM6Ly9wcm9qZWN0LW1hbmFnZW1lbnQtc3lzdGVtLW5lZWwtbmV0d29ya3MudmVyY2VsLmFwcC8ifQ.r9InnSj_f2JBKbZBtlhoussj11JGfw_XCAp-kD__a8U', Object(Firebase\JWT\Key))
 2 SYSTEMPATH/Filters/Filters.php(173): App\Filters\Auth->before(Object(CodeIgniter\HTTP\IncomingRequest), null)
 3 SYSTEMPATH/CodeIgniter.php(453): CodeIgniter\Filters\Filters->run('holiday-list', 'before')
 4 SYSTEMPATH/CodeIgniter.php(349): CodeIgniter\CodeIgniter->handleRequest(null, Object(Config\Cache), false)
 5 FCPATH/index.php(73): CodeIgniter\CodeIgniter->run()
CRITICAL - 2023-05-30 18:56:13 --> Expired token
in FCPATH/vendor/firebase/php-jwt/src/JWT.php on line 162.
 1 APPPATH/Filters/Auth.php(61): Firebase\JWT\JWT::decode('eyJ0eXAiOiJKV1QiLCJhbGciOiJIUzI1NiJ9.eyJpc3MiOiJOZWVsIG5ldHdvcmtzIiwiYXVkIjoiY3VzdG9tZXIiLCJpYXQiOjE2ODUxMDU1NzksImV4cCI6MTY4NTEzNDM3OSwiZW1haWwiOiJpc2h3YXJAbmVlbG5ldHdvcmtzLmNvbSIsInJlZmVyIjoiaHR0cHM6Ly9wcm9qZWN0LW1hbmFnZW1lbnQtc3lzdGVtLW5lZWwtbmV0d29ya3MudmVyY2VsLmFwcC8ifQ.r9InnSj_f2JBKbZBtlhoussj11JGfw_XCAp-kD__a8U', Object(Firebase\JWT\Key))
 2 SYSTEMPATH/Filters/Filters.php(173): App\Filters\Auth->before(Object(CodeIgniter\HTTP\IncomingRequest), null)
 3 SYSTEMPATH/CodeIgniter.php(453): CodeIgniter\Filters\Filters->run('user/assign-project-list-for-single-user/20', 'before')
 4 SYSTEMPATH/CodeIgniter.php(349): CodeIgniter\CodeIgniter->handleRequest(null, Object(Config\Cache), false)
 5 FCPATH/index.php(73): CodeIgniter\CodeIgniter->run()
CRITICAL - 2023-05-30 18:56:13 --> Expired token
in FCPATH/vendor/firebase/php-jwt/src/JWT.php on line 162.
 1 APPPATH/Filters/Auth.php(61): Firebase\JWT\JWT::decode('eyJ0eXAiOiJKV1QiLCJhbGciOiJIUzI1NiJ9.eyJpc3MiOiJOZWVsIG5ldHdvcmtzIiwiYXVkIjoiY3VzdG9tZXIiLCJpYXQiOjE2ODUxMDU1NzksImV4cCI6MTY4NTEzNDM3OSwiZW1haWwiOiJpc2h3YXJAbmVlbG5ldHdvcmtzLmNvbSIsInJlZmVyIjoiaHR0cHM6Ly9wcm9qZWN0LW1hbmFnZW1lbnQtc3lzdGVtLW5lZWwtbmV0d29ya3MudmVyY2VsLmFwcC8ifQ.r9InnSj_f2JBKbZBtlhoussj11JGfw_XCAp-kD__a8U', Object(Firebase\JWT\Key))
 2 SYSTEMPATH/Filters/Filters.php(173): App\Filters\Auth->before(Object(CodeIgniter\HTTP\IncomingRequest), null)
 3 SYSTEMPATH/CodeIgniter.php(453): CodeIgniter\Filters\Filters->run('project/list/20/2023-05-30', 'before')
 4 SYSTEMPATH/CodeIgniter.php(349): CodeIgniter\CodeIgniter->handleRequest(null, Object(Config\Cache), false)
 5 FCPATH/index.php(73): CodeIgniter\CodeIgniter->run()
CRITICAL - 2023-05-30 19:01:12 --> Expired token
in FCPATH/vendor/firebase/php-jwt/src/JWT.php on line 162.
 1 APPPATH/Filters/Auth.php(61): Firebase\JWT\JWT::decode('eyJ0eXAiOiJKV1QiLCJhbGciOiJIUzI1NiJ9.eyJpc3MiOiJOZWVsIG5ldHdvcmtzIiwiYXVkIjoiY3VzdG9tZXIiLCJpYXQiOjE2ODUzNjY4OTQsImV4cCI6MTY4NTM5NTY5NCwiZW1haWwiOiJkaGFuYXNocmVlQG5lZWxuZXR3b3Jrcy5jb20iLCJyZWZlciI6Imh0dHBzOi8vcHJvamVjdC1tYW5hZ2VtZW50LXN5c3RlbS1uZWVsLW5ldHdvcmtzLnZlcmNlbC5hcHAvIn0.UG5dRB5AROGcwImRpiBLNqVyTaDPWcYWjz-h2erav8k', Object(Firebase\JWT\Key))
 2 SYSTEMPATH/Filters/Filters.php(173): App\Filters\Auth->before(Object(CodeIgniter\HTTP\IncomingRequest), null)
 3 SYSTEMPATH/CodeIgniter.php(453): CodeIgniter\Filters\Filters->run('task/list', 'before')
 4 SYSTEMPATH/CodeIgniter.php(349): CodeIgniter\CodeIgniter->handleRequest(null, Object(Config\Cache), false)
 5 FCPATH/index.php(73): CodeIgniter\CodeIgniter->run()
CRITICAL - 2023-05-30 19:01:12 --> Expired token
in FCPATH/vendor/firebase/php-jwt/src/JWT.php on line 162.
 1 APPPATH/Filters/Auth.php(61): Firebase\JWT\JWT::decode('eyJ0eXAiOiJKV1QiLCJhbGciOiJIUzI1NiJ9.eyJpc3MiOiJOZWVsIG5ldHdvcmtzIiwiYXVkIjoiY3VzdG9tZXIiLCJpYXQiOjE2ODUzNjY4OTQsImV4cCI6MTY4NTM5NTY5NCwiZW1haWwiOiJkaGFuYXNocmVlQG5lZWxuZXR3b3Jrcy5jb20iLCJyZWZlciI6Imh0dHBzOi8vcHJvamVjdC1tYW5hZ2VtZW50LXN5c3RlbS1uZWVsLW5ldHdvcmtzLnZlcmNlbC5hcHAvIn0.UG5dRB5AROGcwImRpiBLNqVyTaDPWcYWjz-h2erav8k', Object(Firebase\JWT\Key))
 2 SYSTEMPATH/Filters/Filters.php(173): App\Filters\Auth->before(Object(CodeIgniter\HTTP\IncomingRequest), null)
 3 SYSTEMPATH/CodeIgniter.php(453): CodeIgniter\Filters\Filters->run('task/list', 'before')
 4 SYSTEMPATH/CodeIgniter.php(349): CodeIgniter\CodeIgniter->handleRequest(null, Object(Config\Cache), false)
 5 FCPATH/index.php(73): CodeIgniter\CodeIgniter->run()
CRITICAL - 2023-05-30 19:01:12 --> Expired token
in FCPATH/vendor/firebase/php-jwt/src/JWT.php on line 162.
 1 APPPATH/Filters/Auth.php(61): Firebase\JWT\JWT::decode('eyJ0eXAiOiJKV1QiLCJhbGciOiJIUzI1NiJ9.eyJpc3MiOiJOZWVsIG5ldHdvcmtzIiwiYXVkIjoiY3VzdG9tZXIiLCJpYXQiOjE2ODUzNjY4OTQsImV4cCI6MTY4NTM5NTY5NCwiZW1haWwiOiJkaGFuYXNocmVlQG5lZWxuZXR3b3Jrcy5jb20iLCJyZWZlciI6Imh0dHBzOi8vcHJvamVjdC1tYW5hZ2VtZW50LXN5c3RlbS1uZWVsLW5ldHdvcmtzLnZlcmNlbC5hcHAvIn0.UG5dRB5AROGcwImRpiBLNqVyTaDPWcYWjz-h2erav8k', Object(Firebase\JWT\Key))
 2 SYSTEMPATH/Filters/Filters.php(173): App\Filters\Auth->before(Object(CodeIgniter\HTTP\IncomingRequest), null)
 3 SYSTEMPATH/CodeIgniter.php(453): CodeIgniter\Filters\Filters->run('user/get-my-current-work/5', 'before')
 4 SYSTEMPATH/CodeIgniter.php(349): CodeIgniter\CodeIgniter->handleRequest(null, Object(Config\Cache), false)
 5 FCPATH/index.php(73): CodeIgniter\CodeIgniter->run()
CRITICAL - 2023-05-30 19:01:12 --> Expired token
in FCPATH/vendor/firebase/php-jwt/src/JWT.php on line 162.
 1 APPPATH/Filters/Auth.php(61): Firebase\JWT\JWT::decode('eyJ0eXAiOiJKV1QiLCJhbGciOiJIUzI1NiJ9.eyJpc3MiOiJOZWVsIG5ldHdvcmtzIiwiYXVkIjoiY3VzdG9tZXIiLCJpYXQiOjE2ODUzNjY4OTQsImV4cCI6MTY4NTM5NTY5NCwiZW1haWwiOiJkaGFuYXNocmVlQG5lZWxuZXR3b3Jrcy5jb20iLCJyZWZlciI6Imh0dHBzOi8vcHJvamVjdC1tYW5hZ2VtZW50LXN5c3RlbS1uZWVsLW5ldHdvcmtzLnZlcmNlbC5hcHAvIn0.UG5dRB5AROGcwImRpiBLNqVyTaDPWcYWjz-h2erav8k', Object(Firebase\JWT\Key))
 2 SYSTEMPATH/Filters/Filters.php(173): App\Filters\Auth->before(Object(CodeIgniter\HTTP\IncomingRequest), null)
 3 SYSTEMPATH/CodeIgniter.php(453): CodeIgniter\Filters\Filters->run('user/count-project-list-for-single-user/5', 'before')
 4 SYSTEMPATH/CodeIgniter.php(349): CodeIgniter\CodeIgniter->handleRequest(null, Object(Config\Cache), false)
 5 FCPATH/index.php(73): CodeIgniter\CodeIgniter->run()
CRITICAL - 2023-05-30 19:01:12 --> Expired token
in FCPATH/vendor/firebase/php-jwt/src/JWT.php on line 162.
 1 APPPATH/Filters/Auth.php(61): Firebase\JWT\JWT::decode('eyJ0eXAiOiJKV1QiLCJhbGciOiJIUzI1NiJ9.eyJpc3MiOiJOZWVsIG5ldHdvcmtzIiwiYXVkIjoiY3VzdG9tZXIiLCJpYXQiOjE2ODUzNjY4OTQsImV4cCI6MTY4NTM5NTY5NCwiZW1haWwiOiJkaGFuYXNocmVlQG5lZWxuZXR3b3Jrcy5jb20iLCJyZWZlciI6Imh0dHBzOi8vcHJvamVjdC1tYW5hZ2VtZW50LXN5c3RlbS1uZWVsLW5ldHdvcmtzLnZlcmNlbC5hcHAvIn0.UG5dRB5AROGcwImRpiBLNqVyTaDPWcYWjz-h2erav8k', Object(Firebase\JWT\Key))
 2 SYSTEMPATH/Filters/Filters.php(173): App\Filters\Auth->before(Object(CodeIgniter\HTTP\IncomingRequest), null)
 3 SYSTEMPATH/CodeIgniter.php(453): CodeIgniter\Filters\Filters->run('user/all-notifications/5', 'before')
 4 SYSTEMPATH/CodeIgniter.php(349): CodeIgniter\CodeIgniter->handleRequest(null, Object(Config\Cache), false)
 5 FCPATH/index.php(73): CodeIgniter\CodeIgniter->run()
CRITICAL - 2023-05-30 19:01:12 --> Expired token
in FCPATH/vendor/firebase/php-jwt/src/JWT.php on line 162.
 1 APPPATH/Filters/Auth.php(61): Firebase\JWT\JWT::decode('eyJ0eXAiOiJKV1QiLCJhbGciOiJIUzI1NiJ9.eyJpc3MiOiJOZWVsIG5ldHdvcmtzIiwiYXVkIjoiY3VzdG9tZXIiLCJpYXQiOjE2ODUzNjY4OTQsImV4cCI6MTY4NTM5NTY5NCwiZW1haWwiOiJkaGFuYXNocmVlQG5lZWxuZXR3b3Jrcy5jb20iLCJyZWZlciI6Imh0dHBzOi8vcHJvamVjdC1tYW5hZ2VtZW50LXN5c3RlbS1uZWVsLW5ldHdvcmtzLnZlcmNlbC5hcHAvIn0.UG5dRB5AROGcwImRpiBLNqVyTaDPWcYWjz-h2erav8k', Object(Firebase\JWT\Key))
 2 SYSTEMPATH/Filters/Filters.php(173): App\Filters\Auth->before(Object(CodeIgniter\HTTP\IncomingRequest), null)
 3 SYSTEMPATH/CodeIgniter.php(453): CodeIgniter\Filters\Filters->run('user/5', 'before')
 4 SYSTEMPATH/CodeIgniter.php(349): CodeIgniter\CodeIgniter->handleRequest(null, Object(Config\Cache), false)
 5 FCPATH/index.php(73): CodeIgniter\CodeIgniter->run()
