CRITICAL - 2023-02-02 10:18:02 --> Expired token
in FCPATH/vendor/firebase/php-jwt/src/JWT.php on line 162.
 1 APPPATH/Filters/Auth.php(62): Firebase\JWT\JWT::decode('eyJ0eXAiOiJKV1QiLCJhbGciOiJIUzI1NiJ9.eyJpc3MiOiJOZWVsIG5ldHdvcmtzIiwiYXVkIjoiY3VzdG9tZXIiLCJpYXQiOjE2NzUyNTgyNzgsImV4cCI6MTY3NTI2MTg3OCwiZW1haWwiOiJkZXZlbkBuZWVsbmV0d29ya3MuY29tIn0.51ygq_cBlQLw1NZu8Ln9xH-ShlitvWrxTEAVW97-6o8', Object(Firebase\JWT\Key))
 2 SYSTEMPATH/Filters/Filters.php(173): App\Filters\Auth->before(Object(CodeIgniter\HTTP\IncomingRequest), null)
 3 SYSTEMPATH/CodeIgniter.php(453): CodeIgniter\Filters\Filters->run('project', 'before')
 4 SYSTEMPATH/CodeIgniter.php(349): CodeIgniter\CodeIgniter->handleRequest(null, Object(Config\Cache), false)
 5 FCPATH/index.php(73): CodeIgniter\CodeIgniter->run()
CRITICAL - 2023-02-02 10:18:02 --> Expired token
in FCPATH/vendor/firebase/php-jwt/src/JWT.php on line 162.
 1 APPPATH/Filters/Auth.php(62): Firebase\JWT\JWT::decode('eyJ0eXAiOiJKV1QiLCJhbGciOiJIUzI1NiJ9.eyJpc3MiOiJOZWVsIG5ldHdvcmtzIiwiYXVkIjoiY3VzdG9tZXIiLCJpYXQiOjE2NzUyNTgyNzgsImV4cCI6MTY3NTI2MTg3OCwiZW1haWwiOiJkZXZlbkBuZWVsbmV0d29ya3MuY29tIn0.51ygq_cBlQLw1NZu8Ln9xH-ShlitvWrxTEAVW97-6o8', Object(Firebase\JWT\Key))
 2 SYSTEMPATH/Filters/Filters.php(173): App\Filters\Auth->before(Object(CodeIgniter\HTTP\IncomingRequest), null)
 3 SYSTEMPATH/CodeIgniter.php(453): CodeIgniter\Filters\Filters->run('project', 'before')
 4 SYSTEMPATH/CodeIgniter.php(349): CodeIgniter\CodeIgniter->handleRequest(null, Object(Config\Cache), false)
 5 FCPATH/index.php(73): CodeIgniter\CodeIgniter->run()
CRITICAL - 2023-02-02 10:18:02 --> Expired token
in FCPATH/vendor/firebase/php-jwt/src/JWT.php on line 162.
 1 APPPATH/Filters/Auth.php(62): Firebase\JWT\JWT::decode('eyJ0eXAiOiJKV1QiLCJhbGciOiJIUzI1NiJ9.eyJpc3MiOiJOZWVsIG5ldHdvcmtzIiwiYXVkIjoiY3VzdG9tZXIiLCJpYXQiOjE2NzUyNTgyNzgsImV4cCI6MTY3NTI2MTg3OCwiZW1haWwiOiJkZXZlbkBuZWVsbmV0d29ya3MuY29tIn0.51ygq_cBlQLw1NZu8Ln9xH-ShlitvWrxTEAVW97-6o8', Object(Firebase\JWT\Key))
 2 SYSTEMPATH/Filters/Filters.php(173): App\Filters\Auth->before(Object(CodeIgniter\HTTP\IncomingRequest), null)
 3 SYSTEMPATH/CodeIgniter.php(453): CodeIgniter\Filters\Filters->run('project', 'before')
 4 SYSTEMPATH/CodeIgniter.php(349): CodeIgniter\CodeIgniter->handleRequest(null, Object(Config\Cache), false)
 5 FCPATH/index.php(73): CodeIgniter\CodeIgniter->run()
CRITICAL - 2023-02-02 10:18:02 --> Expired token
in FCPATH/vendor/firebase/php-jwt/src/JWT.php on line 162.
 1 APPPATH/Filters/Auth.php(62): Firebase\JWT\JWT::decode('eyJ0eXAiOiJKV1QiLCJhbGciOiJIUzI1NiJ9.eyJpc3MiOiJOZWVsIG5ldHdvcmtzIiwiYXVkIjoiY3VzdG9tZXIiLCJpYXQiOjE2NzUyNTgyNzgsImV4cCI6MTY3NTI2MTg3OCwiZW1haWwiOiJkZXZlbkBuZWVsbmV0d29ya3MuY29tIn0.51ygq_cBlQLw1NZu8Ln9xH-ShlitvWrxTEAVW97-6o8', Object(Firebase\JWT\Key))
 2 SYSTEMPATH/Filters/Filters.php(173): App\Filters\Auth->before(Object(CodeIgniter\HTTP\IncomingRequest), null)
 3 SYSTEMPATH/CodeIgniter.php(453): CodeIgniter\Filters\Filters->run('project', 'before')
 4 SYSTEMPATH/CodeIgniter.php(349): CodeIgniter\CodeIgniter->handleRequest(null, Object(Config\Cache), false)
 5 FCPATH/index.php(73): CodeIgniter\CodeIgniter->run()
CRITICAL - 2023-02-02 11:44:47 --> Expired token
in FCPATH/vendor/firebase/php-jwt/src/JWT.php on line 162.
 1 APPPATH/Filters/Auth.php(62): Firebase\JWT\JWT::decode('eyJ0eXAiOiJKV1QiLCJhbGciOiJIUzI1NiJ9.eyJpc3MiOiJOZWVsIG5ldHdvcmtzIiwiYXVkIjoiY3VzdG9tZXIiLCJpYXQiOjE2NzUzMTM0MDMsImV4cCI6MTY3NTMxNzAwMywiZW1haWwiOiJwZXNpZ2FAZW1hLXNvZmlhLmV1In0.HDUYO77F9Jd_kDohJXNGE_BwYIxJ_MgL2gfERaxgbdA', Object(Firebase\JWT\Key))
 2 SYSTEMPATH/Filters/Filters.php(173): App\Filters\Auth->before(Object(CodeIgniter\HTTP\IncomingRequest), null)
 3 SYSTEMPATH/CodeIgniter.php(453): CodeIgniter\Filters\Filters->run('project/list/12/2023-02-02', 'before')
 4 SYSTEMPATH/CodeIgniter.php(349): CodeIgniter\CodeIgniter->handleRequest(null, Object(Config\Cache), false)
 5 FCPATH/index.php(73): CodeIgniter\CodeIgniter->run()
CRITICAL - 2023-02-02 11:44:47 --> Expired token
in FCPATH/vendor/firebase/php-jwt/src/JWT.php on line 162.
 1 APPPATH/Filters/Auth.php(62): Firebase\JWT\JWT::decode('eyJ0eXAiOiJKV1QiLCJhbGciOiJIUzI1NiJ9.eyJpc3MiOiJOZWVsIG5ldHdvcmtzIiwiYXVkIjoiY3VzdG9tZXIiLCJpYXQiOjE2NzUzMTM0MDMsImV4cCI6MTY3NTMxNzAwMywiZW1haWwiOiJwZXNpZ2FAZW1hLXNvZmlhLmV1In0.HDUYO77F9Jd_kDohJXNGE_BwYIxJ_MgL2gfERaxgbdA', Object(Firebase\JWT\Key))
 2 SYSTEMPATH/Filters/Filters.php(173): App\Filters\Auth->before(Object(CodeIgniter\HTTP\IncomingRequest), null)
 3 SYSTEMPATH/CodeIgniter.php(453): CodeIgniter\Filters\Filters->run('project', 'before')
 4 SYSTEMPATH/CodeIgniter.php(349): CodeIgniter\CodeIgniter->handleRequest(null, Object(Config\Cache), false)
 5 FCPATH/index.php(73): CodeIgniter\CodeIgniter->run()
CRITICAL - 2023-02-02 11:44:48 --> Expired token
in FCPATH/vendor/firebase/php-jwt/src/JWT.php on line 162.
 1 APPPATH/Filters/Auth.php(62): Firebase\JWT\JWT::decode('eyJ0eXAiOiJKV1QiLCJhbGciOiJIUzI1NiJ9.eyJpc3MiOiJOZWVsIG5ldHdvcmtzIiwiYXVkIjoiY3VzdG9tZXIiLCJpYXQiOjE2NzUzMTM0MDMsImV4cCI6MTY3NTMxNzAwMywiZW1haWwiOiJwZXNpZ2FAZW1hLXNvZmlhLmV1In0.HDUYO77F9Jd_kDohJXNGE_BwYIxJ_MgL2gfERaxgbdA', Object(Firebase\JWT\Key))
 2 SYSTEMPATH/Filters/Filters.php(173): App\Filters\Auth->before(Object(CodeIgniter\HTTP\IncomingRequest), null)
 3 SYSTEMPATH/CodeIgniter.php(453): CodeIgniter\Filters\Filters->run('project', 'before')
 4 SYSTEMPATH/CodeIgniter.php(349): CodeIgniter\CodeIgniter->handleRequest(null, Object(Config\Cache), false)
 5 FCPATH/index.php(73): CodeIgniter\CodeIgniter->run()
CRITICAL - 2023-02-02 11:45:06 --> Expired token
in FCPATH/vendor/firebase/php-jwt/src/JWT.php on line 162.
 1 APPPATH/Filters/Auth.php(62): Firebase\JWT\JWT::decode('eyJ0eXAiOiJKV1QiLCJhbGciOiJIUzI1NiJ9.eyJpc3MiOiJOZWVsIG5ldHdvcmtzIiwiYXVkIjoiY3VzdG9tZXIiLCJpYXQiOjE2NzUzMTM0MDMsImV4cCI6MTY3NTMxNzAwMywiZW1haWwiOiJwZXNpZ2FAZW1hLXNvZmlhLmV1In0.HDUYO77F9Jd_kDohJXNGE_BwYIxJ_MgL2gfERaxgbdA', Object(Firebase\JWT\Key))
 2 SYSTEMPATH/Filters/Filters.php(173): App\Filters\Auth->before(Object(CodeIgniter\HTTP\IncomingRequest), null)
 3 SYSTEMPATH/CodeIgniter.php(453): CodeIgniter\Filters\Filters->run('project', 'before')
 4 SYSTEMPATH/CodeIgniter.php(349): CodeIgniter\CodeIgniter->handleRequest(null, Object(Config\Cache), false)
 5 FCPATH/index.php(73): CodeIgniter\CodeIgniter->run()
CRITICAL - 2023-02-02 11:45:06 --> Expired token
in FCPATH/vendor/firebase/php-jwt/src/JWT.php on line 162.
 1 APPPATH/Filters/Auth.php(62): Firebase\JWT\JWT::decode('eyJ0eXAiOiJKV1QiLCJhbGciOiJIUzI1NiJ9.eyJpc3MiOiJOZWVsIG5ldHdvcmtzIiwiYXVkIjoiY3VzdG9tZXIiLCJpYXQiOjE2NzUzMTM0MDMsImV4cCI6MTY3NTMxNzAwMywiZW1haWwiOiJwZXNpZ2FAZW1hLXNvZmlhLmV1In0.HDUYO77F9Jd_kDohJXNGE_BwYIxJ_MgL2gfERaxgbdA', Object(Firebase\JWT\Key))
 2 SYSTEMPATH/Filters/Filters.php(173): App\Filters\Auth->before(Object(CodeIgniter\HTTP\IncomingRequest), null)
 3 SYSTEMPATH/CodeIgniter.php(453): CodeIgniter\Filters\Filters->run('project', 'before')
 4 SYSTEMPATH/CodeIgniter.php(349): CodeIgniter\CodeIgniter->handleRequest(null, Object(Config\Cache), false)
 5 FCPATH/index.php(73): CodeIgniter\CodeIgniter->run()
CRITICAL - 2023-02-02 11:45:06 --> Expired token
in FCPATH/vendor/firebase/php-jwt/src/JWT.php on line 162.
 1 APPPATH/Filters/Auth.php(62): Firebase\JWT\JWT::decode('eyJ0eXAiOiJKV1QiLCJhbGciOiJIUzI1NiJ9.eyJpc3MiOiJOZWVsIG5ldHdvcmtzIiwiYXVkIjoiY3VzdG9tZXIiLCJpYXQiOjE2NzUzMTM0MDMsImV4cCI6MTY3NTMxNzAwMywiZW1haWwiOiJwZXNpZ2FAZW1hLXNvZmlhLmV1In0.HDUYO77F9Jd_kDohJXNGE_BwYIxJ_MgL2gfERaxgbdA', Object(Firebase\JWT\Key))
 2 SYSTEMPATH/Filters/Filters.php(173): App\Filters\Auth->before(Object(CodeIgniter\HTTP\IncomingRequest), null)
 3 SYSTEMPATH/CodeIgniter.php(453): CodeIgniter\Filters\Filters->run('project', 'before')
 4 SYSTEMPATH/CodeIgniter.php(349): CodeIgniter\CodeIgniter->handleRequest(null, Object(Config\Cache), false)
 5 FCPATH/index.php(73): CodeIgniter\CodeIgniter->run()
CRITICAL - 2023-02-02 11:45:06 --> Expired token
in FCPATH/vendor/firebase/php-jwt/src/JWT.php on line 162.
 1 APPPATH/Filters/Auth.php(62): Firebase\JWT\JWT::decode('eyJ0eXAiOiJKV1QiLCJhbGciOiJIUzI1NiJ9.eyJpc3MiOiJOZWVsIG5ldHdvcmtzIiwiYXVkIjoiY3VzdG9tZXIiLCJpYXQiOjE2NzUzMTM0MDMsImV4cCI6MTY3NTMxNzAwMywiZW1haWwiOiJwZXNpZ2FAZW1hLXNvZmlhLmV1In0.HDUYO77F9Jd_kDohJXNGE_BwYIxJ_MgL2gfERaxgbdA', Object(Firebase\JWT\Key))
 2 SYSTEMPATH/Filters/Filters.php(173): App\Filters\Auth->before(Object(CodeIgniter\HTTP\IncomingRequest), null)
 3 SYSTEMPATH/CodeIgniter.php(453): CodeIgniter\Filters\Filters->run('project', 'before')
 4 SYSTEMPATH/CodeIgniter.php(349): CodeIgniter\CodeIgniter->handleRequest(null, Object(Config\Cache), false)
 5 FCPATH/index.php(73): CodeIgniter\CodeIgniter->run()
CRITICAL - 2023-02-02 12:13:19 --> Expired token
in FCPATH/vendor/firebase/php-jwt/src/JWT.php on line 162.
 1 APPPATH/Filters/Auth.php(62): Firebase\JWT\JWT::decode('eyJ0eXAiOiJKV1QiLCJhbGciOiJIUzI1NiJ9.eyJpc3MiOiJOZWVsIG5ldHdvcmtzIiwiYXVkIjoiY3VzdG9tZXIiLCJpYXQiOjE2NzUzMTMzNDgsImV4cCI6MTY3NTMxNjk0OCwiZW1haWwiOiJkZXZlbkBuZWVsbmV0d29ya3MuY29tIn0.cmb90CTLt5U9keXyc8KvvRpegfs7aF11jNS2RJNyPck', Object(Firebase\JWT\Key))
 2 SYSTEMPATH/Filters/Filters.php(173): App\Filters\Auth->before(Object(CodeIgniter\HTTP\IncomingRequest), null)
 3 SYSTEMPATH/CodeIgniter.php(453): CodeIgniter\Filters\Filters->run('project', 'before')
 4 SYSTEMPATH/CodeIgniter.php(349): CodeIgniter\CodeIgniter->handleRequest(null, Object(Config\Cache), false)
 5 FCPATH/index.php(73): CodeIgniter\CodeIgniter->run()
CRITICAL - 2023-02-02 12:13:19 --> Expired token
in FCPATH/vendor/firebase/php-jwt/src/JWT.php on line 162.
 1 APPPATH/Filters/Auth.php(62): Firebase\JWT\JWT::decode('eyJ0eXAiOiJKV1QiLCJhbGciOiJIUzI1NiJ9.eyJpc3MiOiJOZWVsIG5ldHdvcmtzIiwiYXVkIjoiY3VzdG9tZXIiLCJpYXQiOjE2NzUzMTMzNDgsImV4cCI6MTY3NTMxNjk0OCwiZW1haWwiOiJkZXZlbkBuZWVsbmV0d29ya3MuY29tIn0.cmb90CTLt5U9keXyc8KvvRpegfs7aF11jNS2RJNyPck', Object(Firebase\JWT\Key))
 2 SYSTEMPATH/Filters/Filters.php(173): App\Filters\Auth->before(Object(CodeIgniter\HTTP\IncomingRequest), null)
 3 SYSTEMPATH/CodeIgniter.php(453): CodeIgniter\Filters\Filters->run('project', 'before')
 4 SYSTEMPATH/CodeIgniter.php(349): CodeIgniter\CodeIgniter->handleRequest(null, Object(Config\Cache), false)
 5 FCPATH/index.php(73): CodeIgniter\CodeIgniter->run()
CRITICAL - 2023-02-02 12:13:19 --> Expired token
in FCPATH/vendor/firebase/php-jwt/src/JWT.php on line 162.
 1 APPPATH/Filters/Auth.php(62): Firebase\JWT\JWT::decode('eyJ0eXAiOiJKV1QiLCJhbGciOiJIUzI1NiJ9.eyJpc3MiOiJOZWVsIG5ldHdvcmtzIiwiYXVkIjoiY3VzdG9tZXIiLCJpYXQiOjE2NzUzMTMzNDgsImV4cCI6MTY3NTMxNjk0OCwiZW1haWwiOiJkZXZlbkBuZWVsbmV0d29ya3MuY29tIn0.cmb90CTLt5U9keXyc8KvvRpegfs7aF11jNS2RJNyPck', Object(Firebase\JWT\Key))
 2 SYSTEMPATH/Filters/Filters.php(173): App\Filters\Auth->before(Object(CodeIgniter\HTTP\IncomingRequest), null)
 3 SYSTEMPATH/CodeIgniter.php(453): CodeIgniter\Filters\Filters->run('project', 'before')
 4 SYSTEMPATH/CodeIgniter.php(349): CodeIgniter\CodeIgniter->handleRequest(null, Object(Config\Cache), false)
 5 FCPATH/index.php(73): CodeIgniter\CodeIgniter->run()
CRITICAL - 2023-02-02 12:13:19 --> Expired token
in FCPATH/vendor/firebase/php-jwt/src/JWT.php on line 162.
 1 APPPATH/Filters/Auth.php(62): Firebase\JWT\JWT::decode('eyJ0eXAiOiJKV1QiLCJhbGciOiJIUzI1NiJ9.eyJpc3MiOiJOZWVsIG5ldHdvcmtzIiwiYXVkIjoiY3VzdG9tZXIiLCJpYXQiOjE2NzUzMTMzNDgsImV4cCI6MTY3NTMxNjk0OCwiZW1haWwiOiJkZXZlbkBuZWVsbmV0d29ya3MuY29tIn0.cmb90CTLt5U9keXyc8KvvRpegfs7aF11jNS2RJNyPck', Object(Firebase\JWT\Key))
 2 SYSTEMPATH/Filters/Filters.php(173): App\Filters\Auth->before(Object(CodeIgniter\HTTP\IncomingRequest), null)
 3 SYSTEMPATH/CodeIgniter.php(453): CodeIgniter\Filters\Filters->run('project', 'before')
 4 SYSTEMPATH/CodeIgniter.php(349): CodeIgniter\CodeIgniter->handleRequest(null, Object(Config\Cache), false)
 5 FCPATH/index.php(73): CodeIgniter\CodeIgniter->run()
CRITICAL - 2023-02-02 13:17:06 --> Expired token
in FCPATH/vendor/firebase/php-jwt/src/JWT.php on line 162.
 1 APPPATH/Filters/Auth.php(62): Firebase\JWT\JWT::decode('eyJ0eXAiOiJKV1QiLCJhbGciOiJIUzI1NiJ9.eyJpc3MiOiJOZWVsIG5ldHdvcmtzIiwiYXVkIjoiY3VzdG9tZXIiLCJpYXQiOjE2NzUzMjAzMjAsImV4cCI6MTY3NTMyMzkyMCwiZW1haWwiOiJwZXNpZ2FAZW1hLXNvZmlhLmV1In0.2owXr8vN-8h1bSXTT3lolSNrwRrBHZ7mI_LLN9oPDRk', Object(Firebase\JWT\Key))
 2 SYSTEMPATH/Filters/Filters.php(173): App\Filters\Auth->before(Object(CodeIgniter\HTTP\IncomingRequest), null)
 3 SYSTEMPATH/CodeIgniter.php(453): CodeIgniter\Filters\Filters->run('project/list/12/2023-02-02', 'before')
 4 SYSTEMPATH/CodeIgniter.php(349): CodeIgniter\CodeIgniter->handleRequest(null, Object(Config\Cache), false)
 5 FCPATH/index.php(73): CodeIgniter\CodeIgniter->run()
CRITICAL - 2023-02-02 13:17:06 --> Expired token
in FCPATH/vendor/firebase/php-jwt/src/JWT.php on line 162.
 1 APPPATH/Filters/Auth.php(62): Firebase\JWT\JWT::decode('eyJ0eXAiOiJKV1QiLCJhbGciOiJIUzI1NiJ9.eyJpc3MiOiJOZWVsIG5ldHdvcmtzIiwiYXVkIjoiY3VzdG9tZXIiLCJpYXQiOjE2NzUzMjAzMjAsImV4cCI6MTY3NTMyMzkyMCwiZW1haWwiOiJwZXNpZ2FAZW1hLXNvZmlhLmV1In0.2owXr8vN-8h1bSXTT3lolSNrwRrBHZ7mI_LLN9oPDRk', Object(Firebase\JWT\Key))
 2 SYSTEMPATH/Filters/Filters.php(173): App\Filters\Auth->before(Object(CodeIgniter\HTTP\IncomingRequest), null)
 3 SYSTEMPATH/CodeIgniter.php(453): CodeIgniter\Filters\Filters->run('project', 'before')
 4 SYSTEMPATH/CodeIgniter.php(349): CodeIgniter\CodeIgniter->handleRequest(null, Object(Config\Cache), false)
 5 FCPATH/index.php(73): CodeIgniter\CodeIgniter->run()
CRITICAL - 2023-02-02 13:17:20 --> Expired token
in FCPATH/vendor/firebase/php-jwt/src/JWT.php on line 162.
 1 APPPATH/Filters/Auth.php(62): Firebase\JWT\JWT::decode('eyJ0eXAiOiJKV1QiLCJhbGciOiJIUzI1NiJ9.eyJpc3MiOiJOZWVsIG5ldHdvcmtzIiwiYXVkIjoiY3VzdG9tZXIiLCJpYXQiOjE2NzUzMjAzMjAsImV4cCI6MTY3NTMyMzkyMCwiZW1haWwiOiJwZXNpZ2FAZW1hLXNvZmlhLmV1In0.2owXr8vN-8h1bSXTT3lolSNrwRrBHZ7mI_LLN9oPDRk', Object(Firebase\JWT\Key))
 2 SYSTEMPATH/Filters/Filters.php(173): App\Filters\Auth->before(Object(CodeIgniter\HTTP\IncomingRequest), null)
 3 SYSTEMPATH/CodeIgniter.php(453): CodeIgniter\Filters\Filters->run('project', 'before')
 4 SYSTEMPATH/CodeIgniter.php(349): CodeIgniter\CodeIgniter->handleRequest(null, Object(Config\Cache), false)
 5 FCPATH/index.php(73): CodeIgniter\CodeIgniter->run()
CRITICAL - 2023-02-02 13:17:20 --> Expired token
in FCPATH/vendor/firebase/php-jwt/src/JWT.php on line 162.
 1 APPPATH/Filters/Auth.php(62): Firebase\JWT\JWT::decode('eyJ0eXAiOiJKV1QiLCJhbGciOiJIUzI1NiJ9.eyJpc3MiOiJOZWVsIG5ldHdvcmtzIiwiYXVkIjoiY3VzdG9tZXIiLCJpYXQiOjE2NzUzMjAzMjAsImV4cCI6MTY3NTMyMzkyMCwiZW1haWwiOiJwZXNpZ2FAZW1hLXNvZmlhLmV1In0.2owXr8vN-8h1bSXTT3lolSNrwRrBHZ7mI_LLN9oPDRk', Object(Firebase\JWT\Key))
 2 SYSTEMPATH/Filters/Filters.php(173): App\Filters\Auth->before(Object(CodeIgniter\HTTP\IncomingRequest), null)
 3 SYSTEMPATH/CodeIgniter.php(453): CodeIgniter\Filters\Filters->run('project/list/12/2023-02-02', 'before')
 4 SYSTEMPATH/CodeIgniter.php(349): CodeIgniter\CodeIgniter->handleRequest(null, Object(Config\Cache), false)
 5 FCPATH/index.php(73): CodeIgniter\CodeIgniter->run()
CRITICAL - 2023-02-02 13:17:21 --> Expired token
in FCPATH/vendor/firebase/php-jwt/src/JWT.php on line 162.
 1 APPPATH/Filters/Auth.php(62): Firebase\JWT\JWT::decode('eyJ0eXAiOiJKV1QiLCJhbGciOiJIUzI1NiJ9.eyJpc3MiOiJOZWVsIG5ldHdvcmtzIiwiYXVkIjoiY3VzdG9tZXIiLCJpYXQiOjE2NzUzMjAzMjAsImV4cCI6MTY3NTMyMzkyMCwiZW1haWwiOiJwZXNpZ2FAZW1hLXNvZmlhLmV1In0.2owXr8vN-8h1bSXTT3lolSNrwRrBHZ7mI_LLN9oPDRk', Object(Firebase\JWT\Key))
 2 SYSTEMPATH/Filters/Filters.php(173): App\Filters\Auth->before(Object(CodeIgniter\HTTP\IncomingRequest), null)
 3 SYSTEMPATH/CodeIgniter.php(453): CodeIgniter\Filters\Filters->run('project', 'before')
 4 SYSTEMPATH/CodeIgniter.php(349): CodeIgniter\CodeIgniter->handleRequest(null, Object(Config\Cache), false)
 5 FCPATH/index.php(73): CodeIgniter\CodeIgniter->run()
CRITICAL - 2023-02-02 13:17:23 --> Expired token
in FCPATH/vendor/firebase/php-jwt/src/JWT.php on line 162.
 1 APPPATH/Filters/Auth.php(62): Firebase\JWT\JWT::decode('eyJ0eXAiOiJKV1QiLCJhbGciOiJIUzI1NiJ9.eyJpc3MiOiJOZWVsIG5ldHdvcmtzIiwiYXVkIjoiY3VzdG9tZXIiLCJpYXQiOjE2NzUzMjAzMjAsImV4cCI6MTY3NTMyMzkyMCwiZW1haWwiOiJwZXNpZ2FAZW1hLXNvZmlhLmV1In0.2owXr8vN-8h1bSXTT3lolSNrwRrBHZ7mI_LLN9oPDRk', Object(Firebase\JWT\Key))
 2 SYSTEMPATH/Filters/Filters.php(173): App\Filters\Auth->before(Object(CodeIgniter\HTTP\IncomingRequest), null)
 3 SYSTEMPATH/CodeIgniter.php(453): CodeIgniter\Filters\Filters->run('project', 'before')
 4 SYSTEMPATH/CodeIgniter.php(349): CodeIgniter\CodeIgniter->handleRequest(null, Object(Config\Cache), false)
 5 FCPATH/index.php(73): CodeIgniter\CodeIgniter->run()
CRITICAL - 2023-02-02 13:17:24 --> Expired token
in FCPATH/vendor/firebase/php-jwt/src/JWT.php on line 162.
 1 APPPATH/Filters/Auth.php(62): Firebase\JWT\JWT::decode('eyJ0eXAiOiJKV1QiLCJhbGciOiJIUzI1NiJ9.eyJpc3MiOiJOZWVsIG5ldHdvcmtzIiwiYXVkIjoiY3VzdG9tZXIiLCJpYXQiOjE2NzUzMjAzMjAsImV4cCI6MTY3NTMyMzkyMCwiZW1haWwiOiJwZXNpZ2FAZW1hLXNvZmlhLmV1In0.2owXr8vN-8h1bSXTT3lolSNrwRrBHZ7mI_LLN9oPDRk', Object(Firebase\JWT\Key))
 2 SYSTEMPATH/Filters/Filters.php(173): App\Filters\Auth->before(Object(CodeIgniter\HTTP\IncomingRequest), null)
 3 SYSTEMPATH/CodeIgniter.php(453): CodeIgniter\Filters\Filters->run('project/list/12/2023-02-02', 'before')
 4 SYSTEMPATH/CodeIgniter.php(349): CodeIgniter\CodeIgniter->handleRequest(null, Object(Config\Cache), false)
 5 FCPATH/index.php(73): CodeIgniter\CodeIgniter->run()
CRITICAL - 2023-02-02 13:17:24 --> Expired token
in FCPATH/vendor/firebase/php-jwt/src/JWT.php on line 162.
 1 APPPATH/Filters/Auth.php(62): Firebase\JWT\JWT::decode('eyJ0eXAiOiJKV1QiLCJhbGciOiJIUzI1NiJ9.eyJpc3MiOiJOZWVsIG5ldHdvcmtzIiwiYXVkIjoiY3VzdG9tZXIiLCJpYXQiOjE2NzUzMjAzMjAsImV4cCI6MTY3NTMyMzkyMCwiZW1haWwiOiJwZXNpZ2FAZW1hLXNvZmlhLmV1In0.2owXr8vN-8h1bSXTT3lolSNrwRrBHZ7mI_LLN9oPDRk', Object(Firebase\JWT\Key))
 2 SYSTEMPATH/Filters/Filters.php(173): App\Filters\Auth->before(Object(CodeIgniter\HTTP\IncomingRequest), null)
 3 SYSTEMPATH/CodeIgniter.php(453): CodeIgniter\Filters\Filters->run('project', 'before')
 4 SYSTEMPATH/CodeIgniter.php(349): CodeIgniter\CodeIgniter->handleRequest(null, Object(Config\Cache), false)
 5 FCPATH/index.php(73): CodeIgniter\CodeIgniter->run()
CRITICAL - 2023-02-02 13:17:38 --> Expired token
in FCPATH/vendor/firebase/php-jwt/src/JWT.php on line 162.
 1 APPPATH/Filters/Auth.php(62): Firebase\JWT\JWT::decode('eyJ0eXAiOiJKV1QiLCJhbGciOiJIUzI1NiJ9.eyJpc3MiOiJOZWVsIG5ldHdvcmtzIiwiYXVkIjoiY3VzdG9tZXIiLCJpYXQiOjE2NzUzMjAzMjAsImV4cCI6MTY3NTMyMzkyMCwiZW1haWwiOiJwZXNpZ2FAZW1hLXNvZmlhLmV1In0.2owXr8vN-8h1bSXTT3lolSNrwRrBHZ7mI_LLN9oPDRk', Object(Firebase\JWT\Key))
 2 SYSTEMPATH/Filters/Filters.php(173): App\Filters\Auth->before(Object(CodeIgniter\HTTP\IncomingRequest), null)
 3 SYSTEMPATH/CodeIgniter.php(453): CodeIgniter\Filters\Filters->run('project', 'before')
 4 SYSTEMPATH/CodeIgniter.php(349): CodeIgniter\CodeIgniter->handleRequest(null, Object(Config\Cache), false)
 5 FCPATH/index.php(73): CodeIgniter\CodeIgniter->run()
CRITICAL - 2023-02-02 13:17:38 --> Expired token
in FCPATH/vendor/firebase/php-jwt/src/JWT.php on line 162.
 1 APPPATH/Filters/Auth.php(62): Firebase\JWT\JWT::decode('eyJ0eXAiOiJKV1QiLCJhbGciOiJIUzI1NiJ9.eyJpc3MiOiJOZWVsIG5ldHdvcmtzIiwiYXVkIjoiY3VzdG9tZXIiLCJpYXQiOjE2NzUzMjAzMjAsImV4cCI6MTY3NTMyMzkyMCwiZW1haWwiOiJwZXNpZ2FAZW1hLXNvZmlhLmV1In0.2owXr8vN-8h1bSXTT3lolSNrwRrBHZ7mI_LLN9oPDRk', Object(Firebase\JWT\Key))
 2 SYSTEMPATH/Filters/Filters.php(173): App\Filters\Auth->before(Object(CodeIgniter\HTTP\IncomingRequest), null)
 3 SYSTEMPATH/CodeIgniter.php(453): CodeIgniter\Filters\Filters->run('project', 'before')
 4 SYSTEMPATH/CodeIgniter.php(349): CodeIgniter\CodeIgniter->handleRequest(null, Object(Config\Cache), false)
 5 FCPATH/index.php(73): CodeIgniter\CodeIgniter->run()
CRITICAL - 2023-02-02 13:17:38 --> Expired token
in FCPATH/vendor/firebase/php-jwt/src/JWT.php on line 162.
 1 APPPATH/Filters/Auth.php(62): Firebase\JWT\JWT::decode('eyJ0eXAiOiJKV1QiLCJhbGciOiJIUzI1NiJ9.eyJpc3MiOiJOZWVsIG5ldHdvcmtzIiwiYXVkIjoiY3VzdG9tZXIiLCJpYXQiOjE2NzUzMjAzMjAsImV4cCI6MTY3NTMyMzkyMCwiZW1haWwiOiJwZXNpZ2FAZW1hLXNvZmlhLmV1In0.2owXr8vN-8h1bSXTT3lolSNrwRrBHZ7mI_LLN9oPDRk', Object(Firebase\JWT\Key))
 2 SYSTEMPATH/Filters/Filters.php(173): App\Filters\Auth->before(Object(CodeIgniter\HTTP\IncomingRequest), null)
 3 SYSTEMPATH/CodeIgniter.php(453): CodeIgniter\Filters\Filters->run('project', 'before')
 4 SYSTEMPATH/CodeIgniter.php(349): CodeIgniter\CodeIgniter->handleRequest(null, Object(Config\Cache), false)
 5 FCPATH/index.php(73): CodeIgniter\CodeIgniter->run()
CRITICAL - 2023-02-02 13:17:38 --> Expired token
in FCPATH/vendor/firebase/php-jwt/src/JWT.php on line 162.
 1 APPPATH/Filters/Auth.php(62): Firebase\JWT\JWT::decode('eyJ0eXAiOiJKV1QiLCJhbGciOiJIUzI1NiJ9.eyJpc3MiOiJOZWVsIG5ldHdvcmtzIiwiYXVkIjoiY3VzdG9tZXIiLCJpYXQiOjE2NzUzMjAzMjAsImV4cCI6MTY3NTMyMzkyMCwiZW1haWwiOiJwZXNpZ2FAZW1hLXNvZmlhLmV1In0.2owXr8vN-8h1bSXTT3lolSNrwRrBHZ7mI_LLN9oPDRk', Object(Firebase\JWT\Key))
 2 SYSTEMPATH/Filters/Filters.php(173): App\Filters\Auth->before(Object(CodeIgniter\HTTP\IncomingRequest), null)
 3 SYSTEMPATH/CodeIgniter.php(453): CodeIgniter\Filters\Filters->run('project', 'before')
 4 SYSTEMPATH/CodeIgniter.php(349): CodeIgniter\CodeIgniter->handleRequest(null, Object(Config\Cache), false)
 5 FCPATH/index.php(73): CodeIgniter\CodeIgniter->run()
CRITICAL - 2023-02-02 15:14:12 --> Expired token
in FCPATH/vendor/firebase/php-jwt/src/JWT.php on line 162.
 1 APPPATH/Filters/Auth.php(62): Firebase\JWT\JWT::decode('eyJ0eXAiOiJKV1QiLCJhbGciOiJIUzI1NiJ9.eyJpc3MiOiJOZWVsIG5ldHdvcmtzIiwiYXVkIjoiY3VzdG9tZXIiLCJpYXQiOjE2NzUzMjcyOTUsImV4cCI6MTY3NTMzMDg5NSwiZW1haWwiOiJwZXNpZ2FAZW1hLXNvZmlhLmV1In0.XDnBrggzdOpLVreRryu_drhNHjgKRUSzkV-FfL0t7Tg', Object(Firebase\JWT\Key))
 2 SYSTEMPATH/Filters/Filters.php(173): App\Filters\Auth->before(Object(CodeIgniter\HTTP\IncomingRequest), null)
 3 SYSTEMPATH/CodeIgniter.php(453): CodeIgniter\Filters\Filters->run('project', 'before')
 4 SYSTEMPATH/CodeIgniter.php(349): CodeIgniter\CodeIgniter->handleRequest(null, Object(Config\Cache), false)
 5 FCPATH/index.php(73): CodeIgniter\CodeIgniter->run()
CRITICAL - 2023-02-02 15:14:12 --> Expired token
in FCPATH/vendor/firebase/php-jwt/src/JWT.php on line 162.
 1 APPPATH/Filters/Auth.php(62): Firebase\JWT\JWT::decode('eyJ0eXAiOiJKV1QiLCJhbGciOiJIUzI1NiJ9.eyJpc3MiOiJOZWVsIG5ldHdvcmtzIiwiYXVkIjoiY3VzdG9tZXIiLCJpYXQiOjE2NzUzMjcyOTUsImV4cCI6MTY3NTMzMDg5NSwiZW1haWwiOiJwZXNpZ2FAZW1hLXNvZmlhLmV1In0.XDnBrggzdOpLVreRryu_drhNHjgKRUSzkV-FfL0t7Tg', Object(Firebase\JWT\Key))
 2 SYSTEMPATH/Filters/Filters.php(173): App\Filters\Auth->before(Object(CodeIgniter\HTTP\IncomingRequest), null)
 3 SYSTEMPATH/CodeIgniter.php(453): CodeIgniter\Filters\Filters->run('project/list/12/2023-02-02', 'before')
 4 SYSTEMPATH/CodeIgniter.php(349): CodeIgniter\CodeIgniter->handleRequest(null, Object(Config\Cache), false)
 5 FCPATH/index.php(73): CodeIgniter\CodeIgniter->run()
CRITICAL - 2023-02-02 15:15:09 --> Expired token
in FCPATH/vendor/firebase/php-jwt/src/JWT.php on line 162.
 1 APPPATH/Filters/Auth.php(62): Firebase\JWT\JWT::decode('eyJ0eXAiOiJKV1QiLCJhbGciOiJIUzI1NiJ9.eyJpc3MiOiJOZWVsIG5ldHdvcmtzIiwiYXVkIjoiY3VzdG9tZXIiLCJpYXQiOjE2NzUzMjcyOTUsImV4cCI6MTY3NTMzMDg5NSwiZW1haWwiOiJwZXNpZ2FAZW1hLXNvZmlhLmV1In0.XDnBrggzdOpLVreRryu_drhNHjgKRUSzkV-FfL0t7Tg', Object(Firebase\JWT\Key))
 2 SYSTEMPATH/Filters/Filters.php(173): App\Filters\Auth->before(Object(CodeIgniter\HTTP\IncomingRequest), null)
 3 SYSTEMPATH/CodeIgniter.php(453): CodeIgniter\Filters\Filters->run('project', 'before')
 4 SYSTEMPATH/CodeIgniter.php(349): CodeIgniter\CodeIgniter->handleRequest(null, Object(Config\Cache), false)
 5 FCPATH/index.php(73): CodeIgniter\CodeIgniter->run()
CRITICAL - 2023-02-02 15:15:09 --> Expired token
in FCPATH/vendor/firebase/php-jwt/src/JWT.php on line 162.
 1 APPPATH/Filters/Auth.php(62): Firebase\JWT\JWT::decode('eyJ0eXAiOiJKV1QiLCJhbGciOiJIUzI1NiJ9.eyJpc3MiOiJOZWVsIG5ldHdvcmtzIiwiYXVkIjoiY3VzdG9tZXIiLCJpYXQiOjE2NzUzMjcyOTUsImV4cCI6MTY3NTMzMDg5NSwiZW1haWwiOiJwZXNpZ2FAZW1hLXNvZmlhLmV1In0.XDnBrggzdOpLVreRryu_drhNHjgKRUSzkV-FfL0t7Tg', Object(Firebase\JWT\Key))
 2 SYSTEMPATH/Filters/Filters.php(173): App\Filters\Auth->before(Object(CodeIgniter\HTTP\IncomingRequest), null)
 3 SYSTEMPATH/CodeIgniter.php(453): CodeIgniter\Filters\Filters->run('project/list/12/2023-02-02', 'before')
 4 SYSTEMPATH/CodeIgniter.php(349): CodeIgniter\CodeIgniter->handleRequest(null, Object(Config\Cache), false)
 5 FCPATH/index.php(73): CodeIgniter\CodeIgniter->run()
CRITICAL - 2023-02-02 15:15:09 --> Expired token
in FCPATH/vendor/firebase/php-jwt/src/JWT.php on line 162.
 1 APPPATH/Filters/Auth.php(62): Firebase\JWT\JWT::decode('eyJ0eXAiOiJKV1QiLCJhbGciOiJIUzI1NiJ9.eyJpc3MiOiJOZWVsIG5ldHdvcmtzIiwiYXVkIjoiY3VzdG9tZXIiLCJpYXQiOjE2NzUzMjcyOTUsImV4cCI6MTY3NTMzMDg5NSwiZW1haWwiOiJwZXNpZ2FAZW1hLXNvZmlhLmV1In0.XDnBrggzdOpLVreRryu_drhNHjgKRUSzkV-FfL0t7Tg', Object(Firebase\JWT\Key))
 2 SYSTEMPATH/Filters/Filters.php(173): App\Filters\Auth->before(Object(CodeIgniter\HTTP\IncomingRequest), null)
 3 SYSTEMPATH/CodeIgniter.php(453): CodeIgniter\Filters\Filters->run('project', 'before')
 4 SYSTEMPATH/CodeIgniter.php(349): CodeIgniter\CodeIgniter->handleRequest(null, Object(Config\Cache), false)
 5 FCPATH/index.php(73): CodeIgniter\CodeIgniter->run()
CRITICAL - 2023-02-02 15:16:38 --> Expired token
in FCPATH/vendor/firebase/php-jwt/src/JWT.php on line 162.
 1 APPPATH/Filters/Auth.php(62): Firebase\JWT\JWT::decode('eyJ0eXAiOiJKV1QiLCJhbGciOiJIUzI1NiJ9.eyJpc3MiOiJOZWVsIG5ldHdvcmtzIiwiYXVkIjoiY3VzdG9tZXIiLCJpYXQiOjE2NzUzMjcyOTUsImV4cCI6MTY3NTMzMDg5NSwiZW1haWwiOiJwZXNpZ2FAZW1hLXNvZmlhLmV1In0.XDnBrggzdOpLVreRryu_drhNHjgKRUSzkV-FfL0t7Tg', Object(Firebase\JWT\Key))
 2 SYSTEMPATH/Filters/Filters.php(173): App\Filters\Auth->before(Object(CodeIgniter\HTTP\IncomingRequest), null)
 3 SYSTEMPATH/CodeIgniter.php(453): CodeIgniter\Filters\Filters->run('project', 'before')
 4 SYSTEMPATH/CodeIgniter.php(349): CodeIgniter\CodeIgniter->handleRequest(null, Object(Config\Cache), false)
 5 FCPATH/index.php(73): CodeIgniter\CodeIgniter->run()
CRITICAL - 2023-02-02 15:16:38 --> Expired token
in FCPATH/vendor/firebase/php-jwt/src/JWT.php on line 162.
 1 APPPATH/Filters/Auth.php(62): Firebase\JWT\JWT::decode('eyJ0eXAiOiJKV1QiLCJhbGciOiJIUzI1NiJ9.eyJpc3MiOiJOZWVsIG5ldHdvcmtzIiwiYXVkIjoiY3VzdG9tZXIiLCJpYXQiOjE2NzUzMjcyOTUsImV4cCI6MTY3NTMzMDg5NSwiZW1haWwiOiJwZXNpZ2FAZW1hLXNvZmlhLmV1In0.XDnBrggzdOpLVreRryu_drhNHjgKRUSzkV-FfL0t7Tg', Object(Firebase\JWT\Key))
 2 SYSTEMPATH/Filters/Filters.php(173): App\Filters\Auth->before(Object(CodeIgniter\HTTP\IncomingRequest), null)
 3 SYSTEMPATH/CodeIgniter.php(453): CodeIgniter\Filters\Filters->run('project/list/12/2023-02-02', 'before')
 4 SYSTEMPATH/CodeIgniter.php(349): CodeIgniter\CodeIgniter->handleRequest(null, Object(Config\Cache), false)
 5 FCPATH/index.php(73): CodeIgniter\CodeIgniter->run()
CRITICAL - 2023-02-02 15:16:38 --> Expired token
in FCPATH/vendor/firebase/php-jwt/src/JWT.php on line 162.
 1 APPPATH/Filters/Auth.php(62): Firebase\JWT\JWT::decode('eyJ0eXAiOiJKV1QiLCJhbGciOiJIUzI1NiJ9.eyJpc3MiOiJOZWVsIG5ldHdvcmtzIiwiYXVkIjoiY3VzdG9tZXIiLCJpYXQiOjE2NzUzMjcyOTUsImV4cCI6MTY3NTMzMDg5NSwiZW1haWwiOiJwZXNpZ2FAZW1hLXNvZmlhLmV1In0.XDnBrggzdOpLVreRryu_drhNHjgKRUSzkV-FfL0t7Tg', Object(Firebase\JWT\Key))
 2 SYSTEMPATH/Filters/Filters.php(173): App\Filters\Auth->before(Object(CodeIgniter\HTTP\IncomingRequest), null)
 3 SYSTEMPATH/CodeIgniter.php(453): CodeIgniter\Filters\Filters->run('project', 'before')
 4 SYSTEMPATH/CodeIgniter.php(349): CodeIgniter\CodeIgniter->handleRequest(null, Object(Config\Cache), false)
 5 FCPATH/index.php(73): CodeIgniter\CodeIgniter->run()
CRITICAL - 2023-02-02 15:17:09 --> Expired token
in FCPATH/vendor/firebase/php-jwt/src/JWT.php on line 162.
 1 APPPATH/Filters/Auth.php(62): Firebase\JWT\JWT::decode('eyJ0eXAiOiJKV1QiLCJhbGciOiJIUzI1NiJ9.eyJpc3MiOiJOZWVsIG5ldHdvcmtzIiwiYXVkIjoiY3VzdG9tZXIiLCJpYXQiOjE2NzUzMjcyOTUsImV4cCI6MTY3NTMzMDg5NSwiZW1haWwiOiJwZXNpZ2FAZW1hLXNvZmlhLmV1In0.XDnBrggzdOpLVreRryu_drhNHjgKRUSzkV-FfL0t7Tg', Object(Firebase\JWT\Key))
 2 SYSTEMPATH/Filters/Filters.php(173): App\Filters\Auth->before(Object(CodeIgniter\HTTP\IncomingRequest), null)
 3 SYSTEMPATH/CodeIgniter.php(453): CodeIgniter\Filters\Filters->run('project', 'before')
 4 SYSTEMPATH/CodeIgniter.php(349): CodeIgniter\CodeIgniter->handleRequest(null, Object(Config\Cache), false)
 5 FCPATH/index.php(73): CodeIgniter\CodeIgniter->run()
CRITICAL - 2023-02-02 15:17:09 --> Expired token
in FCPATH/vendor/firebase/php-jwt/src/JWT.php on line 162.
 1 APPPATH/Filters/Auth.php(62): Firebase\JWT\JWT::decode('eyJ0eXAiOiJKV1QiLCJhbGciOiJIUzI1NiJ9.eyJpc3MiOiJOZWVsIG5ldHdvcmtzIiwiYXVkIjoiY3VzdG9tZXIiLCJpYXQiOjE2NzUzMjcyOTUsImV4cCI6MTY3NTMzMDg5NSwiZW1haWwiOiJwZXNpZ2FAZW1hLXNvZmlhLmV1In0.XDnBrggzdOpLVreRryu_drhNHjgKRUSzkV-FfL0t7Tg', Object(Firebase\JWT\Key))
 2 SYSTEMPATH/Filters/Filters.php(173): App\Filters\Auth->before(Object(CodeIgniter\HTTP\IncomingRequest), null)
 3 SYSTEMPATH/CodeIgniter.php(453): CodeIgniter\Filters\Filters->run('project/list/12/2023-02-02', 'before')
 4 SYSTEMPATH/CodeIgniter.php(349): CodeIgniter\CodeIgniter->handleRequest(null, Object(Config\Cache), false)
 5 FCPATH/index.php(73): CodeIgniter\CodeIgniter->run()
CRITICAL - 2023-02-02 15:17:09 --> Expired token
in FCPATH/vendor/firebase/php-jwt/src/JWT.php on line 162.
 1 APPPATH/Filters/Auth.php(62): Firebase\JWT\JWT::decode('eyJ0eXAiOiJKV1QiLCJhbGciOiJIUzI1NiJ9.eyJpc3MiOiJOZWVsIG5ldHdvcmtzIiwiYXVkIjoiY3VzdG9tZXIiLCJpYXQiOjE2NzUzMjcyOTUsImV4cCI6MTY3NTMzMDg5NSwiZW1haWwiOiJwZXNpZ2FAZW1hLXNvZmlhLmV1In0.XDnBrggzdOpLVreRryu_drhNHjgKRUSzkV-FfL0t7Tg', Object(Firebase\JWT\Key))
 2 SYSTEMPATH/Filters/Filters.php(173): App\Filters\Auth->before(Object(CodeIgniter\HTTP\IncomingRequest), null)
 3 SYSTEMPATH/CodeIgniter.php(453): CodeIgniter\Filters\Filters->run('project', 'before')
 4 SYSTEMPATH/CodeIgniter.php(349): CodeIgniter\CodeIgniter->handleRequest(null, Object(Config\Cache), false)
 5 FCPATH/index.php(73): CodeIgniter\CodeIgniter->run()
CRITICAL - 2023-02-02 15:17:45 --> Expired token
in FCPATH/vendor/firebase/php-jwt/src/JWT.php on line 162.
 1 APPPATH/Filters/Auth.php(62): Firebase\JWT\JWT::decode('eyJ0eXAiOiJKV1QiLCJhbGciOiJIUzI1NiJ9.eyJpc3MiOiJOZWVsIG5ldHdvcmtzIiwiYXVkIjoiY3VzdG9tZXIiLCJpYXQiOjE2NzUzMjcyOTUsImV4cCI6MTY3NTMzMDg5NSwiZW1haWwiOiJwZXNpZ2FAZW1hLXNvZmlhLmV1In0.XDnBrggzdOpLVreRryu_drhNHjgKRUSzkV-FfL0t7Tg', Object(Firebase\JWT\Key))
 2 SYSTEMPATH/Filters/Filters.php(173): App\Filters\Auth->before(Object(CodeIgniter\HTTP\IncomingRequest), null)
 3 SYSTEMPATH/CodeIgniter.php(453): CodeIgniter\Filters\Filters->run('project', 'before')
 4 SYSTEMPATH/CodeIgniter.php(349): CodeIgniter\CodeIgniter->handleRequest(null, Object(Config\Cache), false)
 5 FCPATH/index.php(73): CodeIgniter\CodeIgniter->run()
CRITICAL - 2023-02-02 15:17:45 --> Expired token
in FCPATH/vendor/firebase/php-jwt/src/JWT.php on line 162.
 1 APPPATH/Filters/Auth.php(62): Firebase\JWT\JWT::decode('eyJ0eXAiOiJKV1QiLCJhbGciOiJIUzI1NiJ9.eyJpc3MiOiJOZWVsIG5ldHdvcmtzIiwiYXVkIjoiY3VzdG9tZXIiLCJpYXQiOjE2NzUzMjcyOTUsImV4cCI6MTY3NTMzMDg5NSwiZW1haWwiOiJwZXNpZ2FAZW1hLXNvZmlhLmV1In0.XDnBrggzdOpLVreRryu_drhNHjgKRUSzkV-FfL0t7Tg', Object(Firebase\JWT\Key))
 2 SYSTEMPATH/Filters/Filters.php(173): App\Filters\Auth->before(Object(CodeIgniter\HTTP\IncomingRequest), null)
 3 SYSTEMPATH/CodeIgniter.php(453): CodeIgniter\Filters\Filters->run('project/list/12/2023-02-02', 'before')
 4 SYSTEMPATH/CodeIgniter.php(349): CodeIgniter\CodeIgniter->handleRequest(null, Object(Config\Cache), false)
 5 FCPATH/index.php(73): CodeIgniter\CodeIgniter->run()
CRITICAL - 2023-02-02 15:17:46 --> Expired token
in FCPATH/vendor/firebase/php-jwt/src/JWT.php on line 162.
 1 APPPATH/Filters/Auth.php(62): Firebase\JWT\JWT::decode('eyJ0eXAiOiJKV1QiLCJhbGciOiJIUzI1NiJ9.eyJpc3MiOiJOZWVsIG5ldHdvcmtzIiwiYXVkIjoiY3VzdG9tZXIiLCJpYXQiOjE2NzUzMjcyOTUsImV4cCI6MTY3NTMzMDg5NSwiZW1haWwiOiJwZXNpZ2FAZW1hLXNvZmlhLmV1In0.XDnBrggzdOpLVreRryu_drhNHjgKRUSzkV-FfL0t7Tg', Object(Firebase\JWT\Key))
 2 SYSTEMPATH/Filters/Filters.php(173): App\Filters\Auth->before(Object(CodeIgniter\HTTP\IncomingRequest), null)
 3 SYSTEMPATH/CodeIgniter.php(453): CodeIgniter\Filters\Filters->run('project', 'before')
 4 SYSTEMPATH/CodeIgniter.php(349): CodeIgniter\CodeIgniter->handleRequest(null, Object(Config\Cache), false)
 5 FCPATH/index.php(73): CodeIgniter\CodeIgniter->run()
CRITICAL - 2023-02-02 15:17:49 --> Expired token
in FCPATH/vendor/firebase/php-jwt/src/JWT.php on line 162.
 1 APPPATH/Filters/Auth.php(62): Firebase\JWT\JWT::decode('eyJ0eXAiOiJKV1QiLCJhbGciOiJIUzI1NiJ9.eyJpc3MiOiJOZWVsIG5ldHdvcmtzIiwiYXVkIjoiY3VzdG9tZXIiLCJpYXQiOjE2NzUzMjcyOTUsImV4cCI6MTY3NTMzMDg5NSwiZW1haWwiOiJwZXNpZ2FAZW1hLXNvZmlhLmV1In0.XDnBrggzdOpLVreRryu_drhNHjgKRUSzkV-FfL0t7Tg', Object(Firebase\JWT\Key))
 2 SYSTEMPATH/Filters/Filters.php(173): App\Filters\Auth->before(Object(CodeIgniter\HTTP\IncomingRequest), null)
 3 SYSTEMPATH/CodeIgniter.php(453): CodeIgniter\Filters\Filters->run('project', 'before')
 4 SYSTEMPATH/CodeIgniter.php(349): CodeIgniter\CodeIgniter->handleRequest(null, Object(Config\Cache), false)
 5 FCPATH/index.php(73): CodeIgniter\CodeIgniter->run()
CRITICAL - 2023-02-02 15:17:50 --> Expired token
in FCPATH/vendor/firebase/php-jwt/src/JWT.php on line 162.
 1 APPPATH/Filters/Auth.php(62): Firebase\JWT\JWT::decode('eyJ0eXAiOiJKV1QiLCJhbGciOiJIUzI1NiJ9.eyJpc3MiOiJOZWVsIG5ldHdvcmtzIiwiYXVkIjoiY3VzdG9tZXIiLCJpYXQiOjE2NzUzMjcyOTUsImV4cCI6MTY3NTMzMDg5NSwiZW1haWwiOiJwZXNpZ2FAZW1hLXNvZmlhLmV1In0.XDnBrggzdOpLVreRryu_drhNHjgKRUSzkV-FfL0t7Tg', Object(Firebase\JWT\Key))
 2 SYSTEMPATH/Filters/Filters.php(173): App\Filters\Auth->before(Object(CodeIgniter\HTTP\IncomingRequest), null)
 3 SYSTEMPATH/CodeIgniter.php(453): CodeIgniter\Filters\Filters->run('project/list/12/2023-02-02', 'before')
 4 SYSTEMPATH/CodeIgniter.php(349): CodeIgniter\CodeIgniter->handleRequest(null, Object(Config\Cache), false)
 5 FCPATH/index.php(73): CodeIgniter\CodeIgniter->run()
CRITICAL - 2023-02-02 15:17:50 --> Expired token
in FCPATH/vendor/firebase/php-jwt/src/JWT.php on line 162.
 1 APPPATH/Filters/Auth.php(62): Firebase\JWT\JWT::decode('eyJ0eXAiOiJKV1QiLCJhbGciOiJIUzI1NiJ9.eyJpc3MiOiJOZWVsIG5ldHdvcmtzIiwiYXVkIjoiY3VzdG9tZXIiLCJpYXQiOjE2NzUzMjcyOTUsImV4cCI6MTY3NTMzMDg5NSwiZW1haWwiOiJwZXNpZ2FAZW1hLXNvZmlhLmV1In0.XDnBrggzdOpLVreRryu_drhNHjgKRUSzkV-FfL0t7Tg', Object(Firebase\JWT\Key))
 2 SYSTEMPATH/Filters/Filters.php(173): App\Filters\Auth->before(Object(CodeIgniter\HTTP\IncomingRequest), null)
 3 SYSTEMPATH/CodeIgniter.php(453): CodeIgniter\Filters\Filters->run('project', 'before')
 4 SYSTEMPATH/CodeIgniter.php(349): CodeIgniter\CodeIgniter->handleRequest(null, Object(Config\Cache), false)
 5 FCPATH/index.php(73): CodeIgniter\CodeIgniter->run()
CRITICAL - 2023-02-02 15:18:14 --> Expired token
in FCPATH/vendor/firebase/php-jwt/src/JWT.php on line 162.
 1 APPPATH/Filters/Auth.php(62): Firebase\JWT\JWT::decode('eyJ0eXAiOiJKV1QiLCJhbGciOiJIUzI1NiJ9.eyJpc3MiOiJOZWVsIG5ldHdvcmtzIiwiYXVkIjoiY3VzdG9tZXIiLCJpYXQiOjE2NzUzMjcyOTUsImV4cCI6MTY3NTMzMDg5NSwiZW1haWwiOiJwZXNpZ2FAZW1hLXNvZmlhLmV1In0.XDnBrggzdOpLVreRryu_drhNHjgKRUSzkV-FfL0t7Tg', Object(Firebase\JWT\Key))
 2 SYSTEMPATH/Filters/Filters.php(173): App\Filters\Auth->before(Object(CodeIgniter\HTTP\IncomingRequest), null)
 3 SYSTEMPATH/CodeIgniter.php(453): CodeIgniter\Filters\Filters->run('project', 'before')
 4 SYSTEMPATH/CodeIgniter.php(349): CodeIgniter\CodeIgniter->handleRequest(null, Object(Config\Cache), false)
 5 FCPATH/index.php(73): CodeIgniter\CodeIgniter->run()
CRITICAL - 2023-02-02 15:18:14 --> Expired token
in FCPATH/vendor/firebase/php-jwt/src/JWT.php on line 162.
 1 APPPATH/Filters/Auth.php(62): Firebase\JWT\JWT::decode('eyJ0eXAiOiJKV1QiLCJhbGciOiJIUzI1NiJ9.eyJpc3MiOiJOZWVsIG5ldHdvcmtzIiwiYXVkIjoiY3VzdG9tZXIiLCJpYXQiOjE2NzUzMjcyOTUsImV4cCI6MTY3NTMzMDg5NSwiZW1haWwiOiJwZXNpZ2FAZW1hLXNvZmlhLmV1In0.XDnBrggzdOpLVreRryu_drhNHjgKRUSzkV-FfL0t7Tg', Object(Firebase\JWT\Key))
 2 SYSTEMPATH/Filters/Filters.php(173): App\Filters\Auth->before(Object(CodeIgniter\HTTP\IncomingRequest), null)
 3 SYSTEMPATH/CodeIgniter.php(453): CodeIgniter\Filters\Filters->run('project/list/12/2023-02-02', 'before')
 4 SYSTEMPATH/CodeIgniter.php(349): CodeIgniter\CodeIgniter->handleRequest(null, Object(Config\Cache), false)
 5 FCPATH/index.php(73): CodeIgniter\CodeIgniter->run()
CRITICAL - 2023-02-02 15:18:15 --> Expired token
in FCPATH/vendor/firebase/php-jwt/src/JWT.php on line 162.
 1 APPPATH/Filters/Auth.php(62): Firebase\JWT\JWT::decode('eyJ0eXAiOiJKV1QiLCJhbGciOiJIUzI1NiJ9.eyJpc3MiOiJOZWVsIG5ldHdvcmtzIiwiYXVkIjoiY3VzdG9tZXIiLCJpYXQiOjE2NzUzMjcyOTUsImV4cCI6MTY3NTMzMDg5NSwiZW1haWwiOiJwZXNpZ2FAZW1hLXNvZmlhLmV1In0.XDnBrggzdOpLVreRryu_drhNHjgKRUSzkV-FfL0t7Tg', Object(Firebase\JWT\Key))
 2 SYSTEMPATH/Filters/Filters.php(173): App\Filters\Auth->before(Object(CodeIgniter\HTTP\IncomingRequest), null)
 3 SYSTEMPATH/CodeIgniter.php(453): CodeIgniter\Filters\Filters->run('project', 'before')
 4 SYSTEMPATH/CodeIgniter.php(349): CodeIgniter\CodeIgniter->handleRequest(null, Object(Config\Cache), false)
 5 FCPATH/index.php(73): CodeIgniter\CodeIgniter->run()
CRITICAL - 2023-02-02 15:18:26 --> Expired token
in FCPATH/vendor/firebase/php-jwt/src/JWT.php on line 162.
 1 APPPATH/Filters/Auth.php(62): Firebase\JWT\JWT::decode('eyJ0eXAiOiJKV1QiLCJhbGciOiJIUzI1NiJ9.eyJpc3MiOiJOZWVsIG5ldHdvcmtzIiwiYXVkIjoiY3VzdG9tZXIiLCJpYXQiOjE2NzUzMjcyOTUsImV4cCI6MTY3NTMzMDg5NSwiZW1haWwiOiJwZXNpZ2FAZW1hLXNvZmlhLmV1In0.XDnBrggzdOpLVreRryu_drhNHjgKRUSzkV-FfL0t7Tg', Object(Firebase\JWT\Key))
 2 SYSTEMPATH/Filters/Filters.php(173): App\Filters\Auth->before(Object(CodeIgniter\HTTP\IncomingRequest), null)
 3 SYSTEMPATH/CodeIgniter.php(453): CodeIgniter\Filters\Filters->run('project/list/12/2023-02-02', 'before')
 4 SYSTEMPATH/CodeIgniter.php(349): CodeIgniter\CodeIgniter->handleRequest(null, Object(Config\Cache), false)
 5 FCPATH/index.php(73): CodeIgniter\CodeIgniter->run()
CRITICAL - 2023-02-02 15:18:26 --> Expired token
in FCPATH/vendor/firebase/php-jwt/src/JWT.php on line 162.
 1 APPPATH/Filters/Auth.php(62): Firebase\JWT\JWT::decode('eyJ0eXAiOiJKV1QiLCJhbGciOiJIUzI1NiJ9.eyJpc3MiOiJOZWVsIG5ldHdvcmtzIiwiYXVkIjoiY3VzdG9tZXIiLCJpYXQiOjE2NzUzMjcyOTUsImV4cCI6MTY3NTMzMDg5NSwiZW1haWwiOiJwZXNpZ2FAZW1hLXNvZmlhLmV1In0.XDnBrggzdOpLVreRryu_drhNHjgKRUSzkV-FfL0t7Tg', Object(Firebase\JWT\Key))
 2 SYSTEMPATH/Filters/Filters.php(173): App\Filters\Auth->before(Object(CodeIgniter\HTTP\IncomingRequest), null)
 3 SYSTEMPATH/CodeIgniter.php(453): CodeIgniter\Filters\Filters->run('project', 'before')
 4 SYSTEMPATH/CodeIgniter.php(349): CodeIgniter\CodeIgniter->handleRequest(null, Object(Config\Cache), false)
 5 FCPATH/index.php(73): CodeIgniter\CodeIgniter->run()
CRITICAL - 2023-02-02 15:18:26 --> Expired token
in FCPATH/vendor/firebase/php-jwt/src/JWT.php on line 162.
 1 APPPATH/Filters/Auth.php(62): Firebase\JWT\JWT::decode('eyJ0eXAiOiJKV1QiLCJhbGciOiJIUzI1NiJ9.eyJpc3MiOiJOZWVsIG5ldHdvcmtzIiwiYXVkIjoiY3VzdG9tZXIiLCJpYXQiOjE2NzUzMjcyOTUsImV4cCI6MTY3NTMzMDg5NSwiZW1haWwiOiJwZXNpZ2FAZW1hLXNvZmlhLmV1In0.XDnBrggzdOpLVreRryu_drhNHjgKRUSzkV-FfL0t7Tg', Object(Firebase\JWT\Key))
 2 SYSTEMPATH/Filters/Filters.php(173): App\Filters\Auth->before(Object(CodeIgniter\HTTP\IncomingRequest), null)
 3 SYSTEMPATH/CodeIgniter.php(453): CodeIgniter\Filters\Filters->run('project', 'before')
 4 SYSTEMPATH/CodeIgniter.php(349): CodeIgniter\CodeIgniter->handleRequest(null, Object(Config\Cache), false)
 5 FCPATH/index.php(73): CodeIgniter\CodeIgniter->run()
CRITICAL - 2023-02-02 15:20:19 --> Expired token
in FCPATH/vendor/firebase/php-jwt/src/JWT.php on line 162.
 1 APPPATH/Filters/Auth.php(62): Firebase\JWT\JWT::decode('eyJ0eXAiOiJKV1QiLCJhbGciOiJIUzI1NiJ9.eyJpc3MiOiJOZWVsIG5ldHdvcmtzIiwiYXVkIjoiY3VzdG9tZXIiLCJpYXQiOjE2NzUzMjcyOTUsImV4cCI6MTY3NTMzMDg5NSwiZW1haWwiOiJwZXNpZ2FAZW1hLXNvZmlhLmV1In0.XDnBrggzdOpLVreRryu_drhNHjgKRUSzkV-FfL0t7Tg', Object(Firebase\JWT\Key))
 2 SYSTEMPATH/Filters/Filters.php(173): App\Filters\Auth->before(Object(CodeIgniter\HTTP\IncomingRequest), null)
 3 SYSTEMPATH/CodeIgniter.php(453): CodeIgniter\Filters\Filters->run('project/list/12/2023-02-02', 'before')
 4 SYSTEMPATH/CodeIgniter.php(349): CodeIgniter\CodeIgniter->handleRequest(null, Object(Config\Cache), false)
 5 FCPATH/index.php(73): CodeIgniter\CodeIgniter->run()
CRITICAL - 2023-02-02 15:20:19 --> Expired token
in FCPATH/vendor/firebase/php-jwt/src/JWT.php on line 162.
 1 APPPATH/Filters/Auth.php(62): Firebase\JWT\JWT::decode('eyJ0eXAiOiJKV1QiLCJhbGciOiJIUzI1NiJ9.eyJpc3MiOiJOZWVsIG5ldHdvcmtzIiwiYXVkIjoiY3VzdG9tZXIiLCJpYXQiOjE2NzUzMjcyOTUsImV4cCI6MTY3NTMzMDg5NSwiZW1haWwiOiJwZXNpZ2FAZW1hLXNvZmlhLmV1In0.XDnBrggzdOpLVreRryu_drhNHjgKRUSzkV-FfL0t7Tg', Object(Firebase\JWT\Key))
 2 SYSTEMPATH/Filters/Filters.php(173): App\Filters\Auth->before(Object(CodeIgniter\HTTP\IncomingRequest), null)
 3 SYSTEMPATH/CodeIgniter.php(453): CodeIgniter\Filters\Filters->run('project', 'before')
 4 SYSTEMPATH/CodeIgniter.php(349): CodeIgniter\CodeIgniter->handleRequest(null, Object(Config\Cache), false)
 5 FCPATH/index.php(73): CodeIgniter\CodeIgniter->run()
CRITICAL - 2023-02-02 15:20:20 --> Expired token
in FCPATH/vendor/firebase/php-jwt/src/JWT.php on line 162.
 1 APPPATH/Filters/Auth.php(62): Firebase\JWT\JWT::decode('eyJ0eXAiOiJKV1QiLCJhbGciOiJIUzI1NiJ9.eyJpc3MiOiJOZWVsIG5ldHdvcmtzIiwiYXVkIjoiY3VzdG9tZXIiLCJpYXQiOjE2NzUzMjcyOTUsImV4cCI6MTY3NTMzMDg5NSwiZW1haWwiOiJwZXNpZ2FAZW1hLXNvZmlhLmV1In0.XDnBrggzdOpLVreRryu_drhNHjgKRUSzkV-FfL0t7Tg', Object(Firebase\JWT\Key))
 2 SYSTEMPATH/Filters/Filters.php(173): App\Filters\Auth->before(Object(CodeIgniter\HTTP\IncomingRequest), null)
 3 SYSTEMPATH/CodeIgniter.php(453): CodeIgniter\Filters\Filters->run('project', 'before')
 4 SYSTEMPATH/CodeIgniter.php(349): CodeIgniter\CodeIgniter->handleRequest(null, Object(Config\Cache), false)
 5 FCPATH/index.php(73): CodeIgniter\CodeIgniter->run()
CRITICAL - 2023-02-02 15:21:24 --> Expired token
in FCPATH/vendor/firebase/php-jwt/src/JWT.php on line 162.
 1 APPPATH/Filters/Auth.php(62): Firebase\JWT\JWT::decode('eyJ0eXAiOiJKV1QiLCJhbGciOiJIUzI1NiJ9.eyJpc3MiOiJOZWVsIG5ldHdvcmtzIiwiYXVkIjoiY3VzdG9tZXIiLCJpYXQiOjE2NzUzMjcyOTUsImV4cCI6MTY3NTMzMDg5NSwiZW1haWwiOiJwZXNpZ2FAZW1hLXNvZmlhLmV1In0.XDnBrggzdOpLVreRryu_drhNHjgKRUSzkV-FfL0t7Tg', Object(Firebase\JWT\Key))
 2 SYSTEMPATH/Filters/Filters.php(173): App\Filters\Auth->before(Object(CodeIgniter\HTTP\IncomingRequest), null)
 3 SYSTEMPATH/CodeIgniter.php(453): CodeIgniter\Filters\Filters->run('project', 'before')
 4 SYSTEMPATH/CodeIgniter.php(349): CodeIgniter\CodeIgniter->handleRequest(null, Object(Config\Cache), false)
 5 FCPATH/index.php(73): CodeIgniter\CodeIgniter->run()
CRITICAL - 2023-02-02 15:21:24 --> Expired token
in FCPATH/vendor/firebase/php-jwt/src/JWT.php on line 162.
 1 APPPATH/Filters/Auth.php(62): Firebase\JWT\JWT::decode('eyJ0eXAiOiJKV1QiLCJhbGciOiJIUzI1NiJ9.eyJpc3MiOiJOZWVsIG5ldHdvcmtzIiwiYXVkIjoiY3VzdG9tZXIiLCJpYXQiOjE2NzUzMjcyOTUsImV4cCI6MTY3NTMzMDg5NSwiZW1haWwiOiJwZXNpZ2FAZW1hLXNvZmlhLmV1In0.XDnBrggzdOpLVreRryu_drhNHjgKRUSzkV-FfL0t7Tg', Object(Firebase\JWT\Key))
 2 SYSTEMPATH/Filters/Filters.php(173): App\Filters\Auth->before(Object(CodeIgniter\HTTP\IncomingRequest), null)
 3 SYSTEMPATH/CodeIgniter.php(453): CodeIgniter\Filters\Filters->run('project/list/12/2023-02-02', 'before')
 4 SYSTEMPATH/CodeIgniter.php(349): CodeIgniter\CodeIgniter->handleRequest(null, Object(Config\Cache), false)
 5 FCPATH/index.php(73): CodeIgniter\CodeIgniter->run()
CRITICAL - 2023-02-02 15:21:24 --> Expired token
in FCPATH/vendor/firebase/php-jwt/src/JWT.php on line 162.
 1 APPPATH/Filters/Auth.php(62): Firebase\JWT\JWT::decode('eyJ0eXAiOiJKV1QiLCJhbGciOiJIUzI1NiJ9.eyJpc3MiOiJOZWVsIG5ldHdvcmtzIiwiYXVkIjoiY3VzdG9tZXIiLCJpYXQiOjE2NzUzMjcyOTUsImV4cCI6MTY3NTMzMDg5NSwiZW1haWwiOiJwZXNpZ2FAZW1hLXNvZmlhLmV1In0.XDnBrggzdOpLVreRryu_drhNHjgKRUSzkV-FfL0t7Tg', Object(Firebase\JWT\Key))
 2 SYSTEMPATH/Filters/Filters.php(173): App\Filters\Auth->before(Object(CodeIgniter\HTTP\IncomingRequest), null)
 3 SYSTEMPATH/CodeIgniter.php(453): CodeIgniter\Filters\Filters->run('project', 'before')
 4 SYSTEMPATH/CodeIgniter.php(349): CodeIgniter\CodeIgniter->handleRequest(null, Object(Config\Cache), false)
 5 FCPATH/index.php(73): CodeIgniter\CodeIgniter->run()
CRITICAL - 2023-02-02 15:23:38 --> Expired token
in FCPATH/vendor/firebase/php-jwt/src/JWT.php on line 162.
 1 APPPATH/Filters/Auth.php(62): Firebase\JWT\JWT::decode('eyJ0eXAiOiJKV1QiLCJhbGciOiJIUzI1NiJ9.eyJpc3MiOiJOZWVsIG5ldHdvcmtzIiwiYXVkIjoiY3VzdG9tZXIiLCJpYXQiOjE2NzUzMjcyOTUsImV4cCI6MTY3NTMzMDg5NSwiZW1haWwiOiJwZXNpZ2FAZW1hLXNvZmlhLmV1In0.XDnBrggzdOpLVreRryu_drhNHjgKRUSzkV-FfL0t7Tg', Object(Firebase\JWT\Key))
 2 SYSTEMPATH/Filters/Filters.php(173): App\Filters\Auth->before(Object(CodeIgniter\HTTP\IncomingRequest), null)
 3 SYSTEMPATH/CodeIgniter.php(453): CodeIgniter\Filters\Filters->run('project', 'before')
 4 SYSTEMPATH/CodeIgniter.php(349): CodeIgniter\CodeIgniter->handleRequest(null, Object(Config\Cache), false)
 5 FCPATH/index.php(73): CodeIgniter\CodeIgniter->run()
CRITICAL - 2023-02-02 15:23:38 --> Expired token
in FCPATH/vendor/firebase/php-jwt/src/JWT.php on line 162.
 1 APPPATH/Filters/Auth.php(62): Firebase\JWT\JWT::decode('eyJ0eXAiOiJKV1QiLCJhbGciOiJIUzI1NiJ9.eyJpc3MiOiJOZWVsIG5ldHdvcmtzIiwiYXVkIjoiY3VzdG9tZXIiLCJpYXQiOjE2NzUzMjcyOTUsImV4cCI6MTY3NTMzMDg5NSwiZW1haWwiOiJwZXNpZ2FAZW1hLXNvZmlhLmV1In0.XDnBrggzdOpLVreRryu_drhNHjgKRUSzkV-FfL0t7Tg', Object(Firebase\JWT\Key))
 2 SYSTEMPATH/Filters/Filters.php(173): App\Filters\Auth->before(Object(CodeIgniter\HTTP\IncomingRequest), null)
 3 SYSTEMPATH/CodeIgniter.php(453): CodeIgniter\Filters\Filters->run('project/list/12/2023-02-02', 'before')
 4 SYSTEMPATH/CodeIgniter.php(349): CodeIgniter\CodeIgniter->handleRequest(null, Object(Config\Cache), false)
 5 FCPATH/index.php(73): CodeIgniter\CodeIgniter->run()
CRITICAL - 2023-02-02 15:23:38 --> Expired token
in FCPATH/vendor/firebase/php-jwt/src/JWT.php on line 162.
 1 APPPATH/Filters/Auth.php(62): Firebase\JWT\JWT::decode('eyJ0eXAiOiJKV1QiLCJhbGciOiJIUzI1NiJ9.eyJpc3MiOiJOZWVsIG5ldHdvcmtzIiwiYXVkIjoiY3VzdG9tZXIiLCJpYXQiOjE2NzUzMjcyOTUsImV4cCI6MTY3NTMzMDg5NSwiZW1haWwiOiJwZXNpZ2FAZW1hLXNvZmlhLmV1In0.XDnBrggzdOpLVreRryu_drhNHjgKRUSzkV-FfL0t7Tg', Object(Firebase\JWT\Key))
 2 SYSTEMPATH/Filters/Filters.php(173): App\Filters\Auth->before(Object(CodeIgniter\HTTP\IncomingRequest), null)
 3 SYSTEMPATH/CodeIgniter.php(453): CodeIgniter\Filters\Filters->run('project', 'before')
 4 SYSTEMPATH/CodeIgniter.php(349): CodeIgniter\CodeIgniter->handleRequest(null, Object(Config\Cache), false)
 5 FCPATH/index.php(73): CodeIgniter\CodeIgniter->run()
CRITICAL - 2023-02-02 15:24:29 --> Expired token
in FCPATH/vendor/firebase/php-jwt/src/JWT.php on line 162.
 1 APPPATH/Filters/Auth.php(62): Firebase\JWT\JWT::decode('eyJ0eXAiOiJKV1QiLCJhbGciOiJIUzI1NiJ9.eyJpc3MiOiJOZWVsIG5ldHdvcmtzIiwiYXVkIjoiY3VzdG9tZXIiLCJpYXQiOjE2NzUzMjcyOTUsImV4cCI6MTY3NTMzMDg5NSwiZW1haWwiOiJwZXNpZ2FAZW1hLXNvZmlhLmV1In0.XDnBrggzdOpLVreRryu_drhNHjgKRUSzkV-FfL0t7Tg', Object(Firebase\JWT\Key))
 2 SYSTEMPATH/Filters/Filters.php(173): App\Filters\Auth->before(Object(CodeIgniter\HTTP\IncomingRequest), null)
 3 SYSTEMPATH/CodeIgniter.php(453): CodeIgniter\Filters\Filters->run('project', 'before')
 4 SYSTEMPATH/CodeIgniter.php(349): CodeIgniter\CodeIgniter->handleRequest(null, Object(Config\Cache), false)
 5 FCPATH/index.php(73): CodeIgniter\CodeIgniter->run()
CRITICAL - 2023-02-02 15:24:29 --> Expired token
in FCPATH/vendor/firebase/php-jwt/src/JWT.php on line 162.
 1 APPPATH/Filters/Auth.php(62): Firebase\JWT\JWT::decode('eyJ0eXAiOiJKV1QiLCJhbGciOiJIUzI1NiJ9.eyJpc3MiOiJOZWVsIG5ldHdvcmtzIiwiYXVkIjoiY3VzdG9tZXIiLCJpYXQiOjE2NzUzMjcyOTUsImV4cCI6MTY3NTMzMDg5NSwiZW1haWwiOiJwZXNpZ2FAZW1hLXNvZmlhLmV1In0.XDnBrggzdOpLVreRryu_drhNHjgKRUSzkV-FfL0t7Tg', Object(Firebase\JWT\Key))
 2 SYSTEMPATH/Filters/Filters.php(173): App\Filters\Auth->before(Object(CodeIgniter\HTTP\IncomingRequest), null)
 3 SYSTEMPATH/CodeIgniter.php(453): CodeIgniter\Filters\Filters->run('project/list/12/2023-02-02', 'before')
 4 SYSTEMPATH/CodeIgniter.php(349): CodeIgniter\CodeIgniter->handleRequest(null, Object(Config\Cache), false)
 5 FCPATH/index.php(73): CodeIgniter\CodeIgniter->run()
CRITICAL - 2023-02-02 15:24:29 --> Expired token
in FCPATH/vendor/firebase/php-jwt/src/JWT.php on line 162.
 1 APPPATH/Filters/Auth.php(62): Firebase\JWT\JWT::decode('eyJ0eXAiOiJKV1QiLCJhbGciOiJIUzI1NiJ9.eyJpc3MiOiJOZWVsIG5ldHdvcmtzIiwiYXVkIjoiY3VzdG9tZXIiLCJpYXQiOjE2NzUzMjcyOTUsImV4cCI6MTY3NTMzMDg5NSwiZW1haWwiOiJwZXNpZ2FAZW1hLXNvZmlhLmV1In0.XDnBrggzdOpLVreRryu_drhNHjgKRUSzkV-FfL0t7Tg', Object(Firebase\JWT\Key))
 2 SYSTEMPATH/Filters/Filters.php(173): App\Filters\Auth->before(Object(CodeIgniter\HTTP\IncomingRequest), null)
 3 SYSTEMPATH/CodeIgniter.php(453): CodeIgniter\Filters\Filters->run('project', 'before')
 4 SYSTEMPATH/CodeIgniter.php(349): CodeIgniter\CodeIgniter->handleRequest(null, Object(Config\Cache), false)
 5 FCPATH/index.php(73): CodeIgniter\CodeIgniter->run()
CRITICAL - 2023-02-02 15:25:01 --> Expired token
in FCPATH/vendor/firebase/php-jwt/src/JWT.php on line 162.
 1 APPPATH/Filters/Auth.php(62): Firebase\JWT\JWT::decode('eyJ0eXAiOiJKV1QiLCJhbGciOiJIUzI1NiJ9.eyJpc3MiOiJOZWVsIG5ldHdvcmtzIiwiYXVkIjoiY3VzdG9tZXIiLCJpYXQiOjE2NzUzMjcyOTUsImV4cCI6MTY3NTMzMDg5NSwiZW1haWwiOiJwZXNpZ2FAZW1hLXNvZmlhLmV1In0.XDnBrggzdOpLVreRryu_drhNHjgKRUSzkV-FfL0t7Tg', Object(Firebase\JWT\Key))
 2 SYSTEMPATH/Filters/Filters.php(173): App\Filters\Auth->before(Object(CodeIgniter\HTTP\IncomingRequest), null)
 3 SYSTEMPATH/CodeIgniter.php(453): CodeIgniter\Filters\Filters->run('project/list/12/2023-02-02', 'before')
 4 SYSTEMPATH/CodeIgniter.php(349): CodeIgniter\CodeIgniter->handleRequest(null, Object(Config\Cache), false)
 5 FCPATH/index.php(73): CodeIgniter\CodeIgniter->run()
CRITICAL - 2023-02-02 15:25:01 --> Expired token
in FCPATH/vendor/firebase/php-jwt/src/JWT.php on line 162.
 1 APPPATH/Filters/Auth.php(62): Firebase\JWT\JWT::decode('eyJ0eXAiOiJKV1QiLCJhbGciOiJIUzI1NiJ9.eyJpc3MiOiJOZWVsIG5ldHdvcmtzIiwiYXVkIjoiY3VzdG9tZXIiLCJpYXQiOjE2NzUzMjcyOTUsImV4cCI6MTY3NTMzMDg5NSwiZW1haWwiOiJwZXNpZ2FAZW1hLXNvZmlhLmV1In0.XDnBrggzdOpLVreRryu_drhNHjgKRUSzkV-FfL0t7Tg', Object(Firebase\JWT\Key))
 2 SYSTEMPATH/Filters/Filters.php(173): App\Filters\Auth->before(Object(CodeIgniter\HTTP\IncomingRequest), null)
 3 SYSTEMPATH/CodeIgniter.php(453): CodeIgniter\Filters\Filters->run('project', 'before')
 4 SYSTEMPATH/CodeIgniter.php(349): CodeIgniter\CodeIgniter->handleRequest(null, Object(Config\Cache), false)
 5 FCPATH/index.php(73): CodeIgniter\CodeIgniter->run()
CRITICAL - 2023-02-02 15:25:01 --> Expired token
in FCPATH/vendor/firebase/php-jwt/src/JWT.php on line 162.
 1 APPPATH/Filters/Auth.php(62): Firebase\JWT\JWT::decode('eyJ0eXAiOiJKV1QiLCJhbGciOiJIUzI1NiJ9.eyJpc3MiOiJOZWVsIG5ldHdvcmtzIiwiYXVkIjoiY3VzdG9tZXIiLCJpYXQiOjE2NzUzMjcyOTUsImV4cCI6MTY3NTMzMDg5NSwiZW1haWwiOiJwZXNpZ2FAZW1hLXNvZmlhLmV1In0.XDnBrggzdOpLVreRryu_drhNHjgKRUSzkV-FfL0t7Tg', Object(Firebase\JWT\Key))
 2 SYSTEMPATH/Filters/Filters.php(173): App\Filters\Auth->before(Object(CodeIgniter\HTTP\IncomingRequest), null)
 3 SYSTEMPATH/CodeIgniter.php(453): CodeIgniter\Filters\Filters->run('project', 'before')
 4 SYSTEMPATH/CodeIgniter.php(349): CodeIgniter\CodeIgniter->handleRequest(null, Object(Config\Cache), false)
 5 FCPATH/index.php(73): CodeIgniter\CodeIgniter->run()
CRITICAL - 2023-02-02 15:25:12 --> Expired token
in FCPATH/vendor/firebase/php-jwt/src/JWT.php on line 162.
 1 APPPATH/Filters/Auth.php(62): Firebase\JWT\JWT::decode('eyJ0eXAiOiJKV1QiLCJhbGciOiJIUzI1NiJ9.eyJpc3MiOiJOZWVsIG5ldHdvcmtzIiwiYXVkIjoiY3VzdG9tZXIiLCJpYXQiOjE2NzUzMjcyOTUsImV4cCI6MTY3NTMzMDg5NSwiZW1haWwiOiJwZXNpZ2FAZW1hLXNvZmlhLmV1In0.XDnBrggzdOpLVreRryu_drhNHjgKRUSzkV-FfL0t7Tg', Object(Firebase\JWT\Key))
 2 SYSTEMPATH/Filters/Filters.php(173): App\Filters\Auth->before(Object(CodeIgniter\HTTP\IncomingRequest), null)
 3 SYSTEMPATH/CodeIgniter.php(453): CodeIgniter\Filters\Filters->run('project/list/12/2023-02-02', 'before')
 4 SYSTEMPATH/CodeIgniter.php(349): CodeIgniter\CodeIgniter->handleRequest(null, Object(Config\Cache), false)
 5 FCPATH/index.php(73): CodeIgniter\CodeIgniter->run()
CRITICAL - 2023-02-02 15:25:12 --> Expired token
in FCPATH/vendor/firebase/php-jwt/src/JWT.php on line 162.
 1 APPPATH/Filters/Auth.php(62): Firebase\JWT\JWT::decode('eyJ0eXAiOiJKV1QiLCJhbGciOiJIUzI1NiJ9.eyJpc3MiOiJOZWVsIG5ldHdvcmtzIiwiYXVkIjoiY3VzdG9tZXIiLCJpYXQiOjE2NzUzMjcyOTUsImV4cCI6MTY3NTMzMDg5NSwiZW1haWwiOiJwZXNpZ2FAZW1hLXNvZmlhLmV1In0.XDnBrggzdOpLVreRryu_drhNHjgKRUSzkV-FfL0t7Tg', Object(Firebase\JWT\Key))
 2 SYSTEMPATH/Filters/Filters.php(173): App\Filters\Auth->before(Object(CodeIgniter\HTTP\IncomingRequest), null)
 3 SYSTEMPATH/CodeIgniter.php(453): CodeIgniter\Filters\Filters->run('project', 'before')
 4 SYSTEMPATH/CodeIgniter.php(349): CodeIgniter\CodeIgniter->handleRequest(null, Object(Config\Cache), false)
 5 FCPATH/index.php(73): CodeIgniter\CodeIgniter->run()
CRITICAL - 2023-02-02 15:25:12 --> Expired token
in FCPATH/vendor/firebase/php-jwt/src/JWT.php on line 162.
 1 APPPATH/Filters/Auth.php(62): Firebase\JWT\JWT::decode('eyJ0eXAiOiJKV1QiLCJhbGciOiJIUzI1NiJ9.eyJpc3MiOiJOZWVsIG5ldHdvcmtzIiwiYXVkIjoiY3VzdG9tZXIiLCJpYXQiOjE2NzUzMjcyOTUsImV4cCI6MTY3NTMzMDg5NSwiZW1haWwiOiJwZXNpZ2FAZW1hLXNvZmlhLmV1In0.XDnBrggzdOpLVreRryu_drhNHjgKRUSzkV-FfL0t7Tg', Object(Firebase\JWT\Key))
 2 SYSTEMPATH/Filters/Filters.php(173): App\Filters\Auth->before(Object(CodeIgniter\HTTP\IncomingRequest), null)
 3 SYSTEMPATH/CodeIgniter.php(453): CodeIgniter\Filters\Filters->run('project', 'before')
 4 SYSTEMPATH/CodeIgniter.php(349): CodeIgniter\CodeIgniter->handleRequest(null, Object(Config\Cache), false)
 5 FCPATH/index.php(73): CodeIgniter\CodeIgniter->run()
CRITICAL - 2023-02-02 15:25:32 --> Expired token
in FCPATH/vendor/firebase/php-jwt/src/JWT.php on line 162.
 1 APPPATH/Filters/Auth.php(62): Firebase\JWT\JWT::decode('eyJ0eXAiOiJKV1QiLCJhbGciOiJIUzI1NiJ9.eyJpc3MiOiJOZWVsIG5ldHdvcmtzIiwiYXVkIjoiY3VzdG9tZXIiLCJpYXQiOjE2NzUzMjcyOTUsImV4cCI6MTY3NTMzMDg5NSwiZW1haWwiOiJwZXNpZ2FAZW1hLXNvZmlhLmV1In0.XDnBrggzdOpLVreRryu_drhNHjgKRUSzkV-FfL0t7Tg', Object(Firebase\JWT\Key))
 2 SYSTEMPATH/Filters/Filters.php(173): App\Filters\Auth->before(Object(CodeIgniter\HTTP\IncomingRequest), null)
 3 SYSTEMPATH/CodeIgniter.php(453): CodeIgniter\Filters\Filters->run('project/list/12/2023-02-02', 'before')
 4 SYSTEMPATH/CodeIgniter.php(349): CodeIgniter\CodeIgniter->handleRequest(null, Object(Config\Cache), false)
 5 FCPATH/index.php(73): CodeIgniter\CodeIgniter->run()
CRITICAL - 2023-02-02 15:25:32 --> Expired token
in FCPATH/vendor/firebase/php-jwt/src/JWT.php on line 162.
 1 APPPATH/Filters/Auth.php(62): Firebase\JWT\JWT::decode('eyJ0eXAiOiJKV1QiLCJhbGciOiJIUzI1NiJ9.eyJpc3MiOiJOZWVsIG5ldHdvcmtzIiwiYXVkIjoiY3VzdG9tZXIiLCJpYXQiOjE2NzUzMjcyOTUsImV4cCI6MTY3NTMzMDg5NSwiZW1haWwiOiJwZXNpZ2FAZW1hLXNvZmlhLmV1In0.XDnBrggzdOpLVreRryu_drhNHjgKRUSzkV-FfL0t7Tg', Object(Firebase\JWT\Key))
 2 SYSTEMPATH/Filters/Filters.php(173): App\Filters\Auth->before(Object(CodeIgniter\HTTP\IncomingRequest), null)
 3 SYSTEMPATH/CodeIgniter.php(453): CodeIgniter\Filters\Filters->run('project', 'before')
 4 SYSTEMPATH/CodeIgniter.php(349): CodeIgniter\CodeIgniter->handleRequest(null, Object(Config\Cache), false)
 5 FCPATH/index.php(73): CodeIgniter\CodeIgniter->run()
CRITICAL - 2023-02-02 15:25:33 --> Expired token
in FCPATH/vendor/firebase/php-jwt/src/JWT.php on line 162.
 1 APPPATH/Filters/Auth.php(62): Firebase\JWT\JWT::decode('eyJ0eXAiOiJKV1QiLCJhbGciOiJIUzI1NiJ9.eyJpc3MiOiJOZWVsIG5ldHdvcmtzIiwiYXVkIjoiY3VzdG9tZXIiLCJpYXQiOjE2NzUzMjcyOTUsImV4cCI6MTY3NTMzMDg5NSwiZW1haWwiOiJwZXNpZ2FAZW1hLXNvZmlhLmV1In0.XDnBrggzdOpLVreRryu_drhNHjgKRUSzkV-FfL0t7Tg', Object(Firebase\JWT\Key))
 2 SYSTEMPATH/Filters/Filters.php(173): App\Filters\Auth->before(Object(CodeIgniter\HTTP\IncomingRequest), null)
 3 SYSTEMPATH/CodeIgniter.php(453): CodeIgniter\Filters\Filters->run('project', 'before')
 4 SYSTEMPATH/CodeIgniter.php(349): CodeIgniter\CodeIgniter->handleRequest(null, Object(Config\Cache), false)
 5 FCPATH/index.php(73): CodeIgniter\CodeIgniter->run()
CRITICAL - 2023-02-02 15:25:44 --> Expired token
in FCPATH/vendor/firebase/php-jwt/src/JWT.php on line 162.
 1 APPPATH/Filters/Auth.php(62): Firebase\JWT\JWT::decode('eyJ0eXAiOiJKV1QiLCJhbGciOiJIUzI1NiJ9.eyJpc3MiOiJOZWVsIG5ldHdvcmtzIiwiYXVkIjoiY3VzdG9tZXIiLCJpYXQiOjE2NzUzMjcyOTUsImV4cCI6MTY3NTMzMDg5NSwiZW1haWwiOiJwZXNpZ2FAZW1hLXNvZmlhLmV1In0.XDnBrggzdOpLVreRryu_drhNHjgKRUSzkV-FfL0t7Tg', Object(Firebase\JWT\Key))
 2 SYSTEMPATH/Filters/Filters.php(173): App\Filters\Auth->before(Object(CodeIgniter\HTTP\IncomingRequest), null)
 3 SYSTEMPATH/CodeIgniter.php(453): CodeIgniter\Filters\Filters->run('project', 'before')
 4 SYSTEMPATH/CodeIgniter.php(349): CodeIgniter\CodeIgniter->handleRequest(null, Object(Config\Cache), false)
 5 FCPATH/index.php(73): CodeIgniter\CodeIgniter->run()
CRITICAL - 2023-02-02 15:25:44 --> Expired token
in FCPATH/vendor/firebase/php-jwt/src/JWT.php on line 162.
 1 APPPATH/Filters/Auth.php(62): Firebase\JWT\JWT::decode('eyJ0eXAiOiJKV1QiLCJhbGciOiJIUzI1NiJ9.eyJpc3MiOiJOZWVsIG5ldHdvcmtzIiwiYXVkIjoiY3VzdG9tZXIiLCJpYXQiOjE2NzUzMjcyOTUsImV4cCI6MTY3NTMzMDg5NSwiZW1haWwiOiJwZXNpZ2FAZW1hLXNvZmlhLmV1In0.XDnBrggzdOpLVreRryu_drhNHjgKRUSzkV-FfL0t7Tg', Object(Firebase\JWT\Key))
 2 SYSTEMPATH/Filters/Filters.php(173): App\Filters\Auth->before(Object(CodeIgniter\HTTP\IncomingRequest), null)
 3 SYSTEMPATH/CodeIgniter.php(453): CodeIgniter\Filters\Filters->run('project/list/12/2023-02-02', 'before')
 4 SYSTEMPATH/CodeIgniter.php(349): CodeIgniter\CodeIgniter->handleRequest(null, Object(Config\Cache), false)
 5 FCPATH/index.php(73): CodeIgniter\CodeIgniter->run()
CRITICAL - 2023-02-02 15:25:45 --> Expired token
in FCPATH/vendor/firebase/php-jwt/src/JWT.php on line 162.
 1 APPPATH/Filters/Auth.php(62): Firebase\JWT\JWT::decode('eyJ0eXAiOiJKV1QiLCJhbGciOiJIUzI1NiJ9.eyJpc3MiOiJOZWVsIG5ldHdvcmtzIiwiYXVkIjoiY3VzdG9tZXIiLCJpYXQiOjE2NzUzMjcyOTUsImV4cCI6MTY3NTMzMDg5NSwiZW1haWwiOiJwZXNpZ2FAZW1hLXNvZmlhLmV1In0.XDnBrggzdOpLVreRryu_drhNHjgKRUSzkV-FfL0t7Tg', Object(Firebase\JWT\Key))
 2 SYSTEMPATH/Filters/Filters.php(173): App\Filters\Auth->before(Object(CodeIgniter\HTTP\IncomingRequest), null)
 3 SYSTEMPATH/CodeIgniter.php(453): CodeIgniter\Filters\Filters->run('project', 'before')
 4 SYSTEMPATH/CodeIgniter.php(349): CodeIgniter\CodeIgniter->handleRequest(null, Object(Config\Cache), false)
 5 FCPATH/index.php(73): CodeIgniter\CodeIgniter->run()
CRITICAL - 2023-02-02 15:25:50 --> Expired token
in FCPATH/vendor/firebase/php-jwt/src/JWT.php on line 162.
 1 APPPATH/Filters/Auth.php(62): Firebase\JWT\JWT::decode('eyJ0eXAiOiJKV1QiLCJhbGciOiJIUzI1NiJ9.eyJpc3MiOiJOZWVsIG5ldHdvcmtzIiwiYXVkIjoiY3VzdG9tZXIiLCJpYXQiOjE2NzUzMjcyOTUsImV4cCI6MTY3NTMzMDg5NSwiZW1haWwiOiJwZXNpZ2FAZW1hLXNvZmlhLmV1In0.XDnBrggzdOpLVreRryu_drhNHjgKRUSzkV-FfL0t7Tg', Object(Firebase\JWT\Key))
 2 SYSTEMPATH/Filters/Filters.php(173): App\Filters\Auth->before(Object(CodeIgniter\HTTP\IncomingRequest), null)
 3 SYSTEMPATH/CodeIgniter.php(453): CodeIgniter\Filters\Filters->run('project', 'before')
 4 SYSTEMPATH/CodeIgniter.php(349): CodeIgniter\CodeIgniter->handleRequest(null, Object(Config\Cache), false)
 5 FCPATH/index.php(73): CodeIgniter\CodeIgniter->run()
CRITICAL - 2023-02-02 15:25:50 --> Expired token
in FCPATH/vendor/firebase/php-jwt/src/JWT.php on line 162.
 1 APPPATH/Filters/Auth.php(62): Firebase\JWT\JWT::decode('eyJ0eXAiOiJKV1QiLCJhbGciOiJIUzI1NiJ9.eyJpc3MiOiJOZWVsIG5ldHdvcmtzIiwiYXVkIjoiY3VzdG9tZXIiLCJpYXQiOjE2NzUzMjcyOTUsImV4cCI6MTY3NTMzMDg5NSwiZW1haWwiOiJwZXNpZ2FAZW1hLXNvZmlhLmV1In0.XDnBrggzdOpLVreRryu_drhNHjgKRUSzkV-FfL0t7Tg', Object(Firebase\JWT\Key))
 2 SYSTEMPATH/Filters/Filters.php(173): App\Filters\Auth->before(Object(CodeIgniter\HTTP\IncomingRequest), null)
 3 SYSTEMPATH/CodeIgniter.php(453): CodeIgniter\Filters\Filters->run('project/list/12/2023-02-02', 'before')
 4 SYSTEMPATH/CodeIgniter.php(349): CodeIgniter\CodeIgniter->handleRequest(null, Object(Config\Cache), false)
 5 FCPATH/index.php(73): CodeIgniter\CodeIgniter->run()
CRITICAL - 2023-02-02 15:25:51 --> Expired token
in FCPATH/vendor/firebase/php-jwt/src/JWT.php on line 162.
 1 APPPATH/Filters/Auth.php(62): Firebase\JWT\JWT::decode('eyJ0eXAiOiJKV1QiLCJhbGciOiJIUzI1NiJ9.eyJpc3MiOiJOZWVsIG5ldHdvcmtzIiwiYXVkIjoiY3VzdG9tZXIiLCJpYXQiOjE2NzUzMjcyOTUsImV4cCI6MTY3NTMzMDg5NSwiZW1haWwiOiJwZXNpZ2FAZW1hLXNvZmlhLmV1In0.XDnBrggzdOpLVreRryu_drhNHjgKRUSzkV-FfL0t7Tg', Object(Firebase\JWT\Key))
 2 SYSTEMPATH/Filters/Filters.php(173): App\Filters\Auth->before(Object(CodeIgniter\HTTP\IncomingRequest), null)
 3 SYSTEMPATH/CodeIgniter.php(453): CodeIgniter\Filters\Filters->run('project', 'before')
 4 SYSTEMPATH/CodeIgniter.php(349): CodeIgniter\CodeIgniter->handleRequest(null, Object(Config\Cache), false)
 5 FCPATH/index.php(73): CodeIgniter\CodeIgniter->run()
CRITICAL - 2023-02-02 15:26:10 --> Expired token
in FCPATH/vendor/firebase/php-jwt/src/JWT.php on line 162.
 1 APPPATH/Filters/Auth.php(62): Firebase\JWT\JWT::decode('eyJ0eXAiOiJKV1QiLCJhbGciOiJIUzI1NiJ9.eyJpc3MiOiJOZWVsIG5ldHdvcmtzIiwiYXVkIjoiY3VzdG9tZXIiLCJpYXQiOjE2NzUzMjcyOTUsImV4cCI6MTY3NTMzMDg5NSwiZW1haWwiOiJwZXNpZ2FAZW1hLXNvZmlhLmV1In0.XDnBrggzdOpLVreRryu_drhNHjgKRUSzkV-FfL0t7Tg', Object(Firebase\JWT\Key))
 2 SYSTEMPATH/Filters/Filters.php(173): App\Filters\Auth->before(Object(CodeIgniter\HTTP\IncomingRequest), null)
 3 SYSTEMPATH/CodeIgniter.php(453): CodeIgniter\Filters\Filters->run('project', 'before')
 4 SYSTEMPATH/CodeIgniter.php(349): CodeIgniter\CodeIgniter->handleRequest(null, Object(Config\Cache), false)
 5 FCPATH/index.php(73): CodeIgniter\CodeIgniter->run()
CRITICAL - 2023-02-02 15:26:10 --> Expired token
in FCPATH/vendor/firebase/php-jwt/src/JWT.php on line 162.
 1 APPPATH/Filters/Auth.php(62): Firebase\JWT\JWT::decode('eyJ0eXAiOiJKV1QiLCJhbGciOiJIUzI1NiJ9.eyJpc3MiOiJOZWVsIG5ldHdvcmtzIiwiYXVkIjoiY3VzdG9tZXIiLCJpYXQiOjE2NzUzMjcyOTUsImV4cCI6MTY3NTMzMDg5NSwiZW1haWwiOiJwZXNpZ2FAZW1hLXNvZmlhLmV1In0.XDnBrggzdOpLVreRryu_drhNHjgKRUSzkV-FfL0t7Tg', Object(Firebase\JWT\Key))
 2 SYSTEMPATH/Filters/Filters.php(173): App\Filters\Auth->before(Object(CodeIgniter\HTTP\IncomingRequest), null)
 3 SYSTEMPATH/CodeIgniter.php(453): CodeIgniter\Filters\Filters->run('project/list/12/2023-02-02', 'before')
 4 SYSTEMPATH/CodeIgniter.php(349): CodeIgniter\CodeIgniter->handleRequest(null, Object(Config\Cache), false)
 5 FCPATH/index.php(73): CodeIgniter\CodeIgniter->run()
CRITICAL - 2023-02-02 15:26:10 --> Expired token
in FCPATH/vendor/firebase/php-jwt/src/JWT.php on line 162.
 1 APPPATH/Filters/Auth.php(62): Firebase\JWT\JWT::decode('eyJ0eXAiOiJKV1QiLCJhbGciOiJIUzI1NiJ9.eyJpc3MiOiJOZWVsIG5ldHdvcmtzIiwiYXVkIjoiY3VzdG9tZXIiLCJpYXQiOjE2NzUzMjcyOTUsImV4cCI6MTY3NTMzMDg5NSwiZW1haWwiOiJwZXNpZ2FAZW1hLXNvZmlhLmV1In0.XDnBrggzdOpLVreRryu_drhNHjgKRUSzkV-FfL0t7Tg', Object(Firebase\JWT\Key))
 2 SYSTEMPATH/Filters/Filters.php(173): App\Filters\Auth->before(Object(CodeIgniter\HTTP\IncomingRequest), null)
 3 SYSTEMPATH/CodeIgniter.php(453): CodeIgniter\Filters\Filters->run('project', 'before')
 4 SYSTEMPATH/CodeIgniter.php(349): CodeIgniter\CodeIgniter->handleRequest(null, Object(Config\Cache), false)
 5 FCPATH/index.php(73): CodeIgniter\CodeIgniter->run()
CRITICAL - 2023-02-02 15:26:34 --> Expired token
in FCPATH/vendor/firebase/php-jwt/src/JWT.php on line 162.
 1 APPPATH/Filters/Auth.php(62): Firebase\JWT\JWT::decode('eyJ0eXAiOiJKV1QiLCJhbGciOiJIUzI1NiJ9.eyJpc3MiOiJOZWVsIG5ldHdvcmtzIiwiYXVkIjoiY3VzdG9tZXIiLCJpYXQiOjE2NzUzMjcyOTUsImV4cCI6MTY3NTMzMDg5NSwiZW1haWwiOiJwZXNpZ2FAZW1hLXNvZmlhLmV1In0.XDnBrggzdOpLVreRryu_drhNHjgKRUSzkV-FfL0t7Tg', Object(Firebase\JWT\Key))
 2 SYSTEMPATH/Filters/Filters.php(173): App\Filters\Auth->before(Object(CodeIgniter\HTTP\IncomingRequest), null)
 3 SYSTEMPATH/CodeIgniter.php(453): CodeIgniter\Filters\Filters->run('project', 'before')
 4 SYSTEMPATH/CodeIgniter.php(349): CodeIgniter\CodeIgniter->handleRequest(null, Object(Config\Cache), false)
 5 FCPATH/index.php(73): CodeIgniter\CodeIgniter->run()
CRITICAL - 2023-02-02 15:26:34 --> Expired token
in FCPATH/vendor/firebase/php-jwt/src/JWT.php on line 162.
 1 APPPATH/Filters/Auth.php(62): Firebase\JWT\JWT::decode('eyJ0eXAiOiJKV1QiLCJhbGciOiJIUzI1NiJ9.eyJpc3MiOiJOZWVsIG5ldHdvcmtzIiwiYXVkIjoiY3VzdG9tZXIiLCJpYXQiOjE2NzUzMjcyOTUsImV4cCI6MTY3NTMzMDg5NSwiZW1haWwiOiJwZXNpZ2FAZW1hLXNvZmlhLmV1In0.XDnBrggzdOpLVreRryu_drhNHjgKRUSzkV-FfL0t7Tg', Object(Firebase\JWT\Key))
 2 SYSTEMPATH/Filters/Filters.php(173): App\Filters\Auth->before(Object(CodeIgniter\HTTP\IncomingRequest), null)
 3 SYSTEMPATH/CodeIgniter.php(453): CodeIgniter\Filters\Filters->run('project/list/12/2023-02-02', 'before')
 4 SYSTEMPATH/CodeIgniter.php(349): CodeIgniter\CodeIgniter->handleRequest(null, Object(Config\Cache), false)
 5 FCPATH/index.php(73): CodeIgniter\CodeIgniter->run()
CRITICAL - 2023-02-02 15:26:34 --> Expired token
in FCPATH/vendor/firebase/php-jwt/src/JWT.php on line 162.
 1 APPPATH/Filters/Auth.php(62): Firebase\JWT\JWT::decode('eyJ0eXAiOiJKV1QiLCJhbGciOiJIUzI1NiJ9.eyJpc3MiOiJOZWVsIG5ldHdvcmtzIiwiYXVkIjoiY3VzdG9tZXIiLCJpYXQiOjE2NzUzMjcyOTUsImV4cCI6MTY3NTMzMDg5NSwiZW1haWwiOiJwZXNpZ2FAZW1hLXNvZmlhLmV1In0.XDnBrggzdOpLVreRryu_drhNHjgKRUSzkV-FfL0t7Tg', Object(Firebase\JWT\Key))
 2 SYSTEMPATH/Filters/Filters.php(173): App\Filters\Auth->before(Object(CodeIgniter\HTTP\IncomingRequest), null)
 3 SYSTEMPATH/CodeIgniter.php(453): CodeIgniter\Filters\Filters->run('project', 'before')
 4 SYSTEMPATH/CodeIgniter.php(349): CodeIgniter\CodeIgniter->handleRequest(null, Object(Config\Cache), false)
 5 FCPATH/index.php(73): CodeIgniter\CodeIgniter->run()
CRITICAL - 2023-02-02 15:31:51 --> Expired token
in FCPATH/vendor/firebase/php-jwt/src/JWT.php on line 162.
 1 APPPATH/Filters/Auth.php(62): Firebase\JWT\JWT::decode('eyJ0eXAiOiJKV1QiLCJhbGciOiJIUzI1NiJ9.eyJpc3MiOiJOZWVsIG5ldHdvcmtzIiwiYXVkIjoiY3VzdG9tZXIiLCJpYXQiOjE2NzUzMjcyOTUsImV4cCI6MTY3NTMzMDg5NSwiZW1haWwiOiJwZXNpZ2FAZW1hLXNvZmlhLmV1In0.XDnBrggzdOpLVreRryu_drhNHjgKRUSzkV-FfL0t7Tg', Object(Firebase\JWT\Key))
 2 SYSTEMPATH/Filters/Filters.php(173): App\Filters\Auth->before(Object(CodeIgniter\HTTP\IncomingRequest), null)
 3 SYSTEMPATH/CodeIgniter.php(453): CodeIgniter\Filters\Filters->run('project', 'before')
 4 SYSTEMPATH/CodeIgniter.php(349): CodeIgniter\CodeIgniter->handleRequest(null, Object(Config\Cache), false)
 5 FCPATH/index.php(73): CodeIgniter\CodeIgniter->run()
CRITICAL - 2023-02-02 15:31:51 --> Expired token
in FCPATH/vendor/firebase/php-jwt/src/JWT.php on line 162.
 1 APPPATH/Filters/Auth.php(62): Firebase\JWT\JWT::decode('eyJ0eXAiOiJKV1QiLCJhbGciOiJIUzI1NiJ9.eyJpc3MiOiJOZWVsIG5ldHdvcmtzIiwiYXVkIjoiY3VzdG9tZXIiLCJpYXQiOjE2NzUzMjcyOTUsImV4cCI6MTY3NTMzMDg5NSwiZW1haWwiOiJwZXNpZ2FAZW1hLXNvZmlhLmV1In0.XDnBrggzdOpLVreRryu_drhNHjgKRUSzkV-FfL0t7Tg', Object(Firebase\JWT\Key))
 2 SYSTEMPATH/Filters/Filters.php(173): App\Filters\Auth->before(Object(CodeIgniter\HTTP\IncomingRequest), null)
 3 SYSTEMPATH/CodeIgniter.php(453): CodeIgniter\Filters\Filters->run('project/list/12/2023-02-02', 'before')
 4 SYSTEMPATH/CodeIgniter.php(349): CodeIgniter\CodeIgniter->handleRequest(null, Object(Config\Cache), false)
 5 FCPATH/index.php(73): CodeIgniter\CodeIgniter->run()
CRITICAL - 2023-02-02 15:31:51 --> Expired token
in FCPATH/vendor/firebase/php-jwt/src/JWT.php on line 162.
 1 APPPATH/Filters/Auth.php(62): Firebase\JWT\JWT::decode('eyJ0eXAiOiJKV1QiLCJhbGciOiJIUzI1NiJ9.eyJpc3MiOiJOZWVsIG5ldHdvcmtzIiwiYXVkIjoiY3VzdG9tZXIiLCJpYXQiOjE2NzUzMjcyOTUsImV4cCI6MTY3NTMzMDg5NSwiZW1haWwiOiJwZXNpZ2FAZW1hLXNvZmlhLmV1In0.XDnBrggzdOpLVreRryu_drhNHjgKRUSzkV-FfL0t7Tg', Object(Firebase\JWT\Key))
 2 SYSTEMPATH/Filters/Filters.php(173): App\Filters\Auth->before(Object(CodeIgniter\HTTP\IncomingRequest), null)
 3 SYSTEMPATH/CodeIgniter.php(453): CodeIgniter\Filters\Filters->run('project', 'before')
 4 SYSTEMPATH/CodeIgniter.php(349): CodeIgniter\CodeIgniter->handleRequest(null, Object(Config\Cache), false)
 5 FCPATH/index.php(73): CodeIgniter\CodeIgniter->run()
CRITICAL - 2023-02-02 15:32:15 --> Expired token
in FCPATH/vendor/firebase/php-jwt/src/JWT.php on line 162.
 1 APPPATH/Filters/Auth.php(62): Firebase\JWT\JWT::decode('eyJ0eXAiOiJKV1QiLCJhbGciOiJIUzI1NiJ9.eyJpc3MiOiJOZWVsIG5ldHdvcmtzIiwiYXVkIjoiY3VzdG9tZXIiLCJpYXQiOjE2NzUzMjcyOTUsImV4cCI6MTY3NTMzMDg5NSwiZW1haWwiOiJwZXNpZ2FAZW1hLXNvZmlhLmV1In0.XDnBrggzdOpLVreRryu_drhNHjgKRUSzkV-FfL0t7Tg', Object(Firebase\JWT\Key))
 2 SYSTEMPATH/Filters/Filters.php(173): App\Filters\Auth->before(Object(CodeIgniter\HTTP\IncomingRequest), null)
 3 SYSTEMPATH/CodeIgniter.php(453): CodeIgniter\Filters\Filters->run('project/list/12/2023-02-02', 'before')
 4 SYSTEMPATH/CodeIgniter.php(349): CodeIgniter\CodeIgniter->handleRequest(null, Object(Config\Cache), false)
 5 FCPATH/index.php(73): CodeIgniter\CodeIgniter->run()
CRITICAL - 2023-02-02 15:32:15 --> Expired token
in FCPATH/vendor/firebase/php-jwt/src/JWT.php on line 162.
 1 APPPATH/Filters/Auth.php(62): Firebase\JWT\JWT::decode('eyJ0eXAiOiJKV1QiLCJhbGciOiJIUzI1NiJ9.eyJpc3MiOiJOZWVsIG5ldHdvcmtzIiwiYXVkIjoiY3VzdG9tZXIiLCJpYXQiOjE2NzUzMjcyOTUsImV4cCI6MTY3NTMzMDg5NSwiZW1haWwiOiJwZXNpZ2FAZW1hLXNvZmlhLmV1In0.XDnBrggzdOpLVreRryu_drhNHjgKRUSzkV-FfL0t7Tg', Object(Firebase\JWT\Key))
 2 SYSTEMPATH/Filters/Filters.php(173): App\Filters\Auth->before(Object(CodeIgniter\HTTP\IncomingRequest), null)
 3 SYSTEMPATH/CodeIgniter.php(453): CodeIgniter\Filters\Filters->run('project', 'before')
 4 SYSTEMPATH/CodeIgniter.php(349): CodeIgniter\CodeIgniter->handleRequest(null, Object(Config\Cache), false)
 5 FCPATH/index.php(73): CodeIgniter\CodeIgniter->run()
CRITICAL - 2023-02-02 15:32:15 --> Expired token
in FCPATH/vendor/firebase/php-jwt/src/JWT.php on line 162.
 1 APPPATH/Filters/Auth.php(62): Firebase\JWT\JWT::decode('eyJ0eXAiOiJKV1QiLCJhbGciOiJIUzI1NiJ9.eyJpc3MiOiJOZWVsIG5ldHdvcmtzIiwiYXVkIjoiY3VzdG9tZXIiLCJpYXQiOjE2NzUzMjcyOTUsImV4cCI6MTY3NTMzMDg5NSwiZW1haWwiOiJwZXNpZ2FAZW1hLXNvZmlhLmV1In0.XDnBrggzdOpLVreRryu_drhNHjgKRUSzkV-FfL0t7Tg', Object(Firebase\JWT\Key))
 2 SYSTEMPATH/Filters/Filters.php(173): App\Filters\Auth->before(Object(CodeIgniter\HTTP\IncomingRequest), null)
 3 SYSTEMPATH/CodeIgniter.php(453): CodeIgniter\Filters\Filters->run('project', 'before')
 4 SYSTEMPATH/CodeIgniter.php(349): CodeIgniter\CodeIgniter->handleRequest(null, Object(Config\Cache), false)
 5 FCPATH/index.php(73): CodeIgniter\CodeIgniter->run()
CRITICAL - 2023-02-02 15:32:51 --> Expired token
in FCPATH/vendor/firebase/php-jwt/src/JWT.php on line 162.
 1 APPPATH/Filters/Auth.php(62): Firebase\JWT\JWT::decode('eyJ0eXAiOiJKV1QiLCJhbGciOiJIUzI1NiJ9.eyJpc3MiOiJOZWVsIG5ldHdvcmtzIiwiYXVkIjoiY3VzdG9tZXIiLCJpYXQiOjE2NzUzMjcyOTUsImV4cCI6MTY3NTMzMDg5NSwiZW1haWwiOiJwZXNpZ2FAZW1hLXNvZmlhLmV1In0.XDnBrggzdOpLVreRryu_drhNHjgKRUSzkV-FfL0t7Tg', Object(Firebase\JWT\Key))
 2 SYSTEMPATH/Filters/Filters.php(173): App\Filters\Auth->before(Object(CodeIgniter\HTTP\IncomingRequest), null)
 3 SYSTEMPATH/CodeIgniter.php(453): CodeIgniter\Filters\Filters->run('project', 'before')
 4 SYSTEMPATH/CodeIgniter.php(349): CodeIgniter\CodeIgniter->handleRequest(null, Object(Config\Cache), false)
 5 FCPATH/index.php(73): CodeIgniter\CodeIgniter->run()
CRITICAL - 2023-02-02 15:32:51 --> Expired token
in FCPATH/vendor/firebase/php-jwt/src/JWT.php on line 162.
 1 APPPATH/Filters/Auth.php(62): Firebase\JWT\JWT::decode('eyJ0eXAiOiJKV1QiLCJhbGciOiJIUzI1NiJ9.eyJpc3MiOiJOZWVsIG5ldHdvcmtzIiwiYXVkIjoiY3VzdG9tZXIiLCJpYXQiOjE2NzUzMjcyOTUsImV4cCI6MTY3NTMzMDg5NSwiZW1haWwiOiJwZXNpZ2FAZW1hLXNvZmlhLmV1In0.XDnBrggzdOpLVreRryu_drhNHjgKRUSzkV-FfL0t7Tg', Object(Firebase\JWT\Key))
 2 SYSTEMPATH/Filters/Filters.php(173): App\Filters\Auth->before(Object(CodeIgniter\HTTP\IncomingRequest), null)
 3 SYSTEMPATH/CodeIgniter.php(453): CodeIgniter\Filters\Filters->run('project/list/12/2023-02-02', 'before')
 4 SYSTEMPATH/CodeIgniter.php(349): CodeIgniter\CodeIgniter->handleRequest(null, Object(Config\Cache), false)
 5 FCPATH/index.php(73): CodeIgniter\CodeIgniter->run()
CRITICAL - 2023-02-02 15:32:51 --> Expired token
in FCPATH/vendor/firebase/php-jwt/src/JWT.php on line 162.
 1 APPPATH/Filters/Auth.php(62): Firebase\JWT\JWT::decode('eyJ0eXAiOiJKV1QiLCJhbGciOiJIUzI1NiJ9.eyJpc3MiOiJOZWVsIG5ldHdvcmtzIiwiYXVkIjoiY3VzdG9tZXIiLCJpYXQiOjE2NzUzMjcyOTUsImV4cCI6MTY3NTMzMDg5NSwiZW1haWwiOiJwZXNpZ2FAZW1hLXNvZmlhLmV1In0.XDnBrggzdOpLVreRryu_drhNHjgKRUSzkV-FfL0t7Tg', Object(Firebase\JWT\Key))
 2 SYSTEMPATH/Filters/Filters.php(173): App\Filters\Auth->before(Object(CodeIgniter\HTTP\IncomingRequest), null)
 3 SYSTEMPATH/CodeIgniter.php(453): CodeIgniter\Filters\Filters->run('project', 'before')
 4 SYSTEMPATH/CodeIgniter.php(349): CodeIgniter\CodeIgniter->handleRequest(null, Object(Config\Cache), false)
 5 FCPATH/index.php(73): CodeIgniter\CodeIgniter->run()
CRITICAL - 2023-02-02 15:33:25 --> Expired token
in FCPATH/vendor/firebase/php-jwt/src/JWT.php on line 162.
 1 APPPATH/Filters/Auth.php(62): Firebase\JWT\JWT::decode('eyJ0eXAiOiJKV1QiLCJhbGciOiJIUzI1NiJ9.eyJpc3MiOiJOZWVsIG5ldHdvcmtzIiwiYXVkIjoiY3VzdG9tZXIiLCJpYXQiOjE2NzUzMjcyOTUsImV4cCI6MTY3NTMzMDg5NSwiZW1haWwiOiJwZXNpZ2FAZW1hLXNvZmlhLmV1In0.XDnBrggzdOpLVreRryu_drhNHjgKRUSzkV-FfL0t7Tg', Object(Firebase\JWT\Key))
 2 SYSTEMPATH/Filters/Filters.php(173): App\Filters\Auth->before(Object(CodeIgniter\HTTP\IncomingRequest), null)
 3 SYSTEMPATH/CodeIgniter.php(453): CodeIgniter\Filters\Filters->run('project', 'before')
 4 SYSTEMPATH/CodeIgniter.php(349): CodeIgniter\CodeIgniter->handleRequest(null, Object(Config\Cache), false)
 5 FCPATH/index.php(73): CodeIgniter\CodeIgniter->run()
CRITICAL - 2023-02-02 15:33:25 --> Expired token
in FCPATH/vendor/firebase/php-jwt/src/JWT.php on line 162.
 1 APPPATH/Filters/Auth.php(62): Firebase\JWT\JWT::decode('eyJ0eXAiOiJKV1QiLCJhbGciOiJIUzI1NiJ9.eyJpc3MiOiJOZWVsIG5ldHdvcmtzIiwiYXVkIjoiY3VzdG9tZXIiLCJpYXQiOjE2NzUzMjcyOTUsImV4cCI6MTY3NTMzMDg5NSwiZW1haWwiOiJwZXNpZ2FAZW1hLXNvZmlhLmV1In0.XDnBrggzdOpLVreRryu_drhNHjgKRUSzkV-FfL0t7Tg', Object(Firebase\JWT\Key))
 2 SYSTEMPATH/Filters/Filters.php(173): App\Filters\Auth->before(Object(CodeIgniter\HTTP\IncomingRequest), null)
 3 SYSTEMPATH/CodeIgniter.php(453): CodeIgniter\Filters\Filters->run('project/list/12/2023-02-02', 'before')
 4 SYSTEMPATH/CodeIgniter.php(349): CodeIgniter\CodeIgniter->handleRequest(null, Object(Config\Cache), false)
 5 FCPATH/index.php(73): CodeIgniter\CodeIgniter->run()
CRITICAL - 2023-02-02 15:33:25 --> Expired token
in FCPATH/vendor/firebase/php-jwt/src/JWT.php on line 162.
 1 APPPATH/Filters/Auth.php(62): Firebase\JWT\JWT::decode('eyJ0eXAiOiJKV1QiLCJhbGciOiJIUzI1NiJ9.eyJpc3MiOiJOZWVsIG5ldHdvcmtzIiwiYXVkIjoiY3VzdG9tZXIiLCJpYXQiOjE2NzUzMjAyODYsImV4cCI6MTY3NTMyMzg4NiwiZW1haWwiOiJkZXZlbkBuZWVsbmV0d29ya3MuY29tIn0.aRYTDu7k7EXNvYDybQvaBoDf8GSCyFGqqx1gF8Kt81U', Object(Firebase\JWT\Key))
 2 SYSTEMPATH/Filters/Filters.php(173): App\Filters\Auth->before(Object(CodeIgniter\HTTP\IncomingRequest), null)
 3 SYSTEMPATH/CodeIgniter.php(453): CodeIgniter\Filters\Filters->run('project', 'before')
 4 SYSTEMPATH/CodeIgniter.php(349): CodeIgniter\CodeIgniter->handleRequest(null, Object(Config\Cache), false)
 5 FCPATH/index.php(73): CodeIgniter\CodeIgniter->run()
CRITICAL - 2023-02-02 15:33:25 --> Expired token
in FCPATH/vendor/firebase/php-jwt/src/JWT.php on line 162.
 1 APPPATH/Filters/Auth.php(62): Firebase\JWT\JWT::decode('eyJ0eXAiOiJKV1QiLCJhbGciOiJIUzI1NiJ9.eyJpc3MiOiJOZWVsIG5ldHdvcmtzIiwiYXVkIjoiY3VzdG9tZXIiLCJpYXQiOjE2NzUzMjAyODYsImV4cCI6MTY3NTMyMzg4NiwiZW1haWwiOiJkZXZlbkBuZWVsbmV0d29ya3MuY29tIn0.aRYTDu7k7EXNvYDybQvaBoDf8GSCyFGqqx1gF8Kt81U', Object(Firebase\JWT\Key))
 2 SYSTEMPATH/Filters/Filters.php(173): App\Filters\Auth->before(Object(CodeIgniter\HTTP\IncomingRequest), null)
 3 SYSTEMPATH/CodeIgniter.php(453): CodeIgniter\Filters\Filters->run('project', 'before')
 4 SYSTEMPATH/CodeIgniter.php(349): CodeIgniter\CodeIgniter->handleRequest(null, Object(Config\Cache), false)
 5 FCPATH/index.php(73): CodeIgniter\CodeIgniter->run()
CRITICAL - 2023-02-02 15:33:25 --> Expired token
in FCPATH/vendor/firebase/php-jwt/src/JWT.php on line 162.
 1 APPPATH/Filters/Auth.php(62): Firebase\JWT\JWT::decode('eyJ0eXAiOiJKV1QiLCJhbGciOiJIUzI1NiJ9.eyJpc3MiOiJOZWVsIG5ldHdvcmtzIiwiYXVkIjoiY3VzdG9tZXIiLCJpYXQiOjE2NzUzMjcyOTUsImV4cCI6MTY3NTMzMDg5NSwiZW1haWwiOiJwZXNpZ2FAZW1hLXNvZmlhLmV1In0.XDnBrggzdOpLVreRryu_drhNHjgKRUSzkV-FfL0t7Tg', Object(Firebase\JWT\Key))
 2 SYSTEMPATH/Filters/Filters.php(173): App\Filters\Auth->before(Object(CodeIgniter\HTTP\IncomingRequest), null)
 3 SYSTEMPATH/CodeIgniter.php(453): CodeIgniter\Filters\Filters->run('project', 'before')
 4 SYSTEMPATH/CodeIgniter.php(349): CodeIgniter\CodeIgniter->handleRequest(null, Object(Config\Cache), false)
 5 FCPATH/index.php(73): CodeIgniter\CodeIgniter->run()
CRITICAL - 2023-02-02 15:33:25 --> Expired token
in FCPATH/vendor/firebase/php-jwt/src/JWT.php on line 162.
 1 APPPATH/Filters/Auth.php(62): Firebase\JWT\JWT::decode('eyJ0eXAiOiJKV1QiLCJhbGciOiJIUzI1NiJ9.eyJpc3MiOiJOZWVsIG5ldHdvcmtzIiwiYXVkIjoiY3VzdG9tZXIiLCJpYXQiOjE2NzUzMjAyODYsImV4cCI6MTY3NTMyMzg4NiwiZW1haWwiOiJkZXZlbkBuZWVsbmV0d29ya3MuY29tIn0.aRYTDu7k7EXNvYDybQvaBoDf8GSCyFGqqx1gF8Kt81U', Object(Firebase\JWT\Key))
 2 SYSTEMPATH/Filters/Filters.php(173): App\Filters\Auth->before(Object(CodeIgniter\HTTP\IncomingRequest), null)
 3 SYSTEMPATH/CodeIgniter.php(453): CodeIgniter\Filters\Filters->run('project', 'before')
 4 SYSTEMPATH/CodeIgniter.php(349): CodeIgniter\CodeIgniter->handleRequest(null, Object(Config\Cache), false)
 5 FCPATH/index.php(73): CodeIgniter\CodeIgniter->run()
CRITICAL - 2023-02-02 15:33:25 --> Expired token
in FCPATH/vendor/firebase/php-jwt/src/JWT.php on line 162.
 1 APPPATH/Filters/Auth.php(62): Firebase\JWT\JWT::decode('eyJ0eXAiOiJKV1QiLCJhbGciOiJIUzI1NiJ9.eyJpc3MiOiJOZWVsIG5ldHdvcmtzIiwiYXVkIjoiY3VzdG9tZXIiLCJpYXQiOjE2NzUzMjAyODYsImV4cCI6MTY3NTMyMzg4NiwiZW1haWwiOiJkZXZlbkBuZWVsbmV0d29ya3MuY29tIn0.aRYTDu7k7EXNvYDybQvaBoDf8GSCyFGqqx1gF8Kt81U', Object(Firebase\JWT\Key))
 2 SYSTEMPATH/Filters/Filters.php(173): App\Filters\Auth->before(Object(CodeIgniter\HTTP\IncomingRequest), null)
 3 SYSTEMPATH/CodeIgniter.php(453): CodeIgniter\Filters\Filters->run('project', 'before')
 4 SYSTEMPATH/CodeIgniter.php(349): CodeIgniter\CodeIgniter->handleRequest(null, Object(Config\Cache), false)
 5 FCPATH/index.php(73): CodeIgniter\CodeIgniter->run()
CRITICAL - 2023-02-02 15:36:27 --> Expired token
in FCPATH/vendor/firebase/php-jwt/src/JWT.php on line 162.
 1 APPPATH/Filters/Auth.php(62): Firebase\JWT\JWT::decode('eyJ0eXAiOiJKV1QiLCJhbGciOiJIUzI1NiJ9.eyJpc3MiOiJOZWVsIG5ldHdvcmtzIiwiYXVkIjoiY3VzdG9tZXIiLCJpYXQiOjE2NzUzMjcyOTUsImV4cCI6MTY3NTMzMDg5NSwiZW1haWwiOiJwZXNpZ2FAZW1hLXNvZmlhLmV1In0.XDnBrggzdOpLVreRryu_drhNHjgKRUSzkV-FfL0t7Tg', Object(Firebase\JWT\Key))
 2 SYSTEMPATH/Filters/Filters.php(173): App\Filters\Auth->before(Object(CodeIgniter\HTTP\IncomingRequest), null)
 3 SYSTEMPATH/CodeIgniter.php(453): CodeIgniter\Filters\Filters->run('project', 'before')
 4 SYSTEMPATH/CodeIgniter.php(349): CodeIgniter\CodeIgniter->handleRequest(null, Object(Config\Cache), false)
 5 FCPATH/index.php(73): CodeIgniter\CodeIgniter->run()
CRITICAL - 2023-02-02 15:36:27 --> Expired token
in FCPATH/vendor/firebase/php-jwt/src/JWT.php on line 162.
 1 APPPATH/Filters/Auth.php(62): Firebase\JWT\JWT::decode('eyJ0eXAiOiJKV1QiLCJhbGciOiJIUzI1NiJ9.eyJpc3MiOiJOZWVsIG5ldHdvcmtzIiwiYXVkIjoiY3VzdG9tZXIiLCJpYXQiOjE2NzUzMjcyOTUsImV4cCI6MTY3NTMzMDg5NSwiZW1haWwiOiJwZXNpZ2FAZW1hLXNvZmlhLmV1In0.XDnBrggzdOpLVreRryu_drhNHjgKRUSzkV-FfL0t7Tg', Object(Firebase\JWT\Key))
 2 SYSTEMPATH/Filters/Filters.php(173): App\Filters\Auth->before(Object(CodeIgniter\HTTP\IncomingRequest), null)
 3 SYSTEMPATH/CodeIgniter.php(453): CodeIgniter\Filters\Filters->run('project', 'before')
 4 SYSTEMPATH/CodeIgniter.php(349): CodeIgniter\CodeIgniter->handleRequest(null, Object(Config\Cache), false)
 5 FCPATH/index.php(73): CodeIgniter\CodeIgniter->run()
CRITICAL - 2023-02-02 15:36:27 --> Expired token
in FCPATH/vendor/firebase/php-jwt/src/JWT.php on line 162.
 1 APPPATH/Filters/Auth.php(62): Firebase\JWT\JWT::decode('eyJ0eXAiOiJKV1QiLCJhbGciOiJIUzI1NiJ9.eyJpc3MiOiJOZWVsIG5ldHdvcmtzIiwiYXVkIjoiY3VzdG9tZXIiLCJpYXQiOjE2NzUzMjcyOTUsImV4cCI6MTY3NTMzMDg5NSwiZW1haWwiOiJwZXNpZ2FAZW1hLXNvZmlhLmV1In0.XDnBrggzdOpLVreRryu_drhNHjgKRUSzkV-FfL0t7Tg', Object(Firebase\JWT\Key))
 2 SYSTEMPATH/Filters/Filters.php(173): App\Filters\Auth->before(Object(CodeIgniter\HTTP\IncomingRequest), null)
 3 SYSTEMPATH/CodeIgniter.php(453): CodeIgniter\Filters\Filters->run('project', 'before')
 4 SYSTEMPATH/CodeIgniter.php(349): CodeIgniter\CodeIgniter->handleRequest(null, Object(Config\Cache), false)
 5 FCPATH/index.php(73): CodeIgniter\CodeIgniter->run()
CRITICAL - 2023-02-02 15:36:27 --> Expired token
in FCPATH/vendor/firebase/php-jwt/src/JWT.php on line 162.
 1 APPPATH/Filters/Auth.php(62): Firebase\JWT\JWT::decode('eyJ0eXAiOiJKV1QiLCJhbGciOiJIUzI1NiJ9.eyJpc3MiOiJOZWVsIG5ldHdvcmtzIiwiYXVkIjoiY3VzdG9tZXIiLCJpYXQiOjE2NzUzMjcyOTUsImV4cCI6MTY3NTMzMDg5NSwiZW1haWwiOiJwZXNpZ2FAZW1hLXNvZmlhLmV1In0.XDnBrggzdOpLVreRryu_drhNHjgKRUSzkV-FfL0t7Tg', Object(Firebase\JWT\Key))
 2 SYSTEMPATH/Filters/Filters.php(173): App\Filters\Auth->before(Object(CodeIgniter\HTTP\IncomingRequest), null)
 3 SYSTEMPATH/CodeIgniter.php(453): CodeIgniter\Filters\Filters->run('project', 'before')
 4 SYSTEMPATH/CodeIgniter.php(349): CodeIgniter\CodeIgniter->handleRequest(null, Object(Config\Cache), false)
 5 FCPATH/index.php(73): CodeIgniter\CodeIgniter->run()
CRITICAL - 2023-02-02 19:05:03 --> Expired token
in FCPATH/vendor/firebase/php-jwt/src/JWT.php on line 162.
 1 APPPATH/Filters/Auth.php(62): Firebase\JWT\JWT::decode('eyJ0eXAiOiJKV1QiLCJhbGciOiJIUzI1NiJ9.eyJpc3MiOiJOZWVsIG5ldHdvcmtzIiwiYXVkIjoiY3VzdG9tZXIiLCJpYXQiOjE2NzUzNDA5NjUsImV4cCI6MTY3NTM0NDU2NSwiZW1haWwiOiJkZXZlbkBuZWVsbmV0d29ya3MuY29tIn0.h4Z21qQj3fJcZIDZM0Z2zhwHQYRZsG65F4Q7pfpJLJE', Object(Firebase\JWT\Key))
 2 SYSTEMPATH/Filters/Filters.php(173): App\Filters\Auth->before(Object(CodeIgniter\HTTP\IncomingRequest), null)
 3 SYSTEMPATH/CodeIgniter.php(453): CodeIgniter\Filters\Filters->run('project', 'before')
 4 SYSTEMPATH/CodeIgniter.php(349): CodeIgniter\CodeIgniter->handleRequest(null, Object(Config\Cache), false)
 5 FCPATH/index.php(73): CodeIgniter\CodeIgniter->run()
CRITICAL - 2023-02-02 19:05:03 --> Expired token
in FCPATH/vendor/firebase/php-jwt/src/JWT.php on line 162.
 1 APPPATH/Filters/Auth.php(62): Firebase\JWT\JWT::decode('eyJ0eXAiOiJKV1QiLCJhbGciOiJIUzI1NiJ9.eyJpc3MiOiJOZWVsIG5ldHdvcmtzIiwiYXVkIjoiY3VzdG9tZXIiLCJpYXQiOjE2NzUzNDA5NjUsImV4cCI6MTY3NTM0NDU2NSwiZW1haWwiOiJkZXZlbkBuZWVsbmV0d29ya3MuY29tIn0.h4Z21qQj3fJcZIDZM0Z2zhwHQYRZsG65F4Q7pfpJLJE', Object(Firebase\JWT\Key))
 2 SYSTEMPATH/Filters/Filters.php(173): App\Filters\Auth->before(Object(CodeIgniter\HTTP\IncomingRequest), null)
 3 SYSTEMPATH/CodeIgniter.php(453): CodeIgniter\Filters\Filters->run('project', 'before')
 4 SYSTEMPATH/CodeIgniter.php(349): CodeIgniter\CodeIgniter->handleRequest(null, Object(Config\Cache), false)
 5 FCPATH/index.php(73): CodeIgniter\CodeIgniter->run()
CRITICAL - 2023-02-02 19:05:04 --> Expired token
in FCPATH/vendor/firebase/php-jwt/src/JWT.php on line 162.
 1 APPPATH/Filters/Auth.php(62): Firebase\JWT\JWT::decode('eyJ0eXAiOiJKV1QiLCJhbGciOiJIUzI1NiJ9.eyJpc3MiOiJOZWVsIG5ldHdvcmtzIiwiYXVkIjoiY3VzdG9tZXIiLCJpYXQiOjE2NzUzNDA5NjUsImV4cCI6MTY3NTM0NDU2NSwiZW1haWwiOiJkZXZlbkBuZWVsbmV0d29ya3MuY29tIn0.h4Z21qQj3fJcZIDZM0Z2zhwHQYRZsG65F4Q7pfpJLJE', Object(Firebase\JWT\Key))
 2 SYSTEMPATH/Filters/Filters.php(173): App\Filters\Auth->before(Object(CodeIgniter\HTTP\IncomingRequest), null)
 3 SYSTEMPATH/CodeIgniter.php(453): CodeIgniter\Filters\Filters->run('project', 'before')
 4 SYSTEMPATH/CodeIgniter.php(349): CodeIgniter\CodeIgniter->handleRequest(null, Object(Config\Cache), false)
 5 FCPATH/index.php(73): CodeIgniter\CodeIgniter->run()
CRITICAL - 2023-02-02 19:05:04 --> Expired token
in FCPATH/vendor/firebase/php-jwt/src/JWT.php on line 162.
 1 APPPATH/Filters/Auth.php(62): Firebase\JWT\JWT::decode('eyJ0eXAiOiJKV1QiLCJhbGciOiJIUzI1NiJ9.eyJpc3MiOiJOZWVsIG5ldHdvcmtzIiwiYXVkIjoiY3VzdG9tZXIiLCJpYXQiOjE2NzUzNDA5NjUsImV4cCI6MTY3NTM0NDU2NSwiZW1haWwiOiJkZXZlbkBuZWVsbmV0d29ya3MuY29tIn0.h4Z21qQj3fJcZIDZM0Z2zhwHQYRZsG65F4Q7pfpJLJE', Object(Firebase\JWT\Key))
 2 SYSTEMPATH/Filters/Filters.php(173): App\Filters\Auth->before(Object(CodeIgniter\HTTP\IncomingRequest), null)
 3 SYSTEMPATH/CodeIgniter.php(453): CodeIgniter\Filters\Filters->run('project', 'before')
 4 SYSTEMPATH/CodeIgniter.php(349): CodeIgniter\CodeIgniter->handleRequest(null, Object(Config\Cache), false)
 5 FCPATH/index.php(73): CodeIgniter\CodeIgniter->run()
