CRITICAL - 2023-01-02 03:31:46 --> Class "App\Controllers\Services" not found
in APPPATH\Controllers\RegisterController.php on line 109.
 1 SYSTEMPATH\CodeIgniter.php(925): App\Controllers\RegisterController->listing()
 2 SYSTEMPATH\CodeIgniter.php(480): CodeIgniter\CodeIgniter->runController(Object(App\Controllers\RegisterController))
 3 SYSTEMPATH\CodeIgniter.php(349): CodeIgniter\CodeIgniter->handleRequest(null, Object(Config\Cache), false)
 4 FCPATH\index.php(67): CodeIgniter\CodeIgniter->run()
 5 SYSTEMPATH\Commands\Server\rewrite.php(47): require_once('FCPATH\\index.php')
ERROR - 2023-01-02 03:49:38 --> Email: Unable to send email using SMTP. Your server might not be configured to send mail using this method.
ERROR - 2023-01-02 03:49:38 --> 220 smtp.googlemail.com ESMTP l2-20020a170902f68200b00177faf558b5sm19632049plg.250 - gsmtp

hello: 250-smtp.googlemail.com at your service, [2405:201:32:809c:cc0e:ce3b:1f36:fe89]
250-SIZE 35882577
250-8BITMIME
250-AUTH LOGIN PLAIN XOAUTH2 PLAIN-CLIENTTOKEN OAUTHBEARER XOAUTH
250-ENHANCEDSTATUSCODES
250-PIPELINING
250-CHUNKING
250 SMTPUTF8

Failed to authenticate password. Error: 535-5.7.8 Username and Password not accepted. Learn more at
535 5.7.8  https://support.google.com/mail/?p=BadCredentials l2-20020a170902f68200b00177faf558b5sm19632049plg.250 - gsmtp

CRITICAL - 2023-01-02 23:54:43 --> Class "App\Controllers\JWT" not found
in APPPATH\Controllers\LoginController.php on line 71.
 1 SYSTEMPATH\CodeIgniter.php(925): App\Controllers\LoginController->index()
 2 SYSTEMPATH\CodeIgniter.php(480): CodeIgniter\CodeIgniter->runController(Object(App\Controllers\LoginController))
 3 SYSTEMPATH\CodeIgniter.php(349): CodeIgniter\CodeIgniter->handleRequest(null, Object(Config\Cache), false)
 4 FCPATH\index.php(67): CodeIgniter\CodeIgniter->run()
 5 SYSTEMPATH\Commands\Server\rewrite.php(47): require_once('FCPATH\\index.php')
CRITICAL - 2023-01-02 23:54:53 --> Class "App\Controllers\JWT" not found
in APPPATH\Controllers\LoginController.php on line 71.
 1 SYSTEMPATH\CodeIgniter.php(925): App\Controllers\LoginController->index()
 2 SYSTEMPATH\CodeIgniter.php(480): CodeIgniter\CodeIgniter->runController(Object(App\Controllers\LoginController))
 3 SYSTEMPATH\CodeIgniter.php(349): CodeIgniter\CodeIgniter->handleRequest(null, Object(Config\Cache), false)
 4 FCPATH\index.php(67): CodeIgniter\CodeIgniter->run()
 5 SYSTEMPATH\Commands\Server\rewrite.php(47): require_once('FCPATH\\index.php')
CRITICAL - 2023-01-02 23:59:11 --> Class "App\Controllers\JWT" not found
in APPPATH\Controllers\LoginController.php on line 72.
 1 SYSTEMPATH\CodeIgniter.php(925): App\Controllers\LoginController->index()
 2 SYSTEMPATH\CodeIgniter.php(480): CodeIgniter\CodeIgniter->runController(Object(App\Controllers\LoginController))
 3 SYSTEMPATH\CodeIgniter.php(349): CodeIgniter\CodeIgniter->handleRequest(null, Object(Config\Cache), false)
 4 FCPATH\index.php(67): CodeIgniter\CodeIgniter->run()
 5 SYSTEMPATH\Commands\Server\rewrite.php(47): require_once('FCPATH\\index.php')
CRITICAL - 2023-01-02 23:59:57 --> Class "App\Controllers\JWT" not found
in APPPATH\Controllers\LoginController.php on line 72.
 1 SYSTEMPATH\CodeIgniter.php(925): App\Controllers\LoginController->index()
 2 SYSTEMPATH\CodeIgniter.php(480): CodeIgniter\CodeIgniter->runController(Object(App\Controllers\LoginController))
 3 SYSTEMPATH\CodeIgniter.php(349): CodeIgniter\CodeIgniter->handleRequest(null, Object(Config\Cache), false)
 4 FCPATH\index.php(67): CodeIgniter\CodeIgniter->run()
 5 SYSTEMPATH\Commands\Server\rewrite.php(47): require_once('FCPATH\\index.php')
