CRITICAL - 2023-04-27 14:49:35 --> Undefined property: mysqli::$created_at
in APPPATH/Controllers/ReportsController.php on line 123.
 1 APPPATH/Controllers/ReportsController.php(123): CodeIgniter\Debug\Exceptions->errorHandler(2, 'Undefined property: mysqli::$created_at', 'APPPATH/Controllers/ReportsController.php', 123)
 2 SYSTEMPATH/CodeIgniter.php(925): App\Controllers\ReportsController->getTimeEntries('10', '12', '2')
 3 SYSTEMPATH/CodeIgniter.php(480): CodeIgniter\CodeIgniter->runController(Object(App\Controllers\ReportsController))
 4 SYSTEMPATH/CodeIgniter.php(349): CodeIgniter\CodeIgniter->handleRequest(null, Object(Config\Cache), false)
 5 FCPATH/index.php(73): CodeIgniter\CodeIgniter->run()
CRITICAL - 2023-04-27 14:56:09 --> syntax error, unexpected token "echo", expecting "," or ";"
in APPPATH/Controllers/ReportsController.php on line 131.
 1 SYSTEMPATH/Autoloader/Autoloader.php(260): CodeIgniter\Autoloader\Autoloader->includeFile('APPPATH/Controllers/ReportsController.php')
 2 SYSTEMPATH/Autoloader/Autoloader.php(238): CodeIgniter\Autoloader\Autoloader->loadInNamespace('App\\Controllers\\ReportsController')
 3 [internal function]: CodeIgniter\Autoloader\Autoloader->loadClass('App\\Controllers\\ReportsController')
 4 SYSTEMPATH/CodeIgniter.php(875): class_exists('\\App\\Controllers\\ReportsController', true)
 5 SYSTEMPATH/CodeIgniter.php(467): CodeIgniter\CodeIgniter->startController()
 6 SYSTEMPATH/CodeIgniter.php(349): CodeIgniter\CodeIgniter->handleRequest(null, Object(Config\Cache), false)
 7 FCPATH/index.php(73): CodeIgniter\CodeIgniter->run()
CRITICAL - 2023-04-27 16:58:24 --> Undefined array key "Updated_at"
in APPPATH/Controllers/ReportsController.php on line 125.
 1 APPPATH/Controllers/ReportsController.php(125): CodeIgniter\Debug\Exceptions->errorHandler(2, 'Undefined array key "Updated_at"', 'APPPATH/Controllers/ReportsController.php', 125)
 2 SYSTEMPATH/CodeIgniter.php(925): App\Controllers\ReportsController->getTimeEntries('10', '69', '1')
 3 SYSTEMPATH/CodeIgniter.php(480): CodeIgniter\CodeIgniter->runController(Object(App\Controllers\ReportsController))
 4 SYSTEMPATH/CodeIgniter.php(349): CodeIgniter\CodeIgniter->handleRequest(null, Object(Config\Cache), false)
 5 FCPATH/index.php(73): CodeIgniter\CodeIgniter->run()
