CRITICAL - 2023-01-13 14:17:42 --> Undefined variable $email
in APPPATH/Controllers/RegisterController.php on line 476.
 1 APPPATH/Controllers/RegisterController.php(476): CodeIgniter\Debug\Exceptions->errorHandler(2, 'Undefined variable $email', 'APPPATH/Controllers/RegisterController.php', 476)
 2 SYSTEMPATH/CodeIgniter.php(925): App\Controllers\RegisterController->resetpassword()
 3 SYSTEMPATH/CodeIgniter.php(480): CodeIgniter\CodeIgniter->runController(Object(App\Controllers\RegisterController))
 4 SYSTEMPATH/CodeIgniter.php(349): CodeIgniter\CodeIgniter->handleRequest(null, Object(Config\Cache), false)
 5 FCPATH/index.php(73): CodeIgniter\CodeIgniter->run()
CRITICAL - 2023-01-13 14:20:12 --> Undefined variable $email
in APPPATH/Controllers/RegisterController.php on line 476.
 1 APPPATH/Controllers/RegisterController.php(476): CodeIgniter\Debug\Exceptions->errorHandler(2, 'Undefined variable $email', 'APPPATH/Controllers/RegisterController.php', 476)
 2 SYSTEMPATH/CodeIgniter.php(925): App\Controllers\RegisterController->resetpassword()
 3 SYSTEMPATH/CodeIgniter.php(480): CodeIgniter\CodeIgniter->runController(Object(App\Controllers\RegisterController))
 4 SYSTEMPATH/CodeIgniter.php(349): CodeIgniter\CodeIgniter->handleRequest(null, Object(Config\Cache), false)
 5 FCPATH/index.php(73): CodeIgniter\CodeIgniter->run()
CRITICAL - 2023-01-13 14:20:38 --> Undefined variable $email
in APPPATH/Controllers/RegisterController.php on line 476.
 1 APPPATH/Controllers/RegisterController.php(476): CodeIgniter\Debug\Exceptions->errorHandler(2, 'Undefined variable $email', 'APPPATH/Controllers/RegisterController.php', 476)
 2 SYSTEMPATH/CodeIgniter.php(925): App\Controllers\RegisterController->resetpassword()
 3 SYSTEMPATH/CodeIgniter.php(480): CodeIgniter\CodeIgniter->runController(Object(App\Controllers\RegisterController))
 4 SYSTEMPATH/CodeIgniter.php(349): CodeIgniter\CodeIgniter->handleRequest(null, Object(Config\Cache), false)
 5 FCPATH/index.php(73): CodeIgniter\CodeIgniter->run()
CRITICAL - 2023-01-13 14:42:59 --> Undefined variable $error
in APPPATH/Controllers/RegisterController.php on line 479.
 1 APPPATH/Controllers/RegisterController.php(479): CodeIgniter\Debug\Exceptions->errorHandler(2, 'Undefined variable $error', 'APPPATH/Controllers/RegisterController.php', 479)
 2 SYSTEMPATH/CodeIgniter.php(925): App\Controllers\RegisterController->resetpassword()
 3 SYSTEMPATH/CodeIgniter.php(480): CodeIgniter\CodeIgniter->runController(Object(App\Controllers\RegisterController))
 4 SYSTEMPATH/CodeIgniter.php(349): CodeIgniter\CodeIgniter->handleRequest(null, Object(Config\Cache), false)
 5 FCPATH/index.php(73): CodeIgniter\CodeIgniter->run()
CRITICAL - 2023-01-13 15:16:12 --> Expired token
in FCPATH/vendor/firebase/php-jwt/src/JWT.php on line 162.
 1 APPPATH/Filters/Auth.php(62): Firebase\JWT\JWT::decode('eyJ0eXAiOiJKV1QiLCJhbGciOiJIUzI1NiJ9.eyJpc3MiOiJOZWVsIG5ldHdvcmtzIiwiYXVkIjoiY3VzdG9tZXIiLCJpYXQiOjE2NzM1OTE5MDYsImV4cCI6MTY3MzU5NTUwNiwiZW1haWwiOiJkZXZlbkBuZWVsbmV0d29ya3MuY29tIn0.dWBuHq2thdHGVg7fGq8B9mwZuXIc2a-pdZ4XIqPlOAM', Object(Firebase\JWT\Key))
 2 SYSTEMPATH/Filters/Filters.php(173): App\Filters\Auth->before(Object(CodeIgniter\HTTP\IncomingRequest), null)
 3 SYSTEMPATH/CodeIgniter.php(453): CodeIgniter\Filters\Filters->run('project', 'before')
 4 SYSTEMPATH/CodeIgniter.php(349): CodeIgniter\CodeIgniter->handleRequest(null, Object(Config\Cache), false)
 5 FCPATH/index.php(73): CodeIgniter\CodeIgniter->run()
CRITICAL - 2023-01-13 15:18:32 --> Expired token
in FCPATH/vendor/firebase/php-jwt/src/JWT.php on line 162.
 1 APPPATH/Filters/Auth.php(62): Firebase\JWT\JWT::decode('eyJ0eXAiOiJKV1QiLCJhbGciOiJIUzI1NiJ9.eyJpc3MiOiJOZWVsIG5ldHdvcmtzIiwiYXVkIjoiY3VzdG9tZXIiLCJpYXQiOjE2NzM1OTE5MDYsImV4cCI6MTY3MzU5NTUwNiwiZW1haWwiOiJkZXZlbkBuZWVsbmV0d29ya3MuY29tIn0.dWBuHq2thdHGVg7fGq8B9mwZuXIc2a-pdZ4XIqPlOAM', Object(Firebase\JWT\Key))
 2 SYSTEMPATH/Filters/Filters.php(173): App\Filters\Auth->before(Object(CodeIgniter\HTTP\IncomingRequest), null)
 3 SYSTEMPATH/CodeIgniter.php(453): CodeIgniter\Filters\Filters->run('project', 'before')
 4 SYSTEMPATH/CodeIgniter.php(349): CodeIgniter\CodeIgniter->handleRequest(null, Object(Config\Cache), false)
 5 FCPATH/index.php(73): CodeIgniter\CodeIgniter->run()
CRITICAL - 2023-01-13 15:19:13 --> Expired token
in FCPATH/vendor/firebase/php-jwt/src/JWT.php on line 162.
 1 APPPATH/Filters/Auth.php(62): Firebase\JWT\JWT::decode('eyJ0eXAiOiJKV1QiLCJhbGciOiJIUzI1NiJ9.eyJpc3MiOiJOZWVsIG5ldHdvcmtzIiwiYXVkIjoiY3VzdG9tZXIiLCJpYXQiOjE2NzM1OTE5MDYsImV4cCI6MTY3MzU5NTUwNiwiZW1haWwiOiJkZXZlbkBuZWVsbmV0d29ya3MuY29tIn0.dWBuHq2thdHGVg7fGq8B9mwZuXIc2a-pdZ4XIqPlOAM', Object(Firebase\JWT\Key))
 2 SYSTEMPATH/Filters/Filters.php(173): App\Filters\Auth->before(Object(CodeIgniter\HTTP\IncomingRequest), null)
 3 SYSTEMPATH/CodeIgniter.php(453): CodeIgniter\Filters\Filters->run('project', 'before')
 4 SYSTEMPATH/CodeIgniter.php(349): CodeIgniter\CodeIgniter->handleRequest(null, Object(Config\Cache), false)
 5 FCPATH/index.php(73): CodeIgniter\CodeIgniter->run()
CRITICAL - 2023-01-13 15:19:17 --> Expired token
in FCPATH/vendor/firebase/php-jwt/src/JWT.php on line 162.
 1 APPPATH/Filters/Auth.php(62): Firebase\JWT\JWT::decode('eyJ0eXAiOiJKV1QiLCJhbGciOiJIUzI1NiJ9.eyJpc3MiOiJOZWVsIG5ldHdvcmtzIiwiYXVkIjoiY3VzdG9tZXIiLCJpYXQiOjE2NzM1OTE5MDYsImV4cCI6MTY3MzU5NTUwNiwiZW1haWwiOiJkZXZlbkBuZWVsbmV0d29ya3MuY29tIn0.dWBuHq2thdHGVg7fGq8B9mwZuXIc2a-pdZ4XIqPlOAM', Object(Firebase\JWT\Key))
 2 SYSTEMPATH/Filters/Filters.php(173): App\Filters\Auth->before(Object(CodeIgniter\HTTP\IncomingRequest), null)
 3 SYSTEMPATH/CodeIgniter.php(453): CodeIgniter\Filters\Filters->run('project', 'before')
 4 SYSTEMPATH/CodeIgniter.php(349): CodeIgniter\CodeIgniter->handleRequest(null, Object(Config\Cache), false)
 5 FCPATH/index.php(73): CodeIgniter\CodeIgniter->run()
CRITICAL - 2023-01-13 15:19:26 --> Expired token
in FCPATH/vendor/firebase/php-jwt/src/JWT.php on line 162.
 1 APPPATH/Filters/Auth.php(62): Firebase\JWT\JWT::decode('eyJ0eXAiOiJKV1QiLCJhbGciOiJIUzI1NiJ9.eyJpc3MiOiJOZWVsIG5ldHdvcmtzIiwiYXVkIjoiY3VzdG9tZXIiLCJpYXQiOjE2NzM1OTE5MDYsImV4cCI6MTY3MzU5NTUwNiwiZW1haWwiOiJkZXZlbkBuZWVsbmV0d29ya3MuY29tIn0.dWBuHq2thdHGVg7fGq8B9mwZuXIc2a-pdZ4XIqPlOAM', Object(Firebase\JWT\Key))
 2 SYSTEMPATH/Filters/Filters.php(173): App\Filters\Auth->before(Object(CodeIgniter\HTTP\IncomingRequest), null)
 3 SYSTEMPATH/CodeIgniter.php(453): CodeIgniter\Filters\Filters->run('project', 'before')
 4 SYSTEMPATH/CodeIgniter.php(349): CodeIgniter\CodeIgniter->handleRequest(null, Object(Config\Cache), false)
 5 FCPATH/index.php(73): CodeIgniter\CodeIgniter->run()
CRITICAL - 2023-01-13 15:23:23 --> Expired token
in FCPATH/vendor/firebase/php-jwt/src/JWT.php on line 162.
 1 APPPATH/Filters/Auth.php(53): Firebase\JWT\JWT::decode('eyJ0eXAiOiJKV1QiLCJhbGciOiJIUzI1NiJ9.eyJpc3MiOiJOZWVsIG5ldHdvcmtzIiwiYXVkIjoiY3VzdG9tZXIiLCJpYXQiOjE2NzM1OTE5MDYsImV4cCI6MTY3MzU5NTUwNiwiZW1haWwiOiJkZXZlbkBuZWVsbmV0d29ya3MuY29tIn0.dWBuHq2thdHGVg7fGq8B9mwZuXIc2a-pdZ4XIqPlOAM', Object(Firebase\JWT\Key))
 2 SYSTEMPATH/Filters/Filters.php(173): App\Filters\Auth->before(Object(CodeIgniter\HTTP\IncomingRequest), null)
 3 SYSTEMPATH/CodeIgniter.php(453): CodeIgniter\Filters\Filters->run('project', 'before')
 4 SYSTEMPATH/CodeIgniter.php(349): CodeIgniter\CodeIgniter->handleRequest(null, Object(Config\Cache), false)
 5 FCPATH/index.php(73): CodeIgniter\CodeIgniter->run()
CRITICAL - 2023-01-13 15:23:49 --> Expired token
in FCPATH/vendor/firebase/php-jwt/src/JWT.php on line 162.
 1 APPPATH/Filters/Auth.php(62): Firebase\JWT\JWT::decode('eyJ0eXAiOiJKV1QiLCJhbGciOiJIUzI1NiJ9.eyJpc3MiOiJOZWVsIG5ldHdvcmtzIiwiYXVkIjoiY3VzdG9tZXIiLCJpYXQiOjE2NzM1OTE5MDYsImV4cCI6MTY3MzU5NTUwNiwiZW1haWwiOiJkZXZlbkBuZWVsbmV0d29ya3MuY29tIn0.dWBuHq2thdHGVg7fGq8B9mwZuXIc2a-pdZ4XIqPlOAM', Object(Firebase\JWT\Key))
 2 SYSTEMPATH/Filters/Filters.php(173): App\Filters\Auth->before(Object(CodeIgniter\HTTP\IncomingRequest), null)
 3 SYSTEMPATH/CodeIgniter.php(453): CodeIgniter\Filters\Filters->run('project', 'before')
 4 SYSTEMPATH/CodeIgniter.php(349): CodeIgniter\CodeIgniter->handleRequest(null, Object(Config\Cache), false)
 5 FCPATH/index.php(73): CodeIgniter\CodeIgniter->run()
