CRITICAL - 2023-01-11 11:36:17 --> Too few arguments to function CodeIgniter\HTTP\Message::setHeader(), 1 passed in /home3/neelneel/public_html/ems/app/Controllers/RegisterController.php on line 51 and exactly 2 expected
in SYSTEMPATH/HTTP/MessageTrait.php on line 141.
 1 APPPATH/Controllers/RegisterController.php(51): CodeIgniter\HTTP\Message->setHeader('500')
 2 SYSTEMPATH/CodeIgniter.php(925): App\Controllers\RegisterController->register()
 3 SYSTEMPATH/CodeIgniter.php(480): CodeIgniter\CodeIgniter->runController(Object(App\Controllers\RegisterController))
 4 SYSTEMPATH/CodeIgniter.php(349): CodeIgniter\CodeIgniter->handleRequest(null, Object(Config\Cache), false)
 5 FCPATH/index.php(73): CodeIgniter\CodeIgniter->run()
CRITICAL - 2023-01-11 11:37:02 --> Too few arguments to function CodeIgniter\HTTP\Message::setHeader(), 1 passed in /home3/neelneel/public_html/ems/app/Controllers/RegisterController.php on line 51 and exactly 2 expected
in SYSTEMPATH/HTTP/MessageTrait.php on line 141.
 1 APPPATH/Controllers/RegisterController.php(51): CodeIgniter\HTTP\Message->setHeader('500')
 2 SYSTEMPATH/CodeIgniter.php(925): App\Controllers\RegisterController->register()
 3 SYSTEMPATH/CodeIgniter.php(480): CodeIgniter\CodeIgniter->runController(Object(App\Controllers\RegisterController))
 4 SYSTEMPATH/CodeIgniter.php(349): CodeIgniter\CodeIgniter->handleRequest(null, Object(Config\Cache), false)
 5 FCPATH/index.php(73): CodeIgniter\CodeIgniter->run()
CRITICAL - 2023-01-11 11:38:39 --> Too few arguments to function CodeIgniter\HTTP\Message::setHeader(), 1 passed in /home3/neelneel/public_html/ems/app/Controllers/RegisterController.php on line 51 and exactly 2 expected
in SYSTEMPATH/HTTP/MessageTrait.php on line 141.
 1 APPPATH/Controllers/RegisterController.php(51): CodeIgniter\HTTP\Message->setHeader('500')
 2 SYSTEMPATH/CodeIgniter.php(925): App\Controllers\RegisterController->register()
 3 SYSTEMPATH/CodeIgniter.php(480): CodeIgniter\CodeIgniter->runController(Object(App\Controllers\RegisterController))
 4 SYSTEMPATH/CodeIgniter.php(349): CodeIgniter\CodeIgniter->handleRequest(null, Object(Config\Cache), false)
 5 FCPATH/index.php(73): CodeIgniter\CodeIgniter->run()
CRITICAL - 2023-01-11 11:39:36 --> Too few arguments to function CodeIgniter\HTTP\Message::setHeader(), 1 passed in /home3/neelneel/public_html/ems/app/Controllers/RegisterController.php on line 51 and exactly 2 expected
in SYSTEMPATH/HTTP/MessageTrait.php on line 141.
 1 APPPATH/Controllers/RegisterController.php(51): CodeIgniter\HTTP\Message->setHeader('500')
 2 SYSTEMPATH/CodeIgniter.php(925): App\Controllers\RegisterController->register()
 3 SYSTEMPATH/CodeIgniter.php(480): CodeIgniter\CodeIgniter->runController(Object(App\Controllers\RegisterController))
 4 SYSTEMPATH/CodeIgniter.php(349): CodeIgniter\CodeIgniter->handleRequest(null, Object(Config\Cache), false)
 5 FCPATH/index.php(73): CodeIgniter\CodeIgniter->run()
CRITICAL - 2023-01-11 11:40:03 --> Too few arguments to function CodeIgniter\HTTP\Message::setHeader(), 1 passed in /home3/neelneel/public_html/ems/app/Controllers/RegisterController.php on line 51 and exactly 2 expected
in SYSTEMPATH/HTTP/MessageTrait.php on line 141.
 1 APPPATH/Controllers/RegisterController.php(51): CodeIgniter\HTTP\Message->setHeader('500')
 2 SYSTEMPATH/CodeIgniter.php(925): App\Controllers\RegisterController->register()
 3 SYSTEMPATH/CodeIgniter.php(480): CodeIgniter\CodeIgniter->runController(Object(App\Controllers\RegisterController))
 4 SYSTEMPATH/CodeIgniter.php(349): CodeIgniter\CodeIgniter->handleRequest(null, Object(Config\Cache), false)
 5 FCPATH/index.php(73): CodeIgniter\CodeIgniter->run()
CRITICAL - 2023-01-11 11:40:27 --> Too few arguments to function CodeIgniter\HTTP\Message::setHeader(), 1 passed in /home3/neelneel/public_html/ems/app/Controllers/RegisterController.php on line 51 and exactly 2 expected
in SYSTEMPATH/HTTP/MessageTrait.php on line 141.
 1 APPPATH/Controllers/RegisterController.php(51): CodeIgniter\HTTP\Message->setHeader('403')
 2 SYSTEMPATH/CodeIgniter.php(925): App\Controllers\RegisterController->register()
 3 SYSTEMPATH/CodeIgniter.php(480): CodeIgniter\CodeIgniter->runController(Object(App\Controllers\RegisterController))
 4 SYSTEMPATH/CodeIgniter.php(349): CodeIgniter\CodeIgniter->handleRequest(null, Object(Config\Cache), false)
 5 FCPATH/index.php(73): CodeIgniter\CodeIgniter->run()
ERROR - 2023-01-11 12:42:12 --> Email: Unable to send email using SMTP. Your server might not be configured to send mail using this method.
ERROR - 2023-01-11 12:42:12 --> 220 smtp.googlemail.com ESMTP y9-20020a056602164900b00704032be8a2sm3410172iow.24 - gsmtp

hello: 250-smtp.googlemail.com at your service, [50.116.94.81]
250-SIZE 35882577
250-8BITMIME
250-AUTH LOGIN PLAIN XOAUTH2 PLAIN-CLIENTTOKEN OAUTHBEARER XOAUTH
250-ENHANCEDSTATUSCODES
250-PIPELINING
250-CHUNKING
250 SMTPUTF8

Failed to authenticate password. Error: 535-5.7.8 Username and Password not accepted. Learn more at
535 5.7.8  https://support.google.com/mail/?p=BadCredentials y9-20020a056602164900b00704032be8a2sm3410172iow.24 - gsmtp

ERROR - 2023-01-11 12:43:27 --> Email: Unable to send email using SMTP. Your server might not be configured to send mail using this method.
ERROR - 2023-01-11 12:43:27 --> 220 smtp.googlemail.com ESMTP p32-20020a056638192000b0039e89ea68f9sm2362241jal.135 - gsmtp

hello: 250-smtp.googlemail.com at your service, [50.116.94.81]
250-SIZE 35882577
250-8BITMIME
250-AUTH LOGIN PLAIN XOAUTH2 PLAIN-CLIENTTOKEN OAUTHBEARER XOAUTH
250-ENHANCEDSTATUSCODES
250-PIPELINING
250-CHUNKING
250 SMTPUTF8

Failed to authenticate password. Error: 535-5.7.8 Username and Password not accepted. Learn more at
535 5.7.8  https://support.google.com/mail/?p=BadCredentials p32-20020a056638192000b0039e89ea68f9sm2362241jal.135 - gsmtp

ERROR - 2023-01-11 12:43:28 --> Email: Unable to send email using SMTP. Your server might not be configured to send mail using this method.
ERROR - 2023-01-11 12:43:28 --> 220 smtp.googlemail.com ESMTP k15-20020a02c76f000000b0038a4471e6acsm1930433jao.51 - gsmtp

hello: 250-smtp.googlemail.com at your service, [50.116.94.81]
250-SIZE 35882577
250-8BITMIME
250-AUTH LOGIN PLAIN XOAUTH2 PLAIN-CLIENTTOKEN OAUTHBEARER XOAUTH
250-ENHANCEDSTATUSCODES
250-PIPELINING
250-CHUNKING
250 SMTPUTF8

Failed to authenticate password. Error: 535-5.7.8 Username and Password not accepted. Learn more at
535 5.7.8  https://support.google.com/mail/?p=BadCredentials k15-20020a02c76f000000b0038a4471e6acsm1930433jao.51 - gsmtp

