CRITICAL - 2023-03-21 13:11:44 --> Undefined property: stdClass::$task_comments
in APPPATH/Models/TaskModel.php on line 90.
 1 APPPATH/Models/TaskModel.php(90): CodeIgniter\Debug\Exceptions->errorHandler(2, 'Undefined property: stdClass::$task_comments', 'APPPATH/Models/TaskModel.php', 90)
 2 APPPATH/Controllers/TaskController.php(519): App\Models\TaskModel->getTaskAssignByCurrentUser('12')
 3 SYSTEMPATH/CodeIgniter.php(925): App\Controllers\TaskController->getmyAssignTaskListByUserId('12')
 4 SYSTEMPATH/CodeIgniter.php(480): CodeIgniter\CodeIgniter->runController(Object(App\Controllers\TaskController))
 5 SYSTEMPATH/CodeIgniter.php(349): CodeIgniter\CodeIgniter->handleRequest(null, Object(Config\Cache), false)
 6 FCPATH/index.php(73): CodeIgniter\CodeIgniter->run()
CRITICAL - 2023-03-21 13:11:44 --> Undefined property: stdClass::$task_comments
in APPPATH/Models/TaskModel.php on line 90.
 1 APPPATH/Models/TaskModel.php(90): CodeIgniter\Debug\Exceptions->errorHandler(2, 'Undefined property: stdClass::$task_comments', 'APPPATH/Models/TaskModel.php', 90)
 2 APPPATH/Controllers/TaskController.php(519): App\Models\TaskModel->getTaskAssignByCurrentUser('12')
 3 SYSTEMPATH/CodeIgniter.php(925): App\Controllers\TaskController->getmyAssignTaskListByUserId('12')
 4 SYSTEMPATH/CodeIgniter.php(480): CodeIgniter\CodeIgniter->runController(Object(App\Controllers\TaskController))
 5 SYSTEMPATH/CodeIgniter.php(349): CodeIgniter\CodeIgniter->handleRequest(null, Object(Config\Cache), false)
 6 FCPATH/index.php(73): CodeIgniter\CodeIgniter->run()
CRITICAL - 2023-03-21 13:12:08 --> Undefined property: stdClass::$task_comments
in APPPATH/Models/TaskModel.php on line 90.
 1 APPPATH/Models/TaskModel.php(90): CodeIgniter\Debug\Exceptions->errorHandler(2, 'Undefined property: stdClass::$task_comments', 'APPPATH/Models/TaskModel.php', 90)
 2 APPPATH/Controllers/TaskController.php(519): App\Models\TaskModel->getTaskAssignByCurrentUser('12')
 3 SYSTEMPATH/CodeIgniter.php(925): App\Controllers\TaskController->getmyAssignTaskListByUserId('12')
 4 SYSTEMPATH/CodeIgniter.php(480): CodeIgniter\CodeIgniter->runController(Object(App\Controllers\TaskController))
 5 SYSTEMPATH/CodeIgniter.php(349): CodeIgniter\CodeIgniter->handleRequest(null, Object(Config\Cache), false)
 6 FCPATH/index.php(73): CodeIgniter\CodeIgniter->run()
CRITICAL - 2023-03-21 13:12:09 --> Undefined property: stdClass::$task_comments
in APPPATH/Models/TaskModel.php on line 90.
 1 APPPATH/Models/TaskModel.php(90): CodeIgniter\Debug\Exceptions->errorHandler(2, 'Undefined property: stdClass::$task_comments', 'APPPATH/Models/TaskModel.php', 90)
 2 APPPATH/Controllers/TaskController.php(519): App\Models\TaskModel->getTaskAssignByCurrentUser('12')
 3 SYSTEMPATH/CodeIgniter.php(925): App\Controllers\TaskController->getmyAssignTaskListByUserId('12')
 4 SYSTEMPATH/CodeIgniter.php(480): CodeIgniter\CodeIgniter->runController(Object(App\Controllers\TaskController))
 5 SYSTEMPATH/CodeIgniter.php(349): CodeIgniter\CodeIgniter->handleRequest(null, Object(Config\Cache), false)
 6 FCPATH/index.php(73): CodeIgniter\CodeIgniter->run()
CRITICAL - 2023-03-21 13:12:10 --> Undefined property: stdClass::$task_comments
in APPPATH/Models/TaskModel.php on line 90.
 1 APPPATH/Models/TaskModel.php(90): CodeIgniter\Debug\Exceptions->errorHandler(2, 'Undefined property: stdClass::$task_comments', 'APPPATH/Models/TaskModel.php', 90)
 2 APPPATH/Controllers/TaskController.php(519): App\Models\TaskModel->getTaskAssignByCurrentUser('12')
 3 SYSTEMPATH/CodeIgniter.php(925): App\Controllers\TaskController->getmyAssignTaskListByUserId('12')
 4 SYSTEMPATH/CodeIgniter.php(480): CodeIgniter\CodeIgniter->runController(Object(App\Controllers\TaskController))
 5 SYSTEMPATH/CodeIgniter.php(349): CodeIgniter\CodeIgniter->handleRequest(null, Object(Config\Cache), false)
 6 FCPATH/index.php(73): CodeIgniter\CodeIgniter->run()
CRITICAL - 2023-03-21 13:12:11 --> Undefined property: stdClass::$task_comments
in APPPATH/Models/TaskModel.php on line 90.
 1 APPPATH/Models/TaskModel.php(90): CodeIgniter\Debug\Exceptions->errorHandler(2, 'Undefined property: stdClass::$task_comments', 'APPPATH/Models/TaskModel.php', 90)
 2 APPPATH/Controllers/TaskController.php(519): App\Models\TaskModel->getTaskAssignByCurrentUser('12')
 3 SYSTEMPATH/CodeIgniter.php(925): App\Controllers\TaskController->getmyAssignTaskListByUserId('12')
 4 SYSTEMPATH/CodeIgniter.php(480): CodeIgniter\CodeIgniter->runController(Object(App\Controllers\TaskController))
 5 SYSTEMPATH/CodeIgniter.php(349): CodeIgniter\CodeIgniter->handleRequest(null, Object(Config\Cache), false)
 6 FCPATH/index.php(73): CodeIgniter\CodeIgniter->run()
CRITICAL - 2023-03-21 13:12:20 --> Undefined property: stdClass::$task_comments
in APPPATH/Models/TaskModel.php on line 90.
 1 APPPATH/Models/TaskModel.php(90): CodeIgniter\Debug\Exceptions->errorHandler(2, 'Undefined property: stdClass::$task_comments', 'APPPATH/Models/TaskModel.php', 90)
 2 APPPATH/Controllers/TaskController.php(519): App\Models\TaskModel->getTaskAssignByCurrentUser('12')
 3 SYSTEMPATH/CodeIgniter.php(925): App\Controllers\TaskController->getmyAssignTaskListByUserId('12')
 4 SYSTEMPATH/CodeIgniter.php(480): CodeIgniter\CodeIgniter->runController(Object(App\Controllers\TaskController))
 5 SYSTEMPATH/CodeIgniter.php(349): CodeIgniter\CodeIgniter->handleRequest(null, Object(Config\Cache), false)
 6 FCPATH/index.php(73): CodeIgniter\CodeIgniter->run()
CRITICAL - 2023-03-21 13:12:20 --> Undefined property: stdClass::$task_comments
in APPPATH/Models/TaskModel.php on line 90.
 1 APPPATH/Models/TaskModel.php(90): CodeIgniter\Debug\Exceptions->errorHandler(2, 'Undefined property: stdClass::$task_comments', 'APPPATH/Models/TaskModel.php', 90)
 2 APPPATH/Controllers/TaskController.php(519): App\Models\TaskModel->getTaskAssignByCurrentUser('12')
 3 SYSTEMPATH/CodeIgniter.php(925): App\Controllers\TaskController->getmyAssignTaskListByUserId('12')
 4 SYSTEMPATH/CodeIgniter.php(480): CodeIgniter\CodeIgniter->runController(Object(App\Controllers\TaskController))
 5 SYSTEMPATH/CodeIgniter.php(349): CodeIgniter\CodeIgniter->handleRequest(null, Object(Config\Cache), false)
 6 FCPATH/index.php(73): CodeIgniter\CodeIgniter->run()
ERROR - 2023-03-21 16:41:41 --> mysqli_sql_exception: Unknown column 'projects.work_description' in 'field list' in /home3/neelneel/public_html/ems/v2/system/Database/MySQLi/Connection.php:292
Stack trace:
#0 /home3/neelneel/public_html/ems/v2/system/Database/MySQLi/Connection.php(292): mysqli->query('SELECT `project...', 0)
#1 /home3/neelneel/public_html/ems/v2/system/Database/BaseConnection.php(666): CodeIgniter\Database\MySQLi\Connection->execute('SELECT `project...')
#2 /home3/neelneel/public_html/ems/v2/system/Database/BaseConnection.php(593): CodeIgniter\Database\BaseConnection->simpleQuery('SELECT `project...')
#3 /home3/neelneel/public_html/ems/v2/system/Database/BaseBuilder.php(1585): CodeIgniter\Database\BaseConnection->query('SELECT `project...', Array, false)
#4 /home3/neelneel/public_html/ems/v2/app/Models/ProjectAssignModel.php(65): CodeIgniter\Database\BaseBuilder->get()
#5 /home3/neelneel/public_html/ems/v2/app/Controllers/LoginController.php(220): App\Models\ProjectAssignModel->getAssignProjectList('12')
#6 /home3/neelneel/public_html/ems/v2/system/CodeIgniter.php(925): App\Controllers\LoginController->getProjectListForSingleUser('12')
#7 /home3/neelneel/public_html/ems/v2/system/CodeIgniter.php(480): CodeIgniter\CodeIgniter->runController(Object(App\Controllers\LoginController))
#8 /home3/neelneel/public_html/ems/v2/system/CodeIgniter.php(349): CodeIgniter\CodeIgniter->handleRequest(NULL, Object(Config\Cache), false)
#9 /home3/neelneel/public_html/ems/v2/index.php(73): CodeIgniter\CodeIgniter->run()
#10 {main}
CRITICAL - 2023-03-21 16:41:41 --> Unknown column 'projects.work_description' in 'field list'
in SYSTEMPATH/Database/MySQLi/Connection.php on line 292.
 1 SYSTEMPATH/Database/MySQLi/Connection.php(292): mysqli->query('SELECT `projects`.`name` as `Project_name`, `projects`.`id` as `Project_id`, `projects`.`project_stage` as `project_stage`, `project_assign`.`created_at` as `assign_date`, `projects`.`work_description` as `description`
FROM `project_assign`
JOIN `user` ON `project_assign`.`user_id` =  `user`.`id`
JOIN `projects` ON `project_assign`.`project_id` = `projects`.`id`
WHERE `user_id` = \'12\'
AND `projects`.`project_status` = \'Running\'
AND `project_assign`.`project_deallocate` = \'no\'', 0)
 2 SYSTEMPATH/Database/BaseConnection.php(666): CodeIgniter\Database\MySQLi\Connection->execute('SELECT `projects`.`name` as `Project_name`, `projects`.`id` as `Project_id`, `projects`.`project_stage` as `project_stage`, `project_assign`.`created_at` as `assign_date`, `projects`.`work_description` as `description`
FROM `project_assign`
JOIN `user` ON `project_assign`.`user_id` =  `user`.`id`
JOIN `projects` ON `project_assign`.`project_id` = `projects`.`id`
WHERE `user_id` = \'12\'
AND `projects`.`project_status` = \'Running\'
AND `project_assign`.`project_deallocate` = \'no\'')
 3 SYSTEMPATH/Database/BaseConnection.php(593): CodeIgniter\Database\BaseConnection->simpleQuery('SELECT `projects`.`name` as `Project_name`, `projects`.`id` as `Project_id`, `projects`.`project_stage` as `project_stage`, `project_assign`.`created_at` as `assign_date`, `projects`.`work_description` as `description`
FROM `project_assign`
JOIN `user` ON `project_assign`.`user_id` =  `user`.`id`
JOIN `projects` ON `project_assign`.`project_id` = `projects`.`id`
WHERE `user_id` = \'12\'
AND `projects`.`project_status` = \'Running\'
AND `project_assign`.`project_deallocate` = \'no\'')
 4 SYSTEMPATH/Database/BaseBuilder.php(1585): CodeIgniter\Database\BaseConnection->query('SELECT `projects`.`name` as `Project_name`, `projects`.`id` as `Project_id`, `projects`.`project_stage` as `project_stage`, `project_assign`.`created_at` as `assign_date`, `projects`.`work_description` as `description`
FROM `project_assign`
JOIN `user` ON `project_assign`.`user_id` =  `user`.`id`
JOIN `projects` ON `project_assign`.`project_id` = `projects`.`id`
WHERE `user_id` = :user_id:
AND `projects`.`project_status` = :projects.project_status:
AND `project_assign`.`project_deallocate` = :project_assign.project_deallocate:', [...], false)
 5 APPPATH/Models/ProjectAssignModel.php(65): CodeIgniter\Database\BaseBuilder->get()
 6 APPPATH/Controllers/LoginController.php(220): App\Models\ProjectAssignModel->getAssignProjectList('12')
 7 SYSTEMPATH/CodeIgniter.php(925): App\Controllers\LoginController->getProjectListForSingleUser('12')
 8 SYSTEMPATH/CodeIgniter.php(480): CodeIgniter\CodeIgniter->runController(Object(App\Controllers\LoginController))
 9 SYSTEMPATH/CodeIgniter.php(349): CodeIgniter\CodeIgniter->handleRequest(null, Object(Config\Cache), false)
10 FCPATH/index.php(73): CodeIgniter\CodeIgniter->run()
ERROR - 2023-03-21 16:41:41 --> mysqli_sql_exception: Unknown column 'projects.work_description' in 'field list' in /home3/neelneel/public_html/ems/v2/system/Database/MySQLi/Connection.php:292
Stack trace:
#0 /home3/neelneel/public_html/ems/v2/system/Database/MySQLi/Connection.php(292): mysqli->query('SELECT `project...', 0)
#1 /home3/neelneel/public_html/ems/v2/system/Database/BaseConnection.php(666): CodeIgniter\Database\MySQLi\Connection->execute('SELECT `project...')
#2 /home3/neelneel/public_html/ems/v2/system/Database/BaseConnection.php(593): CodeIgniter\Database\BaseConnection->simpleQuery('SELECT `project...')
#3 /home3/neelneel/public_html/ems/v2/system/Database/BaseBuilder.php(1585): CodeIgniter\Database\BaseConnection->query('SELECT `project...', Array, false)
#4 /home3/neelneel/public_html/ems/v2/app/Models/ProjectAssignModel.php(65): CodeIgniter\Database\BaseBuilder->get()
#5 /home3/neelneel/public_html/ems/v2/app/Controllers/LoginController.php(220): App\Models\ProjectAssignModel->getAssignProjectList('12')
#6 /home3/neelneel/public_html/ems/v2/system/CodeIgniter.php(925): App\Controllers\LoginController->getProjectListForSingleUser('12')
#7 /home3/neelneel/public_html/ems/v2/system/CodeIgniter.php(480): CodeIgniter\CodeIgniter->runController(Object(App\Controllers\LoginController))
#8 /home3/neelneel/public_html/ems/v2/system/CodeIgniter.php(349): CodeIgniter\CodeIgniter->handleRequest(NULL, Object(Config\Cache), false)
#9 /home3/neelneel/public_html/ems/v2/index.php(73): CodeIgniter\CodeIgniter->run()
#10 {main}
CRITICAL - 2023-03-21 16:41:41 --> Unknown column 'projects.work_description' in 'field list'
in SYSTEMPATH/Database/MySQLi/Connection.php on line 292.
 1 SYSTEMPATH/Database/MySQLi/Connection.php(292): mysqli->query('SELECT `projects`.`name` as `Project_name`, `projects`.`id` as `Project_id`, `projects`.`project_stage` as `project_stage`, `project_assign`.`created_at` as `assign_date`, `projects`.`work_description` as `description`
FROM `project_assign`
JOIN `user` ON `project_assign`.`user_id` =  `user`.`id`
JOIN `projects` ON `project_assign`.`project_id` = `projects`.`id`
WHERE `user_id` = \'12\'
AND `projects`.`project_status` = \'Running\'
AND `project_assign`.`project_deallocate` = \'no\'', 0)
 2 SYSTEMPATH/Database/BaseConnection.php(666): CodeIgniter\Database\MySQLi\Connection->execute('SELECT `projects`.`name` as `Project_name`, `projects`.`id` as `Project_id`, `projects`.`project_stage` as `project_stage`, `project_assign`.`created_at` as `assign_date`, `projects`.`work_description` as `description`
FROM `project_assign`
JOIN `user` ON `project_assign`.`user_id` =  `user`.`id`
JOIN `projects` ON `project_assign`.`project_id` = `projects`.`id`
WHERE `user_id` = \'12\'
AND `projects`.`project_status` = \'Running\'
AND `project_assign`.`project_deallocate` = \'no\'')
 3 SYSTEMPATH/Database/BaseConnection.php(593): CodeIgniter\Database\BaseConnection->simpleQuery('SELECT `projects`.`name` as `Project_name`, `projects`.`id` as `Project_id`, `projects`.`project_stage` as `project_stage`, `project_assign`.`created_at` as `assign_date`, `projects`.`work_description` as `description`
FROM `project_assign`
JOIN `user` ON `project_assign`.`user_id` =  `user`.`id`
JOIN `projects` ON `project_assign`.`project_id` = `projects`.`id`
WHERE `user_id` = \'12\'
AND `projects`.`project_status` = \'Running\'
AND `project_assign`.`project_deallocate` = \'no\'')
 4 SYSTEMPATH/Database/BaseBuilder.php(1585): CodeIgniter\Database\BaseConnection->query('SELECT `projects`.`name` as `Project_name`, `projects`.`id` as `Project_id`, `projects`.`project_stage` as `project_stage`, `project_assign`.`created_at` as `assign_date`, `projects`.`work_description` as `description`
FROM `project_assign`
JOIN `user` ON `project_assign`.`user_id` =  `user`.`id`
JOIN `projects` ON `project_assign`.`project_id` = `projects`.`id`
WHERE `user_id` = :user_id:
AND `projects`.`project_status` = :projects.project_status:
AND `project_assign`.`project_deallocate` = :project_assign.project_deallocate:', [...], false)
 5 APPPATH/Models/ProjectAssignModel.php(65): CodeIgniter\Database\BaseBuilder->get()
 6 APPPATH/Controllers/LoginController.php(220): App\Models\ProjectAssignModel->getAssignProjectList('12')
 7 SYSTEMPATH/CodeIgniter.php(925): App\Controllers\LoginController->getProjectListForSingleUser('12')
 8 SYSTEMPATH/CodeIgniter.php(480): CodeIgniter\CodeIgniter->runController(Object(App\Controllers\LoginController))
 9 SYSTEMPATH/CodeIgniter.php(349): CodeIgniter\CodeIgniter->handleRequest(null, Object(Config\Cache), false)
10 FCPATH/index.php(73): CodeIgniter\CodeIgniter->run()
CRITICAL - 2023-03-21 18:15:37 --> Expired token
in FCPATH/vendor/firebase/php-jwt/src/JWT.php on line 162.
 1 APPPATH/Filters/Auth.php(61): Firebase\JWT\JWT::decode('eyJ0eXAiOiJKV1QiLCJhbGciOiJIUzI1NiJ9.eyJpc3MiOiJOZWVsIG5ldHdvcmtzIiwiYXVkIjoiY3VzdG9tZXIiLCJpYXQiOjE2NzgzNjM3NzIsImV4cCI6MTY3ODQ1MDE3MiwiZW1haWwiOiJpc2h3YXJAbmVlbG5ldHdvcmtzLmNvbSJ9.0eIz7cltA_Mii6cOH2yM7dSH9qdKi0qEou2tb8PWipk', Object(Firebase\JWT\Key))
 2 SYSTEMPATH/Filters/Filters.php(173): App\Filters\Auth->before(Object(CodeIgniter\HTTP\IncomingRequest), null)
 3 SYSTEMPATH/CodeIgniter.php(453): CodeIgniter\Filters\Filters->run('user/52', 'before')
 4 SYSTEMPATH/CodeIgniter.php(349): CodeIgniter\CodeIgniter->handleRequest(null, Object(Config\Cache), false)
 5 FCPATH/index.php(73): CodeIgniter\CodeIgniter->run()
CRITICAL - 2023-03-21 18:15:37 --> Expired token
in FCPATH/vendor/firebase/php-jwt/src/JWT.php on line 162.
 1 APPPATH/Filters/Auth.php(61): Firebase\JWT\JWT::decode('eyJ0eXAiOiJKV1QiLCJhbGciOiJIUzI1NiJ9.eyJpc3MiOiJOZWVsIG5ldHdvcmtzIiwiYXVkIjoiY3VzdG9tZXIiLCJpYXQiOjE2NzgzNjM3NzIsImV4cCI6MTY3ODQ1MDE3MiwiZW1haWwiOiJpc2h3YXJAbmVlbG5ldHdvcmtzLmNvbSJ9.0eIz7cltA_Mii6cOH2yM7dSH9qdKi0qEou2tb8PWipk', Object(Firebase\JWT\Key))
 2 SYSTEMPATH/Filters/Filters.php(173): App\Filters\Auth->before(Object(CodeIgniter\HTTP\IncomingRequest), null)
 3 SYSTEMPATH/CodeIgniter.php(453): CodeIgniter\Filters\Filters->run('task/list', 'before')
 4 SYSTEMPATH/CodeIgniter.php(349): CodeIgniter\CodeIgniter->handleRequest(null, Object(Config\Cache), false)
 5 FCPATH/index.php(73): CodeIgniter\CodeIgniter->run()
CRITICAL - 2023-03-21 18:15:37 --> Expired token
in FCPATH/vendor/firebase/php-jwt/src/JWT.php on line 162.
 1 APPPATH/Filters/Auth.php(61): Firebase\JWT\JWT::decode('eyJ0eXAiOiJKV1QiLCJhbGciOiJIUzI1NiJ9.eyJpc3MiOiJOZWVsIG5ldHdvcmtzIiwiYXVkIjoiY3VzdG9tZXIiLCJpYXQiOjE2NzgzNjM3NzIsImV4cCI6MTY3ODQ1MDE3MiwiZW1haWwiOiJpc2h3YXJAbmVlbG5ldHdvcmtzLmNvbSJ9.0eIz7cltA_Mii6cOH2yM7dSH9qdKi0qEou2tb8PWipk', Object(Firebase\JWT\Key))
 2 SYSTEMPATH/Filters/Filters.php(173): App\Filters\Auth->before(Object(CodeIgniter\HTTP\IncomingRequest), null)
 3 SYSTEMPATH/CodeIgniter.php(453): CodeIgniter\Filters\Filters->run('task/list', 'before')
 4 SYSTEMPATH/CodeIgniter.php(349): CodeIgniter\CodeIgniter->handleRequest(null, Object(Config\Cache), false)
 5 FCPATH/index.php(73): CodeIgniter\CodeIgniter->run()
CRITICAL - 2023-03-21 18:25:56 --> Expired token
in FCPATH/vendor/firebase/php-jwt/src/JWT.php on line 162.
 1 APPPATH/Filters/Auth.php(61): Firebase\JWT\JWT::decode('eyJ0eXAiOiJKV1QiLCJhbGciOiJIUzI1NiJ9.eyJpc3MiOiJOZWVsIG5ldHdvcmtzIiwiYXVkIjoiY3VzdG9tZXIiLCJpYXQiOjE2Nzg4ODc4NTQsImV4cCI6MTY3ODk3NDI1NCwiZW1haWwiOiJwZXNpZ2FAZW1hLXNvZmlhLmV1In0.L-nm7861mYvmkMu8ZgBJLmxXhLhV_6M8IFJRGQcKtpk', Object(Firebase\JWT\Key))
 2 SYSTEMPATH/Filters/Filters.php(173): App\Filters\Auth->before(Object(CodeIgniter\HTTP\IncomingRequest), null)
 3 SYSTEMPATH/CodeIgniter.php(453): CodeIgniter\Filters\Filters->run('task/list', 'before')
 4 SYSTEMPATH/CodeIgniter.php(349): CodeIgniter\CodeIgniter->handleRequest(null, Object(Config\Cache), false)
 5 FCPATH/index.php(73): CodeIgniter\CodeIgniter->run()
CRITICAL - 2023-03-21 18:25:56 --> Expired token
in FCPATH/vendor/firebase/php-jwt/src/JWT.php on line 162.
 1 APPPATH/Filters/Auth.php(61): Firebase\JWT\JWT::decode('eyJ0eXAiOiJKV1QiLCJhbGciOiJIUzI1NiJ9.eyJpc3MiOiJOZWVsIG5ldHdvcmtzIiwiYXVkIjoiY3VzdG9tZXIiLCJpYXQiOjE2Nzg4ODc4NTQsImV4cCI6MTY3ODk3NDI1NCwiZW1haWwiOiJwZXNpZ2FAZW1hLXNvZmlhLmV1In0.L-nm7861mYvmkMu8ZgBJLmxXhLhV_6M8IFJRGQcKtpk', Object(Firebase\JWT\Key))
 2 SYSTEMPATH/Filters/Filters.php(173): App\Filters\Auth->before(Object(CodeIgniter\HTTP\IncomingRequest), null)
 3 SYSTEMPATH/CodeIgniter.php(453): CodeIgniter\Filters\Filters->run('user/12', 'before')
 4 SYSTEMPATH/CodeIgniter.php(349): CodeIgniter\CodeIgniter->handleRequest(null, Object(Config\Cache), false)
 5 FCPATH/index.php(73): CodeIgniter\CodeIgniter->run()
CRITICAL - 2023-03-21 18:25:56 --> Expired token
in FCPATH/vendor/firebase/php-jwt/src/JWT.php on line 162.
 1 APPPATH/Filters/Auth.php(61): Firebase\JWT\JWT::decode('eyJ0eXAiOiJKV1QiLCJhbGciOiJIUzI1NiJ9.eyJpc3MiOiJOZWVsIG5ldHdvcmtzIiwiYXVkIjoiY3VzdG9tZXIiLCJpYXQiOjE2Nzg4ODc4NTQsImV4cCI6MTY3ODk3NDI1NCwiZW1haWwiOiJwZXNpZ2FAZW1hLXNvZmlhLmV1In0.L-nm7861mYvmkMu8ZgBJLmxXhLhV_6M8IFJRGQcKtpk', Object(Firebase\JWT\Key))
 2 SYSTEMPATH/Filters/Filters.php(173): App\Filters\Auth->before(Object(CodeIgniter\HTTP\IncomingRequest), null)
 3 SYSTEMPATH/CodeIgniter.php(453): CodeIgniter\Filters\Filters->run('task/list', 'before')
 4 SYSTEMPATH/CodeIgniter.php(349): CodeIgniter\CodeIgniter->handleRequest(null, Object(Config\Cache), false)
 5 FCPATH/index.php(73): CodeIgniter\CodeIgniter->run()
CRITICAL - 2023-03-21 19:17:55 --> Expired token
in FCPATH/vendor/firebase/php-jwt/src/JWT.php on line 162.
 1 APPPATH/Filters/Auth.php(61): Firebase\JWT\JWT::decode('eyJ0eXAiOiJKV1QiLCJhbGciOiJIUzI1NiJ9.eyJpc3MiOiJOZWVsIG5ldHdvcmtzIiwiYXVkIjoiY3VzdG9tZXIiLCJpYXQiOjE2NzkwMzExMzgsImV4cCI6MTY3OTExNzUzOCwiZW1haWwiOiJkZXZlbkBuZWVsbmV0d29ya3MuY29tIn0.iRxoRO2w_aZhSl4a46uMAiXT2T3lrSnwDZtIpn5ZDHI', Object(Firebase\JWT\Key))
 2 SYSTEMPATH/Filters/Filters.php(173): App\Filters\Auth->before(Object(CodeIgniter\HTTP\IncomingRequest), null)
 3 SYSTEMPATH/CodeIgniter.php(453): CodeIgniter\Filters\Filters->run('project', 'before')
 4 SYSTEMPATH/CodeIgniter.php(349): CodeIgniter\CodeIgniter->handleRequest(null, Object(Config\Cache), false)
 5 FCPATH/index.php(73): CodeIgniter\CodeIgniter->run()
CRITICAL - 2023-03-21 19:17:55 --> Expired token
in FCPATH/vendor/firebase/php-jwt/src/JWT.php on line 162.
 1 APPPATH/Filters/Auth.php(61): Firebase\JWT\JWT::decode('eyJ0eXAiOiJKV1QiLCJhbGciOiJIUzI1NiJ9.eyJpc3MiOiJOZWVsIG5ldHdvcmtzIiwiYXVkIjoiY3VzdG9tZXIiLCJpYXQiOjE2NzkwMzExMzgsImV4cCI6MTY3OTExNzUzOCwiZW1haWwiOiJkZXZlbkBuZWVsbmV0d29ya3MuY29tIn0.iRxoRO2w_aZhSl4a46uMAiXT2T3lrSnwDZtIpn5ZDHI', Object(Firebase\JWT\Key))
 2 SYSTEMPATH/Filters/Filters.php(173): App\Filters\Auth->before(Object(CodeIgniter\HTTP\IncomingRequest), null)
 3 SYSTEMPATH/CodeIgniter.php(453): CodeIgniter\Filters\Filters->run('project', 'before')
 4 SYSTEMPATH/CodeIgniter.php(349): CodeIgniter\CodeIgniter->handleRequest(null, Object(Config\Cache), false)
 5 FCPATH/index.php(73): CodeIgniter\CodeIgniter->run()
CRITICAL - 2023-03-21 19:17:55 --> Expired token
in FCPATH/vendor/firebase/php-jwt/src/JWT.php on line 162.
 1 APPPATH/Filters/Auth.php(61): Firebase\JWT\JWT::decode('eyJ0eXAiOiJKV1QiLCJhbGciOiJIUzI1NiJ9.eyJpc3MiOiJOZWVsIG5ldHdvcmtzIiwiYXVkIjoiY3VzdG9tZXIiLCJpYXQiOjE2NzkwMzExMzgsImV4cCI6MTY3OTExNzUzOCwiZW1haWwiOiJkZXZlbkBuZWVsbmV0d29ya3MuY29tIn0.iRxoRO2w_aZhSl4a46uMAiXT2T3lrSnwDZtIpn5ZDHI', Object(Firebase\JWT\Key))
 2 SYSTEMPATH/Filters/Filters.php(173): App\Filters\Auth->before(Object(CodeIgniter\HTTP\IncomingRequest), null)
 3 SYSTEMPATH/CodeIgniter.php(453): CodeIgniter\Filters\Filters->run('user/10', 'before')
 4 SYSTEMPATH/CodeIgniter.php(349): CodeIgniter\CodeIgniter->handleRequest(null, Object(Config\Cache), false)
 5 FCPATH/index.php(73): CodeIgniter\CodeIgniter->run()
