ERROR - 2023-01-10 10:51:47 --> Error connecting to the database: mysqli_sql_exception: Access denied for user 'root'@'localhost' (using password: NO) in /home3/neelneel/public_html/ems/system/Database/MySQLi/Connection.php:171
Stack trace:
#0 /home3/neelneel/public_html/ems/system/Database/MySQLi/Connection.php(171): mysqli->real_connect('localhost', 'root', '', 'employee-manage...', 3306, '', 0)
#1 /home3/neelneel/public_html/ems/system/Database/BaseConnection.php(382): CodeIgniter\Database\MySQLi\Connection->connect(false)
#2 /home3/neelneel/public_html/ems/system/Database/BaseConnection.php(561): CodeIgniter\Database\BaseConnection->initialize()
#3 /home3/neelneel/public_html/ems/system/Database/BaseBuilder.php(1585): CodeIgniter\Database\BaseConnection->query('SELECT 1\nFROM `...', Array, false)
#4 /home3/neelneel/public_html/ems/system/Validation/Rules.php(142): CodeIgniter\Database\BaseBuilder->get()
#5 /home3/neelneel/public_html/ems/system/Validation/Validation.php(315): CodeIgniter\Validation\Rules->is_unique('hemant@neelnetw...', 'email', Array, NULL, 'email')
#6 /home3/neelneel/public_html/ems/system/Validation/Validation.php(175): CodeIgniter\Validation\Validation->processRules('email', 'email', 'hemant@neelnetw...', Array, Array)
#7 /home3/neelneel/public_html/ems/system/Controller.php(140): CodeIgniter\Validation\Validation->run()
#8 /home3/neelneel/public_html/ems/app/Controllers/RegisterController.php(49): CodeIgniter\Controller->validate(Array, Array)
#9 /home3/neelneel/public_html/ems/system/CodeIgniter.php(925): App\Controllers\RegisterController->register()
#10 /home3/neelneel/public_html/ems/system/CodeIgniter.php(480): CodeIgniter\CodeIgniter->runController(Object(App\Controllers\RegisterController))
#11 /home3/neelneel/public_html/ems/system/CodeIgniter.php(349): CodeIgniter\CodeIgniter->handleRequest(NULL, Object(Config\Cache), false)
#12 /home3/neelneel/public_html/ems/index.php(67): CodeIgniter\CodeIgniter->run()
#13 {main}

Next CodeIgniter\Database\Exceptions\DatabaseException: Access denied for user '****'@'localhost' (using password: NO) in /home3/neelneel/public_html/ems/system/Database/MySQLi/Connection.php:215
Stack trace:
#0 /home3/neelneel/public_html/ems/system/Database/BaseConnection.php(382): CodeIgniter\Database\MySQLi\Connection->connect(false)
#1 /home3/neelneel/public_html/ems/system/Database/BaseConnection.php(561): CodeIgniter\Database\BaseConnection->initialize()
#2 /home3/neelneel/public_html/ems/system/Database/BaseBuilder.php(1585): CodeIgniter\Database\BaseConnection->query('SELECT 1\nFROM `...', Array, false)
#3 /home3/neelneel/public_html/ems/system/Validation/Rules.php(142): CodeIgniter\Database\BaseBuilder->get()
#4 /home3/neelneel/public_html/ems/system/Validation/Validation.php(315): CodeIgniter\Validation\Rules->is_unique('hemant@neelnetw...', 'email', Array, NULL, 'email')
#5 /home3/neelneel/public_html/ems/system/Validation/Validation.php(175): CodeIgniter\Validation\Validation->processRules('email', 'email', 'hemant@neelnetw...', Array, Array)
#6 /home3/neelneel/public_html/ems/system/Controller.php(140): CodeIgniter\Validation\Validation->run()
#7 /home3/neelneel/public_html/ems/app/Controllers/RegisterController.php(49): CodeIgniter\Controller->validate(Array, Array)
#8 /home3/neelneel/public_html/ems/system/CodeIgniter.php(925): App\Controllers\RegisterController->register()
#9 /home3/neelneel/public_html/ems/system/CodeIgniter.php(480): CodeIgniter\CodeIgniter->runController(Object(App\Controllers\RegisterController))
#10 /home3/neelneel/public_html/ems/system/CodeIgniter.php(349): CodeIgniter\CodeIgniter->handleRequest(NULL, Object(Config\Cache), false)
#11 /home3/neelneel/public_html/ems/index.php(67): CodeIgniter\CodeIgniter->run()
#12 {main}
CRITICAL - 2023-01-10 10:51:47 --> Unable to connect to the database.
Main connection [MySQLi]: Access denied for user '****'@'localhost' (using password: NO)
in SYSTEMPATH/Database/BaseConnection.php on line 418.
 1 SYSTEMPATH/Database/BaseConnection.php(561): CodeIgniter\Database\BaseConnection->initialize()
 2 SYSTEMPATH/Database/BaseBuilder.php(1585): CodeIgniter\Database\BaseConnection->query('SELECT 1
FROM `user`
WHERE `email` = :email:
 LIMIT 1', [...], false)
 3 SYSTEMPATH/Validation/Rules.php(142): CodeIgniter\Database\BaseBuilder->get()
 4 SYSTEMPATH/Validation/Validation.php(315): CodeIgniter\Validation\Rules->is_unique('hemant@neelnetworks.com', 'email', [...], null, 'email')
 5 SYSTEMPATH/Validation/Validation.php(175): CodeIgniter\Validation\Validation->processRules('email', 'email', 'hemant@neelnetworks.com', [...], [...])
 6 SYSTEMPATH/Controller.php(140): CodeIgniter\Validation\Validation->run()
 7 APPPATH/Controllers/RegisterController.php(49): CodeIgniter\Controller->validate([...], [...])
 8 SYSTEMPATH/CodeIgniter.php(925): App\Controllers\RegisterController->register()
 9 SYSTEMPATH/CodeIgniter.php(480): CodeIgniter\CodeIgniter->runController(Object(App\Controllers\RegisterController))
10 SYSTEMPATH/CodeIgniter.php(349): CodeIgniter\CodeIgniter->handleRequest(null, Object(Config\Cache), false)
11 FCPATH/index.php(67): CodeIgniter\CodeIgniter->run()
ERROR - 2023-01-10 10:52:46 --> Error connecting to the database: mysqli_sql_exception: Access denied for user 'neelneel_emsapi'@'localhost' (using password: YES) in /home3/neelneel/public_html/ems/system/Database/MySQLi/Connection.php:171
Stack trace:
#0 /home3/neelneel/public_html/ems/system/Database/MySQLi/Connection.php(171): mysqli->real_connect('localhost', 'neelneel_emsapi', 'neelneel_ems', 'M)c+Zax80Ftj', 3306, '', 0)
#1 /home3/neelneel/public_html/ems/system/Database/BaseConnection.php(382): CodeIgniter\Database\MySQLi\Connection->connect(false)
#2 /home3/neelneel/public_html/ems/system/Database/BaseConnection.php(561): CodeIgniter\Database\BaseConnection->initialize()
#3 /home3/neelneel/public_html/ems/system/Database/BaseBuilder.php(1585): CodeIgniter\Database\BaseConnection->query('SELECT 1\nFROM `...', Array, false)
#4 /home3/neelneel/public_html/ems/system/Validation/Rules.php(142): CodeIgniter\Database\BaseBuilder->get()
#5 /home3/neelneel/public_html/ems/system/Validation/Validation.php(315): CodeIgniter\Validation\Rules->is_unique('hemant@neelnetw...', 'email', Array, NULL, 'email')
#6 /home3/neelneel/public_html/ems/system/Validation/Validation.php(175): CodeIgniter\Validation\Validation->processRules('email', 'email', 'hemant@neelnetw...', Array, Array)
#7 /home3/neelneel/public_html/ems/system/Controller.php(140): CodeIgniter\Validation\Validation->run()
#8 /home3/neelneel/public_html/ems/app/Controllers/RegisterController.php(49): CodeIgniter\Controller->validate(Array, Array)
#9 /home3/neelneel/public_html/ems/system/CodeIgniter.php(925): App\Controllers\RegisterController->register()
#10 /home3/neelneel/public_html/ems/system/CodeIgniter.php(480): CodeIgniter\CodeIgniter->runController(Object(App\Controllers\RegisterController))
#11 /home3/neelneel/public_html/ems/system/CodeIgniter.php(349): CodeIgniter\CodeIgniter->handleRequest(NULL, Object(Config\Cache), false)
#12 /home3/neelneel/public_html/ems/index.php(67): CodeIgniter\CodeIgniter->run()
#13 {main}

Next CodeIgniter\Database\Exceptions\DatabaseException: Access denied for user '****'@'localhost' (using password: YES) in /home3/neelneel/public_html/ems/system/Database/MySQLi/Connection.php:215
Stack trace:
#0 /home3/neelneel/public_html/ems/system/Database/BaseConnection.php(382): CodeIgniter\Database\MySQLi\Connection->connect(false)
#1 /home3/neelneel/public_html/ems/system/Database/BaseConnection.php(561): CodeIgniter\Database\BaseConnection->initialize()
#2 /home3/neelneel/public_html/ems/system/Database/BaseBuilder.php(1585): CodeIgniter\Database\BaseConnection->query('SELECT 1\nFROM `...', Array, false)
#3 /home3/neelneel/public_html/ems/system/Validation/Rules.php(142): CodeIgniter\Database\BaseBuilder->get()
#4 /home3/neelneel/public_html/ems/system/Validation/Validation.php(315): CodeIgniter\Validation\Rules->is_unique('hemant@neelnetw...', 'email', Array, NULL, 'email')
#5 /home3/neelneel/public_html/ems/system/Validation/Validation.php(175): CodeIgniter\Validation\Validation->processRules('email', 'email', 'hemant@neelnetw...', Array, Array)
#6 /home3/neelneel/public_html/ems/system/Controller.php(140): CodeIgniter\Validation\Validation->run()
#7 /home3/neelneel/public_html/ems/app/Controllers/RegisterController.php(49): CodeIgniter\Controller->validate(Array, Array)
#8 /home3/neelneel/public_html/ems/system/CodeIgniter.php(925): App\Controllers\RegisterController->register()
#9 /home3/neelneel/public_html/ems/system/CodeIgniter.php(480): CodeIgniter\CodeIgniter->runController(Object(App\Controllers\RegisterController))
#10 /home3/neelneel/public_html/ems/system/CodeIgniter.php(349): CodeIgniter\CodeIgniter->handleRequest(NULL, Object(Config\Cache), false)
#11 /home3/neelneel/public_html/ems/index.php(67): CodeIgniter\CodeIgniter->run()
#12 {main}
CRITICAL - 2023-01-10 10:52:46 --> Unable to connect to the database.
Main connection [MySQLi]: Access denied for user '****'@'localhost' (using password: YES)
in SYSTEMPATH/Database/BaseConnection.php on line 418.
 1 SYSTEMPATH/Database/BaseConnection.php(561): CodeIgniter\Database\BaseConnection->initialize()
 2 SYSTEMPATH/Database/BaseBuilder.php(1585): CodeIgniter\Database\BaseConnection->query('SELECT 1
FROM `user`
WHERE `email` = :email:
 LIMIT 1', [...], false)
 3 SYSTEMPATH/Validation/Rules.php(142): CodeIgniter\Database\BaseBuilder->get()
 4 SYSTEMPATH/Validation/Validation.php(315): CodeIgniter\Validation\Rules->is_unique('hemant@neelnetworks.com', 'email', [...], null, 'email')
 5 SYSTEMPATH/Validation/Validation.php(175): CodeIgniter\Validation\Validation->processRules('email', 'email', 'hemant@neelnetworks.com', [...], [...])
 6 SYSTEMPATH/Controller.php(140): CodeIgniter\Validation\Validation->run()
 7 APPPATH/Controllers/RegisterController.php(49): CodeIgniter\Controller->validate([...], [...])
 8 SYSTEMPATH/CodeIgniter.php(925): App\Controllers\RegisterController->register()
 9 SYSTEMPATH/CodeIgniter.php(480): CodeIgniter\CodeIgniter->runController(Object(App\Controllers\RegisterController))
10 SYSTEMPATH/CodeIgniter.php(349): CodeIgniter\CodeIgniter->handleRequest(null, Object(Config\Cache), false)
11 FCPATH/index.php(67): CodeIgniter\CodeIgniter->run()
ERROR - 2023-01-10 10:53:25 --> mysqli_sql_exception: Table 'neelneel_ems.user' doesn't exist in /home3/neelneel/public_html/ems/system/Database/MySQLi/Connection.php:292
Stack trace:
#0 /home3/neelneel/public_html/ems/system/Database/MySQLi/Connection.php(292): mysqli->query('SELECT 1\nFROM `...', 0)
#1 /home3/neelneel/public_html/ems/system/Database/BaseConnection.php(666): CodeIgniter\Database\MySQLi\Connection->execute('SELECT 1\nFROM `...')
#2 /home3/neelneel/public_html/ems/system/Database/BaseConnection.php(593): CodeIgniter\Database\BaseConnection->simpleQuery('SELECT 1\nFROM `...')
#3 /home3/neelneel/public_html/ems/system/Database/BaseBuilder.php(1585): CodeIgniter\Database\BaseConnection->query('SELECT 1\nFROM `...', Array, false)
#4 /home3/neelneel/public_html/ems/system/Validation/Rules.php(142): CodeIgniter\Database\BaseBuilder->get()
#5 /home3/neelneel/public_html/ems/system/Validation/Validation.php(315): CodeIgniter\Validation\Rules->is_unique('hemant@neelnetw...', 'email', Array, NULL, 'email')
#6 /home3/neelneel/public_html/ems/system/Validation/Validation.php(175): CodeIgniter\Validation\Validation->processRules('email', 'email', 'hemant@neelnetw...', Array, Array)
#7 /home3/neelneel/public_html/ems/system/Controller.php(140): CodeIgniter\Validation\Validation->run()
#8 /home3/neelneel/public_html/ems/app/Controllers/RegisterController.php(49): CodeIgniter\Controller->validate(Array, Array)
#9 /home3/neelneel/public_html/ems/system/CodeIgniter.php(925): App\Controllers\RegisterController->register()
#10 /home3/neelneel/public_html/ems/system/CodeIgniter.php(480): CodeIgniter\CodeIgniter->runController(Object(App\Controllers\RegisterController))
#11 /home3/neelneel/public_html/ems/system/CodeIgniter.php(349): CodeIgniter\CodeIgniter->handleRequest(NULL, Object(Config\Cache), false)
#12 /home3/neelneel/public_html/ems/index.php(67): CodeIgniter\CodeIgniter->run()
#13 {main}
CRITICAL - 2023-01-10 10:53:25 --> Table 'neelneel_ems.user' doesn't exist
in SYSTEMPATH/Database/MySQLi/Connection.php on line 292.
 1 SYSTEMPATH/Database/MySQLi/Connection.php(292): mysqli->query('SELECT 1
FROM `user`
WHERE `email` = \'hemant@neelnetworks.com\'
 LIMIT 1', 0)
 2 SYSTEMPATH/Database/BaseConnection.php(666): CodeIgniter\Database\MySQLi\Connection->execute('SELECT 1
FROM `user`
WHERE `email` = \'hemant@neelnetworks.com\'
 LIMIT 1')
 3 SYSTEMPATH/Database/BaseConnection.php(593): CodeIgniter\Database\BaseConnection->simpleQuery('SELECT 1
FROM `user`
WHERE `email` = \'hemant@neelnetworks.com\'
 LIMIT 1')
 4 SYSTEMPATH/Database/BaseBuilder.php(1585): CodeIgniter\Database\BaseConnection->query('SELECT 1
FROM `user`
WHERE `email` = :email:
 LIMIT 1', [...], false)
 5 SYSTEMPATH/Validation/Rules.php(142): CodeIgniter\Database\BaseBuilder->get()
 6 SYSTEMPATH/Validation/Validation.php(315): CodeIgniter\Validation\Rules->is_unique('hemant@neelnetworks.com', 'email', [...], null, 'email')
 7 SYSTEMPATH/Validation/Validation.php(175): CodeIgniter\Validation\Validation->processRules('email', 'email', 'hemant@neelnetworks.com', [...], [...])
 8 SYSTEMPATH/Controller.php(140): CodeIgniter\Validation\Validation->run()
 9 APPPATH/Controllers/RegisterController.php(49): CodeIgniter\Controller->validate([...], [...])
10 SYSTEMPATH/CodeIgniter.php(925): App\Controllers\RegisterController->register()
11 SYSTEMPATH/CodeIgniter.php(480): CodeIgniter\CodeIgniter->runController(Object(App\Controllers\RegisterController))
12 SYSTEMPATH/CodeIgniter.php(349): CodeIgniter\CodeIgniter->handleRequest(null, Object(Config\Cache), false)
13 FCPATH/index.php(67): CodeIgniter\CodeIgniter->run()
ERROR - 2023-01-10 10:59:07 --> Email: Unable to send email using SMTP. Your server might not be configured to send mail using this method.
ERROR - 2023-01-10 10:59:07 --> 220 smtp.googlemail.com ESMTP z18-20020a92d6d2000000b003039e7d680fsm3373567ilp.11 - gsmtp

hello: 250-smtp.googlemail.com at your service, [50.116.94.81]
250-SIZE 35882577
250-8BITMIME
250-AUTH LOGIN PLAIN XOAUTH2 PLAIN-CLIENTTOKEN OAUTHBEARER XOAUTH
250-ENHANCEDSTATUSCODES
250-PIPELINING
250-CHUNKING
250 SMTPUTF8

Failed to authenticate password. Error: 535-5.7.8 Username and Password not accepted. Learn more at
535 5.7.8  https://support.google.com/mail/?p=BadCredentials z18-20020a92d6d2000000b003039e7d680fsm3373567ilp.11 - gsmtp

ERROR - 2023-01-10 11:03:17 --> Email: Unable to send email using SMTP. Your server might not be configured to send mail using this method.
ERROR - 2023-01-10 11:03:17 --> 220 smtp.googlemail.com ESMTP w8-20020a056e0213e800b0030c2667fe17sm3316784ilj.80 - gsmtp

hello: 250-smtp.googlemail.com at your service, [50.116.94.81]
250-SIZE 35882577
250-8BITMIME
250-AUTH LOGIN PLAIN XOAUTH2 PLAIN-CLIENTTOKEN OAUTHBEARER XOAUTH
250-ENHANCEDSTATUSCODES
250-PIPELINING
250-CHUNKING
250 SMTPUTF8

Failed to authenticate password. Error: 535-5.7.8 Username and Password not accepted. Learn more at
535 5.7.8  https://support.google.com/mail/?p=BadCredentials w8-20020a056e0213e800b0030c2667fe17sm3316784ilj.80 - gsmtp

ERROR - 2023-01-10 11:03:37 --> Email: Unable to send email using SMTP. Your server might not be configured to send mail using this method.
ERROR - 2023-01-10 11:03:37 --> 220 smtp.googlemail.com ESMTP u11-20020a92d1cb000000b0030c1ec638desm3314600ilg.14 - gsmtp

hello: 250-smtp.googlemail.com at your service, [50.116.94.81]
250-SIZE 35882577
250-8BITMIME
250-AUTH LOGIN PLAIN XOAUTH2 PLAIN-CLIENTTOKEN OAUTHBEARER XOAUTH
250-ENHANCEDSTATUSCODES
250-PIPELINING
250-CHUNKING
250 SMTPUTF8

Failed to authenticate password. Error: 535-5.7.8 Username and Password not accepted. Learn more at
535 5.7.8  https://support.google.com/mail/?p=BadCredentials u11-20020a92d1cb000000b0030c1ec638desm3314600ilg.14 - gsmtp

CRITICAL - 2023-01-10 11:08:19 --> fmod(): Argument #1 ($num1) must be of type float, string given
in APPPATH/Controllers/TimeController.php on line 65.
 1 APPPATH/Controllers/TimeController.php(65): fmod('1:30', 1)
 2 SYSTEMPATH/CodeIgniter.php(925): App\Controllers\TimeController->index()
 3 SYSTEMPATH/CodeIgniter.php(480): CodeIgniter\CodeIgniter->runController(Object(App\Controllers\TimeController))
 4 SYSTEMPATH/CodeIgniter.php(349): CodeIgniter\CodeIgniter->handleRequest(null, Object(Config\Cache), false)
 5 FCPATH/index.php(67): CodeIgniter\CodeIgniter->run()
CRITICAL - 2023-01-10 11:08:45 --> fmod(): Argument #1 ($num1) must be of type float, string given
in APPPATH/Controllers/TimeController.php on line 65.
 1 APPPATH/Controllers/TimeController.php(65): fmod('1:30', 1)
 2 SYSTEMPATH/CodeIgniter.php(925): App\Controllers\TimeController->index()
 3 SYSTEMPATH/CodeIgniter.php(480): CodeIgniter\CodeIgniter->runController(Object(App\Controllers\TimeController))
 4 SYSTEMPATH/CodeIgniter.php(349): CodeIgniter\CodeIgniter->handleRequest(null, Object(Config\Cache), false)
 5 FCPATH/index.php(67): CodeIgniter\CodeIgniter->run()
ERROR - 2023-01-10 17:24:36 --> Email: Unable to send email using SMTP. Your server might not be configured to send mail using this method.
ERROR - 2023-01-10 17:24:36 --> 220 smtp.googlemail.com ESMTP j10-20020a926e0a000000b0030d8089011esm3467391ilc.54 - gsmtp

hello: 250-smtp.googlemail.com at your service, [50.116.94.81]
250-SIZE 35882577
250-8BITMIME
250-AUTH LOGIN PLAIN XOAUTH2 PLAIN-CLIENTTOKEN OAUTHBEARER XOAUTH
250-ENHANCEDSTATUSCODES
250-PIPELINING
250-CHUNKING
250 SMTPUTF8

Failed to authenticate password. Error: 535-5.7.8 Username and Password not accepted. Learn more at
535 5.7.8  https://support.google.com/mail/?p=BadCredentials j10-20020a926e0a000000b0030d8089011esm3467391ilc.54 - gsmtp

CRITICAL - 2023-01-10 17:28:56 --> Undefined variable $request
in APPPATH/Controllers/RegisterController.php on line 120.
 1 APPPATH/Controllers/RegisterController.php(120): CodeIgniter\Debug\Exceptions->errorHandler(2, 'Undefined variable $request', 'APPPATH/Controllers/RegisterController.php', 120)
 2 SYSTEMPATH/CodeIgniter.php(925): App\Controllers\RegisterController->listing()
 3 SYSTEMPATH/CodeIgniter.php(480): CodeIgniter\CodeIgniter->runController(Object(App\Controllers\RegisterController))
 4 SYSTEMPATH/CodeIgniter.php(349): CodeIgniter\CodeIgniter->handleRequest(null, Object(Config\Cache), false)
 5 FCPATH/index.php(67): CodeIgniter\CodeIgniter->run()
ERROR - 2023-01-10 19:05:47 --> Email: Unable to send email using SMTP. Your server might not be configured to send mail using this method.
ERROR - 2023-01-10 19:05:47 --> 220 smtp.googlemail.com ESMTP q20-20020a0566022f1400b006ff6e8b3b8csm4150020iow.41 - gsmtp

hello: 250-smtp.googlemail.com at your service, [50.116.94.81]
250-SIZE 35882577
250-8BITMIME
250-AUTH LOGIN PLAIN XOAUTH2 PLAIN-CLIENTTOKEN OAUTHBEARER XOAUTH
250-ENHANCEDSTATUSCODES
250-PIPELINING
250-CHUNKING
250 SMTPUTF8

Failed to authenticate password. Error: 535-5.7.8 Username and Password not accepted. Learn more at
535 5.7.8  https://support.google.com/mail/?p=BadCredentials q20-20020a0566022f1400b006ff6e8b3b8csm4150020iow.41 - gsmtp

