CRITICAL - 2023-05-10 10:24:07 --> Expired token
in FCPATH/vendor/firebase/php-jwt/src/JWT.php on line 162.
 1 APPPATH/Filters/Auth.php(61): Firebase\JWT\JWT::decode('eyJ0eXAiOiJKV1QiLCJhbGciOiJIUzI1NiJ9.eyJpc3MiOiJOZWVsIG5ldHdvcmtzIiwiYXVkIjoiY3VzdG9tZXIiLCJpYXQiOjE2ODM2MDg2ODMsImV4cCI6MTY4MzYzNzQ4MywiZW1haWwiOiJkZXZlbkBuZWVsbmV0d29ya3MuY29tIiwicmVmZXIiOiJodHRwOi8vbG9jYWxob3N0OjMwMDAvIn0.Mafql0KApVUkKc6V3z6QlP90XAS-gFW9gquK3vy8caU', Object(Firebase\JWT\Key))
 2 SYSTEMPATH/Filters/Filters.php(173): App\Filters\Auth->before(Object(CodeIgniter\HTTP\IncomingRequest), null)
 3 SYSTEMPATH/CodeIgniter.php(453): CodeIgniter\Filters\Filters->run('user/all-notifications/10', 'before')
 4 SYSTEMPATH/CodeIgniter.php(349): CodeIgniter\CodeIgniter->handleRequest(null, Object(Config\Cache), false)
 5 FCPATH/index.php(73): CodeIgniter\CodeIgniter->run()
CRITICAL - 2023-05-10 10:24:07 --> Expired token
in FCPATH/vendor/firebase/php-jwt/src/JWT.php on line 162.
 1 APPPATH/Filters/Auth.php(61): Firebase\JWT\JWT::decode('eyJ0eXAiOiJKV1QiLCJhbGciOiJIUzI1NiJ9.eyJpc3MiOiJOZWVsIG5ldHdvcmtzIiwiYXVkIjoiY3VzdG9tZXIiLCJpYXQiOjE2ODM2MDg2ODMsImV4cCI6MTY4MzYzNzQ4MywiZW1haWwiOiJkZXZlbkBuZWVsbmV0d29ya3MuY29tIiwicmVmZXIiOiJodHRwOi8vbG9jYWxob3N0OjMwMDAvIn0.Mafql0KApVUkKc6V3z6QlP90XAS-gFW9gquK3vy8caU', Object(Firebase\JWT\Key))
 2 SYSTEMPATH/Filters/Filters.php(173): App\Filters\Auth->before(Object(CodeIgniter\HTTP\IncomingRequest), null)
 3 SYSTEMPATH/CodeIgniter.php(453): CodeIgniter\Filters\Filters->run('project', 'before')
 4 SYSTEMPATH/CodeIgniter.php(349): CodeIgniter\CodeIgniter->handleRequest(null, Object(Config\Cache), false)
 5 FCPATH/index.php(73): CodeIgniter\CodeIgniter->run()
CRITICAL - 2023-05-10 10:24:07 --> Expired token
in FCPATH/vendor/firebase/php-jwt/src/JWT.php on line 162.
 1 APPPATH/Filters/Auth.php(61): Firebase\JWT\JWT::decode('eyJ0eXAiOiJKV1QiLCJhbGciOiJIUzI1NiJ9.eyJpc3MiOiJOZWVsIG5ldHdvcmtzIiwiYXVkIjoiY3VzdG9tZXIiLCJpYXQiOjE2ODM2MDg2ODMsImV4cCI6MTY4MzYzNzQ4MywiZW1haWwiOiJkZXZlbkBuZWVsbmV0d29ya3MuY29tIiwicmVmZXIiOiJodHRwOi8vbG9jYWxob3N0OjMwMDAvIn0.Mafql0KApVUkKc6V3z6QlP90XAS-gFW9gquK3vy8caU', Object(Firebase\JWT\Key))
 2 SYSTEMPATH/Filters/Filters.php(173): App\Filters\Auth->before(Object(CodeIgniter\HTTP\IncomingRequest), null)
 3 SYSTEMPATH/CodeIgniter.php(453): CodeIgniter\Filters\Filters->run('user/10', 'before')
 4 SYSTEMPATH/CodeIgniter.php(349): CodeIgniter\CodeIgniter->handleRequest(null, Object(Config\Cache), false)
 5 FCPATH/index.php(73): CodeIgniter\CodeIgniter->run()
CRITICAL - 2023-05-10 10:24:07 --> Expired token
in FCPATH/vendor/firebase/php-jwt/src/JWT.php on line 162.
 1 APPPATH/Filters/Auth.php(61): Firebase\JWT\JWT::decode('eyJ0eXAiOiJKV1QiLCJhbGciOiJIUzI1NiJ9.eyJpc3MiOiJOZWVsIG5ldHdvcmtzIiwiYXVkIjoiY3VzdG9tZXIiLCJpYXQiOjE2ODM2MDg2ODMsImV4cCI6MTY4MzYzNzQ4MywiZW1haWwiOiJkZXZlbkBuZWVsbmV0d29ya3MuY29tIiwicmVmZXIiOiJodHRwOi8vbG9jYWxob3N0OjMwMDAvIn0.Mafql0KApVUkKc6V3z6QlP90XAS-gFW9gquK3vy8caU', Object(Firebase\JWT\Key))
 2 SYSTEMPATH/Filters/Filters.php(173): App\Filters\Auth->before(Object(CodeIgniter\HTTP\IncomingRequest), null)
 3 SYSTEMPATH/CodeIgniter.php(453): CodeIgniter\Filters\Filters->run('project', 'before')
 4 SYSTEMPATH/CodeIgniter.php(349): CodeIgniter\CodeIgniter->handleRequest(null, Object(Config\Cache), false)
 5 FCPATH/index.php(73): CodeIgniter\CodeIgniter->run()
CRITICAL - 2023-05-10 10:24:07 --> Expired token
in FCPATH/vendor/firebase/php-jwt/src/JWT.php on line 162.
 1 APPPATH/Filters/Auth.php(61): Firebase\JWT\JWT::decode('eyJ0eXAiOiJKV1QiLCJhbGciOiJIUzI1NiJ9.eyJpc3MiOiJOZWVsIG5ldHdvcmtzIiwiYXVkIjoiY3VzdG9tZXIiLCJpYXQiOjE2ODM2MDg2ODMsImV4cCI6MTY4MzYzNzQ4MywiZW1haWwiOiJkZXZlbkBuZWVsbmV0d29ya3MuY29tIiwicmVmZXIiOiJodHRwOi8vbG9jYWxob3N0OjMwMDAvIn0.Mafql0KApVUkKc6V3z6QlP90XAS-gFW9gquK3vy8caU', Object(Firebase\JWT\Key))
 2 SYSTEMPATH/Filters/Filters.php(173): App\Filters\Auth->before(Object(CodeIgniter\HTTP\IncomingRequest), null)
 3 SYSTEMPATH/CodeIgniter.php(453): CodeIgniter\Filters\Filters->run('user/all-notifications/10', 'before')
 4 SYSTEMPATH/CodeIgniter.php(349): CodeIgniter\CodeIgniter->handleRequest(null, Object(Config\Cache), false)
 5 FCPATH/index.php(73): CodeIgniter\CodeIgniter->run()
CRITICAL - 2023-05-10 10:24:07 --> Expired token
in FCPATH/vendor/firebase/php-jwt/src/JWT.php on line 162.
 1 APPPATH/Filters/Auth.php(61): Firebase\JWT\JWT::decode('eyJ0eXAiOiJKV1QiLCJhbGciOiJIUzI1NiJ9.eyJpc3MiOiJOZWVsIG5ldHdvcmtzIiwiYXVkIjoiY3VzdG9tZXIiLCJpYXQiOjE2ODM2MDg2ODMsImV4cCI6MTY4MzYzNzQ4MywiZW1haWwiOiJkZXZlbkBuZWVsbmV0d29ya3MuY29tIiwicmVmZXIiOiJodHRwOi8vbG9jYWxob3N0OjMwMDAvIn0.Mafql0KApVUkKc6V3z6QlP90XAS-gFW9gquK3vy8caU', Object(Firebase\JWT\Key))
 2 SYSTEMPATH/Filters/Filters.php(173): App\Filters\Auth->before(Object(CodeIgniter\HTTP\IncomingRequest), null)
 3 SYSTEMPATH/CodeIgniter.php(453): CodeIgniter\Filters\Filters->run('user/10', 'before')
 4 SYSTEMPATH/CodeIgniter.php(349): CodeIgniter\CodeIgniter->handleRequest(null, Object(Config\Cache), false)
 5 FCPATH/index.php(73): CodeIgniter\CodeIgniter->run()
CRITICAL - 2023-05-10 11:05:40 --> Expired token
in FCPATH/vendor/firebase/php-jwt/src/JWT.php on line 162.
 1 APPPATH/Filters/Auth.php(61): Firebase\JWT\JWT::decode('eyJ0eXAiOiJKV1QiLCJhbGciOiJIUzI1NiJ9.eyJpc3MiOiJOZWVsIG5ldHdvcmtzIiwiYXVkIjoiY3VzdG9tZXIiLCJpYXQiOjE2ODM2Mjk2NjQsImV4cCI6MTY4MzY1ODQ2NCwiZW1haWwiOiJoZW1hbnRAbmVlbG5ldHdvcmtzLmNvbSIsInJlZmVyIjoiaHR0cDovL2xvY2FsaG9zdDozMDAwLyJ9.wt6k-6QIGLq_HrqCh4tcwwt0YRx6ClimEa-Mjv20LZU', Object(Firebase\JWT\Key))
 2 SYSTEMPATH/Filters/Filters.php(173): App\Filters\Auth->before(Object(CodeIgniter\HTTP\IncomingRequest), null)
 3 SYSTEMPATH/CodeIgniter.php(453): CodeIgniter\Filters\Filters->run('user/all-notifications/69', 'before')
 4 SYSTEMPATH/CodeIgniter.php(349): CodeIgniter\CodeIgniter->handleRequest(null, Object(Config\Cache), false)
 5 FCPATH/index.php(73): CodeIgniter\CodeIgniter->run()
CRITICAL - 2023-05-10 11:05:40 --> Expired token
in FCPATH/vendor/firebase/php-jwt/src/JWT.php on line 162.
 1 APPPATH/Filters/Auth.php(61): Firebase\JWT\JWT::decode('eyJ0eXAiOiJKV1QiLCJhbGciOiJIUzI1NiJ9.eyJpc3MiOiJOZWVsIG5ldHdvcmtzIiwiYXVkIjoiY3VzdG9tZXIiLCJpYXQiOjE2ODM2Mjk2NjQsImV4cCI6MTY4MzY1ODQ2NCwiZW1haWwiOiJoZW1hbnRAbmVlbG5ldHdvcmtzLmNvbSIsInJlZmVyIjoiaHR0cDovL2xvY2FsaG9zdDozMDAwLyJ9.wt6k-6QIGLq_HrqCh4tcwwt0YRx6ClimEa-Mjv20LZU', Object(Firebase\JWT\Key))
 2 SYSTEMPATH/Filters/Filters.php(173): App\Filters\Auth->before(Object(CodeIgniter\HTTP\IncomingRequest), null)
 3 SYSTEMPATH/CodeIgniter.php(453): CodeIgniter\Filters\Filters->run('user/69', 'before')
 4 SYSTEMPATH/CodeIgniter.php(349): CodeIgniter\CodeIgniter->handleRequest(null, Object(Config\Cache), false)
 5 FCPATH/index.php(73): CodeIgniter\CodeIgniter->run()
CRITICAL - 2023-05-10 11:05:41 --> Expired token
in FCPATH/vendor/firebase/php-jwt/src/JWT.php on line 162.
 1 APPPATH/Filters/Auth.php(61): Firebase\JWT\JWT::decode('eyJ0eXAiOiJKV1QiLCJhbGciOiJIUzI1NiJ9.eyJpc3MiOiJOZWVsIG5ldHdvcmtzIiwiYXVkIjoiY3VzdG9tZXIiLCJpYXQiOjE2ODM2Mjk2NjQsImV4cCI6MTY4MzY1ODQ2NCwiZW1haWwiOiJoZW1hbnRAbmVlbG5ldHdvcmtzLmNvbSIsInJlZmVyIjoiaHR0cDovL2xvY2FsaG9zdDozMDAwLyJ9.wt6k-6QIGLq_HrqCh4tcwwt0YRx6ClimEa-Mjv20LZU', Object(Firebase\JWT\Key))
 2 SYSTEMPATH/Filters/Filters.php(173): App\Filters\Auth->before(Object(CodeIgniter\HTTP\IncomingRequest), null)
 3 SYSTEMPATH/CodeIgniter.php(453): CodeIgniter\Filters\Filters->run('task/list', 'before')
 4 SYSTEMPATH/CodeIgniter.php(349): CodeIgniter\CodeIgniter->handleRequest(null, Object(Config\Cache), false)
 5 FCPATH/index.php(73): CodeIgniter\CodeIgniter->run()
CRITICAL - 2023-05-10 11:05:41 --> Expired token
in FCPATH/vendor/firebase/php-jwt/src/JWT.php on line 162.
 1 APPPATH/Filters/Auth.php(61): Firebase\JWT\JWT::decode('eyJ0eXAiOiJKV1QiLCJhbGciOiJIUzI1NiJ9.eyJpc3MiOiJOZWVsIG5ldHdvcmtzIiwiYXVkIjoiY3VzdG9tZXIiLCJpYXQiOjE2ODM2Mjk2NjQsImV4cCI6MTY4MzY1ODQ2NCwiZW1haWwiOiJoZW1hbnRAbmVlbG5ldHdvcmtzLmNvbSIsInJlZmVyIjoiaHR0cDovL2xvY2FsaG9zdDozMDAwLyJ9.wt6k-6QIGLq_HrqCh4tcwwt0YRx6ClimEa-Mjv20LZU', Object(Firebase\JWT\Key))
 2 SYSTEMPATH/Filters/Filters.php(173): App\Filters\Auth->before(Object(CodeIgniter\HTTP\IncomingRequest), null)
 3 SYSTEMPATH/CodeIgniter.php(453): CodeIgniter\Filters\Filters->run('user/count-project-list-for-single-user/69', 'before')
 4 SYSTEMPATH/CodeIgniter.php(349): CodeIgniter\CodeIgniter->handleRequest(null, Object(Config\Cache), false)
 5 FCPATH/index.php(73): CodeIgniter\CodeIgniter->run()
CRITICAL - 2023-05-10 11:05:41 --> Expired token
in FCPATH/vendor/firebase/php-jwt/src/JWT.php on line 162.
 1 APPPATH/Filters/Auth.php(61): Firebase\JWT\JWT::decode('eyJ0eXAiOiJKV1QiLCJhbGciOiJIUzI1NiJ9.eyJpc3MiOiJOZWVsIG5ldHdvcmtzIiwiYXVkIjoiY3VzdG9tZXIiLCJpYXQiOjE2ODM2Mjk2NjQsImV4cCI6MTY4MzY1ODQ2NCwiZW1haWwiOiJoZW1hbnRAbmVlbG5ldHdvcmtzLmNvbSIsInJlZmVyIjoiaHR0cDovL2xvY2FsaG9zdDozMDAwLyJ9.wt6k-6QIGLq_HrqCh4tcwwt0YRx6ClimEa-Mjv20LZU', Object(Firebase\JWT\Key))
 2 SYSTEMPATH/Filters/Filters.php(173): App\Filters\Auth->before(Object(CodeIgniter\HTTP\IncomingRequest), null)
 3 SYSTEMPATH/CodeIgniter.php(453): CodeIgniter\Filters\Filters->run('task/list', 'before')
 4 SYSTEMPATH/CodeIgniter.php(349): CodeIgniter\CodeIgniter->handleRequest(null, Object(Config\Cache), false)
 5 FCPATH/index.php(73): CodeIgniter\CodeIgniter->run()
CRITICAL - 2023-05-10 11:05:41 --> Expired token
in FCPATH/vendor/firebase/php-jwt/src/JWT.php on line 162.
 1 APPPATH/Filters/Auth.php(61): Firebase\JWT\JWT::decode('eyJ0eXAiOiJKV1QiLCJhbGciOiJIUzI1NiJ9.eyJpc3MiOiJOZWVsIG5ldHdvcmtzIiwiYXVkIjoiY3VzdG9tZXIiLCJpYXQiOjE2ODM2Mjk2NjQsImV4cCI6MTY4MzY1ODQ2NCwiZW1haWwiOiJoZW1hbnRAbmVlbG5ldHdvcmtzLmNvbSIsInJlZmVyIjoiaHR0cDovL2xvY2FsaG9zdDozMDAwLyJ9.wt6k-6QIGLq_HrqCh4tcwwt0YRx6ClimEa-Mjv20LZU', Object(Firebase\JWT\Key))
 2 SYSTEMPATH/Filters/Filters.php(173): App\Filters\Auth->before(Object(CodeIgniter\HTTP\IncomingRequest), null)
 3 SYSTEMPATH/CodeIgniter.php(453): CodeIgniter\Filters\Filters->run('user/all-notifications/69', 'before')
 4 SYSTEMPATH/CodeIgniter.php(349): CodeIgniter\CodeIgniter->handleRequest(null, Object(Config\Cache), false)
 5 FCPATH/index.php(73): CodeIgniter\CodeIgniter->run()
CRITICAL - 2023-05-10 11:05:41 --> Expired token
in FCPATH/vendor/firebase/php-jwt/src/JWT.php on line 162.
 1 APPPATH/Filters/Auth.php(61): Firebase\JWT\JWT::decode('eyJ0eXAiOiJKV1QiLCJhbGciOiJIUzI1NiJ9.eyJpc3MiOiJOZWVsIG5ldHdvcmtzIiwiYXVkIjoiY3VzdG9tZXIiLCJpYXQiOjE2ODM2Mjk2NjQsImV4cCI6MTY4MzY1ODQ2NCwiZW1haWwiOiJoZW1hbnRAbmVlbG5ldHdvcmtzLmNvbSIsInJlZmVyIjoiaHR0cDovL2xvY2FsaG9zdDozMDAwLyJ9.wt6k-6QIGLq_HrqCh4tcwwt0YRx6ClimEa-Mjv20LZU', Object(Firebase\JWT\Key))
 2 SYSTEMPATH/Filters/Filters.php(173): App\Filters\Auth->before(Object(CodeIgniter\HTTP\IncomingRequest), null)
 3 SYSTEMPATH/CodeIgniter.php(453): CodeIgniter\Filters\Filters->run('user/69', 'before')
 4 SYSTEMPATH/CodeIgniter.php(349): CodeIgniter\CodeIgniter->handleRequest(null, Object(Config\Cache), false)
 5 FCPATH/index.php(73): CodeIgniter\CodeIgniter->run()
CRITICAL - 2023-05-10 11:05:42 --> Expired token
in FCPATH/vendor/firebase/php-jwt/src/JWT.php on line 162.
 1 APPPATH/Filters/Auth.php(61): Firebase\JWT\JWT::decode('eyJ0eXAiOiJKV1QiLCJhbGciOiJIUzI1NiJ9.eyJpc3MiOiJOZWVsIG5ldHdvcmtzIiwiYXVkIjoiY3VzdG9tZXIiLCJpYXQiOjE2ODM2Mjk2NjQsImV4cCI6MTY4MzY1ODQ2NCwiZW1haWwiOiJoZW1hbnRAbmVlbG5ldHdvcmtzLmNvbSIsInJlZmVyIjoiaHR0cDovL2xvY2FsaG9zdDozMDAwLyJ9.wt6k-6QIGLq_HrqCh4tcwwt0YRx6ClimEa-Mjv20LZU', Object(Firebase\JWT\Key))
 2 SYSTEMPATH/Filters/Filters.php(173): App\Filters\Auth->before(Object(CodeIgniter\HTTP\IncomingRequest), null)
 3 SYSTEMPATH/CodeIgniter.php(453): CodeIgniter\Filters\Filters->run('task/list', 'before')
 4 SYSTEMPATH/CodeIgniter.php(349): CodeIgniter\CodeIgniter->handleRequest(null, Object(Config\Cache), false)
 5 FCPATH/index.php(73): CodeIgniter\CodeIgniter->run()
CRITICAL - 2023-05-10 11:05:42 --> Expired token
in FCPATH/vendor/firebase/php-jwt/src/JWT.php on line 162.
 1 APPPATH/Filters/Auth.php(61): Firebase\JWT\JWT::decode('eyJ0eXAiOiJKV1QiLCJhbGciOiJIUzI1NiJ9.eyJpc3MiOiJOZWVsIG5ldHdvcmtzIiwiYXVkIjoiY3VzdG9tZXIiLCJpYXQiOjE2ODM2Mjk2NjQsImV4cCI6MTY4MzY1ODQ2NCwiZW1haWwiOiJoZW1hbnRAbmVlbG5ldHdvcmtzLmNvbSIsInJlZmVyIjoiaHR0cDovL2xvY2FsaG9zdDozMDAwLyJ9.wt6k-6QIGLq_HrqCh4tcwwt0YRx6ClimEa-Mjv20LZU', Object(Firebase\JWT\Key))
 2 SYSTEMPATH/Filters/Filters.php(173): App\Filters\Auth->before(Object(CodeIgniter\HTTP\IncomingRequest), null)
 3 SYSTEMPATH/CodeIgniter.php(453): CodeIgniter\Filters\Filters->run('task/list', 'before')
 4 SYSTEMPATH/CodeIgniter.php(349): CodeIgniter\CodeIgniter->handleRequest(null, Object(Config\Cache), false)
 5 FCPATH/index.php(73): CodeIgniter\CodeIgniter->run()
CRITICAL - 2023-05-10 11:05:42 --> Expired token
in FCPATH/vendor/firebase/php-jwt/src/JWT.php on line 162.
 1 APPPATH/Filters/Auth.php(61): Firebase\JWT\JWT::decode('eyJ0eXAiOiJKV1QiLCJhbGciOiJIUzI1NiJ9.eyJpc3MiOiJOZWVsIG5ldHdvcmtzIiwiYXVkIjoiY3VzdG9tZXIiLCJpYXQiOjE2ODM2Mjk2NjQsImV4cCI6MTY4MzY1ODQ2NCwiZW1haWwiOiJoZW1hbnRAbmVlbG5ldHdvcmtzLmNvbSIsInJlZmVyIjoiaHR0cDovL2xvY2FsaG9zdDozMDAwLyJ9.wt6k-6QIGLq_HrqCh4tcwwt0YRx6ClimEa-Mjv20LZU', Object(Firebase\JWT\Key))
 2 SYSTEMPATH/Filters/Filters.php(173): App\Filters\Auth->before(Object(CodeIgniter\HTTP\IncomingRequest), null)
 3 SYSTEMPATH/CodeIgniter.php(453): CodeIgniter\Filters\Filters->run('user/count-project-list-for-single-user/69', 'before')
 4 SYSTEMPATH/CodeIgniter.php(349): CodeIgniter\CodeIgniter->handleRequest(null, Object(Config\Cache), false)
 5 FCPATH/index.php(73): CodeIgniter\CodeIgniter->run()
