CRITICAL - 2023-06-07 10:03:04 --> Expired token
in FCPATH/vendor/firebase/php-jwt/src/JWT.php on line 162.
 1 APPPATH/Filters/Auth.php(61): Firebase\JWT\JWT::decode('eyJ0eXAiOiJKV1QiLCJhbGciOiJIUzI1NiJ9.eyJpc3MiOiJOZWVsIG5ldHdvcmtzIiwiYXVkIjoiY3VzdG9tZXIiLCJpYXQiOjE2ODYwNDEwMzksImV4cCI6MTY4NjA2OTgzOSwiZW1haWwiOiJyYXRuZXNoQG5lZWxuZXR3b3Jrcy5jb20iLCJyZWZlciI6Imh0dHBzOi8vcHJvamVjdC1tYW5hZ2VtZW50LXN5c3RlbS1uZWVsLW5ldHdvcmtzLnZlcmNlbC5hcHAvIn0.t220J7DS8S-M4AREbv-vCvEtY2iRUAV-deRP8b9plO4', Object(Firebase\JWT\Key))
 2 SYSTEMPATH/Filters/Filters.php(173): App\Filters\Auth->before(Object(CodeIgniter\HTTP\IncomingRequest), null)
 3 SYSTEMPATH/CodeIgniter.php(453): CodeIgniter\Filters\Filters->run('project/list/16/2023-06-07', 'before')
 4 SYSTEMPATH/CodeIgniter.php(349): CodeIgniter\CodeIgniter->handleRequest(null, Object(Config\Cache), false)
 5 FCPATH/index.php(73): CodeIgniter\CodeIgniter->run()
CRITICAL - 2023-06-07 10:03:04 --> Expired token
in FCPATH/vendor/firebase/php-jwt/src/JWT.php on line 162.
 1 APPPATH/Filters/Auth.php(61): Firebase\JWT\JWT::decode('eyJ0eXAiOiJKV1QiLCJhbGciOiJIUzI1NiJ9.eyJpc3MiOiJOZWVsIG5ldHdvcmtzIiwiYXVkIjoiY3VzdG9tZXIiLCJpYXQiOjE2ODYwNDEwMzksImV4cCI6MTY4NjA2OTgzOSwiZW1haWwiOiJyYXRuZXNoQG5lZWxuZXR3b3Jrcy5jb20iLCJyZWZlciI6Imh0dHBzOi8vcHJvamVjdC1tYW5hZ2VtZW50LXN5c3RlbS1uZWVsLW5ldHdvcmtzLnZlcmNlbC5hcHAvIn0.t220J7DS8S-M4AREbv-vCvEtY2iRUAV-deRP8b9plO4', Object(Firebase\JWT\Key))
 2 SYSTEMPATH/Filters/Filters.php(173): App\Filters\Auth->before(Object(CodeIgniter\HTTP\IncomingRequest), null)
 3 SYSTEMPATH/CodeIgniter.php(453): CodeIgniter\Filters\Filters->run('user/assign-project-list-for-single-user/16', 'before')
 4 SYSTEMPATH/CodeIgniter.php(349): CodeIgniter\CodeIgniter->handleRequest(null, Object(Config\Cache), false)
 5 FCPATH/index.php(73): CodeIgniter\CodeIgniter->run()
CRITICAL - 2023-06-07 10:03:04 --> Expired token
in FCPATH/vendor/firebase/php-jwt/src/JWT.php on line 162.
 1 APPPATH/Filters/Auth.php(61): Firebase\JWT\JWT::decode('eyJ0eXAiOiJKV1QiLCJhbGciOiJIUzI1NiJ9.eyJpc3MiOiJOZWVsIG5ldHdvcmtzIiwiYXVkIjoiY3VzdG9tZXIiLCJpYXQiOjE2ODYwNDEwMzksImV4cCI6MTY4NjA2OTgzOSwiZW1haWwiOiJyYXRuZXNoQG5lZWxuZXR3b3Jrcy5jb20iLCJyZWZlciI6Imh0dHBzOi8vcHJvamVjdC1tYW5hZ2VtZW50LXN5c3RlbS1uZWVsLW5ldHdvcmtzLnZlcmNlbC5hcHAvIn0.t220J7DS8S-M4AREbv-vCvEtY2iRUAV-deRP8b9plO4', Object(Firebase\JWT\Key))
 2 SYSTEMPATH/Filters/Filters.php(173): App\Filters\Auth->before(Object(CodeIgniter\HTTP\IncomingRequest), null)
 3 SYSTEMPATH/CodeIgniter.php(453): CodeIgniter\Filters\Filters->run('task/list', 'before')
 4 SYSTEMPATH/CodeIgniter.php(349): CodeIgniter\CodeIgniter->handleRequest(null, Object(Config\Cache), false)
 5 FCPATH/index.php(73): CodeIgniter\CodeIgniter->run()
CRITICAL - 2023-06-07 10:03:04 --> Expired token
in FCPATH/vendor/firebase/php-jwt/src/JWT.php on line 162.
 1 APPPATH/Filters/Auth.php(61): Firebase\JWT\JWT::decode('eyJ0eXAiOiJKV1QiLCJhbGciOiJIUzI1NiJ9.eyJpc3MiOiJOZWVsIG5ldHdvcmtzIiwiYXVkIjoiY3VzdG9tZXIiLCJpYXQiOjE2ODYwNDEwMzksImV4cCI6MTY4NjA2OTgzOSwiZW1haWwiOiJyYXRuZXNoQG5lZWxuZXR3b3Jrcy5jb20iLCJyZWZlciI6Imh0dHBzOi8vcHJvamVjdC1tYW5hZ2VtZW50LXN5c3RlbS1uZWVsLW5ldHdvcmtzLnZlcmNlbC5hcHAvIn0.t220J7DS8S-M4AREbv-vCvEtY2iRUAV-deRP8b9plO4', Object(Firebase\JWT\Key))
 2 SYSTEMPATH/Filters/Filters.php(173): App\Filters\Auth->before(Object(CodeIgniter\HTTP\IncomingRequest), null)
 3 SYSTEMPATH/CodeIgniter.php(453): CodeIgniter\Filters\Filters->run('user/all-notifications/16', 'before')
 4 SYSTEMPATH/CodeIgniter.php(349): CodeIgniter\CodeIgniter->handleRequest(null, Object(Config\Cache), false)
 5 FCPATH/index.php(73): CodeIgniter\CodeIgniter->run()
CRITICAL - 2023-06-07 10:03:04 --> Expired token
in FCPATH/vendor/firebase/php-jwt/src/JWT.php on line 162.
 1 APPPATH/Filters/Auth.php(61): Firebase\JWT\JWT::decode('eyJ0eXAiOiJKV1QiLCJhbGciOiJIUzI1NiJ9.eyJpc3MiOiJOZWVsIG5ldHdvcmtzIiwiYXVkIjoiY3VzdG9tZXIiLCJpYXQiOjE2ODYwNDEwMzksImV4cCI6MTY4NjA2OTgzOSwiZW1haWwiOiJyYXRuZXNoQG5lZWxuZXR3b3Jrcy5jb20iLCJyZWZlciI6Imh0dHBzOi8vcHJvamVjdC1tYW5hZ2VtZW50LXN5c3RlbS1uZWVsLW5ldHdvcmtzLnZlcmNlbC5hcHAvIn0.t220J7DS8S-M4AREbv-vCvEtY2iRUAV-deRP8b9plO4', Object(Firebase\JWT\Key))
 2 SYSTEMPATH/Filters/Filters.php(173): App\Filters\Auth->before(Object(CodeIgniter\HTTP\IncomingRequest), null)
 3 SYSTEMPATH/CodeIgniter.php(453): CodeIgniter\Filters\Filters->run('holiday-list', 'before')
 4 SYSTEMPATH/CodeIgniter.php(349): CodeIgniter\CodeIgniter->handleRequest(null, Object(Config\Cache), false)
 5 FCPATH/index.php(73): CodeIgniter\CodeIgniter->run()
CRITICAL - 2023-06-07 10:03:04 --> Expired token
in FCPATH/vendor/firebase/php-jwt/src/JWT.php on line 162.
 1 APPPATH/Filters/Auth.php(61): Firebase\JWT\JWT::decode('eyJ0eXAiOiJKV1QiLCJhbGciOiJIUzI1NiJ9.eyJpc3MiOiJOZWVsIG5ldHdvcmtzIiwiYXVkIjoiY3VzdG9tZXIiLCJpYXQiOjE2ODYwNDEwMzksImV4cCI6MTY4NjA2OTgzOSwiZW1haWwiOiJyYXRuZXNoQG5lZWxuZXR3b3Jrcy5jb20iLCJyZWZlciI6Imh0dHBzOi8vcHJvamVjdC1tYW5hZ2VtZW50LXN5c3RlbS1uZWVsLW5ldHdvcmtzLnZlcmNlbC5hcHAvIn0.t220J7DS8S-M4AREbv-vCvEtY2iRUAV-deRP8b9plO4', Object(Firebase\JWT\Key))
 2 SYSTEMPATH/Filters/Filters.php(173): App\Filters\Auth->before(Object(CodeIgniter\HTTP\IncomingRequest), null)
 3 SYSTEMPATH/CodeIgniter.php(453): CodeIgniter\Filters\Filters->run('user/16', 'before')
 4 SYSTEMPATH/CodeIgniter.php(349): CodeIgniter\CodeIgniter->handleRequest(null, Object(Config\Cache), false)
 5 FCPATH/index.php(73): CodeIgniter\CodeIgniter->run()
CRITICAL - 2023-06-07 10:06:24 --> Expired token
in FCPATH/vendor/firebase/php-jwt/src/JWT.php on line 162.
 1 APPPATH/Filters/Auth.php(61): Firebase\JWT\JWT::decode('eyJ0eXAiOiJKV1QiLCJhbGciOiJIUzI1NiJ9.eyJpc3MiOiJOZWVsIG5ldHdvcmtzIiwiYXVkIjoiY3VzdG9tZXIiLCJpYXQiOjE2ODYwNTgyNzcsImV4cCI6MTY4NjA4NzA3NywiZW1haWwiOiJzaHJ1dGlrYUBuZWVsbmV0d29ya3MuY29tIiwicmVmZXIiOiJodHRwczovL3Byb2plY3QtbWFuYWdlbWVudC1zeXN0ZW0tbmVlbC1uZXR3b3Jrcy52ZXJjZWwuYXBwLyJ9.2Ior-9hsHyCsg01Q5FKag2aGzBHdpZysXTpKLD8-Pd4', Object(Firebase\JWT\Key))
 2 SYSTEMPATH/Filters/Filters.php(173): App\Filters\Auth->before(Object(CodeIgniter\HTTP\IncomingRequest), null)
 3 SYSTEMPATH/CodeIgniter.php(453): CodeIgniter\Filters\Filters->run('user/count-project-list-for-single-user/8', 'before')
 4 SYSTEMPATH/CodeIgniter.php(349): CodeIgniter\CodeIgniter->handleRequest(null, Object(Config\Cache), false)
 5 FCPATH/index.php(73): CodeIgniter\CodeIgniter->run()
CRITICAL - 2023-06-07 10:06:24 --> Expired token
in FCPATH/vendor/firebase/php-jwt/src/JWT.php on line 162.
 1 APPPATH/Filters/Auth.php(61): Firebase\JWT\JWT::decode('eyJ0eXAiOiJKV1QiLCJhbGciOiJIUzI1NiJ9.eyJpc3MiOiJOZWVsIG5ldHdvcmtzIiwiYXVkIjoiY3VzdG9tZXIiLCJpYXQiOjE2ODYwNTgyNzcsImV4cCI6MTY4NjA4NzA3NywiZW1haWwiOiJzaHJ1dGlrYUBuZWVsbmV0d29ya3MuY29tIiwicmVmZXIiOiJodHRwczovL3Byb2plY3QtbWFuYWdlbWVudC1zeXN0ZW0tbmVlbC1uZXR3b3Jrcy52ZXJjZWwuYXBwLyJ9.2Ior-9hsHyCsg01Q5FKag2aGzBHdpZysXTpKLD8-Pd4', Object(Firebase\JWT\Key))
 2 SYSTEMPATH/Filters/Filters.php(173): App\Filters\Auth->before(Object(CodeIgniter\HTTP\IncomingRequest), null)
 3 SYSTEMPATH/CodeIgniter.php(453): CodeIgniter\Filters\Filters->run('user/all-notifications/8', 'before')
 4 SYSTEMPATH/CodeIgniter.php(349): CodeIgniter\CodeIgniter->handleRequest(null, Object(Config\Cache), false)
 5 FCPATH/index.php(73): CodeIgniter\CodeIgniter->run()
CRITICAL - 2023-06-07 10:06:24 --> Expired token
in FCPATH/vendor/firebase/php-jwt/src/JWT.php on line 162.
 1 APPPATH/Filters/Auth.php(61): Firebase\JWT\JWT::decode('eyJ0eXAiOiJKV1QiLCJhbGciOiJIUzI1NiJ9.eyJpc3MiOiJOZWVsIG5ldHdvcmtzIiwiYXVkIjoiY3VzdG9tZXIiLCJpYXQiOjE2ODYwNTgyNzcsImV4cCI6MTY4NjA4NzA3NywiZW1haWwiOiJzaHJ1dGlrYUBuZWVsbmV0d29ya3MuY29tIiwicmVmZXIiOiJodHRwczovL3Byb2plY3QtbWFuYWdlbWVudC1zeXN0ZW0tbmVlbC1uZXR3b3Jrcy52ZXJjZWwuYXBwLyJ9.2Ior-9hsHyCsg01Q5FKag2aGzBHdpZysXTpKLD8-Pd4', Object(Firebase\JWT\Key))
 2 SYSTEMPATH/Filters/Filters.php(173): App\Filters\Auth->before(Object(CodeIgniter\HTTP\IncomingRequest), null)
 3 SYSTEMPATH/CodeIgniter.php(453): CodeIgniter\Filters\Filters->run('task/list', 'before')
 4 SYSTEMPATH/CodeIgniter.php(349): CodeIgniter\CodeIgniter->handleRequest(null, Object(Config\Cache), false)
 5 FCPATH/index.php(73): CodeIgniter\CodeIgniter->run()
CRITICAL - 2023-06-07 10:06:24 --> Expired token
in FCPATH/vendor/firebase/php-jwt/src/JWT.php on line 162.
 1 APPPATH/Filters/Auth.php(61): Firebase\JWT\JWT::decode('eyJ0eXAiOiJKV1QiLCJhbGciOiJIUzI1NiJ9.eyJpc3MiOiJOZWVsIG5ldHdvcmtzIiwiYXVkIjoiY3VzdG9tZXIiLCJpYXQiOjE2ODYwNTgyNzcsImV4cCI6MTY4NjA4NzA3NywiZW1haWwiOiJzaHJ1dGlrYUBuZWVsbmV0d29ya3MuY29tIiwicmVmZXIiOiJodHRwczovL3Byb2plY3QtbWFuYWdlbWVudC1zeXN0ZW0tbmVlbC1uZXR3b3Jrcy52ZXJjZWwuYXBwLyJ9.2Ior-9hsHyCsg01Q5FKag2aGzBHdpZysXTpKLD8-Pd4', Object(Firebase\JWT\Key))
 2 SYSTEMPATH/Filters/Filters.php(173): App\Filters\Auth->before(Object(CodeIgniter\HTTP\IncomingRequest), null)
 3 SYSTEMPATH/CodeIgniter.php(453): CodeIgniter\Filters\Filters->run('task/list', 'before')
 4 SYSTEMPATH/CodeIgniter.php(349): CodeIgniter\CodeIgniter->handleRequest(null, Object(Config\Cache), false)
 5 FCPATH/index.php(73): CodeIgniter\CodeIgniter->run()
CRITICAL - 2023-06-07 10:06:24 --> Expired token
in FCPATH/vendor/firebase/php-jwt/src/JWT.php on line 162.
 1 APPPATH/Filters/Auth.php(61): Firebase\JWT\JWT::decode('eyJ0eXAiOiJKV1QiLCJhbGciOiJIUzI1NiJ9.eyJpc3MiOiJOZWVsIG5ldHdvcmtzIiwiYXVkIjoiY3VzdG9tZXIiLCJpYXQiOjE2ODYwNTgyNzcsImV4cCI6MTY4NjA4NzA3NywiZW1haWwiOiJzaHJ1dGlrYUBuZWVsbmV0d29ya3MuY29tIiwicmVmZXIiOiJodHRwczovL3Byb2plY3QtbWFuYWdlbWVudC1zeXN0ZW0tbmVlbC1uZXR3b3Jrcy52ZXJjZWwuYXBwLyJ9.2Ior-9hsHyCsg01Q5FKag2aGzBHdpZysXTpKLD8-Pd4', Object(Firebase\JWT\Key))
 2 SYSTEMPATH/Filters/Filters.php(173): App\Filters\Auth->before(Object(CodeIgniter\HTTP\IncomingRequest), null)
 3 SYSTEMPATH/CodeIgniter.php(453): CodeIgniter\Filters\Filters->run('user/8', 'before')
 4 SYSTEMPATH/CodeIgniter.php(349): CodeIgniter\CodeIgniter->handleRequest(null, Object(Config\Cache), false)
 5 FCPATH/index.php(73): CodeIgniter\CodeIgniter->run()
CRITICAL - 2023-06-07 10:06:24 --> Expired token
in FCPATH/vendor/firebase/php-jwt/src/JWT.php on line 162.
 1 APPPATH/Filters/Auth.php(61): Firebase\JWT\JWT::decode('eyJ0eXAiOiJKV1QiLCJhbGciOiJIUzI1NiJ9.eyJpc3MiOiJOZWVsIG5ldHdvcmtzIiwiYXVkIjoiY3VzdG9tZXIiLCJpYXQiOjE2ODYwNTgyNzcsImV4cCI6MTY4NjA4NzA3NywiZW1haWwiOiJzaHJ1dGlrYUBuZWVsbmV0d29ya3MuY29tIiwicmVmZXIiOiJodHRwczovL3Byb2plY3QtbWFuYWdlbWVudC1zeXN0ZW0tbmVlbC1uZXR3b3Jrcy52ZXJjZWwuYXBwLyJ9.2Ior-9hsHyCsg01Q5FKag2aGzBHdpZysXTpKLD8-Pd4', Object(Firebase\JWT\Key))
 2 SYSTEMPATH/Filters/Filters.php(173): App\Filters\Auth->before(Object(CodeIgniter\HTTP\IncomingRequest), null)
 3 SYSTEMPATH/CodeIgniter.php(453): CodeIgniter\Filters\Filters->run('user/get-my-current-work/8', 'before')
 4 SYSTEMPATH/CodeIgniter.php(349): CodeIgniter\CodeIgniter->handleRequest(null, Object(Config\Cache), false)
 5 FCPATH/index.php(73): CodeIgniter\CodeIgniter->run()
CRITICAL - 2023-06-07 10:18:39 --> Expired token
in FCPATH/vendor/firebase/php-jwt/src/JWT.php on line 162.
 1 APPPATH/Filters/Auth.php(61): Firebase\JWT\JWT::decode('eyJ0eXAiOiJKV1QiLCJhbGciOiJIUzI1NiJ9.eyJpc3MiOiJOZWVsIG5ldHdvcmtzIiwiYXVkIjoiY3VzdG9tZXIiLCJpYXQiOjE2ODYwNTgwNzksImV4cCI6MTY4NjA4Njg3OSwiZW1haWwiOiJoZW1hbnRAbmVlbG5ldHdvcmtzLmNvbSIsInJlZmVyIjoiaHR0cHM6Ly9wcm9qZWN0LW1hbmFnZW1lbnQtc3lzdGVtLW5lZWwtbmV0d29ya3MudmVyY2VsLmFwcC8ifQ.seOuuX3VSoANBYH9f_65Qt-C7cx5ZgWtMuHGo4wdnpA', Object(Firebase\JWT\Key))
 2 SYSTEMPATH/Filters/Filters.php(173): App\Filters\Auth->before(Object(CodeIgniter\HTTP\IncomingRequest), null)
 3 SYSTEMPATH/CodeIgniter.php(453): CodeIgniter\Filters\Filters->run('user/get-my-current-work/12', 'before')
 4 SYSTEMPATH/CodeIgniter.php(349): CodeIgniter\CodeIgniter->handleRequest(null, Object(Config\Cache), false)
 5 FCPATH/index.php(73): CodeIgniter\CodeIgniter->run()
CRITICAL - 2023-06-07 10:18:39 --> Expired token
in FCPATH/vendor/firebase/php-jwt/src/JWT.php on line 162.
 1 APPPATH/Filters/Auth.php(61): Firebase\JWT\JWT::decode('eyJ0eXAiOiJKV1QiLCJhbGciOiJIUzI1NiJ9.eyJpc3MiOiJOZWVsIG5ldHdvcmtzIiwiYXVkIjoiY3VzdG9tZXIiLCJpYXQiOjE2ODYwNTgwNzksImV4cCI6MTY4NjA4Njg3OSwiZW1haWwiOiJoZW1hbnRAbmVlbG5ldHdvcmtzLmNvbSIsInJlZmVyIjoiaHR0cHM6Ly9wcm9qZWN0LW1hbmFnZW1lbnQtc3lzdGVtLW5lZWwtbmV0d29ya3MudmVyY2VsLmFwcC8ifQ.seOuuX3VSoANBYH9f_65Qt-C7cx5ZgWtMuHGo4wdnpA', Object(Firebase\JWT\Key))
 2 SYSTEMPATH/Filters/Filters.php(173): App\Filters\Auth->before(Object(CodeIgniter\HTTP\IncomingRequest), null)
 3 SYSTEMPATH/CodeIgniter.php(453): CodeIgniter\Filters\Filters->run('user/count-project-list-for-single-user/12', 'before')
 4 SYSTEMPATH/CodeIgniter.php(349): CodeIgniter\CodeIgniter->handleRequest(null, Object(Config\Cache), false)
 5 FCPATH/index.php(73): CodeIgniter\CodeIgniter->run()
CRITICAL - 2023-06-07 10:18:39 --> Expired token
in FCPATH/vendor/firebase/php-jwt/src/JWT.php on line 162.
 1 APPPATH/Filters/Auth.php(61): Firebase\JWT\JWT::decode('eyJ0eXAiOiJKV1QiLCJhbGciOiJIUzI1NiJ9.eyJpc3MiOiJOZWVsIG5ldHdvcmtzIiwiYXVkIjoiY3VzdG9tZXIiLCJpYXQiOjE2ODYwNTgwNzksImV4cCI6MTY4NjA4Njg3OSwiZW1haWwiOiJoZW1hbnRAbmVlbG5ldHdvcmtzLmNvbSIsInJlZmVyIjoiaHR0cHM6Ly9wcm9qZWN0LW1hbmFnZW1lbnQtc3lzdGVtLW5lZWwtbmV0d29ya3MudmVyY2VsLmFwcC8ifQ.seOuuX3VSoANBYH9f_65Qt-C7cx5ZgWtMuHGo4wdnpA', Object(Firebase\JWT\Key))
 2 SYSTEMPATH/Filters/Filters.php(173): App\Filters\Auth->before(Object(CodeIgniter\HTTP\IncomingRequest), null)
 3 SYSTEMPATH/CodeIgniter.php(453): CodeIgniter\Filters\Filters->run('user/12', 'before')
 4 SYSTEMPATH/CodeIgniter.php(349): CodeIgniter\CodeIgniter->handleRequest(null, Object(Config\Cache), false)
 5 FCPATH/index.php(73): CodeIgniter\CodeIgniter->run()
CRITICAL - 2023-06-07 10:18:39 --> Expired token
in FCPATH/vendor/firebase/php-jwt/src/JWT.php on line 162.
 1 APPPATH/Filters/Auth.php(61): Firebase\JWT\JWT::decode('eyJ0eXAiOiJKV1QiLCJhbGciOiJIUzI1NiJ9.eyJpc3MiOiJOZWVsIG5ldHdvcmtzIiwiYXVkIjoiY3VzdG9tZXIiLCJpYXQiOjE2ODYwNTgwNzksImV4cCI6MTY4NjA4Njg3OSwiZW1haWwiOiJoZW1hbnRAbmVlbG5ldHdvcmtzLmNvbSIsInJlZmVyIjoiaHR0cHM6Ly9wcm9qZWN0LW1hbmFnZW1lbnQtc3lzdGVtLW5lZWwtbmV0d29ya3MudmVyY2VsLmFwcC8ifQ.seOuuX3VSoANBYH9f_65Qt-C7cx5ZgWtMuHGo4wdnpA', Object(Firebase\JWT\Key))
 2 SYSTEMPATH/Filters/Filters.php(173): App\Filters\Auth->before(Object(CodeIgniter\HTTP\IncomingRequest), null)
 3 SYSTEMPATH/CodeIgniter.php(453): CodeIgniter\Filters\Filters->run('task/list', 'before')
 4 SYSTEMPATH/CodeIgniter.php(349): CodeIgniter\CodeIgniter->handleRequest(null, Object(Config\Cache), false)
 5 FCPATH/index.php(73): CodeIgniter\CodeIgniter->run()
CRITICAL - 2023-06-07 10:18:40 --> Expired token
in FCPATH/vendor/firebase/php-jwt/src/JWT.php on line 162.
 1 APPPATH/Filters/Auth.php(61): Firebase\JWT\JWT::decode('eyJ0eXAiOiJKV1QiLCJhbGciOiJIUzI1NiJ9.eyJpc3MiOiJOZWVsIG5ldHdvcmtzIiwiYXVkIjoiY3VzdG9tZXIiLCJpYXQiOjE2ODYwNTgwNzksImV4cCI6MTY4NjA4Njg3OSwiZW1haWwiOiJoZW1hbnRAbmVlbG5ldHdvcmtzLmNvbSIsInJlZmVyIjoiaHR0cHM6Ly9wcm9qZWN0LW1hbmFnZW1lbnQtc3lzdGVtLW5lZWwtbmV0d29ya3MudmVyY2VsLmFwcC8ifQ.seOuuX3VSoANBYH9f_65Qt-C7cx5ZgWtMuHGo4wdnpA', Object(Firebase\JWT\Key))
 2 SYSTEMPATH/Filters/Filters.php(173): App\Filters\Auth->before(Object(CodeIgniter\HTTP\IncomingRequest), null)
 3 SYSTEMPATH/CodeIgniter.php(453): CodeIgniter\Filters\Filters->run('user/all-notifications/12', 'before')
 4 SYSTEMPATH/CodeIgniter.php(349): CodeIgniter\CodeIgniter->handleRequest(null, Object(Config\Cache), false)
 5 FCPATH/index.php(73): CodeIgniter\CodeIgniter->run()
CRITICAL - 2023-06-07 10:18:40 --> Expired token
in FCPATH/vendor/firebase/php-jwt/src/JWT.php on line 162.
 1 APPPATH/Filters/Auth.php(61): Firebase\JWT\JWT::decode('eyJ0eXAiOiJKV1QiLCJhbGciOiJIUzI1NiJ9.eyJpc3MiOiJOZWVsIG5ldHdvcmtzIiwiYXVkIjoiY3VzdG9tZXIiLCJpYXQiOjE2ODYwNTgwNzksImV4cCI6MTY4NjA4Njg3OSwiZW1haWwiOiJoZW1hbnRAbmVlbG5ldHdvcmtzLmNvbSIsInJlZmVyIjoiaHR0cHM6Ly9wcm9qZWN0LW1hbmFnZW1lbnQtc3lzdGVtLW5lZWwtbmV0d29ya3MudmVyY2VsLmFwcC8ifQ.seOuuX3VSoANBYH9f_65Qt-C7cx5ZgWtMuHGo4wdnpA', Object(Firebase\JWT\Key))
 2 SYSTEMPATH/Filters/Filters.php(173): App\Filters\Auth->before(Object(CodeIgniter\HTTP\IncomingRequest), null)
 3 SYSTEMPATH/CodeIgniter.php(453): CodeIgniter\Filters\Filters->run('task/list', 'before')
 4 SYSTEMPATH/CodeIgniter.php(349): CodeIgniter\CodeIgniter->handleRequest(null, Object(Config\Cache), false)
 5 FCPATH/index.php(73): CodeIgniter\CodeIgniter->run()
CRITICAL - 2023-06-07 10:20:12 --> Expired token
in FCPATH/vendor/firebase/php-jwt/src/JWT.php on line 162.
 1 APPPATH/Filters/Auth.php(61): Firebase\JWT\JWT::decode('eyJ0eXAiOiJKV1QiLCJhbGciOiJIUzI1NiJ9.eyJpc3MiOiJOZWVsIG5ldHdvcmtzIiwiYXVkIjoiY3VzdG9tZXIiLCJpYXQiOjE2ODYwNTgyNDUsImV4cCI6MTY4NjA4NzA0NSwiZW1haWwiOiJkaGFuYXNocmVlQG5lZWxuZXR3b3Jrcy5jb20iLCJyZWZlciI6Imh0dHBzOi8vcHJvamVjdC1tYW5hZ2VtZW50LXN5c3RlbS1uZWVsLW5ldHdvcmtzLnZlcmNlbC5hcHAvIn0.WGjqHffIIpnfR2qm8wQI_aIZH9sp2JXZ-2dFwJM-rIw', Object(Firebase\JWT\Key))
 2 SYSTEMPATH/Filters/Filters.php(173): App\Filters\Auth->before(Object(CodeIgniter\HTTP\IncomingRequest), null)
 3 SYSTEMPATH/CodeIgniter.php(453): CodeIgniter\Filters\Filters->run('user/get-my-current-work/5', 'before')
 4 SYSTEMPATH/CodeIgniter.php(349): CodeIgniter\CodeIgniter->handleRequest(null, Object(Config\Cache), false)
 5 FCPATH/index.php(73): CodeIgniter\CodeIgniter->run()
CRITICAL - 2023-06-07 10:20:12 --> Expired token
in FCPATH/vendor/firebase/php-jwt/src/JWT.php on line 162.
 1 APPPATH/Filters/Auth.php(61): Firebase\JWT\JWT::decode('eyJ0eXAiOiJKV1QiLCJhbGciOiJIUzI1NiJ9.eyJpc3MiOiJOZWVsIG5ldHdvcmtzIiwiYXVkIjoiY3VzdG9tZXIiLCJpYXQiOjE2ODYwNTgyNDUsImV4cCI6MTY4NjA4NzA0NSwiZW1haWwiOiJkaGFuYXNocmVlQG5lZWxuZXR3b3Jrcy5jb20iLCJyZWZlciI6Imh0dHBzOi8vcHJvamVjdC1tYW5hZ2VtZW50LXN5c3RlbS1uZWVsLW5ldHdvcmtzLnZlcmNlbC5hcHAvIn0.WGjqHffIIpnfR2qm8wQI_aIZH9sp2JXZ-2dFwJM-rIw', Object(Firebase\JWT\Key))
 2 SYSTEMPATH/Filters/Filters.php(173): App\Filters\Auth->before(Object(CodeIgniter\HTTP\IncomingRequest), null)
 3 SYSTEMPATH/CodeIgniter.php(453): CodeIgniter\Filters\Filters->run('task/list', 'before')
 4 SYSTEMPATH/CodeIgniter.php(349): CodeIgniter\CodeIgniter->handleRequest(null, Object(Config\Cache), false)
 5 FCPATH/index.php(73): CodeIgniter\CodeIgniter->run()
CRITICAL - 2023-06-07 10:20:12 --> Expired token
in FCPATH/vendor/firebase/php-jwt/src/JWT.php on line 162.
 1 APPPATH/Filters/Auth.php(61): Firebase\JWT\JWT::decode('eyJ0eXAiOiJKV1QiLCJhbGciOiJIUzI1NiJ9.eyJpc3MiOiJOZWVsIG5ldHdvcmtzIiwiYXVkIjoiY3VzdG9tZXIiLCJpYXQiOjE2ODYwNTgyNDUsImV4cCI6MTY4NjA4NzA0NSwiZW1haWwiOiJkaGFuYXNocmVlQG5lZWxuZXR3b3Jrcy5jb20iLCJyZWZlciI6Imh0dHBzOi8vcHJvamVjdC1tYW5hZ2VtZW50LXN5c3RlbS1uZWVsLW5ldHdvcmtzLnZlcmNlbC5hcHAvIn0.WGjqHffIIpnfR2qm8wQI_aIZH9sp2JXZ-2dFwJM-rIw', Object(Firebase\JWT\Key))
 2 SYSTEMPATH/Filters/Filters.php(173): App\Filters\Auth->before(Object(CodeIgniter\HTTP\IncomingRequest), null)
 3 SYSTEMPATH/CodeIgniter.php(453): CodeIgniter\Filters\Filters->run('user/all-notifications/5', 'before')
 4 SYSTEMPATH/CodeIgniter.php(349): CodeIgniter\CodeIgniter->handleRequest(null, Object(Config\Cache), false)
 5 FCPATH/index.php(73): CodeIgniter\CodeIgniter->run()
CRITICAL - 2023-06-07 10:20:12 --> Expired token
in FCPATH/vendor/firebase/php-jwt/src/JWT.php on line 162.
 1 APPPATH/Filters/Auth.php(61): Firebase\JWT\JWT::decode('eyJ0eXAiOiJKV1QiLCJhbGciOiJIUzI1NiJ9.eyJpc3MiOiJOZWVsIG5ldHdvcmtzIiwiYXVkIjoiY3VzdG9tZXIiLCJpYXQiOjE2ODYwNTgyNDUsImV4cCI6MTY4NjA4NzA0NSwiZW1haWwiOiJkaGFuYXNocmVlQG5lZWxuZXR3b3Jrcy5jb20iLCJyZWZlciI6Imh0dHBzOi8vcHJvamVjdC1tYW5hZ2VtZW50LXN5c3RlbS1uZWVsLW5ldHdvcmtzLnZlcmNlbC5hcHAvIn0.WGjqHffIIpnfR2qm8wQI_aIZH9sp2JXZ-2dFwJM-rIw', Object(Firebase\JWT\Key))
 2 SYSTEMPATH/Filters/Filters.php(173): App\Filters\Auth->before(Object(CodeIgniter\HTTP\IncomingRequest), null)
 3 SYSTEMPATH/CodeIgniter.php(453): CodeIgniter\Filters\Filters->run('user/count-project-list-for-single-user/5', 'before')
 4 SYSTEMPATH/CodeIgniter.php(349): CodeIgniter\CodeIgniter->handleRequest(null, Object(Config\Cache), false)
 5 FCPATH/index.php(73): CodeIgniter\CodeIgniter->run()
CRITICAL - 2023-06-07 10:20:12 --> Expired token
in FCPATH/vendor/firebase/php-jwt/src/JWT.php on line 162.
 1 APPPATH/Filters/Auth.php(61): Firebase\JWT\JWT::decode('eyJ0eXAiOiJKV1QiLCJhbGciOiJIUzI1NiJ9.eyJpc3MiOiJOZWVsIG5ldHdvcmtzIiwiYXVkIjoiY3VzdG9tZXIiLCJpYXQiOjE2ODYwNTgyNDUsImV4cCI6MTY4NjA4NzA0NSwiZW1haWwiOiJkaGFuYXNocmVlQG5lZWxuZXR3b3Jrcy5jb20iLCJyZWZlciI6Imh0dHBzOi8vcHJvamVjdC1tYW5hZ2VtZW50LXN5c3RlbS1uZWVsLW5ldHdvcmtzLnZlcmNlbC5hcHAvIn0.WGjqHffIIpnfR2qm8wQI_aIZH9sp2JXZ-2dFwJM-rIw', Object(Firebase\JWT\Key))
 2 SYSTEMPATH/Filters/Filters.php(173): App\Filters\Auth->before(Object(CodeIgniter\HTTP\IncomingRequest), null)
 3 SYSTEMPATH/CodeIgniter.php(453): CodeIgniter\Filters\Filters->run('task/list', 'before')
 4 SYSTEMPATH/CodeIgniter.php(349): CodeIgniter\CodeIgniter->handleRequest(null, Object(Config\Cache), false)
 5 FCPATH/index.php(73): CodeIgniter\CodeIgniter->run()
CRITICAL - 2023-06-07 10:20:12 --> Expired token
in FCPATH/vendor/firebase/php-jwt/src/JWT.php on line 162.
 1 APPPATH/Filters/Auth.php(61): Firebase\JWT\JWT::decode('eyJ0eXAiOiJKV1QiLCJhbGciOiJIUzI1NiJ9.eyJpc3MiOiJOZWVsIG5ldHdvcmtzIiwiYXVkIjoiY3VzdG9tZXIiLCJpYXQiOjE2ODYwNTgyNDUsImV4cCI6MTY4NjA4NzA0NSwiZW1haWwiOiJkaGFuYXNocmVlQG5lZWxuZXR3b3Jrcy5jb20iLCJyZWZlciI6Imh0dHBzOi8vcHJvamVjdC1tYW5hZ2VtZW50LXN5c3RlbS1uZWVsLW5ldHdvcmtzLnZlcmNlbC5hcHAvIn0.WGjqHffIIpnfR2qm8wQI_aIZH9sp2JXZ-2dFwJM-rIw', Object(Firebase\JWT\Key))
 2 SYSTEMPATH/Filters/Filters.php(173): App\Filters\Auth->before(Object(CodeIgniter\HTTP\IncomingRequest), null)
 3 SYSTEMPATH/CodeIgniter.php(453): CodeIgniter\Filters\Filters->run('user/5', 'before')
 4 SYSTEMPATH/CodeIgniter.php(349): CodeIgniter\CodeIgniter->handleRequest(null, Object(Config\Cache), false)
 5 FCPATH/index.php(73): CodeIgniter\CodeIgniter->run()
CRITICAL - 2023-06-07 10:30:07 --> Expired token
in FCPATH/vendor/firebase/php-jwt/src/JWT.php on line 162.
 1 APPPATH/Filters/Auth.php(61): Firebase\JWT\JWT::decode('eyJ0eXAiOiJKV1QiLCJhbGciOiJIUzI1NiJ9.eyJpc3MiOiJOZWVsIG5ldHdvcmtzIiwiYXVkIjoiY3VzdG9tZXIiLCJpYXQiOjE2ODYwNTgxNjUsImV4cCI6MTY4NjA4Njk2NSwiZW1haWwiOiJhZG1pbnRlc3RAbmVlbG5ldHdvcmtzLmNvbSIsInJlZmVyIjoiaHR0cHM6Ly9wcm9qZWN0LW1hbmFnZW1lbnQtc3lzdGVtLW5lZWwtbmV0d29ya3MudmVyY2VsLmFwcC8ifQ.G3PK9L4V_d4M_4F4GoeTuaoHEyu4kjF0lBObuMeeq2I', Object(Firebase\JWT\Key))
 2 SYSTEMPATH/Filters/Filters.php(173): App\Filters\Auth->before(Object(CodeIgniter\HTTP\IncomingRequest), null)
 3 SYSTEMPATH/CodeIgniter.php(453): CodeIgniter\Filters\Filters->run('user/18', 'before')
 4 SYSTEMPATH/CodeIgniter.php(349): CodeIgniter\CodeIgniter->handleRequest(null, Object(Config\Cache), false)
 5 FCPATH/index.php(73): CodeIgniter\CodeIgniter->run()
CRITICAL - 2023-06-07 10:30:07 --> Expired token
in FCPATH/vendor/firebase/php-jwt/src/JWT.php on line 162.
 1 APPPATH/Filters/Auth.php(61): Firebase\JWT\JWT::decode('eyJ0eXAiOiJKV1QiLCJhbGciOiJIUzI1NiJ9.eyJpc3MiOiJOZWVsIG5ldHdvcmtzIiwiYXVkIjoiY3VzdG9tZXIiLCJpYXQiOjE2ODYwNTgxNjUsImV4cCI6MTY4NjA4Njk2NSwiZW1haWwiOiJhZG1pbnRlc3RAbmVlbG5ldHdvcmtzLmNvbSIsInJlZmVyIjoiaHR0cHM6Ly9wcm9qZWN0LW1hbmFnZW1lbnQtc3lzdGVtLW5lZWwtbmV0d29ya3MudmVyY2VsLmFwcC8ifQ.G3PK9L4V_d4M_4F4GoeTuaoHEyu4kjF0lBObuMeeq2I', Object(Firebase\JWT\Key))
 2 SYSTEMPATH/Filters/Filters.php(173): App\Filters\Auth->before(Object(CodeIgniter\HTTP\IncomingRequest), null)
 3 SYSTEMPATH/CodeIgniter.php(453): CodeIgniter\Filters\Filters->run('project', 'before')
 4 SYSTEMPATH/CodeIgniter.php(349): CodeIgniter\CodeIgniter->handleRequest(null, Object(Config\Cache), false)
 5 FCPATH/index.php(73): CodeIgniter\CodeIgniter->run()
CRITICAL - 2023-06-07 10:30:07 --> Expired token
in FCPATH/vendor/firebase/php-jwt/src/JWT.php on line 162.
 1 APPPATH/Filters/Auth.php(61): Firebase\JWT\JWT::decode('eyJ0eXAiOiJKV1QiLCJhbGciOiJIUzI1NiJ9.eyJpc3MiOiJOZWVsIG5ldHdvcmtzIiwiYXVkIjoiY3VzdG9tZXIiLCJpYXQiOjE2ODYwNTgxNjUsImV4cCI6MTY4NjA4Njk2NSwiZW1haWwiOiJhZG1pbnRlc3RAbmVlbG5ldHdvcmtzLmNvbSIsInJlZmVyIjoiaHR0cHM6Ly9wcm9qZWN0LW1hbmFnZW1lbnQtc3lzdGVtLW5lZWwtbmV0d29ya3MudmVyY2VsLmFwcC8ifQ.G3PK9L4V_d4M_4F4GoeTuaoHEyu4kjF0lBObuMeeq2I', Object(Firebase\JWT\Key))
 2 SYSTEMPATH/Filters/Filters.php(173): App\Filters\Auth->before(Object(CodeIgniter\HTTP\IncomingRequest), null)
 3 SYSTEMPATH/CodeIgniter.php(453): CodeIgniter\Filters\Filters->run('user/get-current-work-by-employee/18', 'before')
 4 SYSTEMPATH/CodeIgniter.php(349): CodeIgniter\CodeIgniter->handleRequest(null, Object(Config\Cache), false)
 5 FCPATH/index.php(73): CodeIgniter\CodeIgniter->run()
CRITICAL - 2023-06-07 10:30:07 --> Expired token
in FCPATH/vendor/firebase/php-jwt/src/JWT.php on line 162.
 1 APPPATH/Filters/Auth.php(61): Firebase\JWT\JWT::decode('eyJ0eXAiOiJKV1QiLCJhbGciOiJIUzI1NiJ9.eyJpc3MiOiJOZWVsIG5ldHdvcmtzIiwiYXVkIjoiY3VzdG9tZXIiLCJpYXQiOjE2ODYwNTgxNjUsImV4cCI6MTY4NjA4Njk2NSwiZW1haWwiOiJhZG1pbnRlc3RAbmVlbG5ldHdvcmtzLmNvbSIsInJlZmVyIjoiaHR0cHM6Ly9wcm9qZWN0LW1hbmFnZW1lbnQtc3lzdGVtLW5lZWwtbmV0d29ya3MudmVyY2VsLmFwcC8ifQ.G3PK9L4V_d4M_4F4GoeTuaoHEyu4kjF0lBObuMeeq2I', Object(Firebase\JWT\Key))
 2 SYSTEMPATH/Filters/Filters.php(173): App\Filters\Auth->before(Object(CodeIgniter\HTTP\IncomingRequest), null)
 3 SYSTEMPATH/CodeIgniter.php(453): CodeIgniter\Filters\Filters->run('user/all-notifications/18', 'before')
 4 SYSTEMPATH/CodeIgniter.php(349): CodeIgniter\CodeIgniter->handleRequest(null, Object(Config\Cache), false)
 5 FCPATH/index.php(73): CodeIgniter\CodeIgniter->run()
CRITICAL - 2023-06-07 12:00:41 --> Expired token
in FCPATH/vendor/firebase/php-jwt/src/JWT.php on line 162.
 1 APPPATH/Filters/Auth.php(61): Firebase\JWT\JWT::decode('eyJ0eXAiOiJKV1QiLCJhbGciOiJIUzI1NiJ9.eyJpc3MiOiJOZWVsIG5ldHdvcmtzIiwiYXVkIjoiY3VzdG9tZXIiLCJpYXQiOjE2ODYwMjY4NTcsImV4cCI6MTY4NjA1NTY1NywiZW1haWwiOiJzYW5qaXZhbmlAbmVlbG5ldHdvcmtzLmNvbSIsInJlZmVyIjoiaHR0cHM6Ly9wcm9qZWN0LW1hbmFnZW1lbnQtc3lzdGVtLW5lZWwtbmV0d29ya3MudmVyY2VsLmFwcC8ifQ.2A6J_5guppgOVuBv0DmtOk8TdMnxTwWtCisvhVSGGgo', Object(Firebase\JWT\Key))
 2 SYSTEMPATH/Filters/Filters.php(173): App\Filters\Auth->before(Object(CodeIgniter\HTTP\IncomingRequest), null)
 3 SYSTEMPATH/CodeIgniter.php(453): CodeIgniter\Filters\Filters->run('task/list', 'before')
 4 SYSTEMPATH/CodeIgniter.php(349): CodeIgniter\CodeIgniter->handleRequest(null, Object(Config\Cache), false)
 5 FCPATH/index.php(73): CodeIgniter\CodeIgniter->run()
CRITICAL - 2023-06-07 12:00:41 --> Expired token
in FCPATH/vendor/firebase/php-jwt/src/JWT.php on line 162.
 1 APPPATH/Filters/Auth.php(61): Firebase\JWT\JWT::decode('eyJ0eXAiOiJKV1QiLCJhbGciOiJIUzI1NiJ9.eyJpc3MiOiJOZWVsIG5ldHdvcmtzIiwiYXVkIjoiY3VzdG9tZXIiLCJpYXQiOjE2ODYwMjY4NTcsImV4cCI6MTY4NjA1NTY1NywiZW1haWwiOiJzYW5qaXZhbmlAbmVlbG5ldHdvcmtzLmNvbSIsInJlZmVyIjoiaHR0cHM6Ly9wcm9qZWN0LW1hbmFnZW1lbnQtc3lzdGVtLW5lZWwtbmV0d29ya3MudmVyY2VsLmFwcC8ifQ.2A6J_5guppgOVuBv0DmtOk8TdMnxTwWtCisvhVSGGgo', Object(Firebase\JWT\Key))
 2 SYSTEMPATH/Filters/Filters.php(173): App\Filters\Auth->before(Object(CodeIgniter\HTTP\IncomingRequest), null)
 3 SYSTEMPATH/CodeIgniter.php(453): CodeIgniter\Filters\Filters->run('user/3', 'before')
 4 SYSTEMPATH/CodeIgniter.php(349): CodeIgniter\CodeIgniter->handleRequest(null, Object(Config\Cache), false)
 5 FCPATH/index.php(73): CodeIgniter\CodeIgniter->run()
CRITICAL - 2023-06-07 12:00:41 --> Expired token
in FCPATH/vendor/firebase/php-jwt/src/JWT.php on line 162.
 1 APPPATH/Filters/Auth.php(61): Firebase\JWT\JWT::decode('eyJ0eXAiOiJKV1QiLCJhbGciOiJIUzI1NiJ9.eyJpc3MiOiJOZWVsIG5ldHdvcmtzIiwiYXVkIjoiY3VzdG9tZXIiLCJpYXQiOjE2ODYwMjY4NTcsImV4cCI6MTY4NjA1NTY1NywiZW1haWwiOiJzYW5qaXZhbmlAbmVlbG5ldHdvcmtzLmNvbSIsInJlZmVyIjoiaHR0cHM6Ly9wcm9qZWN0LW1hbmFnZW1lbnQtc3lzdGVtLW5lZWwtbmV0d29ya3MudmVyY2VsLmFwcC8ifQ.2A6J_5guppgOVuBv0DmtOk8TdMnxTwWtCisvhVSGGgo', Object(Firebase\JWT\Key))
 2 SYSTEMPATH/Filters/Filters.php(173): App\Filters\Auth->before(Object(CodeIgniter\HTTP\IncomingRequest), null)
 3 SYSTEMPATH/CodeIgniter.php(453): CodeIgniter\Filters\Filters->run('user/count-project-list-for-single-user/3', 'before')
 4 SYSTEMPATH/CodeIgniter.php(349): CodeIgniter\CodeIgniter->handleRequest(null, Object(Config\Cache), false)
 5 FCPATH/index.php(73): CodeIgniter\CodeIgniter->run()
CRITICAL - 2023-06-07 12:00:41 --> Expired token
in FCPATH/vendor/firebase/php-jwt/src/JWT.php on line 162.
 1 APPPATH/Filters/Auth.php(61): Firebase\JWT\JWT::decode('eyJ0eXAiOiJKV1QiLCJhbGciOiJIUzI1NiJ9.eyJpc3MiOiJOZWVsIG5ldHdvcmtzIiwiYXVkIjoiY3VzdG9tZXIiLCJpYXQiOjE2ODYwMjY4NTcsImV4cCI6MTY4NjA1NTY1NywiZW1haWwiOiJzYW5qaXZhbmlAbmVlbG5ldHdvcmtzLmNvbSIsInJlZmVyIjoiaHR0cHM6Ly9wcm9qZWN0LW1hbmFnZW1lbnQtc3lzdGVtLW5lZWwtbmV0d29ya3MudmVyY2VsLmFwcC8ifQ.2A6J_5guppgOVuBv0DmtOk8TdMnxTwWtCisvhVSGGgo', Object(Firebase\JWT\Key))
 2 SYSTEMPATH/Filters/Filters.php(173): App\Filters\Auth->before(Object(CodeIgniter\HTTP\IncomingRequest), null)
 3 SYSTEMPATH/CodeIgniter.php(453): CodeIgniter\Filters\Filters->run('user/get-my-current-work/3', 'before')
 4 SYSTEMPATH/CodeIgniter.php(349): CodeIgniter\CodeIgniter->handleRequest(null, Object(Config\Cache), false)
 5 FCPATH/index.php(73): CodeIgniter\CodeIgniter->run()
CRITICAL - 2023-06-07 12:00:41 --> Expired token
in FCPATH/vendor/firebase/php-jwt/src/JWT.php on line 162.
 1 APPPATH/Filters/Auth.php(61): Firebase\JWT\JWT::decode('eyJ0eXAiOiJKV1QiLCJhbGciOiJIUzI1NiJ9.eyJpc3MiOiJOZWVsIG5ldHdvcmtzIiwiYXVkIjoiY3VzdG9tZXIiLCJpYXQiOjE2ODYwMjY4NTcsImV4cCI6MTY4NjA1NTY1NywiZW1haWwiOiJzYW5qaXZhbmlAbmVlbG5ldHdvcmtzLmNvbSIsInJlZmVyIjoiaHR0cHM6Ly9wcm9qZWN0LW1hbmFnZW1lbnQtc3lzdGVtLW5lZWwtbmV0d29ya3MudmVyY2VsLmFwcC8ifQ.2A6J_5guppgOVuBv0DmtOk8TdMnxTwWtCisvhVSGGgo', Object(Firebase\JWT\Key))
 2 SYSTEMPATH/Filters/Filters.php(173): App\Filters\Auth->before(Object(CodeIgniter\HTTP\IncomingRequest), null)
 3 SYSTEMPATH/CodeIgniter.php(453): CodeIgniter\Filters\Filters->run('task/list', 'before')
 4 SYSTEMPATH/CodeIgniter.php(349): CodeIgniter\CodeIgniter->handleRequest(null, Object(Config\Cache), false)
 5 FCPATH/index.php(73): CodeIgniter\CodeIgniter->run()
CRITICAL - 2023-06-07 12:00:41 --> Expired token
in FCPATH/vendor/firebase/php-jwt/src/JWT.php on line 162.
 1 APPPATH/Filters/Auth.php(61): Firebase\JWT\JWT::decode('eyJ0eXAiOiJKV1QiLCJhbGciOiJIUzI1NiJ9.eyJpc3MiOiJOZWVsIG5ldHdvcmtzIiwiYXVkIjoiY3VzdG9tZXIiLCJpYXQiOjE2ODYwMjY4NTcsImV4cCI6MTY4NjA1NTY1NywiZW1haWwiOiJzYW5qaXZhbmlAbmVlbG5ldHdvcmtzLmNvbSIsInJlZmVyIjoiaHR0cHM6Ly9wcm9qZWN0LW1hbmFnZW1lbnQtc3lzdGVtLW5lZWwtbmV0d29ya3MudmVyY2VsLmFwcC8ifQ.2A6J_5guppgOVuBv0DmtOk8TdMnxTwWtCisvhVSGGgo', Object(Firebase\JWT\Key))
 2 SYSTEMPATH/Filters/Filters.php(173): App\Filters\Auth->before(Object(CodeIgniter\HTTP\IncomingRequest), null)
 3 SYSTEMPATH/CodeIgniter.php(453): CodeIgniter\Filters\Filters->run('user/all-notifications/3', 'before')
 4 SYSTEMPATH/CodeIgniter.php(349): CodeIgniter\CodeIgniter->handleRequest(null, Object(Config\Cache), false)
 5 FCPATH/index.php(73): CodeIgniter\CodeIgniter->run()
CRITICAL - 2023-06-07 12:00:43 --> Expired token
in FCPATH/vendor/firebase/php-jwt/src/JWT.php on line 162.
 1 APPPATH/Filters/Auth.php(61): Firebase\JWT\JWT::decode('eyJ0eXAiOiJKV1QiLCJhbGciOiJIUzI1NiJ9.eyJpc3MiOiJOZWVsIG5ldHdvcmtzIiwiYXVkIjoiY3VzdG9tZXIiLCJpYXQiOjE2ODYwMjY4NTcsImV4cCI6MTY4NjA1NTY1NywiZW1haWwiOiJzYW5qaXZhbmlAbmVlbG5ldHdvcmtzLmNvbSIsInJlZmVyIjoiaHR0cHM6Ly9wcm9qZWN0LW1hbmFnZW1lbnQtc3lzdGVtLW5lZWwtbmV0d29ya3MudmVyY2VsLmFwcC8ifQ.2A6J_5guppgOVuBv0DmtOk8TdMnxTwWtCisvhVSGGgo', Object(Firebase\JWT\Key))
 2 SYSTEMPATH/Filters/Filters.php(173): App\Filters\Auth->before(Object(CodeIgniter\HTTP\IncomingRequest), null)
 3 SYSTEMPATH/CodeIgniter.php(453): CodeIgniter\Filters\Filters->run('user/all-notifications/3', 'before')
 4 SYSTEMPATH/CodeIgniter.php(349): CodeIgniter\CodeIgniter->handleRequest(null, Object(Config\Cache), false)
 5 FCPATH/index.php(73): CodeIgniter\CodeIgniter->run()
CRITICAL - 2023-06-07 12:00:43 --> Expired token
in FCPATH/vendor/firebase/php-jwt/src/JWT.php on line 162.
 1 APPPATH/Filters/Auth.php(61): Firebase\JWT\JWT::decode('eyJ0eXAiOiJKV1QiLCJhbGciOiJIUzI1NiJ9.eyJpc3MiOiJOZWVsIG5ldHdvcmtzIiwiYXVkIjoiY3VzdG9tZXIiLCJpYXQiOjE2ODYwMjY4NTcsImV4cCI6MTY4NjA1NTY1NywiZW1haWwiOiJzYW5qaXZhbmlAbmVlbG5ldHdvcmtzLmNvbSIsInJlZmVyIjoiaHR0cHM6Ly9wcm9qZWN0LW1hbmFnZW1lbnQtc3lzdGVtLW5lZWwtbmV0d29ya3MudmVyY2VsLmFwcC8ifQ.2A6J_5guppgOVuBv0DmtOk8TdMnxTwWtCisvhVSGGgo', Object(Firebase\JWT\Key))
 2 SYSTEMPATH/Filters/Filters.php(173): App\Filters\Auth->before(Object(CodeIgniter\HTTP\IncomingRequest), null)
 3 SYSTEMPATH/CodeIgniter.php(453): CodeIgniter\Filters\Filters->run('user/3', 'before')
 4 SYSTEMPATH/CodeIgniter.php(349): CodeIgniter\CodeIgniter->handleRequest(null, Object(Config\Cache), false)
 5 FCPATH/index.php(73): CodeIgniter\CodeIgniter->run()
CRITICAL - 2023-06-07 12:00:43 --> Expired token
in FCPATH/vendor/firebase/php-jwt/src/JWT.php on line 162.
 1 APPPATH/Filters/Auth.php(61): Firebase\JWT\JWT::decode('eyJ0eXAiOiJKV1QiLCJhbGciOiJIUzI1NiJ9.eyJpc3MiOiJOZWVsIG5ldHdvcmtzIiwiYXVkIjoiY3VzdG9tZXIiLCJpYXQiOjE2ODYwMjY4NTcsImV4cCI6MTY4NjA1NTY1NywiZW1haWwiOiJzYW5qaXZhbmlAbmVlbG5ldHdvcmtzLmNvbSIsInJlZmVyIjoiaHR0cHM6Ly9wcm9qZWN0LW1hbmFnZW1lbnQtc3lzdGVtLW5lZWwtbmV0d29ya3MudmVyY2VsLmFwcC8ifQ.2A6J_5guppgOVuBv0DmtOk8TdMnxTwWtCisvhVSGGgo', Object(Firebase\JWT\Key))
 2 SYSTEMPATH/Filters/Filters.php(173): App\Filters\Auth->before(Object(CodeIgniter\HTTP\IncomingRequest), null)
 3 SYSTEMPATH/CodeIgniter.php(453): CodeIgniter\Filters\Filters->run('task/list', 'before')
 4 SYSTEMPATH/CodeIgniter.php(349): CodeIgniter\CodeIgniter->handleRequest(null, Object(Config\Cache), false)
 5 FCPATH/index.php(73): CodeIgniter\CodeIgniter->run()
CRITICAL - 2023-06-07 12:00:44 --> Expired token
in FCPATH/vendor/firebase/php-jwt/src/JWT.php on line 162.
 1 APPPATH/Filters/Auth.php(61): Firebase\JWT\JWT::decode('eyJ0eXAiOiJKV1QiLCJhbGciOiJIUzI1NiJ9.eyJpc3MiOiJOZWVsIG5ldHdvcmtzIiwiYXVkIjoiY3VzdG9tZXIiLCJpYXQiOjE2ODYwMjY4NTcsImV4cCI6MTY4NjA1NTY1NywiZW1haWwiOiJzYW5qaXZhbmlAbmVlbG5ldHdvcmtzLmNvbSIsInJlZmVyIjoiaHR0cHM6Ly9wcm9qZWN0LW1hbmFnZW1lbnQtc3lzdGVtLW5lZWwtbmV0d29ya3MudmVyY2VsLmFwcC8ifQ.2A6J_5guppgOVuBv0DmtOk8TdMnxTwWtCisvhVSGGgo', Object(Firebase\JWT\Key))
 2 SYSTEMPATH/Filters/Filters.php(173): App\Filters\Auth->before(Object(CodeIgniter\HTTP\IncomingRequest), null)
 3 SYSTEMPATH/CodeIgniter.php(453): CodeIgniter\Filters\Filters->run('user/assign-project-list-for-single-user/3', 'before')
 4 SYSTEMPATH/CodeIgniter.php(349): CodeIgniter\CodeIgniter->handleRequest(null, Object(Config\Cache), false)
 5 FCPATH/index.php(73): CodeIgniter\CodeIgniter->run()
CRITICAL - 2023-06-07 12:00:44 --> Expired token
in FCPATH/vendor/firebase/php-jwt/src/JWT.php on line 162.
 1 APPPATH/Filters/Auth.php(61): Firebase\JWT\JWT::decode('eyJ0eXAiOiJKV1QiLCJhbGciOiJIUzI1NiJ9.eyJpc3MiOiJOZWVsIG5ldHdvcmtzIiwiYXVkIjoiY3VzdG9tZXIiLCJpYXQiOjE2ODYwMjY4NTcsImV4cCI6MTY4NjA1NTY1NywiZW1haWwiOiJzYW5qaXZhbmlAbmVlbG5ldHdvcmtzLmNvbSIsInJlZmVyIjoiaHR0cHM6Ly9wcm9qZWN0LW1hbmFnZW1lbnQtc3lzdGVtLW5lZWwtbmV0d29ya3MudmVyY2VsLmFwcC8ifQ.2A6J_5guppgOVuBv0DmtOk8TdMnxTwWtCisvhVSGGgo', Object(Firebase\JWT\Key))
 2 SYSTEMPATH/Filters/Filters.php(173): App\Filters\Auth->before(Object(CodeIgniter\HTTP\IncomingRequest), null)
 3 SYSTEMPATH/CodeIgniter.php(453): CodeIgniter\Filters\Filters->run('project/list/3/2023-06-07', 'before')
 4 SYSTEMPATH/CodeIgniter.php(349): CodeIgniter\CodeIgniter->handleRequest(null, Object(Config\Cache), false)
 5 FCPATH/index.php(73): CodeIgniter\CodeIgniter->run()
CRITICAL - 2023-06-07 12:00:44 --> Expired token
in FCPATH/vendor/firebase/php-jwt/src/JWT.php on line 162.
 1 APPPATH/Filters/Auth.php(61): Firebase\JWT\JWT::decode('eyJ0eXAiOiJKV1QiLCJhbGciOiJIUzI1NiJ9.eyJpc3MiOiJOZWVsIG5ldHdvcmtzIiwiYXVkIjoiY3VzdG9tZXIiLCJpYXQiOjE2ODYwMjY4NTcsImV4cCI6MTY4NjA1NTY1NywiZW1haWwiOiJzYW5qaXZhbmlAbmVlbG5ldHdvcmtzLmNvbSIsInJlZmVyIjoiaHR0cHM6Ly9wcm9qZWN0LW1hbmFnZW1lbnQtc3lzdGVtLW5lZWwtbmV0d29ya3MudmVyY2VsLmFwcC8ifQ.2A6J_5guppgOVuBv0DmtOk8TdMnxTwWtCisvhVSGGgo', Object(Firebase\JWT\Key))
 2 SYSTEMPATH/Filters/Filters.php(173): App\Filters\Auth->before(Object(CodeIgniter\HTTP\IncomingRequest), null)
 3 SYSTEMPATH/CodeIgniter.php(453): CodeIgniter\Filters\Filters->run('holiday-list', 'before')
 4 SYSTEMPATH/CodeIgniter.php(349): CodeIgniter\CodeIgniter->handleRequest(null, Object(Config\Cache), false)
 5 FCPATH/index.php(73): CodeIgniter\CodeIgniter->run()
CRITICAL - 2023-06-07 16:15:53 --> Expired token
in FCPATH/vendor/firebase/php-jwt/src/JWT.php on line 162.
 1 APPPATH/Filters/Auth.php(61): Firebase\JWT\JWT::decode('eyJ0eXAiOiJKV1QiLCJhbGciOiJIUzI1NiJ9.eyJpc3MiOiJOZWVsIG5ldHdvcmtzIiwiYXVkIjoiY3VzdG9tZXIiLCJpYXQiOjE2ODU5Njk5MjgsImV4cCI6MTY4NTk5ODcyOCwiZW1haWwiOiJzYXJ2ZXNoQG5lZWxuZXR3b3Jrcy5jb20iLCJyZWZlciI6Imh0dHBzOi8vcHJvamVjdC1tYW5hZ2VtZW50LXN5c3RlbS1uZWVsLW5ldHdvcmtzLnZlcmNlbC5hcHAvIn0.9zqhOFecqfSnqUpiZSPDCXnM83B-bbyF9qXsL-Swm78', Object(Firebase\JWT\Key))
 2 SYSTEMPATH/Filters/Filters.php(173): App\Filters\Auth->before(Object(CodeIgniter\HTTP\IncomingRequest), null)
 3 SYSTEMPATH/CodeIgniter.php(453): CodeIgniter\Filters\Filters->run('user/11', 'before')
 4 SYSTEMPATH/CodeIgniter.php(349): CodeIgniter\CodeIgniter->handleRequest(null, Object(Config\Cache), false)
 5 FCPATH/index.php(73): CodeIgniter\CodeIgniter->run()
CRITICAL - 2023-06-07 16:15:53 --> Expired token
in FCPATH/vendor/firebase/php-jwt/src/JWT.php on line 162.
 1 APPPATH/Filters/Auth.php(61): Firebase\JWT\JWT::decode('eyJ0eXAiOiJKV1QiLCJhbGciOiJIUzI1NiJ9.eyJpc3MiOiJOZWVsIG5ldHdvcmtzIiwiYXVkIjoiY3VzdG9tZXIiLCJpYXQiOjE2ODU5Njk5MjgsImV4cCI6MTY4NTk5ODcyOCwiZW1haWwiOiJzYXJ2ZXNoQG5lZWxuZXR3b3Jrcy5jb20iLCJyZWZlciI6Imh0dHBzOi8vcHJvamVjdC1tYW5hZ2VtZW50LXN5c3RlbS1uZWVsLW5ldHdvcmtzLnZlcmNlbC5hcHAvIn0.9zqhOFecqfSnqUpiZSPDCXnM83B-bbyF9qXsL-Swm78', Object(Firebase\JWT\Key))
 2 SYSTEMPATH/Filters/Filters.php(173): App\Filters\Auth->before(Object(CodeIgniter\HTTP\IncomingRequest), null)
 3 SYSTEMPATH/CodeIgniter.php(453): CodeIgniter\Filters\Filters->run('task/my-assign-task/11', 'before')
 4 SYSTEMPATH/CodeIgniter.php(349): CodeIgniter\CodeIgniter->handleRequest(null, Object(Config\Cache), false)
 5 FCPATH/index.php(73): CodeIgniter\CodeIgniter->run()
CRITICAL - 2023-06-07 16:15:53 --> Expired token
in FCPATH/vendor/firebase/php-jwt/src/JWT.php on line 162.
 1 APPPATH/Filters/Auth.php(61): Firebase\JWT\JWT::decode('eyJ0eXAiOiJKV1QiLCJhbGciOiJIUzI1NiJ9.eyJpc3MiOiJOZWVsIG5ldHdvcmtzIiwiYXVkIjoiY3VzdG9tZXIiLCJpYXQiOjE2ODU5Njk5MjgsImV4cCI6MTY4NTk5ODcyOCwiZW1haWwiOiJzYXJ2ZXNoQG5lZWxuZXR3b3Jrcy5jb20iLCJyZWZlciI6Imh0dHBzOi8vcHJvamVjdC1tYW5hZ2VtZW50LXN5c3RlbS1uZWVsLW5ldHdvcmtzLnZlcmNlbC5hcHAvIn0.9zqhOFecqfSnqUpiZSPDCXnM83B-bbyF9qXsL-Swm78', Object(Firebase\JWT\Key))
 2 SYSTEMPATH/Filters/Filters.php(173): App\Filters\Auth->before(Object(CodeIgniter\HTTP\IncomingRequest), null)
 3 SYSTEMPATH/CodeIgniter.php(453): CodeIgniter\Filters\Filters->run('user/all-notifications/11', 'before')
 4 SYSTEMPATH/CodeIgniter.php(349): CodeIgniter\CodeIgniter->handleRequest(null, Object(Config\Cache), false)
 5 FCPATH/index.php(73): CodeIgniter\CodeIgniter->run()
CRITICAL - 2023-06-07 17:35:32 --> Expired token
in FCPATH/vendor/firebase/php-jwt/src/JWT.php on line 162.
 1 APPPATH/Filters/Auth.php(61): Firebase\JWT\JWT::decode('eyJ0eXAiOiJKV1QiLCJhbGciOiJIUzI1NiJ9.eyJpc3MiOiJOZWVsIG5ldHdvcmtzIiwiYXVkIjoiY3VzdG9tZXIiLCJpYXQiOjE2ODYwMjczMjAsImV4cCI6MTY4NjA1NjEyMCwiZW1haWwiOiJqZWVsQG5lZWxuZXR3b3Jrcy5jb20iLCJyZWZlciI6Imh0dHBzOi8vcHJvamVjdC1tYW5hZ2VtZW50LXN5c3RlbS1uZWVsLW5ldHdvcmtzLnZlcmNlbC5hcHAvIn0.LZZ5FsKGTIkeffjEuMMlP-DCexbuIpaCHEkBM7p07kM', Object(Firebase\JWT\Key))
 2 SYSTEMPATH/Filters/Filters.php(173): App\Filters\Auth->before(Object(CodeIgniter\HTTP\IncomingRequest), null)
 3 SYSTEMPATH/CodeIgniter.php(453): CodeIgniter\Filters\Filters->run('task/list', 'before')
 4 SYSTEMPATH/CodeIgniter.php(349): CodeIgniter\CodeIgniter->handleRequest(null, Object(Config\Cache), false)
 5 FCPATH/index.php(73): CodeIgniter\CodeIgniter->run()
CRITICAL - 2023-06-07 17:35:32 --> Expired token
in FCPATH/vendor/firebase/php-jwt/src/JWT.php on line 162.
 1 APPPATH/Filters/Auth.php(61): Firebase\JWT\JWT::decode('eyJ0eXAiOiJKV1QiLCJhbGciOiJIUzI1NiJ9.eyJpc3MiOiJOZWVsIG5ldHdvcmtzIiwiYXVkIjoiY3VzdG9tZXIiLCJpYXQiOjE2ODYwMjczMjAsImV4cCI6MTY4NjA1NjEyMCwiZW1haWwiOiJqZWVsQG5lZWxuZXR3b3Jrcy5jb20iLCJyZWZlciI6Imh0dHBzOi8vcHJvamVjdC1tYW5hZ2VtZW50LXN5c3RlbS1uZWVsLW5ldHdvcmtzLnZlcmNlbC5hcHAvIn0.LZZ5FsKGTIkeffjEuMMlP-DCexbuIpaCHEkBM7p07kM', Object(Firebase\JWT\Key))
 2 SYSTEMPATH/Filters/Filters.php(173): App\Filters\Auth->before(Object(CodeIgniter\HTTP\IncomingRequest), null)
 3 SYSTEMPATH/CodeIgniter.php(453): CodeIgniter\Filters\Filters->run('user/2', 'before')
 4 SYSTEMPATH/CodeIgniter.php(349): CodeIgniter\CodeIgniter->handleRequest(null, Object(Config\Cache), false)
 5 FCPATH/index.php(73): CodeIgniter\CodeIgniter->run()
CRITICAL - 2023-06-07 17:35:32 --> Expired token
in FCPATH/vendor/firebase/php-jwt/src/JWT.php on line 162.
 1 APPPATH/Filters/Auth.php(61): Firebase\JWT\JWT::decode('eyJ0eXAiOiJKV1QiLCJhbGciOiJIUzI1NiJ9.eyJpc3MiOiJOZWVsIG5ldHdvcmtzIiwiYXVkIjoiY3VzdG9tZXIiLCJpYXQiOjE2ODYwMjczMjAsImV4cCI6MTY4NjA1NjEyMCwiZW1haWwiOiJqZWVsQG5lZWxuZXR3b3Jrcy5jb20iLCJyZWZlciI6Imh0dHBzOi8vcHJvamVjdC1tYW5hZ2VtZW50LXN5c3RlbS1uZWVsLW5ldHdvcmtzLnZlcmNlbC5hcHAvIn0.LZZ5FsKGTIkeffjEuMMlP-DCexbuIpaCHEkBM7p07kM', Object(Firebase\JWT\Key))
 2 SYSTEMPATH/Filters/Filters.php(173): App\Filters\Auth->before(Object(CodeIgniter\HTTP\IncomingRequest), null)
 3 SYSTEMPATH/CodeIgniter.php(453): CodeIgniter\Filters\Filters->run('project/list/2/2023-06-07', 'before')
 4 SYSTEMPATH/CodeIgniter.php(349): CodeIgniter\CodeIgniter->handleRequest(null, Object(Config\Cache), false)
 5 FCPATH/index.php(73): CodeIgniter\CodeIgniter->run()
CRITICAL - 2023-06-07 17:35:32 --> Expired token
in FCPATH/vendor/firebase/php-jwt/src/JWT.php on line 162.
 1 APPPATH/Filters/Auth.php(61): Firebase\JWT\JWT::decode('eyJ0eXAiOiJKV1QiLCJhbGciOiJIUzI1NiJ9.eyJpc3MiOiJOZWVsIG5ldHdvcmtzIiwiYXVkIjoiY3VzdG9tZXIiLCJpYXQiOjE2ODYwMjczMjAsImV4cCI6MTY4NjA1NjEyMCwiZW1haWwiOiJqZWVsQG5lZWxuZXR3b3Jrcy5jb20iLCJyZWZlciI6Imh0dHBzOi8vcHJvamVjdC1tYW5hZ2VtZW50LXN5c3RlbS1uZWVsLW5ldHdvcmtzLnZlcmNlbC5hcHAvIn0.LZZ5FsKGTIkeffjEuMMlP-DCexbuIpaCHEkBM7p07kM', Object(Firebase\JWT\Key))
 2 SYSTEMPATH/Filters/Filters.php(173): App\Filters\Auth->before(Object(CodeIgniter\HTTP\IncomingRequest), null)
 3 SYSTEMPATH/CodeIgniter.php(453): CodeIgniter\Filters\Filters->run('user/assign-project-list-for-single-user/2', 'before')
 4 SYSTEMPATH/CodeIgniter.php(349): CodeIgniter\CodeIgniter->handleRequest(null, Object(Config\Cache), false)
 5 FCPATH/index.php(73): CodeIgniter\CodeIgniter->run()
CRITICAL - 2023-06-07 17:35:32 --> Expired token
in FCPATH/vendor/firebase/php-jwt/src/JWT.php on line 162.
 1 APPPATH/Filters/Auth.php(61): Firebase\JWT\JWT::decode('eyJ0eXAiOiJKV1QiLCJhbGciOiJIUzI1NiJ9.eyJpc3MiOiJOZWVsIG5ldHdvcmtzIiwiYXVkIjoiY3VzdG9tZXIiLCJpYXQiOjE2ODYwMjczMjAsImV4cCI6MTY4NjA1NjEyMCwiZW1haWwiOiJqZWVsQG5lZWxuZXR3b3Jrcy5jb20iLCJyZWZlciI6Imh0dHBzOi8vcHJvamVjdC1tYW5hZ2VtZW50LXN5c3RlbS1uZWVsLW5ldHdvcmtzLnZlcmNlbC5hcHAvIn0.LZZ5FsKGTIkeffjEuMMlP-DCexbuIpaCHEkBM7p07kM', Object(Firebase\JWT\Key))
 2 SYSTEMPATH/Filters/Filters.php(173): App\Filters\Auth->before(Object(CodeIgniter\HTTP\IncomingRequest), null)
 3 SYSTEMPATH/CodeIgniter.php(453): CodeIgniter\Filters\Filters->run('holiday-list', 'before')
 4 SYSTEMPATH/CodeIgniter.php(349): CodeIgniter\CodeIgniter->handleRequest(null, Object(Config\Cache), false)
 5 FCPATH/index.php(73): CodeIgniter\CodeIgniter->run()
CRITICAL - 2023-06-07 17:35:32 --> Expired token
in FCPATH/vendor/firebase/php-jwt/src/JWT.php on line 162.
 1 APPPATH/Filters/Auth.php(61): Firebase\JWT\JWT::decode('eyJ0eXAiOiJKV1QiLCJhbGciOiJIUzI1NiJ9.eyJpc3MiOiJOZWVsIG5ldHdvcmtzIiwiYXVkIjoiY3VzdG9tZXIiLCJpYXQiOjE2ODYwMjczMjAsImV4cCI6MTY4NjA1NjEyMCwiZW1haWwiOiJqZWVsQG5lZWxuZXR3b3Jrcy5jb20iLCJyZWZlciI6Imh0dHBzOi8vcHJvamVjdC1tYW5hZ2VtZW50LXN5c3RlbS1uZWVsLW5ldHdvcmtzLnZlcmNlbC5hcHAvIn0.LZZ5FsKGTIkeffjEuMMlP-DCexbuIpaCHEkBM7p07kM', Object(Firebase\JWT\Key))
 2 SYSTEMPATH/Filters/Filters.php(173): App\Filters\Auth->before(Object(CodeIgniter\HTTP\IncomingRequest), null)
 3 SYSTEMPATH/CodeIgniter.php(453): CodeIgniter\Filters\Filters->run('user/all-notifications/2', 'before')
 4 SYSTEMPATH/CodeIgniter.php(349): CodeIgniter\CodeIgniter->handleRequest(null, Object(Config\Cache), false)
 5 FCPATH/index.php(73): CodeIgniter\CodeIgniter->run()
CRITICAL - 2023-06-07 17:35:32 --> Expired token
in FCPATH/vendor/firebase/php-jwt/src/JWT.php on line 162.
 1 APPPATH/Filters/Auth.php(61): Firebase\JWT\JWT::decode('eyJ0eXAiOiJKV1QiLCJhbGciOiJIUzI1NiJ9.eyJpc3MiOiJOZWVsIG5ldHdvcmtzIiwiYXVkIjoiY3VzdG9tZXIiLCJpYXQiOjE2ODYwMjczMjAsImV4cCI6MTY4NjA1NjEyMCwiZW1haWwiOiJqZWVsQG5lZWxuZXR3b3Jrcy5jb20iLCJyZWZlciI6Imh0dHBzOi8vcHJvamVjdC1tYW5hZ2VtZW50LXN5c3RlbS1uZWVsLW5ldHdvcmtzLnZlcmNlbC5hcHAvIn0.LZZ5FsKGTIkeffjEuMMlP-DCexbuIpaCHEkBM7p07kM', Object(Firebase\JWT\Key))
 2 SYSTEMPATH/Filters/Filters.php(173): App\Filters\Auth->before(Object(CodeIgniter\HTTP\IncomingRequest), null)
 3 SYSTEMPATH/CodeIgniter.php(453): CodeIgniter\Filters\Filters->run('project/list/2/2023-06-06', 'before')
 4 SYSTEMPATH/CodeIgniter.php(349): CodeIgniter\CodeIgniter->handleRequest(null, Object(Config\Cache), false)
 5 FCPATH/index.php(73): CodeIgniter\CodeIgniter->run()
CRITICAL - 2023-06-07 18:20:08 --> Expired token
in FCPATH/vendor/firebase/php-jwt/src/JWT.php on line 162.
 1 APPPATH/Filters/Auth.php(61): Firebase\JWT\JWT::decode('eyJ0eXAiOiJKV1QiLCJhbGciOiJIUzI1NiJ9.eyJpc3MiOiJOZWVsIG5ldHdvcmtzIiwiYXVkIjoiY3VzdG9tZXIiLCJpYXQiOjE2ODYxMTIzODksImV4cCI6MTY4NjE0MTE4OSwiZW1haWwiOiJyYXRuZXNoQG5lZWxuZXR3b3Jrcy5jb20iLCJyZWZlciI6Imh0dHBzOi8vcHJvamVjdC1tYW5hZ2VtZW50LXN5c3RlbS1uZWVsLW5ldHdvcmtzLnZlcmNlbC5hcHAvIn0.kmmhKJf-8ZA6joe4KkcPgE36OM_prt7ircaDOIij7VQ', Object(Firebase\JWT\Key))
 2 SYSTEMPATH/Filters/Filters.php(173): App\Filters\Auth->before(Object(CodeIgniter\HTTP\IncomingRequest), null)
 3 SYSTEMPATH/CodeIgniter.php(453): CodeIgniter\Filters\Filters->run('holiday-list', 'before')
 4 SYSTEMPATH/CodeIgniter.php(349): CodeIgniter\CodeIgniter->handleRequest(null, Object(Config\Cache), false)
 5 FCPATH/index.php(73): CodeIgniter\CodeIgniter->run()
CRITICAL - 2023-06-07 18:20:08 --> Expired token
in FCPATH/vendor/firebase/php-jwt/src/JWT.php on line 162.
 1 APPPATH/Filters/Auth.php(61): Firebase\JWT\JWT::decode('eyJ0eXAiOiJKV1QiLCJhbGciOiJIUzI1NiJ9.eyJpc3MiOiJOZWVsIG5ldHdvcmtzIiwiYXVkIjoiY3VzdG9tZXIiLCJpYXQiOjE2ODYxMTIzODksImV4cCI6MTY4NjE0MTE4OSwiZW1haWwiOiJyYXRuZXNoQG5lZWxuZXR3b3Jrcy5jb20iLCJyZWZlciI6Imh0dHBzOi8vcHJvamVjdC1tYW5hZ2VtZW50LXN5c3RlbS1uZWVsLW5ldHdvcmtzLnZlcmNlbC5hcHAvIn0.kmmhKJf-8ZA6joe4KkcPgE36OM_prt7ircaDOIij7VQ', Object(Firebase\JWT\Key))
 2 SYSTEMPATH/Filters/Filters.php(173): App\Filters\Auth->before(Object(CodeIgniter\HTTP\IncomingRequest), null)
 3 SYSTEMPATH/CodeIgniter.php(453): CodeIgniter\Filters\Filters->run('task/list', 'before')
 4 SYSTEMPATH/CodeIgniter.php(349): CodeIgniter\CodeIgniter->handleRequest(null, Object(Config\Cache), false)
 5 FCPATH/index.php(73): CodeIgniter\CodeIgniter->run()
CRITICAL - 2023-06-07 18:20:08 --> Expired token
in FCPATH/vendor/firebase/php-jwt/src/JWT.php on line 162.
 1 APPPATH/Filters/Auth.php(61): Firebase\JWT\JWT::decode('eyJ0eXAiOiJKV1QiLCJhbGciOiJIUzI1NiJ9.eyJpc3MiOiJOZWVsIG5ldHdvcmtzIiwiYXVkIjoiY3VzdG9tZXIiLCJpYXQiOjE2ODYxMTIzODksImV4cCI6MTY4NjE0MTE4OSwiZW1haWwiOiJyYXRuZXNoQG5lZWxuZXR3b3Jrcy5jb20iLCJyZWZlciI6Imh0dHBzOi8vcHJvamVjdC1tYW5hZ2VtZW50LXN5c3RlbS1uZWVsLW5ldHdvcmtzLnZlcmNlbC5hcHAvIn0.kmmhKJf-8ZA6joe4KkcPgE36OM_prt7ircaDOIij7VQ', Object(Firebase\JWT\Key))
 2 SYSTEMPATH/Filters/Filters.php(173): App\Filters\Auth->before(Object(CodeIgniter\HTTP\IncomingRequest), null)
 3 SYSTEMPATH/CodeIgniter.php(453): CodeIgniter\Filters\Filters->run('project/list/16/2023-06-07', 'before')
 4 SYSTEMPATH/CodeIgniter.php(349): CodeIgniter\CodeIgniter->handleRequest(null, Object(Config\Cache), false)
 5 FCPATH/index.php(73): CodeIgniter\CodeIgniter->run()
CRITICAL - 2023-06-07 18:20:08 --> Expired token
in FCPATH/vendor/firebase/php-jwt/src/JWT.php on line 162.
 1 APPPATH/Filters/Auth.php(61): Firebase\JWT\JWT::decode('eyJ0eXAiOiJKV1QiLCJhbGciOiJIUzI1NiJ9.eyJpc3MiOiJOZWVsIG5ldHdvcmtzIiwiYXVkIjoiY3VzdG9tZXIiLCJpYXQiOjE2ODYxMTIzODksImV4cCI6MTY4NjE0MTE4OSwiZW1haWwiOiJyYXRuZXNoQG5lZWxuZXR3b3Jrcy5jb20iLCJyZWZlciI6Imh0dHBzOi8vcHJvamVjdC1tYW5hZ2VtZW50LXN5c3RlbS1uZWVsLW5ldHdvcmtzLnZlcmNlbC5hcHAvIn0.kmmhKJf-8ZA6joe4KkcPgE36OM_prt7ircaDOIij7VQ', Object(Firebase\JWT\Key))
 2 SYSTEMPATH/Filters/Filters.php(173): App\Filters\Auth->before(Object(CodeIgniter\HTTP\IncomingRequest), null)
 3 SYSTEMPATH/CodeIgniter.php(453): CodeIgniter\Filters\Filters->run('user/all-notifications/16', 'before')
 4 SYSTEMPATH/CodeIgniter.php(349): CodeIgniter\CodeIgniter->handleRequest(null, Object(Config\Cache), false)
 5 FCPATH/index.php(73): CodeIgniter\CodeIgniter->run()
CRITICAL - 2023-06-07 18:20:08 --> Expired token
in FCPATH/vendor/firebase/php-jwt/src/JWT.php on line 162.
 1 APPPATH/Filters/Auth.php(61): Firebase\JWT\JWT::decode('eyJ0eXAiOiJKV1QiLCJhbGciOiJIUzI1NiJ9.eyJpc3MiOiJOZWVsIG5ldHdvcmtzIiwiYXVkIjoiY3VzdG9tZXIiLCJpYXQiOjE2ODYxMTIzODksImV4cCI6MTY4NjE0MTE4OSwiZW1haWwiOiJyYXRuZXNoQG5lZWxuZXR3b3Jrcy5jb20iLCJyZWZlciI6Imh0dHBzOi8vcHJvamVjdC1tYW5hZ2VtZW50LXN5c3RlbS1uZWVsLW5ldHdvcmtzLnZlcmNlbC5hcHAvIn0.kmmhKJf-8ZA6joe4KkcPgE36OM_prt7ircaDOIij7VQ', Object(Firebase\JWT\Key))
 2 SYSTEMPATH/Filters/Filters.php(173): App\Filters\Auth->before(Object(CodeIgniter\HTTP\IncomingRequest), null)
 3 SYSTEMPATH/CodeIgniter.php(453): CodeIgniter\Filters\Filters->run('user/assign-project-list-for-single-user/16', 'before')
 4 SYSTEMPATH/CodeIgniter.php(349): CodeIgniter\CodeIgniter->handleRequest(null, Object(Config\Cache), false)
 5 FCPATH/index.php(73): CodeIgniter\CodeIgniter->run()
CRITICAL - 2023-06-07 18:20:08 --> Expired token
in FCPATH/vendor/firebase/php-jwt/src/JWT.php on line 162.
 1 APPPATH/Filters/Auth.php(61): Firebase\JWT\JWT::decode('eyJ0eXAiOiJKV1QiLCJhbGciOiJIUzI1NiJ9.eyJpc3MiOiJOZWVsIG5ldHdvcmtzIiwiYXVkIjoiY3VzdG9tZXIiLCJpYXQiOjE2ODYxMTIzODksImV4cCI6MTY4NjE0MTE4OSwiZW1haWwiOiJyYXRuZXNoQG5lZWxuZXR3b3Jrcy5jb20iLCJyZWZlciI6Imh0dHBzOi8vcHJvamVjdC1tYW5hZ2VtZW50LXN5c3RlbS1uZWVsLW5ldHdvcmtzLnZlcmNlbC5hcHAvIn0.kmmhKJf-8ZA6joe4KkcPgE36OM_prt7ircaDOIij7VQ', Object(Firebase\JWT\Key))
 2 SYSTEMPATH/Filters/Filters.php(173): App\Filters\Auth->before(Object(CodeIgniter\HTTP\IncomingRequest), null)
 3 SYSTEMPATH/CodeIgniter.php(453): CodeIgniter\Filters\Filters->run('user/16', 'before')
 4 SYSTEMPATH/CodeIgniter.php(349): CodeIgniter\CodeIgniter->handleRequest(null, Object(Config\Cache), false)
 5 FCPATH/index.php(73): CodeIgniter\CodeIgniter->run()
CRITICAL - 2023-06-07 19:00:36 --> Expired token
in FCPATH/vendor/firebase/php-jwt/src/JWT.php on line 162.
 1 APPPATH/Filters/Auth.php(61): Firebase\JWT\JWT::decode('eyJ0eXAiOiJKV1QiLCJhbGciOiJIUzI1NiJ9.eyJpc3MiOiJOZWVsIG5ldHdvcmtzIiwiYXVkIjoiY3VzdG9tZXIiLCJpYXQiOjE2ODYxMTM0MTcsImV4cCI6MTY4NjE0MjIxNywiZW1haWwiOiJkaGFuYXNocmVlQG5lZWxuZXR3b3Jrcy5jb20iLCJyZWZlciI6Imh0dHBzOi8vcHJvamVjdC1tYW5hZ2VtZW50LXN5c3RlbS1uZWVsLW5ldHdvcmtzLnZlcmNlbC5hcHAvIn0.Qg7Q4kecxr9-8IzrCFTEGqaN4IN3xHSxsVmrCVpngVM', Object(Firebase\JWT\Key))
 2 SYSTEMPATH/Filters/Filters.php(173): App\Filters\Auth->before(Object(CodeIgniter\HTTP\IncomingRequest), null)
 3 SYSTEMPATH/CodeIgniter.php(453): CodeIgniter\Filters\Filters->run('user/5', 'before')
 4 SYSTEMPATH/CodeIgniter.php(349): CodeIgniter\CodeIgniter->handleRequest(null, Object(Config\Cache), false)
 5 FCPATH/index.php(73): CodeIgniter\CodeIgniter->run()
CRITICAL - 2023-06-07 19:00:36 --> Expired token
in FCPATH/vendor/firebase/php-jwt/src/JWT.php on line 162.
 1 APPPATH/Filters/Auth.php(61): Firebase\JWT\JWT::decode('eyJ0eXAiOiJKV1QiLCJhbGciOiJIUzI1NiJ9.eyJpc3MiOiJOZWVsIG5ldHdvcmtzIiwiYXVkIjoiY3VzdG9tZXIiLCJpYXQiOjE2ODYxMTM0MTcsImV4cCI6MTY4NjE0MjIxNywiZW1haWwiOiJkaGFuYXNocmVlQG5lZWxuZXR3b3Jrcy5jb20iLCJyZWZlciI6Imh0dHBzOi8vcHJvamVjdC1tYW5hZ2VtZW50LXN5c3RlbS1uZWVsLW5ldHdvcmtzLnZlcmNlbC5hcHAvIn0.Qg7Q4kecxr9-8IzrCFTEGqaN4IN3xHSxsVmrCVpngVM', Object(Firebase\JWT\Key))
 2 SYSTEMPATH/Filters/Filters.php(173): App\Filters\Auth->before(Object(CodeIgniter\HTTP\IncomingRequest), null)
 3 SYSTEMPATH/CodeIgniter.php(453): CodeIgniter\Filters\Filters->run('user/all-notifications/5', 'before')
 4 SYSTEMPATH/CodeIgniter.php(349): CodeIgniter\CodeIgniter->handleRequest(null, Object(Config\Cache), false)
 5 FCPATH/index.php(73): CodeIgniter\CodeIgniter->run()
CRITICAL - 2023-06-07 19:00:36 --> Expired token
in FCPATH/vendor/firebase/php-jwt/src/JWT.php on line 162.
 1 APPPATH/Filters/Auth.php(61): Firebase\JWT\JWT::decode('eyJ0eXAiOiJKV1QiLCJhbGciOiJIUzI1NiJ9.eyJpc3MiOiJOZWVsIG5ldHdvcmtzIiwiYXVkIjoiY3VzdG9tZXIiLCJpYXQiOjE2ODYxMTM0MTcsImV4cCI6MTY4NjE0MjIxNywiZW1haWwiOiJkaGFuYXNocmVlQG5lZWxuZXR3b3Jrcy5jb20iLCJyZWZlciI6Imh0dHBzOi8vcHJvamVjdC1tYW5hZ2VtZW50LXN5c3RlbS1uZWVsLW5ldHdvcmtzLnZlcmNlbC5hcHAvIn0.Qg7Q4kecxr9-8IzrCFTEGqaN4IN3xHSxsVmrCVpngVM', Object(Firebase\JWT\Key))
 2 SYSTEMPATH/Filters/Filters.php(173): App\Filters\Auth->before(Object(CodeIgniter\HTTP\IncomingRequest), null)
 3 SYSTEMPATH/CodeIgniter.php(453): CodeIgniter\Filters\Filters->run('task/list', 'before')
 4 SYSTEMPATH/CodeIgniter.php(349): CodeIgniter\CodeIgniter->handleRequest(null, Object(Config\Cache), false)
 5 FCPATH/index.php(73): CodeIgniter\CodeIgniter->run()
CRITICAL - 2023-06-07 19:00:36 --> Expired token
in FCPATH/vendor/firebase/php-jwt/src/JWT.php on line 162.
 1 APPPATH/Filters/Auth.php(61): Firebase\JWT\JWT::decode('eyJ0eXAiOiJKV1QiLCJhbGciOiJIUzI1NiJ9.eyJpc3MiOiJOZWVsIG5ldHdvcmtzIiwiYXVkIjoiY3VzdG9tZXIiLCJpYXQiOjE2ODYxMTM0MTcsImV4cCI6MTY4NjE0MjIxNywiZW1haWwiOiJkaGFuYXNocmVlQG5lZWxuZXR3b3Jrcy5jb20iLCJyZWZlciI6Imh0dHBzOi8vcHJvamVjdC1tYW5hZ2VtZW50LXN5c3RlbS1uZWVsLW5ldHdvcmtzLnZlcmNlbC5hcHAvIn0.Qg7Q4kecxr9-8IzrCFTEGqaN4IN3xHSxsVmrCVpngVM', Object(Firebase\JWT\Key))
 2 SYSTEMPATH/Filters/Filters.php(173): App\Filters\Auth->before(Object(CodeIgniter\HTTP\IncomingRequest), null)
 3 SYSTEMPATH/CodeIgniter.php(453): CodeIgniter\Filters\Filters->run('task/list', 'before')
 4 SYSTEMPATH/CodeIgniter.php(349): CodeIgniter\CodeIgniter->handleRequest(null, Object(Config\Cache), false)
 5 FCPATH/index.php(73): CodeIgniter\CodeIgniter->run()
CRITICAL - 2023-06-07 19:00:36 --> Expired token
in FCPATH/vendor/firebase/php-jwt/src/JWT.php on line 162.
 1 APPPATH/Filters/Auth.php(61): Firebase\JWT\JWT::decode('eyJ0eXAiOiJKV1QiLCJhbGciOiJIUzI1NiJ9.eyJpc3MiOiJOZWVsIG5ldHdvcmtzIiwiYXVkIjoiY3VzdG9tZXIiLCJpYXQiOjE2ODYxMTM0MTcsImV4cCI6MTY4NjE0MjIxNywiZW1haWwiOiJkaGFuYXNocmVlQG5lZWxuZXR3b3Jrcy5jb20iLCJyZWZlciI6Imh0dHBzOi8vcHJvamVjdC1tYW5hZ2VtZW50LXN5c3RlbS1uZWVsLW5ldHdvcmtzLnZlcmNlbC5hcHAvIn0.Qg7Q4kecxr9-8IzrCFTEGqaN4IN3xHSxsVmrCVpngVM', Object(Firebase\JWT\Key))
 2 SYSTEMPATH/Filters/Filters.php(173): App\Filters\Auth->before(Object(CodeIgniter\HTTP\IncomingRequest), null)
 3 SYSTEMPATH/CodeIgniter.php(453): CodeIgniter\Filters\Filters->run('user/count-project-list-for-single-user/5', 'before')
 4 SYSTEMPATH/CodeIgniter.php(349): CodeIgniter\CodeIgniter->handleRequest(null, Object(Config\Cache), false)
 5 FCPATH/index.php(73): CodeIgniter\CodeIgniter->run()
CRITICAL - 2023-06-07 19:00:36 --> Expired token
in FCPATH/vendor/firebase/php-jwt/src/JWT.php on line 162.
 1 APPPATH/Filters/Auth.php(61): Firebase\JWT\JWT::decode('eyJ0eXAiOiJKV1QiLCJhbGciOiJIUzI1NiJ9.eyJpc3MiOiJOZWVsIG5ldHdvcmtzIiwiYXVkIjoiY3VzdG9tZXIiLCJpYXQiOjE2ODYxMTM0MTcsImV4cCI6MTY4NjE0MjIxNywiZW1haWwiOiJkaGFuYXNocmVlQG5lZWxuZXR3b3Jrcy5jb20iLCJyZWZlciI6Imh0dHBzOi8vcHJvamVjdC1tYW5hZ2VtZW50LXN5c3RlbS1uZWVsLW5ldHdvcmtzLnZlcmNlbC5hcHAvIn0.Qg7Q4kecxr9-8IzrCFTEGqaN4IN3xHSxsVmrCVpngVM', Object(Firebase\JWT\Key))
 2 SYSTEMPATH/Filters/Filters.php(173): App\Filters\Auth->before(Object(CodeIgniter\HTTP\IncomingRequest), null)
 3 SYSTEMPATH/CodeIgniter.php(453): CodeIgniter\Filters\Filters->run('user/get-my-current-work/5', 'before')
 4 SYSTEMPATH/CodeIgniter.php(349): CodeIgniter\CodeIgniter->handleRequest(null, Object(Config\Cache), false)
 5 FCPATH/index.php(73): CodeIgniter\CodeIgniter->run()
CRITICAL - 2023-06-07 19:12:07 --> Expired token
in FCPATH/vendor/firebase/php-jwt/src/JWT.php on line 162.
 1 APPPATH/Filters/Auth.php(61): Firebase\JWT\JWT::decode('eyJ0eXAiOiJKV1QiLCJhbGciOiJIUzI1NiJ9.eyJpc3MiOiJOZWVsIG5ldHdvcmtzIiwiYXVkIjoiY3VzdG9tZXIiLCJpYXQiOjE2ODYxMTI1ODksImV4cCI6MTY4NjE0MTM4OSwiZW1haWwiOiJzaHJ1dGlrYUBuZWVsbmV0d29ya3MuY29tIiwicmVmZXIiOiJodHRwczovL3Byb2plY3QtbWFuYWdlbWVudC1zeXN0ZW0tbmVlbC1uZXR3b3Jrcy52ZXJjZWwuYXBwLyJ9.1qCN9DofowJLl05sfPcbu3jC9z1UWCMRvEAsa4aFBSc', Object(Firebase\JWT\Key))
 2 SYSTEMPATH/Filters/Filters.php(173): App\Filters\Auth->before(Object(CodeIgniter\HTTP\IncomingRequest), null)
 3 SYSTEMPATH/CodeIgniter.php(453): CodeIgniter\Filters\Filters->run('holiday-list', 'before')
 4 SYSTEMPATH/CodeIgniter.php(349): CodeIgniter\CodeIgniter->handleRequest(null, Object(Config\Cache), false)
 5 FCPATH/index.php(73): CodeIgniter\CodeIgniter->run()
CRITICAL - 2023-06-07 19:12:07 --> Expired token
in FCPATH/vendor/firebase/php-jwt/src/JWT.php on line 162.
 1 APPPATH/Filters/Auth.php(61): Firebase\JWT\JWT::decode('eyJ0eXAiOiJKV1QiLCJhbGciOiJIUzI1NiJ9.eyJpc3MiOiJOZWVsIG5ldHdvcmtzIiwiYXVkIjoiY3VzdG9tZXIiLCJpYXQiOjE2ODYxMTI1ODksImV4cCI6MTY4NjE0MTM4OSwiZW1haWwiOiJzaHJ1dGlrYUBuZWVsbmV0d29ya3MuY29tIiwicmVmZXIiOiJodHRwczovL3Byb2plY3QtbWFuYWdlbWVudC1zeXN0ZW0tbmVlbC1uZXR3b3Jrcy52ZXJjZWwuYXBwLyJ9.1qCN9DofowJLl05sfPcbu3jC9z1UWCMRvEAsa4aFBSc', Object(Firebase\JWT\Key))
 2 SYSTEMPATH/Filters/Filters.php(173): App\Filters\Auth->before(Object(CodeIgniter\HTTP\IncomingRequest), null)
 3 SYSTEMPATH/CodeIgniter.php(453): CodeIgniter\Filters\Filters->run('project/list/8/2023-06-07', 'before')
 4 SYSTEMPATH/CodeIgniter.php(349): CodeIgniter\CodeIgniter->handleRequest(null, Object(Config\Cache), false)
 5 FCPATH/index.php(73): CodeIgniter\CodeIgniter->run()
CRITICAL - 2023-06-07 19:12:07 --> Expired token
in FCPATH/vendor/firebase/php-jwt/src/JWT.php on line 162.
 1 APPPATH/Filters/Auth.php(61): Firebase\JWT\JWT::decode('eyJ0eXAiOiJKV1QiLCJhbGciOiJIUzI1NiJ9.eyJpc3MiOiJOZWVsIG5ldHdvcmtzIiwiYXVkIjoiY3VzdG9tZXIiLCJpYXQiOjE2ODYxMTI1ODksImV4cCI6MTY4NjE0MTM4OSwiZW1haWwiOiJzaHJ1dGlrYUBuZWVsbmV0d29ya3MuY29tIiwicmVmZXIiOiJodHRwczovL3Byb2plY3QtbWFuYWdlbWVudC1zeXN0ZW0tbmVlbC1uZXR3b3Jrcy52ZXJjZWwuYXBwLyJ9.1qCN9DofowJLl05sfPcbu3jC9z1UWCMRvEAsa4aFBSc', Object(Firebase\JWT\Key))
 2 SYSTEMPATH/Filters/Filters.php(173): App\Filters\Auth->before(Object(CodeIgniter\HTTP\IncomingRequest), null)
 3 SYSTEMPATH/CodeIgniter.php(453): CodeIgniter\Filters\Filters->run('task/list', 'before')
 4 SYSTEMPATH/CodeIgniter.php(349): CodeIgniter\CodeIgniter->handleRequest(null, Object(Config\Cache), false)
 5 FCPATH/index.php(73): CodeIgniter\CodeIgniter->run()
CRITICAL - 2023-06-07 19:12:08 --> Expired token
in FCPATH/vendor/firebase/php-jwt/src/JWT.php on line 162.
 1 APPPATH/Filters/Auth.php(61): Firebase\JWT\JWT::decode('eyJ0eXAiOiJKV1QiLCJhbGciOiJIUzI1NiJ9.eyJpc3MiOiJOZWVsIG5ldHdvcmtzIiwiYXVkIjoiY3VzdG9tZXIiLCJpYXQiOjE2ODYxMTI1ODksImV4cCI6MTY4NjE0MTM4OSwiZW1haWwiOiJzaHJ1dGlrYUBuZWVsbmV0d29ya3MuY29tIiwicmVmZXIiOiJodHRwczovL3Byb2plY3QtbWFuYWdlbWVudC1zeXN0ZW0tbmVlbC1uZXR3b3Jrcy52ZXJjZWwuYXBwLyJ9.1qCN9DofowJLl05sfPcbu3jC9z1UWCMRvEAsa4aFBSc', Object(Firebase\JWT\Key))
 2 SYSTEMPATH/Filters/Filters.php(173): App\Filters\Auth->before(Object(CodeIgniter\HTTP\IncomingRequest), null)
 3 SYSTEMPATH/CodeIgniter.php(453): CodeIgniter\Filters\Filters->run('user/all-notifications/8', 'before')
 4 SYSTEMPATH/CodeIgniter.php(349): CodeIgniter\CodeIgniter->handleRequest(null, Object(Config\Cache), false)
 5 FCPATH/index.php(73): CodeIgniter\CodeIgniter->run()
CRITICAL - 2023-06-07 19:12:08 --> Expired token
in FCPATH/vendor/firebase/php-jwt/src/JWT.php on line 162.
 1 APPPATH/Filters/Auth.php(61): Firebase\JWT\JWT::decode('eyJ0eXAiOiJKV1QiLCJhbGciOiJIUzI1NiJ9.eyJpc3MiOiJOZWVsIG5ldHdvcmtzIiwiYXVkIjoiY3VzdG9tZXIiLCJpYXQiOjE2ODYxMTI1ODksImV4cCI6MTY4NjE0MTM4OSwiZW1haWwiOiJzaHJ1dGlrYUBuZWVsbmV0d29ya3MuY29tIiwicmVmZXIiOiJodHRwczovL3Byb2plY3QtbWFuYWdlbWVudC1zeXN0ZW0tbmVlbC1uZXR3b3Jrcy52ZXJjZWwuYXBwLyJ9.1qCN9DofowJLl05sfPcbu3jC9z1UWCMRvEAsa4aFBSc', Object(Firebase\JWT\Key))
 2 SYSTEMPATH/Filters/Filters.php(173): App\Filters\Auth->before(Object(CodeIgniter\HTTP\IncomingRequest), null)
 3 SYSTEMPATH/CodeIgniter.php(453): CodeIgniter\Filters\Filters->run('user/8', 'before')
 4 SYSTEMPATH/CodeIgniter.php(349): CodeIgniter\CodeIgniter->handleRequest(null, Object(Config\Cache), false)
 5 FCPATH/index.php(73): CodeIgniter\CodeIgniter->run()
CRITICAL - 2023-06-07 19:12:08 --> Expired token
in FCPATH/vendor/firebase/php-jwt/src/JWT.php on line 162.
 1 APPPATH/Filters/Auth.php(61): Firebase\JWT\JWT::decode('eyJ0eXAiOiJKV1QiLCJhbGciOiJIUzI1NiJ9.eyJpc3MiOiJOZWVsIG5ldHdvcmtzIiwiYXVkIjoiY3VzdG9tZXIiLCJpYXQiOjE2ODYxMTI1ODksImV4cCI6MTY4NjE0MTM4OSwiZW1haWwiOiJzaHJ1dGlrYUBuZWVsbmV0d29ya3MuY29tIiwicmVmZXIiOiJodHRwczovL3Byb2plY3QtbWFuYWdlbWVudC1zeXN0ZW0tbmVlbC1uZXR3b3Jrcy52ZXJjZWwuYXBwLyJ9.1qCN9DofowJLl05sfPcbu3jC9z1UWCMRvEAsa4aFBSc', Object(Firebase\JWT\Key))
 2 SYSTEMPATH/Filters/Filters.php(173): App\Filters\Auth->before(Object(CodeIgniter\HTTP\IncomingRequest), null)
 3 SYSTEMPATH/CodeIgniter.php(453): CodeIgniter\Filters\Filters->run('user/assign-project-list-for-single-user/8', 'before')
 4 SYSTEMPATH/CodeIgniter.php(349): CodeIgniter\CodeIgniter->handleRequest(null, Object(Config\Cache), false)
 5 FCPATH/index.php(73): CodeIgniter\CodeIgniter->run()
