ERROR - 2023-03-10 10:36:50 --> mysqli_sql_exception: Table 'project_assign' already exists in C:\xampp\htdocs\hemant-proj\ci\project-managment\v2\v209-03-2023\system\Database\MySQLi\Connection.php:292
Stack trace:
#0 C:\xampp\htdocs\hemant-proj\ci\project-managment\v2\v209-03-2023\system\Database\MySQLi\Connection.php(292): mysqli->query('CREATE TABLE `p...', 0)
#1 C:\xampp\htdocs\hemant-proj\ci\project-managment\v2\v209-03-2023\system\Database\BaseConnection.php(666): CodeIgniter\Database\MySQLi\Connection->execute('CREATE TABLE `p...')
#2 C:\xampp\htdocs\hemant-proj\ci\project-managment\v2\v209-03-2023\system\Database\BaseConnection.php(593): CodeIgniter\Database\BaseConnection->simpleQuery('CREATE TABLE `p...')
#3 C:\xampp\htdocs\hemant-proj\ci\project-managment\v2\v209-03-2023\system\Database\Forge.php(509): CodeIgniter\Database\BaseConnection->query('CREATE TABLE `p...')
#4 C:\xampp\htdocs\hemant-proj\ci\project-managment\v2\v209-03-2023\app\Database\Migrations\2023-01-25-064200_ProjectAssign.php(35): CodeIgniter\Database\Forge->createTable('project_assign')
#5 C:\xampp\htdocs\hemant-proj\ci\project-managment\v2\v209-03-2023\system\Database\MigrationRunner.php(869): App\Database\Migrations\ProjectAssign->up()
#6 C:\xampp\htdocs\hemant-proj\ci\project-managment\v2\v209-03-2023\system\Database\MigrationRunner.php(188): CodeIgniter\Database\MigrationRunner->migrate('up', Object(stdClass))
#7 C:\xampp\htdocs\hemant-proj\ci\project-managment\v2\v209-03-2023\system\Commands\Database\Migrate.php(84): CodeIgniter\Database\MigrationRunner->latest(NULL)
#8 C:\xampp\htdocs\hemant-proj\ci\project-managment\v2\v209-03-2023\system\CLI\Commands.php(63): CodeIgniter\Commands\Database\Migrate->run(Array)
#9 C:\xampp\htdocs\hemant-proj\ci\project-managment\v2\v209-03-2023\system\CLI\CommandRunner.php(65): CodeIgniter\CLI\Commands->run('migrate', Array)
#10 C:\xampp\htdocs\hemant-proj\ci\project-managment\v2\v209-03-2023\system\CLI\CommandRunner.php(51): CodeIgniter\CLI\CommandRunner->index(Array)
#11 C:\xampp\htdocs\hemant-proj\ci\project-managment\v2\v209-03-2023\system\CodeIgniter.php(918): CodeIgniter\CLI\CommandRunner->_remap('index', Array)
#12 C:\xampp\htdocs\hemant-proj\ci\project-managment\v2\v209-03-2023\system\CodeIgniter.php(480): CodeIgniter\CodeIgniter->runController(Object(CodeIgniter\CLI\CommandRunner))
#13 C:\xampp\htdocs\hemant-proj\ci\project-managment\v2\v209-03-2023\system\CodeIgniter.php(345): CodeIgniter\CodeIgniter->handleRequest(NULL, Object(Config\Cache), false)
#14 C:\xampp\htdocs\hemant-proj\ci\project-managment\v2\v209-03-2023\system\CLI\Console.php(48): CodeIgniter\CodeIgniter->run()
#15 C:\xampp\htdocs\hemant-proj\ci\project-managment\v2\v209-03-2023\spark(98): CodeIgniter\CLI\Console->run()
#16 {main}
ERROR - 2023-03-10 10:43:06 --> mysqli_sql_exception: Table 'project_assign' already exists in C:\xampp\htdocs\hemant-proj\ci\project-managment\v2\v209-03-2023\system\Database\MySQLi\Connection.php:292
Stack trace:
#0 C:\xampp\htdocs\hemant-proj\ci\project-managment\v2\v209-03-2023\system\Database\MySQLi\Connection.php(292): mysqli->query('CREATE TABLE `p...', 0)
#1 C:\xampp\htdocs\hemant-proj\ci\project-managment\v2\v209-03-2023\system\Database\BaseConnection.php(666): CodeIgniter\Database\MySQLi\Connection->execute('CREATE TABLE `p...')
#2 C:\xampp\htdocs\hemant-proj\ci\project-managment\v2\v209-03-2023\system\Database\BaseConnection.php(593): CodeIgniter\Database\BaseConnection->simpleQuery('CREATE TABLE `p...')
#3 C:\xampp\htdocs\hemant-proj\ci\project-managment\v2\v209-03-2023\system\Database\Forge.php(509): CodeIgniter\Database\BaseConnection->query('CREATE TABLE `p...')
#4 C:\xampp\htdocs\hemant-proj\ci\project-managment\v2\v209-03-2023\app\Database\Migrations\2023-01-25-064200_ProjectAssign.php(35): CodeIgniter\Database\Forge->createTable('project_assign')
#5 C:\xampp\htdocs\hemant-proj\ci\project-managment\v2\v209-03-2023\system\Database\MigrationRunner.php(869): App\Database\Migrations\ProjectAssign->up()
#6 C:\xampp\htdocs\hemant-proj\ci\project-managment\v2\v209-03-2023\system\Database\MigrationRunner.php(188): CodeIgniter\Database\MigrationRunner->migrate('up', Object(stdClass))
#7 C:\xampp\htdocs\hemant-proj\ci\project-managment\v2\v209-03-2023\system\Commands\Database\Migrate.php(84): CodeIgniter\Database\MigrationRunner->latest(NULL)
#8 C:\xampp\htdocs\hemant-proj\ci\project-managment\v2\v209-03-2023\system\CLI\Commands.php(63): CodeIgniter\Commands\Database\Migrate->run(Array)
#9 C:\xampp\htdocs\hemant-proj\ci\project-managment\v2\v209-03-2023\system\CLI\CommandRunner.php(65): CodeIgniter\CLI\Commands->run('migrate', Array)
#10 C:\xampp\htdocs\hemant-proj\ci\project-managment\v2\v209-03-2023\system\CLI\CommandRunner.php(51): CodeIgniter\CLI\CommandRunner->index(Array)
#11 C:\xampp\htdocs\hemant-proj\ci\project-managment\v2\v209-03-2023\system\CodeIgniter.php(918): CodeIgniter\CLI\CommandRunner->_remap('index', Array)
#12 C:\xampp\htdocs\hemant-proj\ci\project-managment\v2\v209-03-2023\system\CodeIgniter.php(480): CodeIgniter\CodeIgniter->runController(Object(CodeIgniter\CLI\CommandRunner))
#13 C:\xampp\htdocs\hemant-proj\ci\project-managment\v2\v209-03-2023\system\CodeIgniter.php(345): CodeIgniter\CodeIgniter->handleRequest(NULL, Object(Config\Cache), false)
#14 C:\xampp\htdocs\hemant-proj\ci\project-managment\v2\v209-03-2023\system\CLI\Console.php(48): CodeIgniter\CodeIgniter->run()
#15 C:\xampp\htdocs\hemant-proj\ci\project-managment\v2\v209-03-2023\spark(98): CodeIgniter\CLI\Console->run()
#16 {main}
ERROR - 2023-03-10 10:43:34 --> mysqli_sql_exception: Table 'project_assign' already exists in C:\xampp\htdocs\hemant-proj\ci\project-managment\v2\v209-03-2023\system\Database\MySQLi\Connection.php:292
Stack trace:
#0 C:\xampp\htdocs\hemant-proj\ci\project-managment\v2\v209-03-2023\system\Database\MySQLi\Connection.php(292): mysqli->query('CREATE TABLE `p...', 0)
#1 C:\xampp\htdocs\hemant-proj\ci\project-managment\v2\v209-03-2023\system\Database\BaseConnection.php(666): CodeIgniter\Database\MySQLi\Connection->execute('CREATE TABLE `p...')
#2 C:\xampp\htdocs\hemant-proj\ci\project-managment\v2\v209-03-2023\system\Database\BaseConnection.php(593): CodeIgniter\Database\BaseConnection->simpleQuery('CREATE TABLE `p...')
#3 C:\xampp\htdocs\hemant-proj\ci\project-managment\v2\v209-03-2023\system\Database\Forge.php(509): CodeIgniter\Database\BaseConnection->query('CREATE TABLE `p...')
#4 C:\xampp\htdocs\hemant-proj\ci\project-managment\v2\v209-03-2023\app\Database\Migrations\2023-01-25-064200_ProjectAssign.php(35): CodeIgniter\Database\Forge->createTable('project_assign')
#5 C:\xampp\htdocs\hemant-proj\ci\project-managment\v2\v209-03-2023\system\Database\MigrationRunner.php(869): App\Database\Migrations\ProjectAssign->up()
#6 C:\xampp\htdocs\hemant-proj\ci\project-managment\v2\v209-03-2023\system\Database\MigrationRunner.php(188): CodeIgniter\Database\MigrationRunner->migrate('up', Object(stdClass))
#7 C:\xampp\htdocs\hemant-proj\ci\project-managment\v2\v209-03-2023\system\Commands\Database\Migrate.php(84): CodeIgniter\Database\MigrationRunner->latest(NULL)
#8 C:\xampp\htdocs\hemant-proj\ci\project-managment\v2\v209-03-2023\system\CLI\Commands.php(63): CodeIgniter\Commands\Database\Migrate->run(Array)
#9 C:\xampp\htdocs\hemant-proj\ci\project-managment\v2\v209-03-2023\system\CLI\CommandRunner.php(65): CodeIgniter\CLI\Commands->run('migrate', Array)
#10 C:\xampp\htdocs\hemant-proj\ci\project-managment\v2\v209-03-2023\system\CLI\CommandRunner.php(51): CodeIgniter\CLI\CommandRunner->index(Array)
#11 C:\xampp\htdocs\hemant-proj\ci\project-managment\v2\v209-03-2023\system\CodeIgniter.php(918): CodeIgniter\CLI\CommandRunner->_remap('index', Array)
#12 C:\xampp\htdocs\hemant-proj\ci\project-managment\v2\v209-03-2023\system\CodeIgniter.php(480): CodeIgniter\CodeIgniter->runController(Object(CodeIgniter\CLI\CommandRunner))
#13 C:\xampp\htdocs\hemant-proj\ci\project-managment\v2\v209-03-2023\system\CodeIgniter.php(345): CodeIgniter\CodeIgniter->handleRequest(NULL, Object(Config\Cache), false)
#14 C:\xampp\htdocs\hemant-proj\ci\project-managment\v2\v209-03-2023\system\CLI\Console.php(48): CodeIgniter\CodeIgniter->run()
#15 C:\xampp\htdocs\hemant-proj\ci\project-managment\v2\v209-03-2023\spark(98): CodeIgniter\CLI\Console->run()
#16 {main}
ERROR - 2023-03-10 10:43:48 --> mysqli_sql_exception: Table 'project_assign' already exists in C:\xampp\htdocs\hemant-proj\ci\project-managment\v2\v209-03-2023\system\Database\MySQLi\Connection.php:292
Stack trace:
#0 C:\xampp\htdocs\hemant-proj\ci\project-managment\v2\v209-03-2023\system\Database\MySQLi\Connection.php(292): mysqli->query('CREATE TABLE `p...', 0)
#1 C:\xampp\htdocs\hemant-proj\ci\project-managment\v2\v209-03-2023\system\Database\BaseConnection.php(666): CodeIgniter\Database\MySQLi\Connection->execute('CREATE TABLE `p...')
#2 C:\xampp\htdocs\hemant-proj\ci\project-managment\v2\v209-03-2023\system\Database\BaseConnection.php(593): CodeIgniter\Database\BaseConnection->simpleQuery('CREATE TABLE `p...')
#3 C:\xampp\htdocs\hemant-proj\ci\project-managment\v2\v209-03-2023\system\Database\Forge.php(509): CodeIgniter\Database\BaseConnection->query('CREATE TABLE `p...')
#4 C:\xampp\htdocs\hemant-proj\ci\project-managment\v2\v209-03-2023\app\Database\Migrations\2023-01-25-064200_ProjectAssign.php(35): CodeIgniter\Database\Forge->createTable('project_assign')
#5 C:\xampp\htdocs\hemant-proj\ci\project-managment\v2\v209-03-2023\system\Database\MigrationRunner.php(869): App\Database\Migrations\ProjectAssign->up()
#6 C:\xampp\htdocs\hemant-proj\ci\project-managment\v2\v209-03-2023\system\Database\MigrationRunner.php(188): CodeIgniter\Database\MigrationRunner->migrate('up', Object(stdClass))
#7 C:\xampp\htdocs\hemant-proj\ci\project-managment\v2\v209-03-2023\system\Commands\Database\Migrate.php(84): CodeIgniter\Database\MigrationRunner->latest(NULL)
#8 C:\xampp\htdocs\hemant-proj\ci\project-managment\v2\v209-03-2023\system\CLI\Commands.php(63): CodeIgniter\Commands\Database\Migrate->run(Array)
#9 C:\xampp\htdocs\hemant-proj\ci\project-managment\v2\v209-03-2023\system\CLI\CommandRunner.php(65): CodeIgniter\CLI\Commands->run('migrate', Array)
#10 C:\xampp\htdocs\hemant-proj\ci\project-managment\v2\v209-03-2023\system\CLI\CommandRunner.php(51): CodeIgniter\CLI\CommandRunner->index(Array)
#11 C:\xampp\htdocs\hemant-proj\ci\project-managment\v2\v209-03-2023\system\CodeIgniter.php(918): CodeIgniter\CLI\CommandRunner->_remap('index', Array)
#12 C:\xampp\htdocs\hemant-proj\ci\project-managment\v2\v209-03-2023\system\CodeIgniter.php(480): CodeIgniter\CodeIgniter->runController(Object(CodeIgniter\CLI\CommandRunner))
#13 C:\xampp\htdocs\hemant-proj\ci\project-managment\v2\v209-03-2023\system\CodeIgniter.php(345): CodeIgniter\CodeIgniter->handleRequest(NULL, Object(Config\Cache), false)
#14 C:\xampp\htdocs\hemant-proj\ci\project-managment\v2\v209-03-2023\system\CLI\Console.php(48): CodeIgniter\CodeIgniter->run()
#15 C:\xampp\htdocs\hemant-proj\ci\project-managment\v2\v209-03-2023\spark(98): CodeIgniter\CLI\Console->run()
#16 {main}
CRITICAL - 2023-03-10 11:04:32 --> password_verify(): Passing null to parameter #2 ($hash) of type string is deprecated
in APPPATH\Controllers\LoginController.php on line 60.
 1 [internal function]: CodeIgniter\Debug\Exceptions->errorHandler(8192, 'password_verify(): Passing null to parameter #2 ($hash) of type string is deprecated', 'APPPATH\\Controllers\\LoginController.php', 60)
 2 APPPATH\Controllers\LoginController.php(60): password_verify(Object(SensitiveParameterValue), null)
 3 SYSTEMPATH\CodeIgniter.php(925): App\Controllers\LoginController->index()
 4 SYSTEMPATH\CodeIgniter.php(480): CodeIgniter\CodeIgniter->runController(Object(App\Controllers\LoginController))
 5 SYSTEMPATH\CodeIgniter.php(349): CodeIgniter\CodeIgniter->handleRequest(null, Object(Config\Cache), false)
 6 FCPATH\index.php(67): CodeIgniter\CodeIgniter->run()
 7 SYSTEMPATH\Commands\Server\rewrite.php(47): require_once('FCPATH\\index.php')
CRITICAL - 2023-03-10 11:11:29 --> Class "App\Controllers\TaskModel" not found
in APPPATH\Controllers\TaskController.php on line 20.
 1 SYSTEMPATH\CodeIgniter.php(887): App\Controllers\TaskController->__construct()
 2 SYSTEMPATH\CodeIgniter.php(471): CodeIgniter\CodeIgniter->createController()
 3 SYSTEMPATH\CodeIgniter.php(349): CodeIgniter\CodeIgniter->handleRequest(null, Object(Config\Cache), false)
 4 FCPATH\index.php(67): CodeIgniter\CodeIgniter->run()
 5 SYSTEMPATH\Commands\Server\rewrite.php(47): require_once('FCPATH\\index.php')
CRITICAL - 2023-03-10 11:13:21 --> Call to a member function now() on null
in APPPATH\Controllers\TaskController.php on line 117.
 1 SYSTEMPATH\CodeIgniter.php(925): App\Controllers\TaskController->index()
 2 SYSTEMPATH\CodeIgniter.php(480): CodeIgniter\CodeIgniter->runController(Object(App\Controllers\TaskController))
 3 SYSTEMPATH\CodeIgniter.php(349): CodeIgniter\CodeIgniter->handleRequest(null, Object(Config\Cache), false)
 4 FCPATH\index.php(67): CodeIgniter\CodeIgniter->run()
 5 SYSTEMPATH\Commands\Server\rewrite.php(47): require_once('FCPATH\\index.php')
CRITICAL - 2023-03-10 11:14:08 --> Call to a member function now() on null
in APPPATH\Controllers\TaskController.php on line 117.
 1 SYSTEMPATH\CodeIgniter.php(925): App\Controllers\TaskController->index()
 2 SYSTEMPATH\CodeIgniter.php(480): CodeIgniter\CodeIgniter->runController(Object(App\Controllers\TaskController))
 3 SYSTEMPATH\CodeIgniter.php(349): CodeIgniter\CodeIgniter->handleRequest(null, Object(Config\Cache), false)
 4 FCPATH\index.php(67): CodeIgniter\CodeIgniter->run()
 5 SYSTEMPATH\Commands\Server\rewrite.php(47): require_once('FCPATH\\index.php')
CRITICAL - 2023-03-10 11:23:12 --> Too few arguments to function App\Controllers\TaskController::App\Controllers\{closure}(), 1 passed in C:\xampp\htdocs\hemant-proj\ci\project-managment\v2\v209-03-2023\system\Validation\Validation.php on line 302 and exactly 3 expected
in APPPATH\Controllers\TaskController.php on line 31.
 1 SYSTEMPATH\Validation\Validation.php(302): App\Controllers\TaskController->App\Controllers\{closure}(10)
 2 SYSTEMPATH\Validation\Validation.php(175): CodeIgniter\Validation\Validation->processRules('login_user', 'login_user', 10, [...], [...])
 3 SYSTEMPATH\Controller.php(140): CodeIgniter\Validation\Validation->run()
 4 APPPATH\Controllers\TaskController.php(66): CodeIgniter\Controller->validate([...], [...])
 5 SYSTEMPATH\CodeIgniter.php(925): App\Controllers\TaskController->index()
 6 SYSTEMPATH\CodeIgniter.php(480): CodeIgniter\CodeIgniter->runController(Object(App\Controllers\TaskController))
 7 SYSTEMPATH\CodeIgniter.php(349): CodeIgniter\CodeIgniter->handleRequest(null, Object(Config\Cache), false)
 8 FCPATH\index.php(67): CodeIgniter\CodeIgniter->run()
 9 SYSTEMPATH\Commands\Server\rewrite.php(47): require_once('FCPATH\\index.php')
CRITICAL - 2023-03-10 11:25:37 --> Too few arguments to function App\Controllers\TaskController::App\Controllers\{closure}(), 1 passed in C:\xampp\htdocs\hemant-proj\ci\project-managment\v2\v209-03-2023\system\Validation\Validation.php on line 302 and exactly 3 expected
in APPPATH\Controllers\TaskController.php on line 31.
 1 SYSTEMPATH\Validation\Validation.php(302): App\Controllers\TaskController->App\Controllers\{closure}(10)
 2 SYSTEMPATH\Validation\Validation.php(175): CodeIgniter\Validation\Validation->processRules('login_user', 'login_user', 10, [...], [...])
 3 SYSTEMPATH\Controller.php(140): CodeIgniter\Validation\Validation->run()
 4 APPPATH\Controllers\TaskController.php(61): CodeIgniter\Controller->validate([...], [...])
 5 SYSTEMPATH\CodeIgniter.php(925): App\Controllers\TaskController->index()
 6 SYSTEMPATH\CodeIgniter.php(480): CodeIgniter\CodeIgniter->runController(Object(App\Controllers\TaskController))
 7 SYSTEMPATH\CodeIgniter.php(349): CodeIgniter\CodeIgniter->handleRequest(null, Object(Config\Cache), false)
 8 FCPATH\index.php(67): CodeIgniter\CodeIgniter->run()
 9 SYSTEMPATH\Commands\Server\rewrite.php(47): require_once('FCPATH\\index.php')
CRITICAL - 2023-03-10 11:28:38 --> Too few arguments to function App\Controllers\TaskController::App\Controllers\{closure}(), 1 passed in C:\xampp\htdocs\hemant-proj\ci\project-managment\v2\v209-03-2023\system\Validation\Validation.php on line 302 and exactly 3 expected
in APPPATH\Controllers\TaskController.php on line 32.
 1 SYSTEMPATH\Validation\Validation.php(302): App\Controllers\TaskController->App\Controllers\{closure}(10)
 2 SYSTEMPATH\Validation\Validation.php(175): CodeIgniter\Validation\Validation->processRules('assign_to', 'assign_to', 10, [...], [...])
 3 SYSTEMPATH\Controller.php(140): CodeIgniter\Validation\Validation->run()
 4 APPPATH\Controllers\TaskController.php(61): CodeIgniter\Controller->validate([...], [...])
 5 SYSTEMPATH\CodeIgniter.php(925): App\Controllers\TaskController->index()
 6 SYSTEMPATH\CodeIgniter.php(480): CodeIgniter\CodeIgniter->runController(Object(App\Controllers\TaskController))
 7 SYSTEMPATH\CodeIgniter.php(349): CodeIgniter\CodeIgniter->handleRequest(null, Object(Config\Cache), false)
 8 FCPATH\index.php(67): CodeIgniter\CodeIgniter->run()
 9 SYSTEMPATH\Commands\Server\rewrite.php(47): require_once('FCPATH\\index.php')
CRITICAL - 2023-03-10 11:29:15 --> Too few arguments to function App\Controllers\TaskController::App\Controllers\{closure}(), 1 passed in C:\xampp\htdocs\hemant-proj\ci\project-managment\v2\v209-03-2023\system\Validation\Validation.php on line 302 and exactly 4 expected
in APPPATH\Controllers\TaskController.php on line 32.
 1 SYSTEMPATH\Validation\Validation.php(302): App\Controllers\TaskController->App\Controllers\{closure}(10)
 2 SYSTEMPATH\Validation\Validation.php(175): CodeIgniter\Validation\Validation->processRules('assign_to', 'assign_to', 10, [...], [...])
 3 SYSTEMPATH\Controller.php(140): CodeIgniter\Validation\Validation->run()
 4 APPPATH\Controllers\TaskController.php(60): CodeIgniter\Controller->validate([...], [...])
 5 SYSTEMPATH\CodeIgniter.php(925): App\Controllers\TaskController->index()
 6 SYSTEMPATH\CodeIgniter.php(480): CodeIgniter\CodeIgniter->runController(Object(App\Controllers\TaskController))
 7 SYSTEMPATH\CodeIgniter.php(349): CodeIgniter\CodeIgniter->handleRequest(null, Object(Config\Cache), false)
 8 FCPATH\index.php(67): CodeIgniter\CodeIgniter->run()
 9 SYSTEMPATH\Commands\Server\rewrite.php(47): require_once('FCPATH\\index.php')
CRITICAL - 2023-03-10 11:29:44 --> Too few arguments to function App\Controllers\TaskController::App\Controllers\{closure}(), 1 passed in C:\xampp\htdocs\hemant-proj\ci\project-managment\v2\v209-03-2023\system\Validation\Validation.php on line 302 and at least 3 expected
in APPPATH\Controllers\TaskController.php on line 32.
 1 SYSTEMPATH\Validation\Validation.php(302): App\Controllers\TaskController->App\Controllers\{closure}(10)
 2 SYSTEMPATH\Validation\Validation.php(175): CodeIgniter\Validation\Validation->processRules('assign_to', 'assign_to', 10, [...], [...])
 3 SYSTEMPATH\Controller.php(140): CodeIgniter\Validation\Validation->run()
 4 APPPATH\Controllers\TaskController.php(60): CodeIgniter\Controller->validate([...], [...])
 5 SYSTEMPATH\CodeIgniter.php(925): App\Controllers\TaskController->index()
 6 SYSTEMPATH\CodeIgniter.php(480): CodeIgniter\CodeIgniter->runController(Object(App\Controllers\TaskController))
 7 SYSTEMPATH\CodeIgniter.php(349): CodeIgniter\CodeIgniter->handleRequest(null, Object(Config\Cache), false)
 8 FCPATH\index.php(67): CodeIgniter\CodeIgniter->run()
 9 SYSTEMPATH\Commands\Server\rewrite.php(47): require_once('FCPATH\\index.php')
CRITICAL - 2023-03-10 11:30:17 --> Too few arguments to function App\Controllers\TaskController::App\Controllers\{closure}(), 1 passed in C:\xampp\htdocs\hemant-proj\ci\project-managment\v2\v209-03-2023\system\Validation\Validation.php on line 302 and exactly 4 expected
in APPPATH\Controllers\TaskController.php on line 32.
 1 SYSTEMPATH\Validation\Validation.php(302): App\Controllers\TaskController->App\Controllers\{closure}(10)
 2 SYSTEMPATH\Validation\Validation.php(175): CodeIgniter\Validation\Validation->processRules('assign_to', 'assign_to', 10, [...], [...])
 3 SYSTEMPATH\Controller.php(140): CodeIgniter\Validation\Validation->run()
 4 APPPATH\Controllers\TaskController.php(63): CodeIgniter\Controller->validate([...], [...])
 5 SYSTEMPATH\CodeIgniter.php(925): App\Controllers\TaskController->index()
 6 SYSTEMPATH\CodeIgniter.php(480): CodeIgniter\CodeIgniter->runController(Object(App\Controllers\TaskController))
 7 SYSTEMPATH\CodeIgniter.php(349): CodeIgniter\CodeIgniter->handleRequest(null, Object(Config\Cache), false)
 8 FCPATH\index.php(67): CodeIgniter\CodeIgniter->run()
 9 SYSTEMPATH\Commands\Server\rewrite.php(47): require_once('FCPATH\\index.php')
CRITICAL - 2023-03-10 11:31:00 --> Too few arguments to function App\Controllers\TaskController::App\Controllers\{closure}(), 1 passed in C:\xampp\htdocs\hemant-proj\ci\project-managment\v2\v209-03-2023\system\Validation\Validation.php on line 302 and exactly 4 expected
in APPPATH\Controllers\TaskController.php on line 32.
 1 SYSTEMPATH\Validation\Validation.php(302): App\Controllers\TaskController->App\Controllers\{closure}(10)
 2 SYSTEMPATH\Validation\Validation.php(175): CodeIgniter\Validation\Validation->processRules('assign_to', 'assign_to', 10, [...], [...])
 3 SYSTEMPATH\Controller.php(140): CodeIgniter\Validation\Validation->run()
 4 APPPATH\Controllers\TaskController.php(63): CodeIgniter\Controller->validate([...], [...])
 5 SYSTEMPATH\CodeIgniter.php(925): App\Controllers\TaskController->index()
 6 SYSTEMPATH\CodeIgniter.php(480): CodeIgniter\CodeIgniter->runController(Object(App\Controllers\TaskController))
 7 SYSTEMPATH\CodeIgniter.php(349): CodeIgniter\CodeIgniter->handleRequest(null, Object(Config\Cache), false)
 8 FCPATH\index.php(67): CodeIgniter\CodeIgniter->run()
 9 SYSTEMPATH\Commands\Server\rewrite.php(47): require_once('FCPATH\\index.php')
CRITICAL - 2023-03-10 11:31:59 --> Too few arguments to function App\Controllers\TaskController::App\Controllers\{closure}(), 1 passed in C:\xampp\htdocs\hemant-proj\ci\project-managment\v2\v209-03-2023\system\Validation\Validation.php on line 302 and exactly 4 expected
in APPPATH\Controllers\TaskController.php on line 32.
 1 SYSTEMPATH\Validation\Validation.php(302): App\Controllers\TaskController->App\Controllers\{closure}(10)
 2 SYSTEMPATH\Validation\Validation.php(175): CodeIgniter\Validation\Validation->processRules('assign_to', 'assign_to', 10, [...], [...])
 3 SYSTEMPATH\Controller.php(140): CodeIgniter\Validation\Validation->run()
 4 APPPATH\Controllers\TaskController.php(60): CodeIgniter\Controller->validate([...], [...])
 5 SYSTEMPATH\CodeIgniter.php(925): App\Controllers\TaskController->index()
 6 SYSTEMPATH\CodeIgniter.php(480): CodeIgniter\CodeIgniter->runController(Object(App\Controllers\TaskController))
 7 SYSTEMPATH\CodeIgniter.php(349): CodeIgniter\CodeIgniter->handleRequest(null, Object(Config\Cache), false)
 8 FCPATH\index.php(67): CodeIgniter\CodeIgniter->run()
 9 SYSTEMPATH\Commands\Server\rewrite.php(47): require_once('FCPATH\\index.php')
CRITICAL - 2023-03-10 11:32:32 --> Trying to access array offset on value of type null
in APPPATH\Controllers\TaskController.php on line 35.
 1 APPPATH\Controllers\TaskController.php(35): CodeIgniter\Debug\Exceptions->errorHandler(2, 'Trying to access array offset on value of type null', 'APPPATH\\Controllers\\TaskController.php', 35)
 2 SYSTEMPATH\Validation\Validation.php(302): App\Controllers\TaskController->App\Controllers\{closure}(10)
 3 SYSTEMPATH\Validation\Validation.php(175): CodeIgniter\Validation\Validation->processRules('assign_to', 'Assign To', 10, [...], [...])
 4 SYSTEMPATH\Controller.php(140): CodeIgniter\Validation\Validation->run()
 5 APPPATH\Controllers\TaskController.php(63): CodeIgniter\Controller->validate([...], [...])
 6 SYSTEMPATH\CodeIgniter.php(925): App\Controllers\TaskController->index()
 7 SYSTEMPATH\CodeIgniter.php(480): CodeIgniter\CodeIgniter->runController(Object(App\Controllers\TaskController))
 8 SYSTEMPATH\CodeIgniter.php(349): CodeIgniter\CodeIgniter->handleRequest(null, Object(Config\Cache), false)
 9 FCPATH\index.php(67): CodeIgniter\CodeIgniter->run()
10 SYSTEMPATH\Commands\Server\rewrite.php(47): require_once('FCPATH\\index.php')
CRITICAL - 2023-03-10 11:36:14 --> Too few arguments to function App\Controllers\TaskController::App\Controllers\{closure}(), 1 passed in C:\xampp\htdocs\hemant-proj\ci\project-managment\v2\v209-03-2023\system\Validation\Validation.php on line 302 and exactly 4 expected
in APPPATH\Controllers\TaskController.php on line 37.
 1 SYSTEMPATH\Validation\Validation.php(302): App\Controllers\TaskController->App\Controllers\{closure}(10)
 2 SYSTEMPATH\Validation\Validation.php(175): CodeIgniter\Validation\Validation->processRules('assign_to', 'assign_to', 10, [...], [...])
 3 SYSTEMPATH\Controller.php(140): CodeIgniter\Validation\Validation->run()
 4 APPPATH\Controllers\TaskController.php(59): CodeIgniter\Controller->validate([...], [...])
 5 SYSTEMPATH\CodeIgniter.php(925): App\Controllers\TaskController->index()
 6 SYSTEMPATH\CodeIgniter.php(480): CodeIgniter\CodeIgniter->runController(Object(App\Controllers\TaskController))
 7 SYSTEMPATH\CodeIgniter.php(349): CodeIgniter\CodeIgniter->handleRequest(null, Object(Config\Cache), false)
 8 FCPATH\index.php(67): CodeIgniter\CodeIgniter->run()
 9 SYSTEMPATH\Commands\Server\rewrite.php(47): require_once('FCPATH\\index.php')
CRITICAL - 2023-03-10 11:38:30 --> Undefined property: App\Controllers\TaskController::$customvalidation
in APPPATH\Controllers\TaskController.php on line 37.
 1 APPPATH\Controllers\TaskController.php(37): CodeIgniter\Debug\Exceptions->errorHandler(2, 'Undefined property: App\\Controllers\\TaskController::$customvalidation', 'APPPATH\\Controllers\\TaskController.php', 37)
 2 SYSTEMPATH\CodeIgniter.php(925): App\Controllers\TaskController->index()
 3 SYSTEMPATH\CodeIgniter.php(480): CodeIgniter\CodeIgniter->runController(Object(App\Controllers\TaskController))
 4 SYSTEMPATH\CodeIgniter.php(349): CodeIgniter\CodeIgniter->handleRequest(null, Object(Config\Cache), false)
 5 FCPATH\index.php(67): CodeIgniter\CodeIgniter->run()
 6 SYSTEMPATH\Commands\Server\rewrite.php(47): require_once('FCPATH\\index.php')
CRITICAL - 2023-03-10 11:41:04 --> Too few arguments to function CodeIgniter\Validation\Validation::__construct(), 0 passed in C:\xampp\htdocs\hemant-proj\ci\project-managment\v2\v209-03-2023\app\Controllers\TaskController.php on line 29 and exactly 2 expected
in SYSTEMPATH\Validation\Validation.php on line 92.
 1 APPPATH\Controllers\TaskController.php(29): CodeIgniter\Validation\Validation->__construct()
 2 SYSTEMPATH\CodeIgniter.php(925): App\Controllers\TaskController->index()
 3 SYSTEMPATH\CodeIgniter.php(480): CodeIgniter\CodeIgniter->runController(Object(App\Controllers\TaskController))
 4 SYSTEMPATH\CodeIgniter.php(349): CodeIgniter\CodeIgniter->handleRequest(null, Object(Config\Cache), false)
 5 FCPATH\index.php(67): CodeIgniter\CodeIgniter->run()
 6 SYSTEMPATH\Commands\Server\rewrite.php(47): require_once('FCPATH\\index.php')
CRITICAL - 2023-03-10 11:42:39 --> Too few arguments to function CodeIgniter\Validation\Validation::__construct(), 0 passed in C:\xampp\htdocs\hemant-proj\ci\project-managment\v2\v209-03-2023\app\Controllers\TaskController.php on line 32 and exactly 2 expected
in SYSTEMPATH\Validation\Validation.php on line 92.
 1 APPPATH\Controllers\TaskController.php(32): CodeIgniter\Validation\Validation->__construct()
 2 SYSTEMPATH\CodeIgniter.php(925): App\Controllers\TaskController->index()
 3 SYSTEMPATH\CodeIgniter.php(480): CodeIgniter\CodeIgniter->runController(Object(App\Controllers\TaskController))
 4 SYSTEMPATH\CodeIgniter.php(349): CodeIgniter\CodeIgniter->handleRequest(null, Object(Config\Cache), false)
 5 FCPATH\index.php(67): CodeIgniter\CodeIgniter->run()
 6 SYSTEMPATH\Commands\Server\rewrite.php(47): require_once('FCPATH\\index.php')
CRITICAL - 2023-03-10 11:44:51 --> Class "App\Controllers\Services" not found
in APPPATH\Controllers\TaskController.php on line 33.
 1 SYSTEMPATH\CodeIgniter.php(925): App\Controllers\TaskController->index()
 2 SYSTEMPATH\CodeIgniter.php(480): CodeIgniter\CodeIgniter->runController(Object(App\Controllers\TaskController))
 3 SYSTEMPATH\CodeIgniter.php(349): CodeIgniter\CodeIgniter->handleRequest(null, Object(Config\Cache), false)
 4 FCPATH\index.php(67): CodeIgniter\CodeIgniter->run()
 5 SYSTEMPATH\Commands\Server\rewrite.php(47): require_once('FCPATH\\index.php')
CRITICAL - 2023-03-10 11:47:03 --> Class "App\Controllers\Services" not found
in APPPATH\Controllers\TaskController.php on line 33.
 1 SYSTEMPATH\CodeIgniter.php(925): App\Controllers\TaskController->index()
 2 SYSTEMPATH\CodeIgniter.php(480): CodeIgniter\CodeIgniter->runController(Object(App\Controllers\TaskController))
 3 SYSTEMPATH\CodeIgniter.php(349): CodeIgniter\CodeIgniter->handleRequest(null, Object(Config\Cache), false)
 4 FCPATH\index.php(67): CodeIgniter\CodeIgniter->run()
 5 SYSTEMPATH\Commands\Server\rewrite.php(47): require_once('FCPATH\\index.php')
CRITICAL - 2023-03-10 11:47:41 --> Class "App\Controllers\Services" not found
in APPPATH\Controllers\TaskController.php on line 34.
 1 SYSTEMPATH\CodeIgniter.php(925): App\Controllers\TaskController->index()
 2 SYSTEMPATH\CodeIgniter.php(480): CodeIgniter\CodeIgniter->runController(Object(App\Controllers\TaskController))
 3 SYSTEMPATH\CodeIgniter.php(349): CodeIgniter\CodeIgniter->handleRequest(null, Object(Config\Cache), false)
 4 FCPATH\index.php(67): CodeIgniter\CodeIgniter->run()
 5 SYSTEMPATH\Commands\Server\rewrite.php(47): require_once('FCPATH\\index.php')
CRITICAL - 2023-03-10 11:56:02 --> not_match is not a valid rule.
in SYSTEMPATH\Validation\Validation.php on line 323.
 1 SYSTEMPATH\Validation\Validation.php(323): CodeIgniter\Validation\Exceptions\ValidationException::forRuleNotFound('not_match')
 2 SYSTEMPATH\Validation\Validation.php(175): CodeIgniter\Validation\Validation->processRules('assign_to', 'assign_to', 10, [...], [...])
 3 SYSTEMPATH\Controller.php(140): CodeIgniter\Validation\Validation->run()
 4 APPPATH\Controllers\TaskController.php(48): CodeIgniter\Controller->validate([...], [...])
 5 SYSTEMPATH\CodeIgniter.php(925): App\Controllers\TaskController->index()
 6 SYSTEMPATH\CodeIgniter.php(480): CodeIgniter\CodeIgniter->runController(Object(App\Controllers\TaskController))
 7 SYSTEMPATH\CodeIgniter.php(349): CodeIgniter\CodeIgniter->handleRequest(null, Object(Config\Cache), false)
 8 FCPATH\index.php(67): CodeIgniter\CodeIgniter->run()
 9 SYSTEMPATH\Commands\Server\rewrite.php(47): require_once('FCPATH\\index.php')
CRITICAL - 2023-03-10 12:06:44 --> not_match is not a valid rule.
in SYSTEMPATH\Validation\Validation.php on line 323.
 1 SYSTEMPATH\Validation\Validation.php(323): CodeIgniter\Validation\Exceptions\ValidationException::forRuleNotFound('not_match')
 2 SYSTEMPATH\Validation\Validation.php(175): CodeIgniter\Validation\Validation->processRules('assign_to', 'assign_to', 10, [...], [...])
 3 SYSTEMPATH\Controller.php(140): CodeIgniter\Validation\Validation->run()
 4 APPPATH\Controllers\TaskController.php(48): CodeIgniter\Controller->validate([...], [...])
 5 SYSTEMPATH\CodeIgniter.php(925): App\Controllers\TaskController->index()
 6 SYSTEMPATH\CodeIgniter.php(480): CodeIgniter\CodeIgniter->runController(Object(App\Controllers\TaskController))
 7 SYSTEMPATH\CodeIgniter.php(349): CodeIgniter\CodeIgniter->handleRequest(null, Object(Config\Cache), false)
 8 FCPATH\index.php(67): CodeIgniter\CodeIgniter->run()
 9 SYSTEMPATH\Commands\Server\rewrite.php(47): require_once('FCPATH\\index.php')
CRITICAL - 2023-03-10 13:12:18 --> max_words is not a valid rule.
in SYSTEMPATH\Validation\Validation.php on line 323.
 1 SYSTEMPATH\Validation\Validation.php(323): CodeIgniter\Validation\Exceptions\ValidationException::forRuleNotFound('max_words')
 2 SYSTEMPATH\Validation\Validation.php(175): CodeIgniter\Validation\Validation->processRules('task_description', 'task_description', 'Contrary to popular belief, Lorem Ipsum is not simply random text. It has roots in a piece of classical Latin literature from 45 BC, making it over 2000 years old. Richard McClintock, a Latin professor at Hampden-Sydney College in Virginia, looked up one of the more obscure Latin words, consectetur, from a Lorem Ipsum passage, and going through the cites of the word in classical literature, discovered the undoubtable source. Lorem Ipsum comes from sections 1.10.32 and 1.10.33 of \'de Finibus Bonorum et Malorum\' (The Extremes of Good and Evil) by Cicero, written in 45 BC. This book is a treatise on the theory of ethics, very popular during the Renaissance. The first line of Lorem Ipsum, \'Lorem ipsum dolor sit amet..\', comes from a line in section 1.10.32.The standard chunk of Lorem Ipsum used since the 1500s is reproduced below for those interested. Sections 1.10.32 and 1.10.33 from \'de Finibus Bonorum et Malorum\' by Cicero are also reproduced in their exact original form, accompanied by English versions from the 1914 translation by H. Rackham.', [...], [...])
 3 SYSTEMPATH\Controller.php(140): CodeIgniter\Validation\Validation->run()
 4 APPPATH\Controllers\TaskController.php(52): CodeIgniter\Controller->validate([...], [...])
 5 SYSTEMPATH\CodeIgniter.php(925): App\Controllers\TaskController->index()
 6 SYSTEMPATH\CodeIgniter.php(480): CodeIgniter\CodeIgniter->runController(Object(App\Controllers\TaskController))
 7 SYSTEMPATH\CodeIgniter.php(349): CodeIgniter\CodeIgniter->handleRequest(null, Object(Config\Cache), false)
 8 FCPATH\index.php(67): CodeIgniter\CodeIgniter->run()
 9 SYSTEMPATH\Commands\Server\rewrite.php(47): require_once('FCPATH\\index.php')
