CRITICAL - 2023-01-24 12:18:55 --> Expired token
in FCPATH/vendor/firebase/php-jwt/src/JWT.php on line 162.
 1 APPPATH/Filters/Auth.php(62): Firebase\JWT\JWT::decode('eyJ0eXAiOiJKV1QiLCJhbGciOiJIUzI1NiJ9.eyJpc3MiOiJOZWVsIG5ldHdvcmtzIiwiYXVkIjoiY3VzdG9tZXIiLCJpYXQiOjE2NzQ1MzkwNzgsImV4cCI6MTY3NDU0MjY3OCwiZW1haWwiOiJwZXNpZ2FAZW1hLXNvZmlhLmV1In0.9HvxbBD08u0fiBPmodQ-GK4B-VJQbpofOvl3k1uxSns', Object(Firebase\JWT\Key))
 2 SYSTEMPATH/Filters/Filters.php(173): App\Filters\Auth->before(Object(CodeIgniter\HTTP\IncomingRequest), null)
 3 SYSTEMPATH/CodeIgniter.php(453): CodeIgniter\Filters\Filters->run('project', 'before')
 4 SYSTEMPATH/CodeIgniter.php(349): CodeIgniter\CodeIgniter->handleRequest(null, Object(Config\Cache), false)
 5 FCPATH/index.php(73): CodeIgniter\CodeIgniter->run()
CRITICAL - 2023-01-24 12:18:56 --> Expired token
in FCPATH/vendor/firebase/php-jwt/src/JWT.php on line 162.
 1 APPPATH/Filters/Auth.php(62): Firebase\JWT\JWT::decode('eyJ0eXAiOiJKV1QiLCJhbGciOiJIUzI1NiJ9.eyJpc3MiOiJOZWVsIG5ldHdvcmtzIiwiYXVkIjoiY3VzdG9tZXIiLCJpYXQiOjE2NzQ1MzkwNzgsImV4cCI6MTY3NDU0MjY3OCwiZW1haWwiOiJwZXNpZ2FAZW1hLXNvZmlhLmV1In0.9HvxbBD08u0fiBPmodQ-GK4B-VJQbpofOvl3k1uxSns', Object(Firebase\JWT\Key))
 2 SYSTEMPATH/Filters/Filters.php(173): App\Filters\Auth->before(Object(CodeIgniter\HTTP\IncomingRequest), null)
 3 SYSTEMPATH/CodeIgniter.php(453): CodeIgniter\Filters\Filters->run('project', 'before')
 4 SYSTEMPATH/CodeIgniter.php(349): CodeIgniter\CodeIgniter->handleRequest(null, Object(Config\Cache), false)
 5 FCPATH/index.php(73): CodeIgniter\CodeIgniter->run()
CRITICAL - 2023-01-24 14:20:59 --> Expired token
in FCPATH/vendor/firebase/php-jwt/src/JWT.php on line 162.
 1 APPPATH/Filters/Auth.php(62): Firebase\JWT\JWT::decode('eyJ0eXAiOiJKV1QiLCJhbGciOiJIUzI1NiJ9.eyJpc3MiOiJOZWVsIG5ldHdvcmtzIiwiYXVkIjoiY3VzdG9tZXIiLCJpYXQiOjE2NzQ1NDYwNzAsImV4cCI6MTY3NDU0OTY3MCwiZW1haWwiOiJkZXZlbkBuZWVsbmV0d29ya3MuY29tIn0.V4Z7Ik3yHgIyoJFn4Z1glqHLh7kXxAFP6LWVFoJITRA', Object(Firebase\JWT\Key))
 2 SYSTEMPATH/Filters/Filters.php(173): App\Filters\Auth->before(Object(CodeIgniter\HTTP\IncomingRequest), null)
 3 SYSTEMPATH/CodeIgniter.php(453): CodeIgniter\Filters\Filters->run('project', 'before')
 4 SYSTEMPATH/CodeIgniter.php(349): CodeIgniter\CodeIgniter->handleRequest(null, Object(Config\Cache), false)
 5 FCPATH/index.php(73): CodeIgniter\CodeIgniter->run()
CRITICAL - 2023-01-24 14:20:59 --> Expired token
in FCPATH/vendor/firebase/php-jwt/src/JWT.php on line 162.
 1 APPPATH/Filters/Auth.php(62): Firebase\JWT\JWT::decode('eyJ0eXAiOiJKV1QiLCJhbGciOiJIUzI1NiJ9.eyJpc3MiOiJOZWVsIG5ldHdvcmtzIiwiYXVkIjoiY3VzdG9tZXIiLCJpYXQiOjE2NzQ1NDYwNzAsImV4cCI6MTY3NDU0OTY3MCwiZW1haWwiOiJkZXZlbkBuZWVsbmV0d29ya3MuY29tIn0.V4Z7Ik3yHgIyoJFn4Z1glqHLh7kXxAFP6LWVFoJITRA', Object(Firebase\JWT\Key))
 2 SYSTEMPATH/Filters/Filters.php(173): App\Filters\Auth->before(Object(CodeIgniter\HTTP\IncomingRequest), null)
 3 SYSTEMPATH/CodeIgniter.php(453): CodeIgniter\Filters\Filters->run('project', 'before')
 4 SYSTEMPATH/CodeIgniter.php(349): CodeIgniter\CodeIgniter->handleRequest(null, Object(Config\Cache), false)
 5 FCPATH/index.php(73): CodeIgniter\CodeIgniter->run()
CRITICAL - 2023-01-24 17:02:31 --> Expired token
in FCPATH/vendor/firebase/php-jwt/src/JWT.php on line 162.
 1 APPPATH/Filters/Auth.php(62): Firebase\JWT\JWT::decode('eyJ0eXAiOiJKV1QiLCJhbGciOiJIUzI1NiJ9.eyJpc3MiOiJOZWVsIG5ldHdvcmtzIiwiYXVkIjoiY3VzdG9tZXIiLCJpYXQiOjE2NzQ1NTYzMDYsImV4cCI6MTY3NDU1OTkwNiwiZW1haWwiOiJkZXZlbkBuZWVsbmV0d29ya3MuY29tIn0.I_jRzpCfVnOPHgU5ejSY3aSAjyC0JPkvfjJ7-v7UNMk', Object(Firebase\JWT\Key))
 2 SYSTEMPATH/Filters/Filters.php(173): App\Filters\Auth->before(Object(CodeIgniter\HTTP\IncomingRequest), null)
 3 SYSTEMPATH/CodeIgniter.php(453): CodeIgniter\Filters\Filters->run('project', 'before')
 4 SYSTEMPATH/CodeIgniter.php(349): CodeIgniter\CodeIgniter->handleRequest(null, Object(Config\Cache), false)
 5 FCPATH/index.php(73): CodeIgniter\CodeIgniter->run()
CRITICAL - 2023-01-24 17:02:32 --> Expired token
in FCPATH/vendor/firebase/php-jwt/src/JWT.php on line 162.
 1 APPPATH/Filters/Auth.php(62): Firebase\JWT\JWT::decode('eyJ0eXAiOiJKV1QiLCJhbGciOiJIUzI1NiJ9.eyJpc3MiOiJOZWVsIG5ldHdvcmtzIiwiYXVkIjoiY3VzdG9tZXIiLCJpYXQiOjE2NzQ1NTYzMDYsImV4cCI6MTY3NDU1OTkwNiwiZW1haWwiOiJkZXZlbkBuZWVsbmV0d29ya3MuY29tIn0.I_jRzpCfVnOPHgU5ejSY3aSAjyC0JPkvfjJ7-v7UNMk', Object(Firebase\JWT\Key))
 2 SYSTEMPATH/Filters/Filters.php(173): App\Filters\Auth->before(Object(CodeIgniter\HTTP\IncomingRequest), null)
 3 SYSTEMPATH/CodeIgniter.php(453): CodeIgniter\Filters\Filters->run('project', 'before')
 4 SYSTEMPATH/CodeIgniter.php(349): CodeIgniter\CodeIgniter->handleRequest(null, Object(Config\Cache), false)
 5 FCPATH/index.php(73): CodeIgniter\CodeIgniter->run()
CRITICAL - 2023-01-24 18:29:36 --> Expired token
in FCPATH/vendor/firebase/php-jwt/src/JWT.php on line 162.
 1 APPPATH/Filters/Auth.php(62): Firebase\JWT\JWT::decode('eyJ0eXAiOiJKV1QiLCJhbGciOiJIUzI1NiJ9.eyJpc3MiOiJOZWVsIG5ldHdvcmtzIiwiYXVkIjoiY3VzdG9tZXIiLCJpYXQiOjE2NzQ1NjE0NzMsImV4cCI6MTY3NDU2NTA3MywiZW1haWwiOiJkZXZlbkBuZWVsbmV0d29ya3MuY29tIn0.ldCBUBhSPqEgTqlT0unnbYoVPc28aM0DabeAK7ECxjk', Object(Firebase\JWT\Key))
 2 SYSTEMPATH/Filters/Filters.php(173): App\Filters\Auth->before(Object(CodeIgniter\HTTP\IncomingRequest), null)
 3 SYSTEMPATH/CodeIgniter.php(453): CodeIgniter\Filters\Filters->run('project', 'before')
 4 SYSTEMPATH/CodeIgniter.php(349): CodeIgniter\CodeIgniter->handleRequest(null, Object(Config\Cache), false)
 5 FCPATH/index.php(73): CodeIgniter\CodeIgniter->run()
CRITICAL - 2023-01-24 18:29:36 --> Expired token
in FCPATH/vendor/firebase/php-jwt/src/JWT.php on line 162.
 1 APPPATH/Filters/Auth.php(62): Firebase\JWT\JWT::decode('eyJ0eXAiOiJKV1QiLCJhbGciOiJIUzI1NiJ9.eyJpc3MiOiJOZWVsIG5ldHdvcmtzIiwiYXVkIjoiY3VzdG9tZXIiLCJpYXQiOjE2NzQ1NjE0NzMsImV4cCI6MTY3NDU2NTA3MywiZW1haWwiOiJkZXZlbkBuZWVsbmV0d29ya3MuY29tIn0.ldCBUBhSPqEgTqlT0unnbYoVPc28aM0DabeAK7ECxjk', Object(Firebase\JWT\Key))
 2 SYSTEMPATH/Filters/Filters.php(173): App\Filters\Auth->before(Object(CodeIgniter\HTTP\IncomingRequest), null)
 3 SYSTEMPATH/CodeIgniter.php(453): CodeIgniter\Filters\Filters->run('project', 'before')
 4 SYSTEMPATH/CodeIgniter.php(349): CodeIgniter\CodeIgniter->handleRequest(null, Object(Config\Cache), false)
 5 FCPATH/index.php(73): CodeIgniter\CodeIgniter->run()
CRITICAL - 2023-01-24 18:53:52 --> Call to a member function getNumRows() on array
in APPPATH/Controllers/RegisterController.php on line 131.
 1 SYSTEMPATH/CodeIgniter.php(925): App\Controllers\RegisterController->listing()
 2 SYSTEMPATH/CodeIgniter.php(480): CodeIgniter\CodeIgniter->runController(Object(App\Controllers\RegisterController))
 3 SYSTEMPATH/CodeIgniter.php(349): CodeIgniter\CodeIgniter->handleRequest(null, Object(Config\Cache), false)
 4 FCPATH/index.php(73): CodeIgniter\CodeIgniter->run()
CRITICAL - 2023-01-24 18:54:15 --> Call to a member function getNumRows() on array
in APPPATH/Controllers/RegisterController.php on line 131.
 1 SYSTEMPATH/CodeIgniter.php(925): App\Controllers\RegisterController->listing()
 2 SYSTEMPATH/CodeIgniter.php(480): CodeIgniter\CodeIgniter->runController(Object(App\Controllers\RegisterController))
 3 SYSTEMPATH/CodeIgniter.php(349): CodeIgniter\CodeIgniter->handleRequest(null, Object(Config\Cache), false)
 4 FCPATH/index.php(73): CodeIgniter\CodeIgniter->run()
CRITICAL - 2023-01-24 18:54:15 --> Call to a member function getNumRows() on array
in APPPATH/Controllers/RegisterController.php on line 131.
 1 SYSTEMPATH/CodeIgniter.php(925): App\Controllers\RegisterController->listing()
 2 SYSTEMPATH/CodeIgniter.php(480): CodeIgniter\CodeIgniter->runController(Object(App\Controllers\RegisterController))
 3 SYSTEMPATH/CodeIgniter.php(349): CodeIgniter\CodeIgniter->handleRequest(null, Object(Config\Cache), false)
 4 FCPATH/index.php(73): CodeIgniter\CodeIgniter->run()
CRITICAL - 2023-01-24 18:54:22 --> Call to a member function getNumRows() on array
in APPPATH/Controllers/RegisterController.php on line 131.
 1 SYSTEMPATH/CodeIgniter.php(925): App\Controllers\RegisterController->listing()
 2 SYSTEMPATH/CodeIgniter.php(480): CodeIgniter\CodeIgniter->runController(Object(App\Controllers\RegisterController))
 3 SYSTEMPATH/CodeIgniter.php(349): CodeIgniter\CodeIgniter->handleRequest(null, Object(Config\Cache), false)
 4 FCPATH/index.php(73): CodeIgniter\CodeIgniter->run()
CRITICAL - 2023-01-24 18:54:22 --> Call to a member function getNumRows() on array
in APPPATH/Controllers/RegisterController.php on line 131.
 1 SYSTEMPATH/CodeIgniter.php(925): App\Controllers\RegisterController->listing()
 2 SYSTEMPATH/CodeIgniter.php(480): CodeIgniter\CodeIgniter->runController(Object(App\Controllers\RegisterController))
 3 SYSTEMPATH/CodeIgniter.php(349): CodeIgniter\CodeIgniter->handleRequest(null, Object(Config\Cache), false)
 4 FCPATH/index.php(73): CodeIgniter\CodeIgniter->run()
CRITICAL - 2023-01-24 18:54:29 --> Call to a member function getNumRows() on array
in APPPATH/Controllers/RegisterController.php on line 131.
 1 SYSTEMPATH/CodeIgniter.php(925): App\Controllers\RegisterController->listing()
 2 SYSTEMPATH/CodeIgniter.php(480): CodeIgniter\CodeIgniter->runController(Object(App\Controllers\RegisterController))
 3 SYSTEMPATH/CodeIgniter.php(349): CodeIgniter\CodeIgniter->handleRequest(null, Object(Config\Cache), false)
 4 FCPATH/index.php(73): CodeIgniter\CodeIgniter->run()
CRITICAL - 2023-01-24 18:59:48 --> Call to a member function countResultAll() on array
in APPPATH/Controllers/RegisterController.php on line 129.
 1 SYSTEMPATH/CodeIgniter.php(925): App\Controllers\RegisterController->listing()
 2 SYSTEMPATH/CodeIgniter.php(480): CodeIgniter\CodeIgniter->runController(Object(App\Controllers\RegisterController))
 3 SYSTEMPATH/CodeIgniter.php(349): CodeIgniter\CodeIgniter->handleRequest(null, Object(Config\Cache), false)
 4 FCPATH/index.php(73): CodeIgniter\CodeIgniter->run()
CRITICAL - 2023-01-24 19:01:43 --> Call to a member function countAllResults() on array
in APPPATH/Controllers/RegisterController.php on line 129.
 1 SYSTEMPATH/CodeIgniter.php(925): App\Controllers\RegisterController->listing()
 2 SYSTEMPATH/CodeIgniter.php(480): CodeIgniter\CodeIgniter->runController(Object(App\Controllers\RegisterController))
 3 SYSTEMPATH/CodeIgniter.php(349): CodeIgniter\CodeIgniter->handleRequest(null, Object(Config\Cache), false)
 4 FCPATH/index.php(73): CodeIgniter\CodeIgniter->run()
